[0.045s] Invoking command in '/home/mike/turtlebot3_ws/build/costmap_converter_msgs': /usr/bin/cmake /home/mike/turtlebot3_ws/src/turtlebot3/costmap_converter/costmap_converter_msgs -DCMAKE_INSTALL_PREFIX=/home/mike/turtlebot3_ws/install/costmap_converter_msgs
[0.261s] -- The C compiler identification is GNU 9.4.0
[0.453s] -- The CXX compiler identification is GNU 9.4.0
[0.460s] -- Check for working C compiler: /usr/bin/cc
[0.560s] -- Check for working C compiler: /usr/bin/cc -- works
[0.562s] -- Detecting C compiler ABI info
[0.668s] -- Detecting C compiler ABI info - done
[0.687s] -- Detecting C compile features
[0.688s] -- Detecting C compile features - done
[0.693s] -- Check for working CXX compiler: /usr/bin/c++
[0.815s] -- Check for working CXX compiler: /usr/bin/c++ -- works
[0.818s] -- Detecting CXX compiler ABI info
[0.968s] -- Detecting CXX compiler ABI info - done
[0.990s] -- Detecting CXX compile features
[0.991s] -- Detecting CXX compile features - done
[1.007s] CMake Error at CMakeLists.txt:14 (find_package):
[1.007s]   By not providing "Findament_cmake.cmake" in CMAKE_MODULE_PATH this project
[1.007s]   has asked CMake to find a package configuration file provided by
[1.007s]   "ament_cmake", but CMake did not find one.
[1.007s] 
[1.007s]   Could not find a package configuration file provided by "ament_cmake" with
[1.007s]   any of the following names:
[1.007s] 
[1.008s]     ament_cmakeConfig.cmake
[1.008s]     ament_cmake-config.cmake
[1.008s] 
[1.008s]   Add the installation prefix of "ament_cmake" to CMAKE_PREFIX_PATH or set
[1.008s]   "ament_cmake_DIR" to a directory containing one of the above files.  If
[1.008s]   "ament_cmake" provides a separate development package or SDK, be sure it
[1.008s]   has been installed.
[1.008s] 
[1.008s] 
[1.008s] -- Configuring incomplete, errors occurred!
[1.009s] See also "/home/mike/turtlebot3_ws/build/costmap_converter_msgs/CMakeFiles/CMakeOutput.log".
