[1.015s] Invoking command in '/home/mike/turtlebot3_ws/build/turtlebot3_example': PYTHONPATH=/home/mike/turtlebot3_ws/install/turtlebot3_example/lib/python3.8/site-packages: /usr/bin/python3 setup.py develop --prefix /home/mike/turtlebot3_ws/install/turtlebot3_example --editable --build-directory /home/mike/turtlebot3_ws/build/turtlebot3_example/build --no-deps install_data --install-dir /home/mike/turtlebot3_ws/install/turtlebot3_example
[1.259s] running develop
[1.356s] running egg_info
[1.356s] creating turtlebot3_example.egg-info
[1.357s] writing turtlebot3_example.egg-info/PKG-INFO
[1.357s] writing dependency_links to turtlebot3_example.egg-info/dependency_links.txt
[1.357s] writing entry points to turtlebot3_example.egg-info/entry_points.txt
[1.358s] writing requirements to turtlebot3_example.egg-info/requires.txt
[1.358s] writing top-level names to turtlebot3_example.egg-info/top_level.txt
[1.363s] writing manifest file 'turtlebot3_example.egg-info/SOURCES.txt'
[1.414s] reading manifest file 'turtlebot3_example.egg-info/SOURCES.txt'
[1.415s] writing manifest file 'turtlebot3_example.egg-info/SOURCES.txt'
[1.458s] running build_ext
[1.459s] Creating /home/mike/turtlebot3_ws/install/turtlebot3_example/lib/python3.8/site-packages/site.py
[1.462s] Creating /home/mike/turtlebot3_ws/install/turtlebot3_example/lib/python3.8/site-packages/turtlebot3-example.egg-link (link to .)
[1.463s] Installing turtlebot3_obstacle_detection script to /home/mike/turtlebot3_ws/install/turtlebot3_example/lib/turtlebot3_example
[1.463s] Installing turtlebot3_patrol_client script to /home/mike/turtlebot3_ws/install/turtlebot3_example/lib/turtlebot3_example
[1.463s] Installing turtlebot3_patrol_server script to /home/mike/turtlebot3_ws/install/turtlebot3_example/lib/turtlebot3_example
[1.464s] Installing turtlebot3_position_control script to /home/mike/turtlebot3_ws/install/turtlebot3_example/lib/turtlebot3_example
[1.464s] 
[1.464s] Installed /home/mike/turtlebot3_ws/build/turtlebot3_example
[1.464s] running install_data
[1.464s] creating /home/mike/turtlebot3_ws/install/turtlebot3_example/share/ament_index
[1.464s] creating /home/mike/turtlebot3_ws/install/turtlebot3_example/share/ament_index/resource_index
[1.465s] creating /home/mike/turtlebot3_ws/install/turtlebot3_example/share/ament_index/resource_index/packages
[1.465s] copying resource/turtlebot3_example -> /home/mike/turtlebot3_ws/install/turtlebot3_example/share/ament_index/resource_index/packages
[1.465s] copying package.xml -> /home/mike/turtlebot3_ws/install/turtlebot3_example/share/turtlebot3_example
