[0.042s] Invoking command in '/home/mike/turtlebot3_ws/build/turtlebot3_cartographer': /usr/bin/cmake /home/mike/turtlebot3_ws/src/turtlebot3/turtlebot3_cartographer -DAMENT_CMAKE_SYMLINK_INSTALL=1 -DCMAKE_INSTALL_PREFIX=/home/mike/turtlebot3_ws/install/turtlebot3_cartographer
[0.082s] CMake Error at CMakeLists.txt:10 (find_package):
[0.082s]   By not providing "Findament_cmake.cmake" in CMAKE_MODULE_PATH this project
[0.082s]   has asked CMake to find a package configuration file provided by
[0.082s]   "ament_cmake", but CMake did not find one.
[0.083s] 
[0.083s]   Could not find a package configuration file provided by "ament_cmake" with
[0.083s]   any of the following names:
[0.083s] 
[0.083s]     ament_cmakeConfig.cmake
[0.084s]     ament_cmake-config.cmake
[0.084s] 
[0.084s]   Add the installation prefix of "ament_cmake" to CMAKE_PREFIX_PATH or set
[0.084s]   "ament_cmake_DIR" to a directory containing one of the above files.  If
[0.085s]   "ament_cmake" provides a separate development package or SDK, be sure it
[0.085s]   has been installed.
[0.085s] 
[0.085s] 
[0.085s] -- Configuring incomplete, errors occurred!
[0.086s] See also "/home/mike/turtlebot3_ws/build/turtlebot3_cartographer/CMakeFiles/CMakeOutput.log".
[0.302s] Invoked command in '/home/mike/turtlebot3_ws/build/turtlebot3_cartographer' returned '1': /usr/bin/cmake /home/mike/turtlebot3_ws/src/turtlebot3/turtlebot3_cartographer -DAMENT_CMAKE_SYMLINK_INSTALL=1 -DCMAKE_INSTALL_PREFIX=/home/mike/turtlebot3_ws/install/turtlebot3_cartographer
