[0.103s] Invoking command in '/home/mike/turtlebot3_ws/build/turtlebot3_description': CMAKE_PREFIX_PATH=${CMAKE_PREFIX_PATH}:/home/mike/turtlebot3_ws/install/turtlebot3_teleop:/home/mike/turtlebot3_ws/install/turtlebot3_example:/opt/ros/galactic /usr/bin/cmake /home/mike/turtlebot3_ws/src/turtlebot3/turtlebot3_description -DCMAKE_INSTALL_PREFIX=/home/mike/turtlebot3_ws/install/turtlebot3_description
[0.784s] -- The C compiler identification is GNU 9.4.0
[0.784s] -- The CXX compiler identification is GNU 9.4.0
[0.785s] -- Check for working C compiler: /usr/bin/cc
[0.785s] -- Check for working C compiler: /usr/bin/cc -- works
[0.785s] -- Detecting C compiler ABI info
[0.932s] -- Detecting C compiler ABI info - done
[0.963s] -- Detecting C compile features
[0.965s] -- Detecting C compile features - done
[0.973s] -- Check for working CXX compiler: /usr/bin/c++
[1.204s] -- Check for working CXX compiler: /usr/bin/c++ -- works
[1.213s] -- Detecting CXX compiler ABI info
[1.438s] -- Detecting CXX compiler ABI info - done
[1.472s] -- Detecting CXX compile features
[1.475s] -- Detecting CXX compile features - done
[1.483s] -- Found ament_cmake: 1.1.5 (/opt/ros/galactic/share/ament_cmake/cmake)
[1.556s] -- Found PythonInterp: /usr/bin/python3 (found suitable version "3.8.10", minimum required is "3") 
[1.557s] -- Using PYTHON_EXECUTABLE: /usr/bin/python3
[1.800s] -- Found urdf: 2.5.2 (/opt/ros/galactic/share/urdf/cmake)
[2.157s] -- Configuring done
[2.163s] -- Generating done
[2.167s] -- Build files have been written to: /home/mike/turtlebot3_ws/build/turtlebot3_description
[2.189s] Invoked command in '/home/mike/turtlebot3_ws/build/turtlebot3_description' returned '0': CMAKE_PREFIX_PATH=${CMAKE_PREFIX_PATH}:/home/mike/turtlebot3_ws/install/turtlebot3_teleop:/home/mike/turtlebot3_ws/install/turtlebot3_example:/opt/ros/galactic /usr/bin/cmake /home/mike/turtlebot3_ws/src/turtlebot3/turtlebot3_description -DCMAKE_INSTALL_PREFIX=/home/mike/turtlebot3_ws/install/turtlebot3_description
[2.191s] Invoking command in '/home/mike/turtlebot3_ws/build/turtlebot3_description': CMAKE_PREFIX_PATH=${CMAKE_PREFIX_PATH}:/home/mike/turtlebot3_ws/install/turtlebot3_teleop:/home/mike/turtlebot3_ws/install/turtlebot3_example:/opt/ros/galactic /usr/bin/cmake --build /home/mike/turtlebot3_ws/build/turtlebot3_description -- -j4 -l4
[2.303s] Invoked command in '/home/mike/turtlebot3_ws/build/turtlebot3_description' returned '0': CMAKE_PREFIX_PATH=${CMAKE_PREFIX_PATH}:/home/mike/turtlebot3_ws/install/turtlebot3_teleop:/home/mike/turtlebot3_ws/install/turtlebot3_example:/opt/ros/galactic /usr/bin/cmake --build /home/mike/turtlebot3_ws/build/turtlebot3_description -- -j4 -l4
[2.397s] Invoking command in '/home/mike/turtlebot3_ws/build/turtlebot3_description': CMAKE_PREFIX_PATH=${CMAKE_PREFIX_PATH}:/home/mike/turtlebot3_ws/install/turtlebot3_teleop:/home/mike/turtlebot3_ws/install/turtlebot3_example:/opt/ros/galactic /usr/bin/cmake --install /home/mike/turtlebot3_ws/build/turtlebot3_description
[2.426s] -- Install configuration: ""
[2.426s] -- Installing: /home/mike/turtlebot3_ws/install/turtlebot3_description/share/turtlebot3_description/meshes
[2.426s] -- Installing: /home/mike/turtlebot3_ws/install/turtlebot3_description/share/turtlebot3_description/meshes/wheels
[2.427s] -- Installing: /home/mike/turtlebot3_ws/install/turtlebot3_description/share/turtlebot3_description/meshes/wheels/left_tire.stl
[2.434s] -- Installing: /home/mike/turtlebot3_ws/install/turtlebot3_description/share/turtlebot3_description/meshes/wheels/right_tire.stl
[2.440s] -- Installing: /home/mike/turtlebot3_ws/install/turtlebot3_description/share/turtlebot3_description/meshes/bases
[2.441s] -- Installing: /home/mike/turtlebot3_ws/install/turtlebot3_description/share/turtlebot3_description/meshes/bases/waffle_pi_base.stl
[2.467s] -- Installing: /home/mike/turtlebot3_ws/install/turtlebot3_description/share/turtlebot3_description/meshes/bases/burger_base.stl
[2.488s] -- Installing: /home/mike/turtlebot3_ws/install/turtlebot3_description/share/turtlebot3_description/meshes/bases/waffle_base.stl
[2.540s] -- Installing: /home/mike/turtlebot3_ws/install/turtlebot3_description/share/turtlebot3_description/meshes/sensors
[2.540s] -- Installing: /home/mike/turtlebot3_ws/install/turtlebot3_description/share/turtlebot3_description/meshes/sensors/r200.jpg
[2.541s] -- Installing: /home/mike/turtlebot3_ws/install/turtlebot3_description/share/turtlebot3_description/meshes/sensors/r200.dae
[2.543s] -- Installing: /home/mike/turtlebot3_ws/install/turtlebot3_description/share/turtlebot3_description/meshes/sensors/lds.stl
[2.547s] -- Installing: /home/mike/turtlebot3_ws/install/turtlebot3_description/share/turtlebot3_description/meshes/sensors/astra.jpg
[2.549s] -- Installing: /home/mike/turtlebot3_ws/install/turtlebot3_description/share/turtlebot3_description/meshes/sensors/astra.dae
[2.577s] -- Installing: /home/mike/turtlebot3_ws/install/turtlebot3_description/share/turtlebot3_description/rviz
[2.577s] -- Installing: /home/mike/turtlebot3_ws/install/turtlebot3_description/share/turtlebot3_description/rviz/model.rviz
[2.579s] -- Installing: /home/mike/turtlebot3_ws/install/turtlebot3_description/share/turtlebot3_description/urdf
[2.581s] -- Installing: /home/mike/turtlebot3_ws/install/turtlebot3_description/share/turtlebot3_description/urdf/turtlebot3_waffle_pi.urdf
[2.583s] -- Installing: /home/mike/turtlebot3_ws/install/turtlebot3_description/share/turtlebot3_description/urdf/turtlebot3_waffle.urdf
[2.584s] -- Installing: /home/mike/turtlebot3_ws/install/turtlebot3_description/share/turtlebot3_description/urdf/common_properties.urdf
[2.585s] -- Installing: /home/mike/turtlebot3_ws/install/turtlebot3_description/share/turtlebot3_description/urdf/turtlebot3_burger.urdf
[2.586s] -- Installing: /home/mike/turtlebot3_ws/install/turtlebot3_description/share/ament_index/resource_index/package_run_dependencies/turtlebot3_description
[2.586s] -- Installing: /home/mike/turtlebot3_ws/install/turtlebot3_description/share/ament_index/resource_index/parent_prefix_path/turtlebot3_description
[2.586s] -- Installing: /home/mike/turtlebot3_ws/install/turtlebot3_description/share/turtlebot3_description/environment/ament_prefix_path.sh
[2.587s] -- Installing: /home/mike/turtlebot3_ws/install/turtlebot3_description/share/turtlebot3_description/environment/ament_prefix_path.dsv
[2.587s] -- Installing: /home/mike/turtlebot3_ws/install/turtlebot3_description/share/turtlebot3_description/environment/path.sh
[2.587s] -- Installing: /home/mike/turtlebot3_ws/install/turtlebot3_description/share/turtlebot3_description/environment/path.dsv
[2.587s] -- Installing: /home/mike/turtlebot3_ws/install/turtlebot3_description/share/turtlebot3_description/local_setup.bash
[2.588s] -- Installing: /home/mike/turtlebot3_ws/install/turtlebot3_description/share/turtlebot3_description/local_setup.sh
[2.588s] -- Installing: /home/mike/turtlebot3_ws/install/turtlebot3_description/share/turtlebot3_description/local_setup.zsh
[2.588s] -- Installing: /home/mike/turtlebot3_ws/install/turtlebot3_description/share/turtlebot3_description/local_setup.dsv
[2.589s] -- Installing: /home/mike/turtlebot3_ws/install/turtlebot3_description/share/turtlebot3_description/package.dsv
[2.589s] -- Installing: /home/mike/turtlebot3_ws/install/turtlebot3_description/share/ament_index/resource_index/packages/turtlebot3_description
[2.589s] -- Installing: /home/mike/turtlebot3_ws/install/turtlebot3_description/share/turtlebot3_description/cmake/turtlebot3_descriptionConfig.cmake
[2.590s] -- Installing: /home/mike/turtlebot3_ws/install/turtlebot3_description/share/turtlebot3_description/cmake/turtlebot3_descriptionConfig-version.cmake
[2.590s] -- Installing: /home/mike/turtlebot3_ws/install/turtlebot3_description/share/turtlebot3_description/package.xml
[2.613s] Invoked command in '/home/mike/turtlebot3_ws/build/turtlebot3_description' returned '0': CMAKE_PREFIX_PATH=${CMAKE_PREFIX_PATH}:/home/mike/turtlebot3_ws/install/turtlebot3_teleop:/home/mike/turtlebot3_ws/install/turtlebot3_example:/opt/ros/galactic /usr/bin/cmake --install /home/mike/turtlebot3_ws/build/turtlebot3_description
