[0.040s] Invoking command in '/home/mike/turtlebot3_ws/build/turtlebot3_description': /usr/bin/cmake /home/mike/turtlebot3_ws/src/turtlebot3/turtlebot3_description -DCMAKE_INSTALL_PREFIX=/home/mike/turtlebot3_ws/install/turtlebot3_description
[0.304s] -- Configuring incomplete, errors occurred!
[0.304s] See also "/home/mike/turtlebot3_ws/build/turtlebot3_description/CMakeFiles/CMakeOutput.log".
[0.308s] CMake Error at CMakeLists.txt:18 (find_package):
[0.309s]   By not providing "Findament_cmake.cmake" in CMAKE_MODULE_PATH this project
[0.311s]   has asked CMake to find a package configuration file provided by
[0.312s]   "ament_cmake", but CMake did not find one.
[0.312s] 
[0.312s]   Could not find a package configuration file provided by "ament_cmake" with
[0.312s]   any of the following names:
[0.313s] 
[0.313s]     ament_cmakeConfig.cmake
[0.313s]     ament_cmake-config.cmake
[0.313s] 
[0.313s]   Add the installation prefix of "ament_cmake" to CMAKE_PREFIX_PATH or set
[0.313s]   "ament_cmake_DIR" to a directory containing one of the above files.  If
[0.314s]   "ament_cmake" provides a separate development package or SDK, be sure it
[0.314s]   has been installed.
[0.314s] 
[0.314s] 
[0.315s] Invoked command in '/home/mike/turtlebot3_ws/build/turtlebot3_description' returned '1': /usr/bin/cmake /home/mike/turtlebot3_ws/src/turtlebot3/turtlebot3_description -DCMAKE_INSTALL_PREFIX=/home/mike/turtlebot3_ws/install/turtlebot3_description
