[0.063s] Invoking command in '/home/mike/turtlebot3_ws/build/costmap_converter_msgs': CMAKE_PREFIX_PATH=/opt/ros/galactic /usr/bin/cmake /home/mike/turtlebot3_ws/src/turtlebot3/costmap_converter/costmap_converter_msgs -DCMAKE_INSTALL_PREFIX=/home/mike/turtlebot3_ws/install/costmap_converter_msgs
[0.166s] -- The C compiler identification is GNU 9.4.0
[0.263s] -- The CXX compiler identification is GNU 9.4.0
[0.274s] -- Check for working C compiler: /usr/bin/cc
[0.379s] -- Check for working C compiler: /usr/bin/cc -- works
[0.383s] -- Detecting C compiler ABI info
[0.504s] -- Detecting C compiler ABI info - done
[0.526s] -- Detecting C compile features
[0.528s] -- Detecting C compile features - done
[0.533s] -- Check for working CXX compiler: /usr/bin/c++
[0.663s] -- Check for working CXX compiler: /usr/bin/c++ -- works
[0.665s] -- Detecting CXX compiler ABI info
[0.790s] -- Detecting CXX compiler ABI info - done
[0.814s] -- Detecting CXX compile features
[0.815s] -- Detecting CXX compile features - done
[0.820s] -- Found ament_cmake: 1.1.5 (/opt/ros/galactic/share/ament_cmake/cmake)
[0.862s] -- Found PythonInterp: /usr/bin/python3 (found suitable version "3.8.10", minimum required is "3") 
[0.864s] -- Using PYTHON_EXECUTABLE: /usr/bin/python3
[0.990s] -- Found builtin_interfaces: 1.0.3 (/opt/ros/galactic/share/builtin_interfaces/cmake)
[1.034s] -- Using all available rosidl_typesupport_c: rosidl_typesupport_fastrtps_c;rosidl_typesupport_introspection_c
[1.047s] -- Found rosidl_adapter: 2.2.2 (/opt/ros/galactic/share/rosidl_adapter/cmake)
[1.201s] -- Found OpenSSL: /usr/lib/x86_64-linux-gnu/libcrypto.so (found version "1.1.1f")  
[1.249s] -- Found FastRTPS: /opt/ros/galactic/include  
[1.378s] -- Using all available rosidl_typesupport_cpp: rosidl_typesupport_fastrtps_cpp;rosidl_typesupport_introspection_cpp
[1.426s] -- Found geometry_msgs: 2.2.4 (/opt/ros/galactic/share/geometry_msgs/cmake)
[1.540s] -- Found rosidl_default_generators: 1.1.1 (/opt/ros/galactic/share/rosidl_default_generators/cmake)
[1.595s] -- Found PythonInterp: /usr/bin/python3 (found version "3.8.10") 
[1.962s] -- Found ament_cmake_ros: 0.9.2 (/opt/ros/galactic/share/ament_cmake_ros/cmake)
[2.417s] -- Using all available rosidl_typesupport_c: rosidl_typesupport_fastrtps_c;rosidl_typesupport_introspection_c
[2.623s] -- Using all available rosidl_typesupport_cpp: rosidl_typesupport_fastrtps_cpp;rosidl_typesupport_introspection_cpp
[2.661s] -- Found PythonInterp: /usr/bin/python3 (found suitable version "3.8.10", minimum required is "3.5") 
[2.662s] -- Found python_cmake_module: 0.8.1 (/opt/ros/galactic/share/python_cmake_module/cmake)
[2.700s] -- Found PythonLibs: /usr/lib/x86_64-linux-gnu/libpython3.8.so (found suitable version "3.8.10", minimum required is "3.5") 
[2.701s] -- Using PYTHON_EXECUTABLE: /usr/bin/python3
[2.701s] -- Using PYTHON_INCLUDE_DIRS: /usr/include/python3.8
[2.701s] -- Using PYTHON_LIBRARIES: /usr/lib/x86_64-linux-gnu/libpython3.8.so
[2.733s] -- Found PythonExtra: .so  
[2.881s] -- Configuring done
[2.974s] -- Generating done
[2.978s] -- Build files have been written to: /home/mike/turtlebot3_ws/build/costmap_converter_msgs
[2.991s] Invoked command in '/home/mike/turtlebot3_ws/build/costmap_converter_msgs' returned '0': CMAKE_PREFIX_PATH=/opt/ros/galactic /usr/bin/cmake /home/mike/turtlebot3_ws/src/turtlebot3/costmap_converter/costmap_converter_msgs -DCMAKE_INSTALL_PREFIX=/home/mike/turtlebot3_ws/install/costmap_converter_msgs
[2.992s] Invoking command in '/home/mike/turtlebot3_ws/build/costmap_converter_msgs': CMAKE_PREFIX_PATH=/opt/ros/galactic /usr/bin/cmake --build /home/mike/turtlebot3_ws/build/costmap_converter_msgs -- -j4 -l4
[3.056s] [  2%] [34m[1mGenerating C code for ROS interfaces[0m
[3.056s] [35m[1mScanning dependencies of target costmap_converter_msgs__cpp[0m
[3.102s] [  5%] [34m[1mGenerating C++ code for ROS interfaces[0m
[3.811s] [35m[1mScanning dependencies of target costmap_converter_msgs__rosidl_generator_c[0m
[3.862s] [  7%] [32mBuilding C object CMakeFiles/costmap_converter_msgs__rosidl_generator_c.dir/rosidl_generator_c/costmap_converter_msgs/msg/detail/obstacle_array_msg__functions.c.o[0m
[3.873s] [ 10%] [32mBuilding C object CMakeFiles/costmap_converter_msgs__rosidl_generator_c.dir/rosidl_generator_c/costmap_converter_msgs/msg/detail/obstacle_msg__functions.c.o[0m
[3.977s] [ 10%] Built target costmap_converter_msgs__cpp
[3.998s] [ 12%] [34m[1mGenerating C++ type support dispatch for ROS interfaces[0m
[4.016s] [ 15%] [32m[1mLinking C shared library libcostmap_converter_msgs__rosidl_generator_c.so[0m
[4.035s] [ 17%] [34m[1mGenerating C++ type support for eProsima Fast-RTPS[0m
[4.036s] [ 20%] [34m[1mGenerating C++ introspection for ROS interfaces[0m
[4.189s] [ 20%] Built target costmap_converter_msgs__rosidl_generator_c
[4.238s] [ 23%] [34m[1mGenerating C introspection for ROS interfaces[0m
[5.161s] [35m[1mScanning dependencies of target costmap_converter_msgs__rosidl_typesupport_cpp[0m
[5.262s] [ 25%] [32mBuilding CXX object CMakeFiles/costmap_converter_msgs__rosidl_typesupport_cpp.dir/rosidl_typesupport_cpp/costmap_converter_msgs/msg/obstacle_msg__type_support.cpp.o[0m
[5.466s] [35m[1mScanning dependencies of target costmap_converter_msgs__rosidl_typesupport_introspection_cpp[0m
[5.544s] [ 28%] [32mBuilding CXX object CMakeFiles/costmap_converter_msgs__rosidl_typesupport_introspection_cpp.dir/rosidl_typesupport_introspection_cpp/costmap_converter_msgs/msg/detail/obstacle_msg__type_support.cpp.o[0m
[5.762s] [35m[1mScanning dependencies of target costmap_converter_msgs__rosidl_typesupport_fastrtps_cpp[0m
[5.838s] [35m[1mScanning dependencies of target costmap_converter_msgs__rosidl_typesupport_introspection_c[0m
[5.932s] [ 30%] [32mBuilding CXX object CMakeFiles/costmap_converter_msgs__rosidl_typesupport_fastrtps_cpp.dir/rosidl_typesupport_fastrtps_cpp/costmap_converter_msgs/msg/detail/dds_fastrtps/obstacle_msg__type_support.cpp.o[0m
[6.005s] [ 33%] [32mBuilding C object CMakeFiles/costmap_converter_msgs__rosidl_typesupport_introspection_c.dir/rosidl_typesupport_introspection_c/costmap_converter_msgs/msg/detail/obstacle_msg__type_support.c.o[0m
[6.178s] [ 35%] [32mBuilding C object CMakeFiles/costmap_converter_msgs__rosidl_typesupport_introspection_c.dir/rosidl_typesupport_introspection_c/costmap_converter_msgs/msg/detail/obstacle_array_msg__type_support.c.o[0m
[6.358s] [ 38%] [32m[1mLinking C shared library libcostmap_converter_msgs__rosidl_typesupport_introspection_c.so[0m
[6.568s] [ 38%] Built target costmap_converter_msgs__rosidl_typesupport_introspection_c
[6.641s] [ 41%] [32mBuilding CXX object CMakeFiles/costmap_converter_msgs__rosidl_typesupport_fastrtps_cpp.dir/rosidl_typesupport_fastrtps_cpp/costmap_converter_msgs/msg/detail/dds_fastrtps/obstacle_array_msg__type_support.cpp.o[0m
[6.977s] [ 43%] [32mBuilding CXX object CMakeFiles/costmap_converter_msgs__rosidl_typesupport_cpp.dir/rosidl_typesupport_cpp/costmap_converter_msgs/msg/obstacle_array_msg__type_support.cpp.o[0m
[7.309s] [ 46%] [32mBuilding CXX object CMakeFiles/costmap_converter_msgs__rosidl_typesupport_introspection_cpp.dir/rosidl_typesupport_introspection_cpp/costmap_converter_msgs/msg/detail/obstacle_array_msg__type_support.cpp.o[0m
[7.955s] [ 48%] [34m[1mGenerating C type support dispatch for ROS interfaces[0m
[8.381s] [ 51%] [32m[1mLinking CXX shared library libcostmap_converter_msgs__rosidl_typesupport_cpp.so[0m
[8.569s] [ 53%] [32m[1mLinking CXX shared library libcostmap_converter_msgs__rosidl_typesupport_fastrtps_cpp.so[0m
[8.639s] [ 53%] Built target costmap_converter_msgs__rosidl_typesupport_cpp
[8.713s] [ 56%] [32m[1mLinking CXX shared library libcostmap_converter_msgs__rosidl_typesupport_introspection_cpp.so[0m
[8.940s] [ 56%] Built target costmap_converter_msgs__rosidl_typesupport_fastrtps_cpp
[8.961s] [ 58%] [34m[1mGenerating C type support for eProsima Fast-RTPS[0m
[9.109s] [ 58%] Built target costmap_converter_msgs__rosidl_typesupport_introspection_cpp
[9.403s] [35m[1mScanning dependencies of target costmap_converter_msgs__rosidl_typesupport_c[0m
[9.463s] [ 61%] [32mBuilding CXX object CMakeFiles/costmap_converter_msgs__rosidl_typesupport_c.dir/rosidl_typesupport_c/costmap_converter_msgs/msg/obstacle_msg__type_support.cpp.o[0m
[9.500s] [ 64%] [32mBuilding CXX object CMakeFiles/costmap_converter_msgs__rosidl_typesupport_c.dir/rosidl_typesupport_c/costmap_converter_msgs/msg/obstacle_array_msg__type_support.cpp.o[0m
[9.677s] [ 66%] [32m[1mLinking CXX shared library libcostmap_converter_msgs__rosidl_typesupport_c.so[0m
[9.889s] [ 66%] Built target costmap_converter_msgs__rosidl_typesupport_c
[10.316s] [35m[1mScanning dependencies of target costmap_converter_msgs__rosidl_typesupport_fastrtps_c[0m
[10.391s] [ 69%] [32mBuilding CXX object CMakeFiles/costmap_converter_msgs__rosidl_typesupport_fastrtps_c.dir/rosidl_typesupport_fastrtps_c/costmap_converter_msgs/msg/detail/obstacle_msg__type_support_c.cpp.o[0m
[10.433s] [ 71%] [32mBuilding CXX object CMakeFiles/costmap_converter_msgs__rosidl_typesupport_fastrtps_c.dir/rosidl_typesupport_fastrtps_c/costmap_converter_msgs/msg/detail/obstacle_array_msg__type_support_c.cpp.o[0m
[11.807s] [ 74%] [32m[1mLinking CXX shared library libcostmap_converter_msgs__rosidl_typesupport_fastrtps_c.so[0m
[12.273s] [ 74%] Built target costmap_converter_msgs__rosidl_typesupport_fastrtps_c
[12.324s] [35m[1mScanning dependencies of target costmap_converter_msgs[0m
[12.409s] [ 74%] Built target costmap_converter_msgs
[12.487s] [35m[1mScanning dependencies of target costmap_converter_msgs__py[0m
[12.554s] [ 76%] [34m[1mGenerating Python code for ROS interfaces[0m
[15.685s] [ 76%] Built target costmap_converter_msgs__py
[15.755s] [35m[1mScanning dependencies of target costmap_converter_msgs__python[0m
[15.907s] [ 82%] [32mBuilding C object CMakeFiles/costmap_converter_msgs__python.dir/rosidl_generator_py/costmap_converter_msgs/msg/_obstacle_msg_s.c.o[0m
[15.913s] [ 82%] [32mBuilding C object CMakeFiles/costmap_converter_msgs__python.dir/rosidl_generator_py/costmap_converter_msgs/msg/_obstacle_array_msg_s.c.o[0m
[16.455s] [ 84%] [32m[1mLinking C shared library rosidl_generator_py/costmap_converter_msgs/libcostmap_converter_msgs__python.so[0m
[16.580s] [ 84%] Built target costmap_converter_msgs__python
[16.640s] [35m[1mScanning dependencies of target costmap_converter_msgs__rosidl_typesupport_introspection_c__pyext[0m
[16.660s] [35m[1mScanning dependencies of target costmap_converter_msgs__rosidl_typesupport_c__pyext[0m
[16.667s] [35m[1mScanning dependencies of target costmap_converter_msgs__rosidl_typesupport_fastrtps_c__pyext[0m
[16.698s] [ 87%] [32mBuilding C object CMakeFiles/costmap_converter_msgs__rosidl_typesupport_introspection_c__pyext.dir/rosidl_generator_py/costmap_converter_msgs/_costmap_converter_msgs_s.ep.rosidl_typesupport_introspection_c.c.o[0m
[16.768s] [ 89%] [32mBuilding C object CMakeFiles/costmap_converter_msgs__rosidl_typesupport_c__pyext.dir/rosidl_generator_py/costmap_converter_msgs/_costmap_converter_msgs_s.ep.rosidl_typesupport_c.c.o[0m
[16.769s] [ 92%] [32mBuilding C object CMakeFiles/costmap_converter_msgs__rosidl_typesupport_fastrtps_c__pyext.dir/rosidl_generator_py/costmap_converter_msgs/_costmap_converter_msgs_s.ep.rosidl_typesupport_fastrtps_c.c.o[0m
[17.084s] [ 94%] [32m[1mLinking C shared library rosidl_generator_py/costmap_converter_msgs/costmap_converter_msgs_s__rosidl_typesupport_introspection_c.cpython-38-x86_64-linux-gnu.so[0m
[17.229s] [ 97%] [32m[1mLinking C shared library rosidl_generator_py/costmap_converter_msgs/costmap_converter_msgs_s__rosidl_typesupport_c.cpython-38-x86_64-linux-gnu.so[0m
[17.305s] [100%] [32m[1mLinking CXX shared library rosidl_generator_py/costmap_converter_msgs/costmap_converter_msgs_s__rosidl_typesupport_fastrtps_c.cpython-38-x86_64-linux-gnu.so[0m
[17.390s] [100%] Built target costmap_converter_msgs__rosidl_typesupport_introspection_c__pyext
[17.469s] [100%] Built target costmap_converter_msgs__rosidl_typesupport_c__pyext
[17.678s] [100%] Built target costmap_converter_msgs__rosidl_typesupport_fastrtps_c__pyext
[17.733s] Invoked command in '/home/mike/turtlebot3_ws/build/costmap_converter_msgs' returned '0': CMAKE_PREFIX_PATH=/opt/ros/galactic /usr/bin/cmake --build /home/mike/turtlebot3_ws/build/costmap_converter_msgs -- -j4 -l4
[19.195s] Invoking command in '/home/mike/turtlebot3_ws/build/costmap_converter_msgs': CMAKE_PREFIX_PATH=/opt/ros/galactic /usr/bin/cmake --install /home/mike/turtlebot3_ws/build/costmap_converter_msgs
[19.259s] -- Install configuration: ""
[19.260s] -- Installing: /home/mike/turtlebot3_ws/install/costmap_converter_msgs/share/ament_index/resource_index/rosidl_interfaces/costmap_converter_msgs
[19.261s] -- Installing: /home/mike/turtlebot3_ws/install/costmap_converter_msgs/include/costmap_converter_msgs
[19.261s] -- Installing: /home/mike/turtlebot3_ws/install/costmap_converter_msgs/include/costmap_converter_msgs/msg
[19.261s] -- Installing: /home/mike/turtlebot3_ws/install/costmap_converter_msgs/include/costmap_converter_msgs/msg/detail
[19.262s] -- Installing: /home/mike/turtlebot3_ws/install/costmap_converter_msgs/include/costmap_converter_msgs/msg/detail/obstacle_array_msg__struct.h
[19.262s] -- Installing: /home/mike/turtlebot3_ws/install/costmap_converter_msgs/include/costmap_converter_msgs/msg/detail/obstacle_array_msg__type_support.h
[19.262s] -- Installing: /home/mike/turtlebot3_ws/install/costmap_converter_msgs/include/costmap_converter_msgs/msg/detail/obstacle_array_msg__functions.h
[19.262s] -- Installing: /home/mike/turtlebot3_ws/install/costmap_converter_msgs/include/costmap_converter_msgs/msg/detail/obstacle_array_msg__functions.c
[19.262s] -- Installing: /home/mike/turtlebot3_ws/install/costmap_converter_msgs/include/costmap_converter_msgs/msg/detail/obstacle_msg__functions.c
[19.263s] -- Installing: /home/mike/turtlebot3_ws/install/costmap_converter_msgs/include/costmap_converter_msgs/msg/detail/obstacle_msg__functions.h
[19.263s] -- Installing: /home/mike/turtlebot3_ws/install/costmap_converter_msgs/include/costmap_converter_msgs/msg/detail/obstacle_msg__type_support.h
[19.263s] -- Installing: /home/mike/turtlebot3_ws/install/costmap_converter_msgs/include/costmap_converter_msgs/msg/detail/obstacle_msg__struct.h
[19.264s] -- Installing: /home/mike/turtlebot3_ws/install/costmap_converter_msgs/include/costmap_converter_msgs/msg/obstacle_msg.h
[19.264s] -- Installing: /home/mike/turtlebot3_ws/install/costmap_converter_msgs/include/costmap_converter_msgs/msg/rosidl_generator_c__visibility_control.h
[19.264s] -- Installing: /home/mike/turtlebot3_ws/install/costmap_converter_msgs/include/costmap_converter_msgs/msg/obstacle_array_msg.h
[19.277s] -- Installing: /home/mike/turtlebot3_ws/install/costmap_converter_msgs/share/costmap_converter_msgs/environment/library_path.sh
[19.277s] -- Installing: /home/mike/turtlebot3_ws/install/costmap_converter_msgs/share/costmap_converter_msgs/environment/library_path.dsv
[19.278s] -- Installing: /home/mike/turtlebot3_ws/install/costmap_converter_msgs/lib/libcostmap_converter_msgs__rosidl_generator_c.so
[19.278s] -- Set runtime path of "/home/mike/turtlebot3_ws/install/costmap_converter_msgs/lib/libcostmap_converter_msgs__rosidl_generator_c.so" to ""
[19.279s] -- Up-to-date: /home/mike/turtlebot3_ws/install/costmap_converter_msgs/include/costmap_converter_msgs
[19.279s] -- Up-to-date: /home/mike/turtlebot3_ws/install/costmap_converter_msgs/include/costmap_converter_msgs/msg
[19.279s] -- Up-to-date: /home/mike/turtlebot3_ws/install/costmap_converter_msgs/include/costmap_converter_msgs/msg/detail
[19.279s] -- Installing: /home/mike/turtlebot3_ws/install/costmap_converter_msgs/include/costmap_converter_msgs/msg/detail/obstacle_msg__rosidl_typesupport_fastrtps_c.h
[19.279s] -- Installing: /home/mike/turtlebot3_ws/install/costmap_converter_msgs/include/costmap_converter_msgs/msg/detail/obstacle_array_msg__rosidl_typesupport_fastrtps_c.h
[19.280s] -- Installing: /home/mike/turtlebot3_ws/install/costmap_converter_msgs/include/costmap_converter_msgs/msg/rosidl_typesupport_fastrtps_c__visibility_control.h
[19.280s] -- Installing: /home/mike/turtlebot3_ws/install/costmap_converter_msgs/lib/libcostmap_converter_msgs__rosidl_typesupport_fastrtps_c.so
[19.281s] -- Set runtime path of "/home/mike/turtlebot3_ws/install/costmap_converter_msgs/lib/libcostmap_converter_msgs__rosidl_typesupport_fastrtps_c.so" to ""
[19.281s] -- Up-to-date: /home/mike/turtlebot3_ws/install/costmap_converter_msgs/include/costmap_converter_msgs
[19.281s] -- Up-to-date: /home/mike/turtlebot3_ws/install/costmap_converter_msgs/include/costmap_converter_msgs/msg
[19.281s] -- Up-to-date: /home/mike/turtlebot3_ws/install/costmap_converter_msgs/include/costmap_converter_msgs/msg/detail
[19.281s] -- Installing: /home/mike/turtlebot3_ws/install/costmap_converter_msgs/include/costmap_converter_msgs/msg/detail/dds_fastrtps
[19.281s] -- Installing: /home/mike/turtlebot3_ws/install/costmap_converter_msgs/include/costmap_converter_msgs/msg/detail/obstacle_msg__rosidl_typesupport_fastrtps_cpp.hpp
[19.286s] -- Installing: /home/mike/turtlebot3_ws/install/costmap_converter_msgs/include/costmap_converter_msgs/msg/detail/obstacle_array_msg__rosidl_typesupport_fastrtps_cpp.hpp
[19.287s] -- Installing: /home/mike/turtlebot3_ws/install/costmap_converter_msgs/include/costmap_converter_msgs/msg/rosidl_typesupport_fastrtps_cpp__visibility_control.h
[19.287s] -- Installing: /home/mike/turtlebot3_ws/install/costmap_converter_msgs/lib/libcostmap_converter_msgs__rosidl_typesupport_fastrtps_cpp.so
[19.288s] -- Set runtime path of "/home/mike/turtlebot3_ws/install/costmap_converter_msgs/lib/libcostmap_converter_msgs__rosidl_typesupport_fastrtps_cpp.so" to ""
[19.288s] -- Up-to-date: /home/mike/turtlebot3_ws/install/costmap_converter_msgs/include/costmap_converter_msgs
[19.288s] -- Up-to-date: /home/mike/turtlebot3_ws/install/costmap_converter_msgs/include/costmap_converter_msgs/msg
[19.289s] -- Up-to-date: /home/mike/turtlebot3_ws/install/costmap_converter_msgs/include/costmap_converter_msgs/msg/detail
[19.289s] -- Installing: /home/mike/turtlebot3_ws/install/costmap_converter_msgs/include/costmap_converter_msgs/msg/detail/obstacle_msg__type_support.c
[19.289s] -- Installing: /home/mike/turtlebot3_ws/install/costmap_converter_msgs/include/costmap_converter_msgs/msg/detail/obstacle_array_msg__rosidl_typesupport_introspection_c.h
[19.289s] -- Installing: /home/mike/turtlebot3_ws/install/costmap_converter_msgs/include/costmap_converter_msgs/msg/detail/obstacle_msg__rosidl_typesupport_introspection_c.h
[19.289s] -- Installing: /home/mike/turtlebot3_ws/install/costmap_converter_msgs/include/costmap_converter_msgs/msg/detail/obstacle_array_msg__type_support.c
[19.289s] -- Installing: /home/mike/turtlebot3_ws/install/costmap_converter_msgs/include/costmap_converter_msgs/msg/rosidl_typesupport_introspection_c__visibility_control.h
[19.290s] -- Installing: /home/mike/turtlebot3_ws/install/costmap_converter_msgs/lib/libcostmap_converter_msgs__rosidl_typesupport_introspection_c.so
[19.290s] -- Set runtime path of "/home/mike/turtlebot3_ws/install/costmap_converter_msgs/lib/libcostmap_converter_msgs__rosidl_typesupport_introspection_c.so" to ""
[19.290s] -- Installing: /home/mike/turtlebot3_ws/install/costmap_converter_msgs/lib/libcostmap_converter_msgs__rosidl_typesupport_c.so
[19.297s] -- Set runtime path of "/home/mike/turtlebot3_ws/install/costmap_converter_msgs/lib/libcostmap_converter_msgs__rosidl_typesupport_c.so" to ""
[19.298s] -- Up-to-date: /home/mike/turtlebot3_ws/install/costmap_converter_msgs/include/costmap_converter_msgs
[19.298s] -- Up-to-date: /home/mike/turtlebot3_ws/install/costmap_converter_msgs/include/costmap_converter_msgs/msg
[19.305s] -- Installing: /home/mike/turtlebot3_ws/install/costmap_converter_msgs/include/costmap_converter_msgs/msg/obstacle_msg.hpp
[19.305s] -- Installing: /home/mike/turtlebot3_ws/install/costmap_converter_msgs/include/costmap_converter_msgs/msg/obstacle_array_msg.hpp
[19.305s] -- Up-to-date: /home/mike/turtlebot3_ws/install/costmap_converter_msgs/include/costmap_converter_msgs/msg/detail
[19.305s] -- Installing: /home/mike/turtlebot3_ws/install/costmap_converter_msgs/include/costmap_converter_msgs/msg/detail/obstacle_array_msg__struct.hpp
[19.306s] -- Installing: /home/mike/turtlebot3_ws/install/costmap_converter_msgs/include/costmap_converter_msgs/msg/detail/obstacle_array_msg__traits.hpp
[19.306s] -- Installing: /home/mike/turtlebot3_ws/install/costmap_converter_msgs/include/costmap_converter_msgs/msg/detail/obstacle_msg__builder.hpp
[19.306s] -- Installing: /home/mike/turtlebot3_ws/install/costmap_converter_msgs/include/costmap_converter_msgs/msg/detail/obstacle_array_msg__builder.hpp
[19.306s] -- Installing: /home/mike/turtlebot3_ws/install/costmap_converter_msgs/include/costmap_converter_msgs/msg/detail/obstacle_msg__traits.hpp
[19.307s] -- Installing: /home/mike/turtlebot3_ws/install/costmap_converter_msgs/include/costmap_converter_msgs/msg/detail/obstacle_msg__struct.hpp
[19.307s] -- Up-to-date: /home/mike/turtlebot3_ws/install/costmap_converter_msgs/include/costmap_converter_msgs
[19.307s] -- Up-to-date: /home/mike/turtlebot3_ws/install/costmap_converter_msgs/include/costmap_converter_msgs/msg
[19.307s] -- Up-to-date: /home/mike/turtlebot3_ws/install/costmap_converter_msgs/include/costmap_converter_msgs/msg/detail
[19.307s] -- Installing: /home/mike/turtlebot3_ws/install/costmap_converter_msgs/include/costmap_converter_msgs/msg/detail/obstacle_msg__type_support.cpp
[19.307s] -- Installing: /home/mike/turtlebot3_ws/install/costmap_converter_msgs/include/costmap_converter_msgs/msg/detail/obstacle_array_msg__rosidl_typesupport_introspection_cpp.hpp
[19.308s] -- Installing: /home/mike/turtlebot3_ws/install/costmap_converter_msgs/include/costmap_converter_msgs/msg/detail/obstacle_msg__rosidl_typesupport_introspection_cpp.hpp
[19.308s] -- Installing: /home/mike/turtlebot3_ws/install/costmap_converter_msgs/include/costmap_converter_msgs/msg/detail/obstacle_array_msg__type_support.cpp
[19.308s] -- Installing: /home/mike/turtlebot3_ws/install/costmap_converter_msgs/lib/libcostmap_converter_msgs__rosidl_typesupport_introspection_cpp.so
[19.309s] -- Set runtime path of "/home/mike/turtlebot3_ws/install/costmap_converter_msgs/lib/libcostmap_converter_msgs__rosidl_typesupport_introspection_cpp.so" to ""
[19.309s] -- Installing: /home/mike/turtlebot3_ws/install/costmap_converter_msgs/lib/libcostmap_converter_msgs__rosidl_typesupport_cpp.so
[19.310s] -- Set runtime path of "/home/mike/turtlebot3_ws/install/costmap_converter_msgs/lib/libcostmap_converter_msgs__rosidl_typesupport_cpp.so" to ""
[19.317s] -- Installing: /home/mike/turtlebot3_ws/install/costmap_converter_msgs/share/costmap_converter_msgs/environment/pythonpath.sh
[19.317s] -- Installing: /home/mike/turtlebot3_ws/install/costmap_converter_msgs/share/costmap_converter_msgs/environment/pythonpath.dsv
[19.318s] -- Installing: /home/mike/turtlebot3_ws/install/costmap_converter_msgs/lib/python3.8/site-packages/costmap_converter_msgs/__init__.py
[19.463s] Compiling '/home/mike/turtlebot3_ws/install/costmap_converter_msgs/lib/python3.8/site-packages/costmap_converter_msgs/__init__.py'...
[19.491s] -- Installing: /home/mike/turtlebot3_ws/install/costmap_converter_msgs/lib/python3.8/site-packages/costmap_converter_msgs/msg
[19.491s] -- Installing: /home/mike/turtlebot3_ws/install/costmap_converter_msgs/lib/python3.8/site-packages/costmap_converter_msgs/msg/__init__.py
[19.492s] -- Installing: /home/mike/turtlebot3_ws/install/costmap_converter_msgs/lib/python3.8/site-packages/costmap_converter_msgs/msg/_obstacle_msg.py
[19.493s] -- Installing: /home/mike/turtlebot3_ws/install/costmap_converter_msgs/lib/python3.8/site-packages/costmap_converter_msgs/msg/_obstacle_array_msg_s.c
[19.493s] -- Installing: /home/mike/turtlebot3_ws/install/costmap_converter_msgs/lib/python3.8/site-packages/costmap_converter_msgs/msg/_obstacle_array_msg.py
[19.494s] -- Installing: /home/mike/turtlebot3_ws/install/costmap_converter_msgs/lib/python3.8/site-packages/costmap_converter_msgs/msg/_obstacle_msg_s.c
[19.495s] -- Installing: /home/mike/turtlebot3_ws/install/costmap_converter_msgs/lib/python3.8/site-packages/costmap_converter_msgs/costmap_converter_msgs_s__rosidl_typesupport_fastrtps_c.cpython-38-x86_64-linux-gnu.so
[19.497s] -- Set runtime path of "/home/mike/turtlebot3_ws/install/costmap_converter_msgs/lib/python3.8/site-packages/costmap_converter_msgs/costmap_converter_msgs_s__rosidl_typesupport_fastrtps_c.cpython-38-x86_64-linux-gnu.so" to ""
[19.498s] -- Installing: /home/mike/turtlebot3_ws/install/costmap_converter_msgs/lib/python3.8/site-packages/costmap_converter_msgs/costmap_converter_msgs_s__rosidl_typesupport_introspection_c.cpython-38-x86_64-linux-gnu.so
[19.499s] -- Set runtime path of "/home/mike/turtlebot3_ws/install/costmap_converter_msgs/lib/python3.8/site-packages/costmap_converter_msgs/costmap_converter_msgs_s__rosidl_typesupport_introspection_c.cpython-38-x86_64-linux-gnu.so" to ""
[19.500s] -- Installing: /home/mike/turtlebot3_ws/install/costmap_converter_msgs/lib/python3.8/site-packages/costmap_converter_msgs/costmap_converter_msgs_s__rosidl_typesupport_c.cpython-38-x86_64-linux-gnu.so
[19.502s] -- Set runtime path of "/home/mike/turtlebot3_ws/install/costmap_converter_msgs/lib/python3.8/site-packages/costmap_converter_msgs/costmap_converter_msgs_s__rosidl_typesupport_c.cpython-38-x86_64-linux-gnu.so" to ""
[19.503s] -- Installing: /home/mike/turtlebot3_ws/install/costmap_converter_msgs/lib/libcostmap_converter_msgs__python.so
[19.504s] -- Set runtime path of "/home/mike/turtlebot3_ws/install/costmap_converter_msgs/lib/libcostmap_converter_msgs__python.so" to ""
[19.505s] -- Installing: /home/mike/turtlebot3_ws/install/costmap_converter_msgs/share/costmap_converter_msgs/msg/ObstacleMsg.idl
[19.505s] -- Installing: /home/mike/turtlebot3_ws/install/costmap_converter_msgs/share/costmap_converter_msgs/msg/ObstacleArrayMsg.idl
[19.509s] -- Installing: /home/mike/turtlebot3_ws/install/costmap_converter_msgs/share/costmap_converter_msgs/msg/ObstacleMsg.msg
[19.510s] -- Installing: /home/mike/turtlebot3_ws/install/costmap_converter_msgs/share/costmap_converter_msgs/msg/ObstacleArrayMsg.msg
[19.510s] -- Installing: /home/mike/turtlebot3_ws/install/costmap_converter_msgs/share/ament_index/resource_index/package_run_dependencies/costmap_converter_msgs
[19.521s] -- Installing: /home/mike/turtlebot3_ws/install/costmap_converter_msgs/share/ament_index/resource_index/parent_prefix_path/costmap_converter_msgs
[19.522s] -- Installing: /home/mike/turtlebot3_ws/install/costmap_converter_msgs/share/costmap_converter_msgs/environment/ament_prefix_path.sh
[19.523s] -- Installing: /home/mike/turtlebot3_ws/install/costmap_converter_msgs/share/costmap_converter_msgs/environment/ament_prefix_path.dsv
[19.529s] -- Installing: /home/mike/turtlebot3_ws/install/costmap_converter_msgs/share/costmap_converter_msgs/environment/path.sh
[19.530s] -- Installing: /home/mike/turtlebot3_ws/install/costmap_converter_msgs/share/costmap_converter_msgs/environment/path.dsv
[19.530s] -- Installing: /home/mike/turtlebot3_ws/install/costmap_converter_msgs/share/costmap_converter_msgs/local_setup.bash
[19.531s] -- Installing: /home/mike/turtlebot3_ws/install/costmap_converter_msgs/share/costmap_converter_msgs/local_setup.sh
[19.532s] -- Installing: /home/mike/turtlebot3_ws/install/costmap_converter_msgs/share/costmap_converter_msgs/local_setup.zsh
[19.533s] -- Installing: /home/mike/turtlebot3_ws/install/costmap_converter_msgs/share/costmap_converter_msgs/local_setup.dsv
[19.533s] -- Installing: /home/mike/turtlebot3_ws/install/costmap_converter_msgs/share/costmap_converter_msgs/package.dsv
[19.534s] -- Installing: /home/mike/turtlebot3_ws/install/costmap_converter_msgs/share/ament_index/resource_index/packages/costmap_converter_msgs
[19.535s] -- Installing: /home/mike/turtlebot3_ws/install/costmap_converter_msgs/share/costmap_converter_msgs/cmake/costmap_converter_msgs__rosidl_generator_cExport.cmake
[19.536s] -- Installing: /home/mike/turtlebot3_ws/install/costmap_converter_msgs/share/costmap_converter_msgs/cmake/costmap_converter_msgs__rosidl_generator_cExport-noconfig.cmake
[19.537s] -- Installing: /home/mike/turtlebot3_ws/install/costmap_converter_msgs/share/costmap_converter_msgs/cmake/costmap_converter_msgs__rosidl_typesupport_introspection_cExport.cmake
[19.537s] -- Installing: /home/mike/turtlebot3_ws/install/costmap_converter_msgs/share/costmap_converter_msgs/cmake/costmap_converter_msgs__rosidl_typesupport_introspection_cExport-noconfig.cmake
[19.538s] -- Installing: /home/mike/turtlebot3_ws/install/costmap_converter_msgs/share/costmap_converter_msgs/cmake/costmap_converter_msgs__rosidl_typesupport_cExport.cmake
[19.549s] -- Installing: /home/mike/turtlebot3_ws/install/costmap_converter_msgs/share/costmap_converter_msgs/cmake/costmap_converter_msgs__rosidl_typesupport_cExport-noconfig.cmake
[19.550s] -- Installing: /home/mike/turtlebot3_ws/install/costmap_converter_msgs/share/costmap_converter_msgs/cmake/costmap_converter_msgs__rosidl_generator_cppExport.cmake
[19.551s] -- Installing: /home/mike/turtlebot3_ws/install/costmap_converter_msgs/share/costmap_converter_msgs/cmake/costmap_converter_msgs__rosidl_typesupport_introspection_cppExport.cmake
[19.552s] -- Installing: /home/mike/turtlebot3_ws/install/costmap_converter_msgs/share/costmap_converter_msgs/cmake/costmap_converter_msgs__rosidl_typesupport_introspection_cppExport-noconfig.cmake
[19.553s] -- Installing: /home/mike/turtlebot3_ws/install/costmap_converter_msgs/share/costmap_converter_msgs/cmake/costmap_converter_msgs__rosidl_typesupport_cppExport.cmake
[19.554s] -- Installing: /home/mike/turtlebot3_ws/install/costmap_converter_msgs/share/costmap_converter_msgs/cmake/costmap_converter_msgs__rosidl_typesupport_cppExport-noconfig.cmake
[19.554s] -- Installing: /home/mike/turtlebot3_ws/install/costmap_converter_msgs/share/costmap_converter_msgs/cmake/rosidl_cmake-extras.cmake
[19.561s] -- Installing: /home/mike/turtlebot3_ws/install/costmap_converter_msgs/share/costmap_converter_msgs/cmake/ament_cmake_export_dependencies-extras.cmake
[19.561s] -- Installing: /home/mike/turtlebot3_ws/install/costmap_converter_msgs/share/costmap_converter_msgs/cmake/ament_cmake_export_libraries-extras.cmake
[19.562s] -- Installing: /home/mike/turtlebot3_ws/install/costmap_converter_msgs/share/costmap_converter_msgs/cmake/ament_cmake_export_targets-extras.cmake
[19.562s] -- Installing: /home/mike/turtlebot3_ws/install/costmap_converter_msgs/share/costmap_converter_msgs/cmake/ament_cmake_export_include_directories-extras.cmake
[19.563s] -- Installing: /home/mike/turtlebot3_ws/install/costmap_converter_msgs/share/costmap_converter_msgs/cmake/rosidl_cmake_export_typesupport_libraries-extras.cmake
[19.564s] -- Installing: /home/mike/turtlebot3_ws/install/costmap_converter_msgs/share/costmap_converter_msgs/cmake/rosidl_cmake_export_typesupport_targets-extras.cmake
[19.565s] -- Installing: /home/mike/turtlebot3_ws/install/costmap_converter_msgs/share/costmap_converter_msgs/cmake/costmap_converter_msgsConfig.cmake
[19.565s] -- Installing: /home/mike/turtlebot3_ws/install/costmap_converter_msgs/share/costmap_converter_msgs/cmake/costmap_converter_msgsConfig-version.cmake
[19.565s] -- Installing: /home/mike/turtlebot3_ws/install/costmap_converter_msgs/share/costmap_converter_msgs/package.xml
[19.588s] Invoked command in '/home/mike/turtlebot3_ws/build/costmap_converter_msgs' returned '0': CMAKE_PREFIX_PATH=/opt/ros/galactic /usr/bin/cmake --install /home/mike/turtlebot3_ws/build/costmap_converter_msgs
