[0.049s] Invoking command in '/home/mike/turtlebot3_ws/build/teb_msgs': AMENT_PREFIX_PATH=/home/mike/turtlebot3_ws/install/costmap_converter_msgs CMAKE_PREFIX_PATH=/home/mike/turtlebot3_ws/install/costmap_converter_msgs LD_LIBRARY_PATH=/home/mike/turtlebot3_ws/install/costmap_converter_msgs/lib PYTHONPATH=/home/mike/turtlebot3_ws/install/costmap_converter_msgs/lib/python3.8/site-packages /usr/bin/cmake --build /home/mike/turtlebot3_ws/build/teb_msgs -- -j4 -l4
[0.165s] [  2%] Built target teb_msgs__cpp
[0.213s] [ 12%] Built target teb_msgs__rosidl_generator_c
[0.271s] [ 23%] Built target teb_msgs__rosidl_typesupport_introspection_cpp
[0.273s] [ 34%] Built target teb_msgs__rosidl_typesupport_cpp
[0.280s] [ 44%] Built target teb_msgs__rosidl_typesupport_fastrtps_cpp
[0.332s] [ 55%] Built target teb_msgs__rosidl_typesupport_c
[0.340s] [ 65%] Built target teb_msgs__rosidl_typesupport_introspection_c
[0.364s] [ 76%] Built target teb_msgs__rosidl_typesupport_fastrtps_c
[0.399s] [ 76%] Built target teb_msgs
[0.440s] [ 78%] Built target teb_msgs__py
[0.491s] [ 87%] Built target teb_msgs__python
[0.526s] [ 91%] Built target teb_msgs__rosidl_typesupport_introspection_c__pyext
[0.551s] [ 95%] Built target teb_msgs__rosidl_typesupport_c__pyext
[0.573s] [100%] Built target teb_msgs__rosidl_typesupport_fastrtps_c__pyext
[0.593s] Invoked command in '/home/mike/turtlebot3_ws/build/teb_msgs' returned '0': AMENT_PREFIX_PATH=/home/mike/turtlebot3_ws/install/costmap_converter_msgs CMAKE_PREFIX_PATH=/home/mike/turtlebot3_ws/install/costmap_converter_msgs LD_LIBRARY_PATH=/home/mike/turtlebot3_ws/install/costmap_converter_msgs/lib PYTHONPATH=/home/mike/turtlebot3_ws/install/costmap_converter_msgs/lib/python3.8/site-packages /usr/bin/cmake --build /home/mike/turtlebot3_ws/build/teb_msgs -- -j4 -l4
[0.714s] Invoking command in '/home/mike/turtlebot3_ws/build/teb_msgs': AMENT_PREFIX_PATH=/home/mike/turtlebot3_ws/install/costmap_converter_msgs CMAKE_PREFIX_PATH=/home/mike/turtlebot3_ws/install/costmap_converter_msgs LD_LIBRARY_PATH=/home/mike/turtlebot3_ws/install/costmap_converter_msgs/lib PYTHONPATH=/home/mike/turtlebot3_ws/install/costmap_converter_msgs/lib/python3.8/site-packages /usr/bin/cmake --install /home/mike/turtlebot3_ws/build/teb_msgs
[0.730s] -- Install configuration: ""
[0.732s] -- Up-to-date: /home/mike/turtlebot3_ws/install/teb_msgs/share/ament_index/resource_index/rosidl_interfaces/teb_msgs
[0.732s] -- Up-to-date: /home/mike/turtlebot3_ws/install/teb_msgs/include/teb_msgs
[0.733s] -- Up-to-date: /home/mike/turtlebot3_ws/install/teb_msgs/include/teb_msgs/msg
[0.733s] -- Up-to-date: /home/mike/turtlebot3_ws/install/teb_msgs/include/teb_msgs/msg/trajectory_point_msg.h
[0.733s] -- Up-to-date: /home/mike/turtlebot3_ws/install/teb_msgs/include/teb_msgs/msg/detail
[0.734s] -- Up-to-date: /home/mike/turtlebot3_ws/install/teb_msgs/include/teb_msgs/msg/detail/trajectory_point_msg__functions.c
[0.734s] -- Up-to-date: /home/mike/turtlebot3_ws/install/teb_msgs/include/teb_msgs/msg/detail/trajectory_msg__struct.h
[0.734s] -- Up-to-date: /home/mike/turtlebot3_ws/install/teb_msgs/include/teb_msgs/msg/detail/trajectory_point_msg__struct.h
[0.734s] -- Up-to-date: /home/mike/turtlebot3_ws/install/teb_msgs/include/teb_msgs/msg/detail/trajectory_msg__functions.c
[0.734s] -- Up-to-date: /home/mike/turtlebot3_ws/install/teb_msgs/include/teb_msgs/msg/detail/feedback_msg__functions.c
[0.734s] -- Up-to-date: /home/mike/turtlebot3_ws/install/teb_msgs/include/teb_msgs/msg/detail/trajectory_msg__type_support.h
[0.734s] -- Up-to-date: /home/mike/turtlebot3_ws/install/teb_msgs/include/teb_msgs/msg/detail/feedback_msg__struct.h
[0.734s] -- Up-to-date: /home/mike/turtlebot3_ws/install/teb_msgs/include/teb_msgs/msg/detail/trajectory_point_msg__functions.h
[0.734s] -- Up-to-date: /home/mike/turtlebot3_ws/install/teb_msgs/include/teb_msgs/msg/detail/trajectory_point_msg__type_support.h
[0.735s] -- Up-to-date: /home/mike/turtlebot3_ws/install/teb_msgs/include/teb_msgs/msg/detail/feedback_msg__functions.h
[0.735s] -- Up-to-date: /home/mike/turtlebot3_ws/install/teb_msgs/include/teb_msgs/msg/detail/trajectory_msg__functions.h
[0.735s] -- Up-to-date: /home/mike/turtlebot3_ws/install/teb_msgs/include/teb_msgs/msg/detail/feedback_msg__type_support.h
[0.735s] -- Up-to-date: /home/mike/turtlebot3_ws/install/teb_msgs/include/teb_msgs/msg/feedback_msg.h
[0.735s] -- Up-to-date: /home/mike/turtlebot3_ws/install/teb_msgs/include/teb_msgs/msg/trajectory_msg.h
[0.735s] -- Up-to-date: /home/mike/turtlebot3_ws/install/teb_msgs/include/teb_msgs/msg/rosidl_generator_c__visibility_control.h
[0.735s] -- Up-to-date: /home/mike/turtlebot3_ws/install/teb_msgs/share/teb_msgs/environment/library_path.sh
[0.736s] -- Up-to-date: /home/mike/turtlebot3_ws/install/teb_msgs/share/teb_msgs/environment/library_path.dsv
[0.743s] -- Up-to-date: /home/mike/turtlebot3_ws/install/teb_msgs/lib/libteb_msgs__rosidl_generator_c.so
[0.743s] -- Up-to-date: /home/mike/turtlebot3_ws/install/teb_msgs/include/teb_msgs
[0.744s] -- Up-to-date: /home/mike/turtlebot3_ws/install/teb_msgs/include/teb_msgs/msg
[0.744s] -- Up-to-date: /home/mike/turtlebot3_ws/install/teb_msgs/include/teb_msgs/msg/detail
[0.744s] -- Up-to-date: /home/mike/turtlebot3_ws/install/teb_msgs/include/teb_msgs/msg/detail/feedback_msg__rosidl_typesupport_fastrtps_c.h
[0.744s] -- Up-to-date: /home/mike/turtlebot3_ws/install/teb_msgs/include/teb_msgs/msg/detail/trajectory_msg__rosidl_typesupport_fastrtps_c.h
[0.744s] -- Up-to-date: /home/mike/turtlebot3_ws/install/teb_msgs/include/teb_msgs/msg/detail/trajectory_point_msg__rosidl_typesupport_fastrtps_c.h
[0.744s] -- Up-to-date: /home/mike/turtlebot3_ws/install/teb_msgs/include/teb_msgs/msg/rosidl_typesupport_fastrtps_c__visibility_control.h
[0.744s] -- Up-to-date: /home/mike/turtlebot3_ws/install/teb_msgs/lib/libteb_msgs__rosidl_typesupport_fastrtps_c.so
[0.744s] -- Up-to-date: /home/mike/turtlebot3_ws/install/teb_msgs/include/teb_msgs
[0.744s] -- Up-to-date: /home/mike/turtlebot3_ws/install/teb_msgs/include/teb_msgs/msg
[0.745s] -- Up-to-date: /home/mike/turtlebot3_ws/install/teb_msgs/include/teb_msgs/msg/detail
[0.745s] -- Up-to-date: /home/mike/turtlebot3_ws/install/teb_msgs/include/teb_msgs/msg/detail/trajectory_point_msg__rosidl_typesupport_fastrtps_cpp.hpp
[0.745s] -- Up-to-date: /home/mike/turtlebot3_ws/install/teb_msgs/include/teb_msgs/msg/detail/trajectory_msg__rosidl_typesupport_fastrtps_cpp.hpp
[0.745s] -- Up-to-date: /home/mike/turtlebot3_ws/install/teb_msgs/include/teb_msgs/msg/detail/dds_fastrtps
[0.745s] -- Up-to-date: /home/mike/turtlebot3_ws/install/teb_msgs/include/teb_msgs/msg/detail/feedback_msg__rosidl_typesupport_fastrtps_cpp.hpp
[0.745s] -- Up-to-date: /home/mike/turtlebot3_ws/install/teb_msgs/include/teb_msgs/msg/rosidl_typesupport_fastrtps_cpp__visibility_control.h
[0.749s] -- Up-to-date: /home/mike/turtlebot3_ws/install/teb_msgs/lib/libteb_msgs__rosidl_typesupport_fastrtps_cpp.so
[0.750s] -- Up-to-date: /home/mike/turtlebot3_ws/install/teb_msgs/include/teb_msgs
[0.750s] -- Up-to-date: /home/mike/turtlebot3_ws/install/teb_msgs/include/teb_msgs/msg
[0.750s] -- Up-to-date: /home/mike/turtlebot3_ws/install/teb_msgs/include/teb_msgs/msg/detail
[0.751s] -- Up-to-date: /home/mike/turtlebot3_ws/install/teb_msgs/include/teb_msgs/msg/detail/trajectory_msg__type_support.c
[0.751s] -- Up-to-date: /home/mike/turtlebot3_ws/install/teb_msgs/include/teb_msgs/msg/detail/trajectory_msg__rosidl_typesupport_introspection_c.h
[0.751s] -- Up-to-date: /home/mike/turtlebot3_ws/install/teb_msgs/include/teb_msgs/msg/detail/trajectory_point_msg__rosidl_typesupport_introspection_c.h
[0.751s] -- Up-to-date: /home/mike/turtlebot3_ws/install/teb_msgs/include/teb_msgs/msg/detail/feedback_msg__type_support.c
[0.751s] -- Up-to-date: /home/mike/turtlebot3_ws/install/teb_msgs/include/teb_msgs/msg/detail/feedback_msg__rosidl_typesupport_introspection_c.h
[0.751s] -- Up-to-date: /home/mike/turtlebot3_ws/install/teb_msgs/include/teb_msgs/msg/detail/trajectory_point_msg__type_support.c
[0.751s] -- Up-to-date: /home/mike/turtlebot3_ws/install/teb_msgs/include/teb_msgs/msg/rosidl_typesupport_introspection_c__visibility_control.h
[0.752s] -- Up-to-date: /home/mike/turtlebot3_ws/install/teb_msgs/lib/libteb_msgs__rosidl_typesupport_introspection_c.so
[0.752s] -- Up-to-date: /home/mike/turtlebot3_ws/install/teb_msgs/lib/libteb_msgs__rosidl_typesupport_c.so
[0.752s] -- Up-to-date: /home/mike/turtlebot3_ws/install/teb_msgs/include/teb_msgs
[0.752s] -- Up-to-date: /home/mike/turtlebot3_ws/install/teb_msgs/include/teb_msgs/msg
[0.753s] -- Up-to-date: /home/mike/turtlebot3_ws/install/teb_msgs/include/teb_msgs/msg/trajectory_msg.hpp
[0.753s] -- Up-to-date: /home/mike/turtlebot3_ws/install/teb_msgs/include/teb_msgs/msg/feedback_msg.hpp
[0.753s] -- Up-to-date: /home/mike/turtlebot3_ws/install/teb_msgs/include/teb_msgs/msg/detail
[0.753s] -- Up-to-date: /home/mike/turtlebot3_ws/install/teb_msgs/include/teb_msgs/msg/detail/trajectory_msg__struct.hpp
[0.753s] -- Up-to-date: /home/mike/turtlebot3_ws/install/teb_msgs/include/teb_msgs/msg/detail/trajectory_point_msg__builder.hpp
[0.753s] -- Up-to-date: /home/mike/turtlebot3_ws/install/teb_msgs/include/teb_msgs/msg/detail/trajectory_msg__traits.hpp
[0.753s] -- Up-to-date: /home/mike/turtlebot3_ws/install/teb_msgs/include/teb_msgs/msg/detail/feedback_msg__builder.hpp
[0.753s] -- Up-to-date: /home/mike/turtlebot3_ws/install/teb_msgs/include/teb_msgs/msg/detail/feedback_msg__traits.hpp
[0.753s] -- Up-to-date: /home/mike/turtlebot3_ws/install/teb_msgs/include/teb_msgs/msg/detail/trajectory_point_msg__traits.hpp
[0.753s] -- Up-to-date: /home/mike/turtlebot3_ws/install/teb_msgs/include/teb_msgs/msg/detail/trajectory_point_msg__struct.hpp
[0.754s] -- Up-to-date: /home/mike/turtlebot3_ws/install/teb_msgs/include/teb_msgs/msg/detail/feedback_msg__struct.hpp
[0.754s] -- Up-to-date: /home/mike/turtlebot3_ws/install/teb_msgs/include/teb_msgs/msg/detail/trajectory_msg__builder.hpp
[0.754s] -- Up-to-date: /home/mike/turtlebot3_ws/install/teb_msgs/include/teb_msgs/msg/trajectory_point_msg.hpp
[0.754s] -- Up-to-date: /home/mike/turtlebot3_ws/install/teb_msgs/include/teb_msgs
[0.757s] -- Up-to-date: /home/mike/turtlebot3_ws/install/teb_msgs/include/teb_msgs/msg
[0.757s] -- Up-to-date: /home/mike/turtlebot3_ws/install/teb_msgs/include/teb_msgs/msg/detail
[0.758s] -- Up-to-date: /home/mike/turtlebot3_ws/install/teb_msgs/include/teb_msgs/msg/detail/feedback_msg__rosidl_typesupport_introspection_cpp.hpp
[0.758s] -- Up-to-date: /home/mike/turtlebot3_ws/install/teb_msgs/include/teb_msgs/msg/detail/trajectory_msg__rosidl_typesupport_introspection_cpp.hpp
[0.758s] -- Up-to-date: /home/mike/turtlebot3_ws/install/teb_msgs/include/teb_msgs/msg/detail/trajectory_msg__type_support.cpp
[0.758s] -- Up-to-date: /home/mike/turtlebot3_ws/install/teb_msgs/include/teb_msgs/msg/detail/trajectory_point_msg__rosidl_typesupport_introspection_cpp.hpp
[0.759s] -- Up-to-date: /home/mike/turtlebot3_ws/install/teb_msgs/include/teb_msgs/msg/detail/feedback_msg__type_support.cpp
[0.759s] -- Up-to-date: /home/mike/turtlebot3_ws/install/teb_msgs/include/teb_msgs/msg/detail/trajectory_point_msg__type_support.cpp
[0.760s] -- Up-to-date: /home/mike/turtlebot3_ws/install/teb_msgs/lib/libteb_msgs__rosidl_typesupport_introspection_cpp.so
[0.760s] -- Up-to-date: /home/mike/turtlebot3_ws/install/teb_msgs/lib/libteb_msgs__rosidl_typesupport_cpp.so
[0.760s] -- Up-to-date: /home/mike/turtlebot3_ws/install/teb_msgs/share/teb_msgs/environment/pythonpath.sh
[0.760s] -- Up-to-date: /home/mike/turtlebot3_ws/install/teb_msgs/share/teb_msgs/environment/pythonpath.dsv
[0.760s] -- Up-to-date: /home/mike/turtlebot3_ws/install/teb_msgs/lib/python3.8/site-packages/teb_msgs/__init__.py
[0.811s] -- Up-to-date: /home/mike/turtlebot3_ws/install/teb_msgs/lib/python3.8/site-packages/teb_msgs/msg
[0.812s] -- Up-to-date: /home/mike/turtlebot3_ws/install/teb_msgs/lib/python3.8/site-packages/teb_msgs/msg/_trajectory_msg_s.c
[0.813s] -- Up-to-date: /home/mike/turtlebot3_ws/install/teb_msgs/lib/python3.8/site-packages/teb_msgs/msg/_feedback_msg_s.c
[0.813s] -- Up-to-date: /home/mike/turtlebot3_ws/install/teb_msgs/lib/python3.8/site-packages/teb_msgs/msg/_feedback_msg.py
[0.813s] -- Up-to-date: /home/mike/turtlebot3_ws/install/teb_msgs/lib/python3.8/site-packages/teb_msgs/msg/__init__.py
[0.813s] -- Up-to-date: /home/mike/turtlebot3_ws/install/teb_msgs/lib/python3.8/site-packages/teb_msgs/msg/_trajectory_msg.py
[0.814s] -- Up-to-date: /home/mike/turtlebot3_ws/install/teb_msgs/lib/python3.8/site-packages/teb_msgs/msg/_trajectory_point_msg.py
[0.814s] -- Up-to-date: /home/mike/turtlebot3_ws/install/teb_msgs/lib/python3.8/site-packages/teb_msgs/msg/_trajectory_point_msg_s.c
[0.814s] -- Up-to-date: /home/mike/turtlebot3_ws/install/teb_msgs/lib/python3.8/site-packages/teb_msgs/teb_msgs_s__rosidl_typesupport_fastrtps_c.cpython-38-x86_64-linux-gnu.so
[0.814s] -- Up-to-date: /home/mike/turtlebot3_ws/install/teb_msgs/lib/python3.8/site-packages/teb_msgs/teb_msgs_s__rosidl_typesupport_introspection_c.cpython-38-x86_64-linux-gnu.so
[0.815s] -- Up-to-date: /home/mike/turtlebot3_ws/install/teb_msgs/lib/python3.8/site-packages/teb_msgs/teb_msgs_s__rosidl_typesupport_c.cpython-38-x86_64-linux-gnu.so
[0.816s] -- Up-to-date: /home/mike/turtlebot3_ws/install/teb_msgs/lib/libteb_msgs__python.so
[0.817s] -- Up-to-date: /home/mike/turtlebot3_ws/install/teb_msgs/share/teb_msgs/msg/FeedbackMsg.idl
[0.817s] -- Up-to-date: /home/mike/turtlebot3_ws/install/teb_msgs/share/teb_msgs/msg/TrajectoryMsg.idl
[0.818s] -- Up-to-date: /home/mike/turtlebot3_ws/install/teb_msgs/share/teb_msgs/msg/TrajectoryPointMsg.idl
[0.818s] -- Up-to-date: /home/mike/turtlebot3_ws/install/teb_msgs/share/teb_msgs/msg/FeedbackMsg.msg
[0.818s] -- Up-to-date: /home/mike/turtlebot3_ws/install/teb_msgs/share/teb_msgs/msg/TrajectoryMsg.msg
[0.818s] -- Up-to-date: /home/mike/turtlebot3_ws/install/teb_msgs/share/teb_msgs/msg/TrajectoryPointMsg.msg
[0.818s] -- Up-to-date: /home/mike/turtlebot3_ws/install/teb_msgs/share/ament_index/resource_index/package_run_dependencies/teb_msgs
[0.819s] -- Up-to-date: /home/mike/turtlebot3_ws/install/teb_msgs/share/ament_index/resource_index/parent_prefix_path/teb_msgs
[0.819s] -- Up-to-date: /home/mike/turtlebot3_ws/install/teb_msgs/share/teb_msgs/environment/ament_prefix_path.sh
[0.820s] -- Up-to-date: /home/mike/turtlebot3_ws/install/teb_msgs/share/teb_msgs/environment/ament_prefix_path.dsv
[0.820s] -- Up-to-date: /home/mike/turtlebot3_ws/install/teb_msgs/share/teb_msgs/environment/path.sh
[0.820s] -- Up-to-date: /home/mike/turtlebot3_ws/install/teb_msgs/share/teb_msgs/environment/path.dsv
[0.821s] -- Up-to-date: /home/mike/turtlebot3_ws/install/teb_msgs/share/teb_msgs/local_setup.bash
[0.821s] -- Up-to-date: /home/mike/turtlebot3_ws/install/teb_msgs/share/teb_msgs/local_setup.sh
[0.821s] -- Up-to-date: /home/mike/turtlebot3_ws/install/teb_msgs/share/teb_msgs/local_setup.zsh
[0.822s] -- Up-to-date: /home/mike/turtlebot3_ws/install/teb_msgs/share/teb_msgs/local_setup.dsv
[0.822s] -- Installing: /home/mike/turtlebot3_ws/install/teb_msgs/share/teb_msgs/package.dsv
[0.822s] -- Up-to-date: /home/mike/turtlebot3_ws/install/teb_msgs/share/ament_index/resource_index/packages/teb_msgs
[0.825s] -- Up-to-date: /home/mike/turtlebot3_ws/install/teb_msgs/share/teb_msgs/cmake/teb_msgs__rosidl_generator_cExport.cmake
[0.825s] -- Up-to-date: /home/mike/turtlebot3_ws/install/teb_msgs/share/teb_msgs/cmake/teb_msgs__rosidl_generator_cExport-noconfig.cmake
[0.826s] -- Up-to-date: /home/mike/turtlebot3_ws/install/teb_msgs/share/teb_msgs/cmake/teb_msgs__rosidl_typesupport_introspection_cExport.cmake
[0.827s] -- Up-to-date: /home/mike/turtlebot3_ws/install/teb_msgs/share/teb_msgs/cmake/teb_msgs__rosidl_typesupport_introspection_cExport-noconfig.cmake
[0.827s] -- Up-to-date: /home/mike/turtlebot3_ws/install/teb_msgs/share/teb_msgs/cmake/teb_msgs__rosidl_typesupport_cExport.cmake
[0.827s] -- Up-to-date: /home/mike/turtlebot3_ws/install/teb_msgs/share/teb_msgs/cmake/teb_msgs__rosidl_typesupport_cExport-noconfig.cmake
[0.828s] -- Up-to-date: /home/mike/turtlebot3_ws/install/teb_msgs/share/teb_msgs/cmake/teb_msgs__rosidl_generator_cppExport.cmake
[0.829s] -- Up-to-date: /home/mike/turtlebot3_ws/install/teb_msgs/share/teb_msgs/cmake/teb_msgs__rosidl_typesupport_introspection_cppExport.cmake
[0.829s] -- Up-to-date: /home/mike/turtlebot3_ws/install/teb_msgs/share/teb_msgs/cmake/teb_msgs__rosidl_typesupport_introspection_cppExport-noconfig.cmake
[0.830s] -- Up-to-date: /home/mike/turtlebot3_ws/install/teb_msgs/share/teb_msgs/cmake/teb_msgs__rosidl_typesupport_cppExport.cmake
[0.830s] -- Up-to-date: /home/mike/turtlebot3_ws/install/teb_msgs/share/teb_msgs/cmake/teb_msgs__rosidl_typesupport_cppExport-noconfig.cmake
[0.830s] -- Up-to-date: /home/mike/turtlebot3_ws/install/teb_msgs/share/teb_msgs/cmake/rosidl_cmake-extras.cmake
[0.831s] -- Up-to-date: /home/mike/turtlebot3_ws/install/teb_msgs/share/teb_msgs/cmake/ament_cmake_export_dependencies-extras.cmake
[0.831s] -- Up-to-date: /home/mike/turtlebot3_ws/install/teb_msgs/share/teb_msgs/cmake/ament_cmake_export_libraries-extras.cmake
[0.831s] -- Up-to-date: /home/mike/turtlebot3_ws/install/teb_msgs/share/teb_msgs/cmake/ament_cmake_export_targets-extras.cmake
[0.832s] -- Up-to-date: /home/mike/turtlebot3_ws/install/teb_msgs/share/teb_msgs/cmake/ament_cmake_export_include_directories-extras.cmake
[0.832s] -- Up-to-date: /home/mike/turtlebot3_ws/install/teb_msgs/share/teb_msgs/cmake/rosidl_cmake_export_typesupport_libraries-extras.cmake
[0.832s] -- Up-to-date: /home/mike/turtlebot3_ws/install/teb_msgs/share/teb_msgs/cmake/rosidl_cmake_export_typesupport_targets-extras.cmake
[0.832s] -- Up-to-date: /home/mike/turtlebot3_ws/install/teb_msgs/share/teb_msgs/cmake/teb_msgsConfig.cmake
[0.832s] -- Up-to-date: /home/mike/turtlebot3_ws/install/teb_msgs/share/teb_msgs/cmake/teb_msgsConfig-version.cmake
[0.832s] -- Up-to-date: /home/mike/turtlebot3_ws/install/teb_msgs/share/teb_msgs/package.xml
[0.839s] Invoked command in '/home/mike/turtlebot3_ws/build/teb_msgs' returned '0': AMENT_PREFIX_PATH=/home/mike/turtlebot3_ws/install/costmap_converter_msgs CMAKE_PREFIX_PATH=/home/mike/turtlebot3_ws/install/costmap_converter_msgs LD_LIBRARY_PATH=/home/mike/turtlebot3_ws/install/costmap_converter_msgs/lib PYTHONPATH=/home/mike/turtlebot3_ws/install/costmap_converter_msgs/lib/python3.8/site-packages /usr/bin/cmake --install /home/mike/turtlebot3_ws/build/teb_msgs
