[1.036s] Invoking command in '/home/mike/turtlebot3_ws/src/turtlebot3/turtlebot3_teleop': PYTHONPATH=/home/mike/turtlebot3_ws/install/turtlebot3_teleop/lib/python3.8/site-packages: /usr/bin/python3 setup.py egg_info --egg-base ../../../build/turtlebot3_teleop build --build-base /home/mike/turtlebot3_ws/build/turtlebot3_teleop/build install --prefix /home/mike/turtlebot3_ws/install/turtlebot3_teleop --record /home/mike/turtlebot3_ws/build/turtlebot3_teleop/install.log --single-version-externally-managed
[1.332s] running egg_info
[1.332s] writing ../../../build/turtlebot3_teleop/turtlebot3_teleop.egg-info/PKG-INFO
[1.337s] writing dependency_links to ../../../build/turtlebot3_teleop/turtlebot3_teleop.egg-info/dependency_links.txt
[1.337s] writing entry points to ../../../build/turtlebot3_teleop/turtlebot3_teleop.egg-info/entry_points.txt
[1.337s] writing requirements to ../../../build/turtlebot3_teleop/turtlebot3_teleop.egg-info/requires.txt
[1.338s] writing top-level names to ../../../build/turtlebot3_teleop/turtlebot3_teleop.egg-info/top_level.txt
[1.397s] reading manifest file '../../../build/turtlebot3_teleop/turtlebot3_teleop.egg-info/SOURCES.txt'
[1.403s] writing manifest file '../../../build/turtlebot3_teleop/turtlebot3_teleop.egg-info/SOURCES.txt'
[1.403s] running build
[1.403s] running build_py
[1.403s] running install
[1.404s] running install_lib
[1.411s] running install_data
[1.413s] running install_egg_info
[1.423s] removing '/home/mike/turtlebot3_ws/install/turtlebot3_teleop/lib/python3.8/site-packages/turtlebot3_teleop-2.1.4-py3.8.egg-info' (and everything under it)
[1.423s] Copying ../../../build/turtlebot3_teleop/turtlebot3_teleop.egg-info to /home/mike/turtlebot3_ws/install/turtlebot3_teleop/lib/python3.8/site-packages/turtlebot3_teleop-2.1.4-py3.8.egg-info
[1.423s] running install_scripts
[1.441s] Installing teleop_keyboard script to /home/mike/turtlebot3_ws/install/turtlebot3_teleop/lib/turtlebot3_teleop
[1.445s] writing list of installed files to '/home/mike/turtlebot3_ws/build/turtlebot3_teleop/install.log'
[1.489s] Invoked command in '/home/mike/turtlebot3_ws/src/turtlebot3/turtlebot3_teleop' returned '0': PYTHONPATH=/home/mike/turtlebot3_ws/install/turtlebot3_teleop/lib/python3.8/site-packages: /usr/bin/python3 setup.py egg_info --egg-base ../../../build/turtlebot3_teleop build --build-base /home/mike/turtlebot3_ws/build/turtlebot3_teleop/build install --prefix /home/mike/turtlebot3_ws/install/turtlebot3_teleop --record /home/mike/turtlebot3_ws/build/turtlebot3_teleop/install.log --single-version-externally-managed
