[0.055s] Invoking command in '/home/mike/turtlebot3_ws/build/costmap_converter_msgs': /usr/bin/cmake --build /home/mike/turtlebot3_ws/build/costmap_converter_msgs -- -j4 -l4
[0.203s] [  2%] Built target costmap_converter_msgs__cpp
[0.233s] [ 12%] Built target costmap_converter_msgs__rosidl_generator_c
[0.250s] [ 33%] Built target costmap_converter_msgs__rosidl_typesupport_fastrtps_cpp
[0.251s] [ 33%] Built target costmap_converter_msgs__rosidl_typesupport_cpp
[0.266s] [ 43%] Built target costmap_converter_msgs__rosidl_typesupport_introspection_cpp
[0.296s] [ 53%] Built target costmap_converter_msgs__rosidl_typesupport_c
[0.297s] [ 64%] Built target costmap_converter_msgs__rosidl_typesupport_fastrtps_c
[0.300s] [ 74%] Built target costmap_converter_msgs__rosidl_typesupport_introspection_c
[0.331s] [ 74%] Built target costmap_converter_msgs
[0.358s] [ 76%] Built target costmap_converter_msgs__py
[0.393s] [ 84%] Built target costmap_converter_msgs__python
[0.439s] [ 89%] Built target costmap_converter_msgs__rosidl_typesupport_c__pyext
[0.441s] [ 94%] Built target costmap_converter_msgs__rosidl_typesupport_introspection_c__pyext
[0.446s] [100%] Built target costmap_converter_msgs__rosidl_typesupport_fastrtps_c__pyext
[0.465s] Invoked command in '/home/mike/turtlebot3_ws/build/costmap_converter_msgs' returned '0': /usr/bin/cmake --build /home/mike/turtlebot3_ws/build/costmap_converter_msgs -- -j4 -l4
[0.555s] Invoking command in '/home/mike/turtlebot3_ws/build/costmap_converter_msgs': /usr/bin/cmake --install /home/mike/turtlebot3_ws/build/costmap_converter_msgs
[0.584s] -- Install configuration: ""
[0.584s] -- Up-to-date: /home/mike/turtlebot3_ws/install/costmap_converter_msgs/share/ament_index/resource_index/rosidl_interfaces/costmap_converter_msgs
[0.584s] -- Up-to-date: /home/mike/turtlebot3_ws/install/costmap_converter_msgs/include/costmap_converter_msgs
[0.584s] -- Up-to-date: /home/mike/turtlebot3_ws/install/costmap_converter_msgs/include/costmap_converter_msgs/msg
[0.585s] -- Up-to-date: /home/mike/turtlebot3_ws/install/costmap_converter_msgs/include/costmap_converter_msgs/msg/detail
[0.585s] -- Up-to-date: /home/mike/turtlebot3_ws/install/costmap_converter_msgs/include/costmap_converter_msgs/msg/detail/obstacle_array_msg__struct.h
[0.585s] -- Up-to-date: /home/mike/turtlebot3_ws/install/costmap_converter_msgs/include/costmap_converter_msgs/msg/detail/obstacle_array_msg__type_support.h
[0.585s] -- Up-to-date: /home/mike/turtlebot3_ws/install/costmap_converter_msgs/include/costmap_converter_msgs/msg/detail/obstacle_array_msg__functions.h
[0.585s] -- Up-to-date: /home/mike/turtlebot3_ws/install/costmap_converter_msgs/include/costmap_converter_msgs/msg/detail/obstacle_array_msg__functions.c
[0.585s] -- Up-to-date: /home/mike/turtlebot3_ws/install/costmap_converter_msgs/include/costmap_converter_msgs/msg/detail/obstacle_msg__functions.c
[0.585s] -- Up-to-date: /home/mike/turtlebot3_ws/install/costmap_converter_msgs/include/costmap_converter_msgs/msg/detail/obstacle_msg__functions.h
[0.586s] -- Up-to-date: /home/mike/turtlebot3_ws/install/costmap_converter_msgs/include/costmap_converter_msgs/msg/detail/obstacle_msg__type_support.h
[0.586s] -- Up-to-date: /home/mike/turtlebot3_ws/install/costmap_converter_msgs/include/costmap_converter_msgs/msg/detail/obstacle_msg__struct.h
[0.586s] -- Up-to-date: /home/mike/turtlebot3_ws/install/costmap_converter_msgs/include/costmap_converter_msgs/msg/obstacle_msg.h
[0.586s] -- Up-to-date: /home/mike/turtlebot3_ws/install/costmap_converter_msgs/include/costmap_converter_msgs/msg/rosidl_generator_c__visibility_control.h
[0.586s] -- Up-to-date: /home/mike/turtlebot3_ws/install/costmap_converter_msgs/include/costmap_converter_msgs/msg/obstacle_array_msg.h
[0.586s] -- Up-to-date: /home/mike/turtlebot3_ws/install/costmap_converter_msgs/share/costmap_converter_msgs/environment/library_path.sh
[0.586s] -- Up-to-date: /home/mike/turtlebot3_ws/install/costmap_converter_msgs/share/costmap_converter_msgs/environment/library_path.dsv
[0.586s] -- Up-to-date: /home/mike/turtlebot3_ws/install/costmap_converter_msgs/lib/libcostmap_converter_msgs__rosidl_generator_c.so
[0.586s] -- Up-to-date: /home/mike/turtlebot3_ws/install/costmap_converter_msgs/include/costmap_converter_msgs
[0.587s] -- Up-to-date: /home/mike/turtlebot3_ws/install/costmap_converter_msgs/include/costmap_converter_msgs/msg
[0.587s] -- Up-to-date: /home/mike/turtlebot3_ws/install/costmap_converter_msgs/include/costmap_converter_msgs/msg/detail
[0.587s] -- Up-to-date: /home/mike/turtlebot3_ws/install/costmap_converter_msgs/include/costmap_converter_msgs/msg/detail/obstacle_msg__rosidl_typesupport_fastrtps_c.h
[0.587s] -- Up-to-date: /home/mike/turtlebot3_ws/install/costmap_converter_msgs/include/costmap_converter_msgs/msg/detail/obstacle_array_msg__rosidl_typesupport_fastrtps_c.h
[0.587s] -- Up-to-date: /home/mike/turtlebot3_ws/install/costmap_converter_msgs/include/costmap_converter_msgs/msg/rosidl_typesupport_fastrtps_c__visibility_control.h
[0.587s] -- Up-to-date: /home/mike/turtlebot3_ws/install/costmap_converter_msgs/lib/libcostmap_converter_msgs__rosidl_typesupport_fastrtps_c.so
[0.587s] -- Up-to-date: /home/mike/turtlebot3_ws/install/costmap_converter_msgs/include/costmap_converter_msgs
[0.587s] -- Up-to-date: /home/mike/turtlebot3_ws/install/costmap_converter_msgs/include/costmap_converter_msgs/msg
[0.587s] -- Up-to-date: /home/mike/turtlebot3_ws/install/costmap_converter_msgs/include/costmap_converter_msgs/msg/detail
[0.587s] -- Up-to-date: /home/mike/turtlebot3_ws/install/costmap_converter_msgs/include/costmap_converter_msgs/msg/detail/dds_fastrtps
[0.588s] -- Up-to-date: /home/mike/turtlebot3_ws/install/costmap_converter_msgs/include/costmap_converter_msgs/msg/detail/obstacle_msg__rosidl_typesupport_fastrtps_cpp.hpp
[0.588s] -- Up-to-date: /home/mike/turtlebot3_ws/install/costmap_converter_msgs/include/costmap_converter_msgs/msg/detail/obstacle_array_msg__rosidl_typesupport_fastrtps_cpp.hpp
[0.588s] -- Up-to-date: /home/mike/turtlebot3_ws/install/costmap_converter_msgs/include/costmap_converter_msgs/msg/rosidl_typesupport_fastrtps_cpp__visibility_control.h
[0.588s] -- Up-to-date: /home/mike/turtlebot3_ws/install/costmap_converter_msgs/lib/libcostmap_converter_msgs__rosidl_typesupport_fastrtps_cpp.so
[0.588s] -- Up-to-date: /home/mike/turtlebot3_ws/install/costmap_converter_msgs/include/costmap_converter_msgs
[0.588s] -- Up-to-date: /home/mike/turtlebot3_ws/install/costmap_converter_msgs/include/costmap_converter_msgs/msg
[0.588s] -- Up-to-date: /home/mike/turtlebot3_ws/install/costmap_converter_msgs/include/costmap_converter_msgs/msg/detail
[0.588s] -- Up-to-date: /home/mike/turtlebot3_ws/install/costmap_converter_msgs/include/costmap_converter_msgs/msg/detail/obstacle_msg__type_support.c
[0.588s] -- Up-to-date: /home/mike/turtlebot3_ws/install/costmap_converter_msgs/include/costmap_converter_msgs/msg/detail/obstacle_array_msg__rosidl_typesupport_introspection_c.h
[0.589s] -- Up-to-date: /home/mike/turtlebot3_ws/install/costmap_converter_msgs/include/costmap_converter_msgs/msg/detail/obstacle_msg__rosidl_typesupport_introspection_c.h
[0.589s] -- Up-to-date: /home/mike/turtlebot3_ws/install/costmap_converter_msgs/include/costmap_converter_msgs/msg/detail/obstacle_array_msg__type_support.c
[0.589s] -- Up-to-date: /home/mike/turtlebot3_ws/install/costmap_converter_msgs/include/costmap_converter_msgs/msg/rosidl_typesupport_introspection_c__visibility_control.h
[0.589s] -- Up-to-date: /home/mike/turtlebot3_ws/install/costmap_converter_msgs/lib/libcostmap_converter_msgs__rosidl_typesupport_introspection_c.so
[0.589s] -- Up-to-date: /home/mike/turtlebot3_ws/install/costmap_converter_msgs/lib/libcostmap_converter_msgs__rosidl_typesupport_c.so
[0.589s] -- Up-to-date: /home/mike/turtlebot3_ws/install/costmap_converter_msgs/include/costmap_converter_msgs
[0.589s] -- Up-to-date: /home/mike/turtlebot3_ws/install/costmap_converter_msgs/include/costmap_converter_msgs/msg
[0.590s] -- Up-to-date: /home/mike/turtlebot3_ws/install/costmap_converter_msgs/include/costmap_converter_msgs/msg/obstacle_msg.hpp
[0.590s] -- Up-to-date: /home/mike/turtlebot3_ws/install/costmap_converter_msgs/include/costmap_converter_msgs/msg/obstacle_array_msg.hpp
[0.590s] -- Up-to-date: /home/mike/turtlebot3_ws/install/costmap_converter_msgs/include/costmap_converter_msgs/msg/detail
[0.590s] -- Up-to-date: /home/mike/turtlebot3_ws/install/costmap_converter_msgs/include/costmap_converter_msgs/msg/detail/obstacle_array_msg__struct.hpp
[0.590s] -- Up-to-date: /home/mike/turtlebot3_ws/install/costmap_converter_msgs/include/costmap_converter_msgs/msg/detail/obstacle_array_msg__traits.hpp
[0.590s] -- Up-to-date: /home/mike/turtlebot3_ws/install/costmap_converter_msgs/include/costmap_converter_msgs/msg/detail/obstacle_msg__builder.hpp
[0.590s] -- Up-to-date: /home/mike/turtlebot3_ws/install/costmap_converter_msgs/include/costmap_converter_msgs/msg/detail/obstacle_array_msg__builder.hpp
[0.590s] -- Up-to-date: /home/mike/turtlebot3_ws/install/costmap_converter_msgs/include/costmap_converter_msgs/msg/detail/obstacle_msg__traits.hpp
[0.590s] -- Up-to-date: /home/mike/turtlebot3_ws/install/costmap_converter_msgs/include/costmap_converter_msgs/msg/detail/obstacle_msg__struct.hpp
[0.591s] -- Up-to-date: /home/mike/turtlebot3_ws/install/costmap_converter_msgs/include/costmap_converter_msgs
[0.592s] -- Up-to-date: /home/mike/turtlebot3_ws/install/costmap_converter_msgs/include/costmap_converter_msgs/msg
[0.592s] -- Up-to-date: /home/mike/turtlebot3_ws/install/costmap_converter_msgs/include/costmap_converter_msgs/msg/detail
[0.592s] -- Up-to-date: /home/mike/turtlebot3_ws/install/costmap_converter_msgs/include/costmap_converter_msgs/msg/detail/obstacle_msg__type_support.cpp
[0.592s] -- Up-to-date: /home/mike/turtlebot3_ws/install/costmap_converter_msgs/include/costmap_converter_msgs/msg/detail/obstacle_array_msg__rosidl_typesupport_introspection_cpp.hpp
[0.592s] -- Up-to-date: /home/mike/turtlebot3_ws/install/costmap_converter_msgs/include/costmap_converter_msgs/msg/detail/obstacle_msg__rosidl_typesupport_introspection_cpp.hpp
[0.592s] -- Up-to-date: /home/mike/turtlebot3_ws/install/costmap_converter_msgs/include/costmap_converter_msgs/msg/detail/obstacle_array_msg__type_support.cpp
[0.592s] -- Up-to-date: /home/mike/turtlebot3_ws/install/costmap_converter_msgs/lib/libcostmap_converter_msgs__rosidl_typesupport_introspection_cpp.so
[0.599s] -- Up-to-date: /home/mike/turtlebot3_ws/install/costmap_converter_msgs/lib/libcostmap_converter_msgs__rosidl_typesupport_cpp.so
[0.600s] -- Up-to-date: /home/mike/turtlebot3_ws/install/costmap_converter_msgs/share/costmap_converter_msgs/environment/pythonpath.sh
[0.600s] -- Up-to-date: /home/mike/turtlebot3_ws/install/costmap_converter_msgs/share/costmap_converter_msgs/environment/pythonpath.dsv
[0.600s] -- Up-to-date: /home/mike/turtlebot3_ws/install/costmap_converter_msgs/lib/python3.8/site-packages/costmap_converter_msgs/__init__.py
[0.632s] -- Up-to-date: /home/mike/turtlebot3_ws/install/costmap_converter_msgs/lib/python3.8/site-packages/costmap_converter_msgs/msg
[0.632s] -- Up-to-date: /home/mike/turtlebot3_ws/install/costmap_converter_msgs/lib/python3.8/site-packages/costmap_converter_msgs/msg/__init__.py
[0.632s] -- Up-to-date: /home/mike/turtlebot3_ws/install/costmap_converter_msgs/lib/python3.8/site-packages/costmap_converter_msgs/msg/_obstacle_msg.py
[0.632s] -- Up-to-date: /home/mike/turtlebot3_ws/install/costmap_converter_msgs/lib/python3.8/site-packages/costmap_converter_msgs/msg/_obstacle_array_msg_s.c
[0.632s] -- Up-to-date: /home/mike/turtlebot3_ws/install/costmap_converter_msgs/lib/python3.8/site-packages/costmap_converter_msgs/msg/_obstacle_array_msg.py
[0.633s] -- Up-to-date: /home/mike/turtlebot3_ws/install/costmap_converter_msgs/lib/python3.8/site-packages/costmap_converter_msgs/msg/_obstacle_msg_s.c
[0.634s] -- Up-to-date: /home/mike/turtlebot3_ws/install/costmap_converter_msgs/lib/python3.8/site-packages/costmap_converter_msgs/costmap_converter_msgs_s__rosidl_typesupport_fastrtps_c.cpython-38-x86_64-linux-gnu.so
[0.636s] -- Up-to-date: /home/mike/turtlebot3_ws/install/costmap_converter_msgs/lib/python3.8/site-packages/costmap_converter_msgs/costmap_converter_msgs_s__rosidl_typesupport_introspection_c.cpython-38-x86_64-linux-gnu.so
[0.636s] -- Up-to-date: /home/mike/turtlebot3_ws/install/costmap_converter_msgs/lib/python3.8/site-packages/costmap_converter_msgs/costmap_converter_msgs_s__rosidl_typesupport_c.cpython-38-x86_64-linux-gnu.so
[0.640s] -- Up-to-date: /home/mike/turtlebot3_ws/install/costmap_converter_msgs/lib/libcostmap_converter_msgs__python.so
[0.644s] -- Up-to-date: /home/mike/turtlebot3_ws/install/costmap_converter_msgs/share/costmap_converter_msgs/msg/ObstacleMsg.idl
[0.644s] -- Up-to-date: /home/mike/turtlebot3_ws/install/costmap_converter_msgs/share/costmap_converter_msgs/msg/ObstacleArrayMsg.idl
[0.644s] -- Up-to-date: /home/mike/turtlebot3_ws/install/costmap_converter_msgs/share/costmap_converter_msgs/msg/ObstacleMsg.msg
[0.645s] -- Up-to-date: /home/mike/turtlebot3_ws/install/costmap_converter_msgs/share/costmap_converter_msgs/msg/ObstacleArrayMsg.msg
[0.645s] -- Up-to-date: /home/mike/turtlebot3_ws/install/costmap_converter_msgs/share/ament_index/resource_index/package_run_dependencies/costmap_converter_msgs
[0.645s] -- Up-to-date: /home/mike/turtlebot3_ws/install/costmap_converter_msgs/share/ament_index/resource_index/parent_prefix_path/costmap_converter_msgs
[0.645s] -- Up-to-date: /home/mike/turtlebot3_ws/install/costmap_converter_msgs/share/costmap_converter_msgs/environment/ament_prefix_path.sh
[0.645s] -- Up-to-date: /home/mike/turtlebot3_ws/install/costmap_converter_msgs/share/costmap_converter_msgs/environment/ament_prefix_path.dsv
[0.645s] -- Up-to-date: /home/mike/turtlebot3_ws/install/costmap_converter_msgs/share/costmap_converter_msgs/environment/path.sh
[0.645s] -- Up-to-date: /home/mike/turtlebot3_ws/install/costmap_converter_msgs/share/costmap_converter_msgs/environment/path.dsv
[0.645s] -- Up-to-date: /home/mike/turtlebot3_ws/install/costmap_converter_msgs/share/costmap_converter_msgs/local_setup.bash
[0.645s] -- Up-to-date: /home/mike/turtlebot3_ws/install/costmap_converter_msgs/share/costmap_converter_msgs/local_setup.sh
[0.645s] -- Up-to-date: /home/mike/turtlebot3_ws/install/costmap_converter_msgs/share/costmap_converter_msgs/local_setup.zsh
[0.646s] -- Up-to-date: /home/mike/turtlebot3_ws/install/costmap_converter_msgs/share/costmap_converter_msgs/local_setup.dsv
[0.646s] -- Installing: /home/mike/turtlebot3_ws/install/costmap_converter_msgs/share/costmap_converter_msgs/package.dsv
[0.646s] -- Up-to-date: /home/mike/turtlebot3_ws/install/costmap_converter_msgs/share/ament_index/resource_index/packages/costmap_converter_msgs
[0.646s] -- Up-to-date: /home/mike/turtlebot3_ws/install/costmap_converter_msgs/share/costmap_converter_msgs/cmake/costmap_converter_msgs__rosidl_generator_cExport.cmake
[0.646s] -- Up-to-date: /home/mike/turtlebot3_ws/install/costmap_converter_msgs/share/costmap_converter_msgs/cmake/costmap_converter_msgs__rosidl_generator_cExport-noconfig.cmake
[0.646s] -- Up-to-date: /home/mike/turtlebot3_ws/install/costmap_converter_msgs/share/costmap_converter_msgs/cmake/costmap_converter_msgs__rosidl_typesupport_introspection_cExport.cmake
[0.646s] -- Up-to-date: /home/mike/turtlebot3_ws/install/costmap_converter_msgs/share/costmap_converter_msgs/cmake/costmap_converter_msgs__rosidl_typesupport_introspection_cExport-noconfig.cmake
[0.646s] -- Up-to-date: /home/mike/turtlebot3_ws/install/costmap_converter_msgs/share/costmap_converter_msgs/cmake/costmap_converter_msgs__rosidl_typesupport_cExport.cmake
[0.646s] -- Up-to-date: /home/mike/turtlebot3_ws/install/costmap_converter_msgs/share/costmap_converter_msgs/cmake/costmap_converter_msgs__rosidl_typesupport_cExport-noconfig.cmake
[0.646s] -- Up-to-date: /home/mike/turtlebot3_ws/install/costmap_converter_msgs/share/costmap_converter_msgs/cmake/costmap_converter_msgs__rosidl_generator_cppExport.cmake
[0.647s] -- Up-to-date: /home/mike/turtlebot3_ws/install/costmap_converter_msgs/share/costmap_converter_msgs/cmake/costmap_converter_msgs__rosidl_typesupport_introspection_cppExport.cmake
[0.647s] -- Up-to-date: /home/mike/turtlebot3_ws/install/costmap_converter_msgs/share/costmap_converter_msgs/cmake/costmap_converter_msgs__rosidl_typesupport_introspection_cppExport-noconfig.cmake
[0.647s] -- Up-to-date: /home/mike/turtlebot3_ws/install/costmap_converter_msgs/share/costmap_converter_msgs/cmake/costmap_converter_msgs__rosidl_typesupport_cppExport.cmake
[0.647s] -- Up-to-date: /home/mike/turtlebot3_ws/install/costmap_converter_msgs/share/costmap_converter_msgs/cmake/costmap_converter_msgs__rosidl_typesupport_cppExport-noconfig.cmake
[0.647s] -- Up-to-date: /home/mike/turtlebot3_ws/install/costmap_converter_msgs/share/costmap_converter_msgs/cmake/rosidl_cmake-extras.cmake
[0.647s] -- Up-to-date: /home/mike/turtlebot3_ws/install/costmap_converter_msgs/share/costmap_converter_msgs/cmake/ament_cmake_export_dependencies-extras.cmake
[0.648s] -- Up-to-date: /home/mike/turtlebot3_ws/install/costmap_converter_msgs/share/costmap_converter_msgs/cmake/ament_cmake_export_libraries-extras.cmake
[0.648s] -- Up-to-date: /home/mike/turtlebot3_ws/install/costmap_converter_msgs/share/costmap_converter_msgs/cmake/ament_cmake_export_targets-extras.cmake
[0.648s] -- Up-to-date: /home/mike/turtlebot3_ws/install/costmap_converter_msgs/share/costmap_converter_msgs/cmake/ament_cmake_export_include_directories-extras.cmake
[0.648s] -- Up-to-date: /home/mike/turtlebot3_ws/install/costmap_converter_msgs/share/costmap_converter_msgs/cmake/rosidl_cmake_export_typesupport_libraries-extras.cmake
[0.648s] -- Up-to-date: /home/mike/turtlebot3_ws/install/costmap_converter_msgs/share/costmap_converter_msgs/cmake/rosidl_cmake_export_typesupport_targets-extras.cmake
[0.648s] -- Up-to-date: /home/mike/turtlebot3_ws/install/costmap_converter_msgs/share/costmap_converter_msgs/cmake/costmap_converter_msgsConfig.cmake
[0.648s] -- Up-to-date: /home/mike/turtlebot3_ws/install/costmap_converter_msgs/share/costmap_converter_msgs/cmake/costmap_converter_msgsConfig-version.cmake
[0.649s] -- Up-to-date: /home/mike/turtlebot3_ws/install/costmap_converter_msgs/share/costmap_converter_msgs/package.xml
[0.669s] Invoked command in '/home/mike/turtlebot3_ws/build/costmap_converter_msgs' returned '0': /usr/bin/cmake --install /home/mike/turtlebot3_ws/build/costmap_converter_msgs
