[0.031s] Invoking command in '/home/mike/turtlebot3_ws/build/turtlebot3_bringup': AMENT_PREFIX_PATH=/home/mike/turtlebot3_ws/install/turtlebot3_node:/home/mike/turtlebot3_ws/install/turtlebot3_description:${AMENT_PREFIX_PATH} CMAKE_PREFIX_PATH=/home/mike/turtlebot3_ws/install/turtlebot3_node:/home/mike/turtlebot3_ws/install/turtlebot3_description:/opt/ros/galactic /usr/bin/cmake /home/mike/turtlebot3_ws/src/turtlebot3/turtlebot3_bringup -DCMAKE_INSTALL_PREFIX=/home/mike/turtlebot3_ws/install/turtlebot3_bringup
[0.150s] -- The C compiler identification is GNU 9.4.0
[0.240s] -- The CXX compiler identification is GNU 9.4.0
[0.248s] -- Check for working C compiler: /usr/bin/cc
[0.343s] -- Check for working C compiler: /usr/bin/cc -- works
[0.344s] -- Detecting C compiler ABI info
[0.440s] -- Detecting C compiler ABI info - done
[0.454s] -- Detecting C compile features
[0.454s] -- Detecting C compile features - done
[0.457s] -- Check for working CXX compiler: /usr/bin/c++
[0.547s] -- Check for working CXX compiler: /usr/bin/c++ -- works
[0.548s] -- Detecting CXX compiler ABI info
[0.640s] -- Detecting CXX compiler ABI info - done
[0.657s] -- Detecting CXX compile features
[0.657s] -- Detecting CXX compile features - done
[0.661s] -- Found ament_cmake: 1.1.5 (/opt/ros/galactic/share/ament_cmake/cmake)
[0.694s] -- Found PythonInterp: /usr/bin/python3 (found suitable version "3.8.10", minimum required is "3") 
[0.694s] -- Using PYTHON_EXECUTABLE: /usr/bin/python3
[0.892s] -- Configuring done
[0.894s] -- Generating done
[0.895s] -- Build files have been written to: /home/mike/turtlebot3_ws/build/turtlebot3_bringup
[0.901s] Invoked command in '/home/mike/turtlebot3_ws/build/turtlebot3_bringup' returned '0': AMENT_PREFIX_PATH=/home/mike/turtlebot3_ws/install/turtlebot3_node:/home/mike/turtlebot3_ws/install/turtlebot3_description:${AMENT_PREFIX_PATH} CMAKE_PREFIX_PATH=/home/mike/turtlebot3_ws/install/turtlebot3_node:/home/mike/turtlebot3_ws/install/turtlebot3_description:/opt/ros/galactic /usr/bin/cmake /home/mike/turtlebot3_ws/src/turtlebot3/turtlebot3_bringup -DCMAKE_INSTALL_PREFIX=/home/mike/turtlebot3_ws/install/turtlebot3_bringup
[0.906s] Invoking command in '/home/mike/turtlebot3_ws/build/turtlebot3_bringup': AMENT_PREFIX_PATH=/home/mike/turtlebot3_ws/install/turtlebot3_node:/home/mike/turtlebot3_ws/install/turtlebot3_description:${AMENT_PREFIX_PATH} CMAKE_PREFIX_PATH=/home/mike/turtlebot3_ws/install/turtlebot3_node:/home/mike/turtlebot3_ws/install/turtlebot3_description:/opt/ros/galactic /usr/bin/cmake --build /home/mike/turtlebot3_ws/build/turtlebot3_bringup -- -j4 -l4
[0.963s] Invoked command in '/home/mike/turtlebot3_ws/build/turtlebot3_bringup' returned '0': AMENT_PREFIX_PATH=/home/mike/turtlebot3_ws/install/turtlebot3_node:/home/mike/turtlebot3_ws/install/turtlebot3_description:${AMENT_PREFIX_PATH} CMAKE_PREFIX_PATH=/home/mike/turtlebot3_ws/install/turtlebot3_node:/home/mike/turtlebot3_ws/install/turtlebot3_description:/opt/ros/galactic /usr/bin/cmake --build /home/mike/turtlebot3_ws/build/turtlebot3_bringup -- -j4 -l4
[0.993s] Invoking command in '/home/mike/turtlebot3_ws/build/turtlebot3_bringup': AMENT_PREFIX_PATH=/home/mike/turtlebot3_ws/install/turtlebot3_node:/home/mike/turtlebot3_ws/install/turtlebot3_description:${AMENT_PREFIX_PATH} CMAKE_PREFIX_PATH=/home/mike/turtlebot3_ws/install/turtlebot3_node:/home/mike/turtlebot3_ws/install/turtlebot3_description:/opt/ros/galactic /usr/bin/cmake --install /home/mike/turtlebot3_ws/build/turtlebot3_bringup
[1.010s] -- Install configuration: ""
[1.010s] -- Installing: /home/mike/turtlebot3_ws/install/turtlebot3_bringup/share/turtlebot3_bringup/launch
[1.010s] -- Installing: /home/mike/turtlebot3_ws/install/turtlebot3_bringup/share/turtlebot3_bringup/launch/robot.launch.py
[1.011s] -- Installing: /home/mike/turtlebot3_ws/install/turtlebot3_bringup/share/turtlebot3_bringup/launch/rviz2.launch.py
[1.011s] -- Installing: /home/mike/turtlebot3_ws/install/turtlebot3_bringup/share/turtlebot3_bringup/launch/turtlebot3_state_publisher.launch.py
[1.011s] -- Installing: /home/mike/turtlebot3_ws/install/turtlebot3_bringup/share/turtlebot3_bringup/param
[1.012s] -- Installing: /home/mike/turtlebot3_ws/install/turtlebot3_bringup/share/turtlebot3_bringup/param/waffle.yaml
[1.012s] -- Installing: /home/mike/turtlebot3_ws/install/turtlebot3_bringup/share/turtlebot3_bringup/param/waffle_pi.yaml
[1.012s] -- Installing: /home/mike/turtlebot3_ws/install/turtlebot3_bringup/share/turtlebot3_bringup/param/burger.yaml
[1.013s] -- Installing: /home/mike/turtlebot3_ws/install/turtlebot3_bringup/share/ament_index/resource_index/package_run_dependencies/turtlebot3_bringup
[1.013s] -- Installing: /home/mike/turtlebot3_ws/install/turtlebot3_bringup/share/ament_index/resource_index/parent_prefix_path/turtlebot3_bringup
[1.013s] -- Installing: /home/mike/turtlebot3_ws/install/turtlebot3_bringup/share/turtlebot3_bringup/environment/ament_prefix_path.sh
[1.014s] -- Installing: /home/mike/turtlebot3_ws/install/turtlebot3_bringup/share/turtlebot3_bringup/environment/ament_prefix_path.dsv
[1.014s] -- Installing: /home/mike/turtlebot3_ws/install/turtlebot3_bringup/share/turtlebot3_bringup/environment/path.sh
[1.014s] -- Installing: /home/mike/turtlebot3_ws/install/turtlebot3_bringup/share/turtlebot3_bringup/environment/path.dsv
[1.014s] -- Installing: /home/mike/turtlebot3_ws/install/turtlebot3_bringup/share/turtlebot3_bringup/local_setup.bash
[1.014s] -- Installing: /home/mike/turtlebot3_ws/install/turtlebot3_bringup/share/turtlebot3_bringup/local_setup.sh
[1.015s] -- Installing: /home/mike/turtlebot3_ws/install/turtlebot3_bringup/share/turtlebot3_bringup/local_setup.zsh
[1.015s] -- Installing: /home/mike/turtlebot3_ws/install/turtlebot3_bringup/share/turtlebot3_bringup/local_setup.dsv
[1.015s] -- Installing: /home/mike/turtlebot3_ws/install/turtlebot3_bringup/share/turtlebot3_bringup/package.dsv
[1.015s] -- Installing: /home/mike/turtlebot3_ws/install/turtlebot3_bringup/share/ament_index/resource_index/packages/turtlebot3_bringup
[1.016s] -- Installing: /home/mike/turtlebot3_ws/install/turtlebot3_bringup/share/turtlebot3_bringup/cmake/turtlebot3_bringupConfig.cmake
[1.016s] -- Installing: /home/mike/turtlebot3_ws/install/turtlebot3_bringup/share/turtlebot3_bringup/cmake/turtlebot3_bringupConfig-version.cmake
[1.016s] -- Installing: /home/mike/turtlebot3_ws/install/turtlebot3_bringup/share/turtlebot3_bringup/package.xml
[1.024s] Invoked command in '/home/mike/turtlebot3_ws/build/turtlebot3_bringup' returned '0': AMENT_PREFIX_PATH=/home/mike/turtlebot3_ws/install/turtlebot3_node:/home/mike/turtlebot3_ws/install/turtlebot3_description:${AMENT_PREFIX_PATH} CMAKE_PREFIX_PATH=/home/mike/turtlebot3_ws/install/turtlebot3_node:/home/mike/turtlebot3_ws/install/turtlebot3_description:/opt/ros/galactic /usr/bin/cmake --install /home/mike/turtlebot3_ws/build/turtlebot3_bringup
