[0.046s] Invoking command in '/home/mike/turtlebot3_ws/build/turtlebot3_node': /usr/bin/cmake /home/mike/turtlebot3_ws/src/turtlebot3/turtlebot3_node -DCMAKE_INSTALL_PREFIX=/home/mike/turtlebot3_ws/install/turtlebot3_node
[0.246s] -- The C compiler identification is GNU 9.4.0
[0.426s] -- The CXX compiler identification is GNU 9.4.0
[0.435s] -- Check for working C compiler: /usr/bin/cc
[0.540s] -- Check for working C compiler: /usr/bin/cc -- works
[0.542s] -- Detecting C compiler ABI info
[0.647s] -- Detecting C compiler ABI info - done
[0.668s] -- Detecting C compile features
[0.669s] -- Detecting C compile features - done
[0.673s] -- Check for working CXX compiler: /usr/bin/c++
[0.786s] -- Check for working CXX compiler: /usr/bin/c++ -- works
[0.788s] -- Detecting CXX compiler ABI info
[0.904s] -- Detecting CXX compiler ABI info - done
[0.927s] -- Detecting CXX compile features
[0.929s] -- Detecting CXX compile features - done
[0.949s] CMake Error at CMakeLists.txt:18 (find_package):
[0.949s]   By not providing "Findament_cmake.cmake" in CMAKE_MODULE_PATH this project
[0.949s]   has asked CMake to find a package configuration file provided by
[0.949s]   "ament_cmake", but CMake did not find one.
[0.950s] 
[0.950s]   Could not find a package configuration file provided by "ament_cmake" with
[0.950s]   any of the following names:
[0.950s] 
[0.950s]     ament_cmakeConfig.cmake
[0.950s]     ament_cmake-config.cmake
[0.950s] 
[0.950s]   Add the installation prefix of "ament_cmake" to CMAKE_PREFIX_PATH or set
[0.950s]   "ament_cmake_DIR" to a directory containing one of the above files.  If
[0.951s]   "ament_cmake" provides a separate development package or SDK, be sure it
[0.951s]   has been installed.
[0.951s] 
[0.951s] 
[0.952s] -- Configuring incomplete, errors occurred!
[0.952s] See also "/home/mike/turtlebot3_ws/build/turtlebot3_node/CMakeFiles/CMakeOutput.log".
[0.957s] Invoked command in '/home/mike/turtlebot3_ws/build/turtlebot3_node' returned '1': /usr/bin/cmake /home/mike/turtlebot3_ws/src/turtlebot3/turtlebot3_node -DCMAKE_INSTALL_PREFIX=/home/mike/turtlebot3_ws/install/turtlebot3_node
