[0.150s] Invoking command in '/home/mike/turtlebot3_ws/build/turtlebot3_simulations': CMAKE_PREFIX_PATH=/home/mike/turtlebot3_ws/install/turtlebot3_gazebo:/home/mike/turtlebot3_ws/install/turtlebot3_fake_node:/home/mike/turtlebot3_ws/install/turtlebot3:/home/mike/turtlebot3_ws/install/turtlebot3_simulations:/home/mike/turtlebot3_ws/install/turtlebot3_bringup:/home/mike/turtlebot3_ws/install/turtlebot3_node:/home/mike/turtlebot3_ws/install/turtlebot3_description:/home/mike/turtlebot3_ws/install/turtlebot3_teleop:/home/mike/turtlebot3_ws/install/turtlebot3_example:/opt/ros/galactic /usr/bin/cmake --build /home/mike/turtlebot3_ws/build/turtlebot3_simulations -- -j4 -l4
[0.587s] Invoked command in '/home/mike/turtlebot3_ws/build/turtlebot3_simulations' returned '0': CMAKE_PREFIX_PATH=/home/mike/turtlebot3_ws/install/turtlebot3_gazebo:/home/mike/turtlebot3_ws/install/turtlebot3_fake_node:/home/mike/turtlebot3_ws/install/turtlebot3:/home/mike/turtlebot3_ws/install/turtlebot3_simulations:/home/mike/turtlebot3_ws/install/turtlebot3_bringup:/home/mike/turtlebot3_ws/install/turtlebot3_node:/home/mike/turtlebot3_ws/install/turtlebot3_description:/home/mike/turtlebot3_ws/install/turtlebot3_teleop:/home/mike/turtlebot3_ws/install/turtlebot3_example:/opt/ros/galactic /usr/bin/cmake --build /home/mike/turtlebot3_ws/build/turtlebot3_simulations -- -j4 -l4
[0.884s] Invoking command in '/home/mike/turtlebot3_ws/build/turtlebot3_simulations': CMAKE_PREFIX_PATH=/home/mike/turtlebot3_ws/install/turtlebot3_gazebo:/home/mike/turtlebot3_ws/install/turtlebot3_fake_node:/home/mike/turtlebot3_ws/install/turtlebot3:/home/mike/turtlebot3_ws/install/turtlebot3_simulations:/home/mike/turtlebot3_ws/install/turtlebot3_bringup:/home/mike/turtlebot3_ws/install/turtlebot3_node:/home/mike/turtlebot3_ws/install/turtlebot3_description:/home/mike/turtlebot3_ws/install/turtlebot3_teleop:/home/mike/turtlebot3_ws/install/turtlebot3_example:/opt/ros/galactic /usr/bin/cmake --install /home/mike/turtlebot3_ws/build/turtlebot3_simulations
[0.971s] -- Install configuration: ""
[0.971s] -- Execute custom install script
[0.972s] -- Up-to-date symlink: /home/mike/turtlebot3_ws/install/turtlebot3_simulations/share/ament_index/resource_index/package_run_dependencies/turtlebot3_simulations
[0.972s] -- Up-to-date symlink: /home/mike/turtlebot3_ws/install/turtlebot3_simulations/share/ament_index/resource_index/parent_prefix_path/turtlebot3_simulations
[0.973s] -- Up-to-date symlink: /home/mike/turtlebot3_ws/install/turtlebot3_simulations/share/turtlebot3_simulations/environment/ament_prefix_path.sh
[0.973s] -- Up-to-date symlink: /home/mike/turtlebot3_ws/install/turtlebot3_simulations/share/turtlebot3_simulations/environment/ament_prefix_path.dsv
[0.977s] -- Up-to-date symlink: /home/mike/turtlebot3_ws/install/turtlebot3_simulations/share/turtlebot3_simulations/environment/path.sh
[0.978s] -- Up-to-date symlink: /home/mike/turtlebot3_ws/install/turtlebot3_simulations/share/turtlebot3_simulations/environment/path.dsv
[0.985s] -- Up-to-date symlink: /home/mike/turtlebot3_ws/install/turtlebot3_simulations/share/turtlebot3_simulations/local_setup.bash
[0.986s] -- Up-to-date symlink: /home/mike/turtlebot3_ws/install/turtlebot3_simulations/share/turtlebot3_simulations/local_setup.sh
[0.987s] -- Up-to-date symlink: /home/mike/turtlebot3_ws/install/turtlebot3_simulations/share/turtlebot3_simulations/local_setup.zsh
[0.988s] -- Up-to-date symlink: /home/mike/turtlebot3_ws/install/turtlebot3_simulations/share/turtlebot3_simulations/local_setup.dsv
[0.989s] -- Symlinking: /home/mike/turtlebot3_ws/install/turtlebot3_simulations/share/turtlebot3_simulations/package.dsv
[1.048s] -- Up-to-date symlink: /home/mike/turtlebot3_ws/install/turtlebot3_simulations/share/ament_index/resource_index/packages/turtlebot3_simulations
[1.049s] -- Up-to-date symlink: /home/mike/turtlebot3_ws/install/turtlebot3_simulations/share/turtlebot3_simulations/cmake/turtlebot3_simulationsConfig.cmake
[1.049s] -- Up-to-date symlink: /home/mike/turtlebot3_ws/install/turtlebot3_simulations/share/turtlebot3_simulations/cmake/turtlebot3_simulationsConfig-version.cmake
[1.050s] -- Up-to-date symlink: /home/mike/turtlebot3_ws/install/turtlebot3_simulations/share/turtlebot3_simulations/package.xml
[1.160s] Invoked command in '/home/mike/turtlebot3_ws/build/turtlebot3_simulations' returned '0': CMAKE_PREFIX_PATH=/home/mike/turtlebot3_ws/install/turtlebot3_gazebo:/home/mike/turtlebot3_ws/install/turtlebot3_fake_node:/home/mike/turtlebot3_ws/install/turtlebot3:/home/mike/turtlebot3_ws/install/turtlebot3_simulations:/home/mike/turtlebot3_ws/install/turtlebot3_bringup:/home/mike/turtlebot3_ws/install/turtlebot3_node:/home/mike/turtlebot3_ws/install/turtlebot3_description:/home/mike/turtlebot3_ws/install/turtlebot3_teleop:/home/mike/turtlebot3_ws/install/turtlebot3_example:/opt/ros/galactic /usr/bin/cmake --install /home/mike/turtlebot3_ws/build/turtlebot3_simulations
