[0.450s] Invoking command in '/home/mike/turtlebot3_ws/build/turtlebot3_fake_node': /usr/bin/cmake /home/mike/turtlebot3_ws/turtlebot3_simulations/turtlebot3_fake_node -DAMENT_CMAKE_SYMLINK_INSTALL=1 -DCMAKE_INSTALL_PREFIX=/home/mike/turtlebot3_ws/install/turtlebot3_fake_node
[0.506s] CMake Error at CMakeLists.txt:18 (find_package):
[0.506s]   By not providing "Findament_cmake.cmake" in CMAKE_MODULE_PATH this project
[0.506s]   has asked CMake to find a package configuration file provided by
[0.507s]   "ament_cmake", but CMake did not find one.
[0.507s] 
[0.507s]   Could not find a package configuration file provided by "ament_cmake" with
[0.508s]   any of the following names:
[0.508s] 
[0.508s]     ament_cmakeConfig.cmake
[0.508s]     ament_cmake-config.cmake
[0.509s] 
[0.509s]   Add the installation prefix of "ament_cmake" to CMAKE_PREFIX_PATH or set
[0.511s]   "ament_cmake_DIR" to a directory containing one of the above files.  If
[0.519s]   "ament_cmake" provides a separate development package or SDK, be sure it
[0.519s]   has been installed.
[0.519s] 
[0.520s] 
[0.520s] -- Configuring incomplete, errors occurred!
[0.520s] See also "/home/mike/turtlebot3_ws/build/turtlebot3_fake_node/CMakeFiles/CMakeOutput.log".
[0.520s] Invoked command in '/home/mike/turtlebot3_ws/build/turtlebot3_fake_node' returned '1': /usr/bin/cmake /home/mike/turtlebot3_ws/turtlebot3_simulations/turtlebot3_fake_node -DAMENT_CMAKE_SYMLINK_INSTALL=1 -DCMAKE_INSTALL_PREFIX=/home/mike/turtlebot3_ws/install/turtlebot3_fake_node
