[0.091s] Invoking command in '/home/mike/turtlebot3_ws/build/turtlebot3_fake_node': CMAKE_PREFIX_PATH=${CMAKE_PREFIX_PATH}:/home/mike/turtlebot3_ws/install/turtlebot3_teleop:/home/mike/turtlebot3_ws/install/turtlebot3_example:/opt/ros/galactic /usr/bin/cmake /home/mike/turtlebot3_ws/turtlebot3_simulations/turtlebot3_fake_node -DCMAKE_INSTALL_PREFIX=/home/mike/turtlebot3_ws/install/turtlebot3_fake_node
[0.278s] -- The C compiler identification is GNU 9.4.0
[0.432s] -- The CXX compiler identification is GNU 9.4.0
[0.446s] -- Check for working C compiler: /usr/bin/cc
[0.631s] -- Check for working C compiler: /usr/bin/cc -- works
[0.633s] -- Detecting C compiler ABI info
[0.819s] -- Detecting C compiler ABI info - done
[0.854s] -- Detecting C compile features
[0.855s] -- Detecting C compile features - done
[0.862s] -- Check for working CXX compiler: /usr/bin/c++
[1.079s] -- Check for working CXX compiler: /usr/bin/c++ -- works
[1.082s] -- Detecting CXX compiler ABI info
[1.274s] -- Detecting CXX compiler ABI info - done
[1.307s] -- Detecting CXX compile features
[1.309s] -- Detecting CXX compile features - done
[1.316s] -- Found ament_cmake: 1.1.5 (/opt/ros/galactic/share/ament_cmake/cmake)
[1.389s] -- Found PythonInterp: /usr/bin/python3 (found suitable version "3.8.10", minimum required is "3") 
[1.389s] -- Using PYTHON_EXECUTABLE: /usr/bin/python3
[1.593s] -- Found geometry_msgs: 2.2.4 (/opt/ros/galactic/share/geometry_msgs/cmake)
[1.670s] -- Using all available rosidl_typesupport_c: rosidl_typesupport_fastrtps_c;rosidl_typesupport_introspection_c
[1.689s] -- Found rosidl_adapter: 2.2.2 (/opt/ros/galactic/share/rosidl_adapter/cmake)
[1.901s] -- Found OpenSSL: /usr/lib/x86_64-linux-gnu/libcrypto.so (found version "1.1.1f")  
[1.980s] -- Found FastRTPS: /opt/ros/galactic/include  
[2.185s] -- Using all available rosidl_typesupport_cpp: rosidl_typesupport_fastrtps_cpp;rosidl_typesupport_introspection_cpp
[2.429s] -- Found nav_msgs: 2.2.4 (/opt/ros/galactic/share/nav_msgs/cmake)
[2.679s] -- Found rclcpp: 9.2.1 (/opt/ros/galactic/share/rclcpp/cmake)
[2.863s] -- Found rmw_implementation_cmake: 3.3.1 (/opt/ros/galactic/share/rmw_implementation_cmake/cmake)
[2.874s] -- Found rmw_cyclonedds_cpp: 0.22.5 (/opt/ros/galactic/share/rmw_cyclonedds_cpp/cmake)
[2.931s] -- Using RMW implementation 'rmw_cyclonedds_cpp' as default
[2.934s] -- Looking for pthread.h
[3.248s] -- Looking for pthread.h - found
[3.252s] -- Performing Test CMAKE_HAVE_LIBC_PTHREAD
[3.618s] -- Performing Test CMAKE_HAVE_LIBC_PTHREAD - Failed
[3.619s] -- Looking for pthread_create in pthreads
[3.847s] -- Looking for pthread_create in pthreads - not found
[3.848s] -- Looking for pthread_create in pthread
[4.341s] -- Looking for pthread_create in pthread - found
[4.343s] -- Found Threads: TRUE  
[5.450s] -- Found sensor_msgs: 2.2.4 (/opt/ros/galactic/share/sensor_msgs/cmake)
[6.114s] -- Found tf2: 0.17.4 (/opt/ros/galactic/share/tf2/cmake)
[6.226s] -- Found tf2_msgs: 0.17.4 (/opt/ros/galactic/share/tf2_msgs/cmake)
[8.112s] -- Found turtlebot3_msgs: 2.2.2 (/opt/ros/galactic/share/turtlebot3_msgs/cmake)
[9.402s] -- Configuring done
[9.515s] -- Generating done
[9.519s] -- Build files have been written to: /home/mike/turtlebot3_ws/build/turtlebot3_fake_node
[9.606s] Invoked command in '/home/mike/turtlebot3_ws/build/turtlebot3_fake_node' returned '0': CMAKE_PREFIX_PATH=${CMAKE_PREFIX_PATH}:/home/mike/turtlebot3_ws/install/turtlebot3_teleop:/home/mike/turtlebot3_ws/install/turtlebot3_example:/opt/ros/galactic /usr/bin/cmake /home/mike/turtlebot3_ws/turtlebot3_simulations/turtlebot3_fake_node -DCMAKE_INSTALL_PREFIX=/home/mike/turtlebot3_ws/install/turtlebot3_fake_node
[9.608s] Invoking command in '/home/mike/turtlebot3_ws/build/turtlebot3_fake_node': CMAKE_PREFIX_PATH=${CMAKE_PREFIX_PATH}:/home/mike/turtlebot3_ws/install/turtlebot3_teleop:/home/mike/turtlebot3_ws/install/turtlebot3_example:/opt/ros/galactic /usr/bin/cmake --build /home/mike/turtlebot3_ws/build/turtlebot3_fake_node -- -j4 -l4
[9.982s] [35m[1mScanning dependencies of target turtlebot3_fake_node[0m
[10.187s] [ 50%] [32mBuilding CXX object CMakeFiles/turtlebot3_fake_node.dir/src/turtlebot3_fake_node.cpp.o[0m
[73.330s] [100%] [32m[1mLinking CXX executable turtlebot3_fake_node[0m
[77.215s] [100%] Built target turtlebot3_fake_node
[77.363s] Invoked command in '/home/mike/turtlebot3_ws/build/turtlebot3_fake_node' returned '0': CMAKE_PREFIX_PATH=${CMAKE_PREFIX_PATH}:/home/mike/turtlebot3_ws/install/turtlebot3_teleop:/home/mike/turtlebot3_ws/install/turtlebot3_example:/opt/ros/galactic /usr/bin/cmake --build /home/mike/turtlebot3_ws/build/turtlebot3_fake_node -- -j4 -l4
[77.777s] Invoking command in '/home/mike/turtlebot3_ws/build/turtlebot3_fake_node': CMAKE_PREFIX_PATH=${CMAKE_PREFIX_PATH}:/home/mike/turtlebot3_ws/install/turtlebot3_teleop:/home/mike/turtlebot3_ws/install/turtlebot3_example:/opt/ros/galactic /usr/bin/cmake --install /home/mike/turtlebot3_ws/build/turtlebot3_fake_node
[77.863s] -- Install configuration: ""
[77.867s] -- Installing: /home/mike/turtlebot3_ws/install/turtlebot3_fake_node/lib/turtlebot3_fake_node/turtlebot3_fake_node
[77.908s] -- Set runtime path of "/home/mike/turtlebot3_ws/install/turtlebot3_fake_node/lib/turtlebot3_fake_node/turtlebot3_fake_node" to ""
[77.920s] -- Installing: /home/mike/turtlebot3_ws/install/turtlebot3_fake_node/share/turtlebot3_fake_node/launch
[77.920s] -- Installing: /home/mike/turtlebot3_ws/install/turtlebot3_fake_node/share/turtlebot3_fake_node/launch/turtlebot3_fake_node.launch.py
[77.920s] -- Installing: /home/mike/turtlebot3_ws/install/turtlebot3_fake_node/share/turtlebot3_fake_node/launch/rviz2.launch.py
[77.920s] -- Installing: /home/mike/turtlebot3_ws/install/turtlebot3_fake_node/share/turtlebot3_fake_node/param
[77.921s] -- Installing: /home/mike/turtlebot3_ws/install/turtlebot3_fake_node/share/turtlebot3_fake_node/param/waffle.yaml
[77.921s] -- Installing: /home/mike/turtlebot3_ws/install/turtlebot3_fake_node/share/turtlebot3_fake_node/param/waffle_pi.yaml
[77.921s] -- Installing: /home/mike/turtlebot3_ws/install/turtlebot3_fake_node/share/turtlebot3_fake_node/param/burger.yaml
[77.922s] -- Installing: /home/mike/turtlebot3_ws/install/turtlebot3_fake_node/include/
[77.923s] -- Installing: /home/mike/turtlebot3_ws/install/turtlebot3_fake_node/include//turtlebot3_fake_node
[77.923s] -- Installing: /home/mike/turtlebot3_ws/install/turtlebot3_fake_node/include//turtlebot3_fake_node/turtlebot3_fake_node.hpp
[77.925s] -- Installing: /home/mike/turtlebot3_ws/install/turtlebot3_fake_node/share/ament_index/resource_index/package_run_dependencies/turtlebot3_fake_node
[77.926s] -- Installing: /home/mike/turtlebot3_ws/install/turtlebot3_fake_node/share/ament_index/resource_index/parent_prefix_path/turtlebot3_fake_node
[77.928s] -- Installing: /home/mike/turtlebot3_ws/install/turtlebot3_fake_node/share/turtlebot3_fake_node/environment/ament_prefix_path.sh
[77.929s] -- Installing: /home/mike/turtlebot3_ws/install/turtlebot3_fake_node/share/turtlebot3_fake_node/environment/ament_prefix_path.dsv
[77.939s] -- Installing: /home/mike/turtlebot3_ws/install/turtlebot3_fake_node/share/turtlebot3_fake_node/environment/path.sh
[77.940s] -- Installing: /home/mike/turtlebot3_ws/install/turtlebot3_fake_node/share/turtlebot3_fake_node/environment/path.dsv
[77.944s] -- Installing: /home/mike/turtlebot3_ws/install/turtlebot3_fake_node/share/turtlebot3_fake_node/local_setup.bash
[77.945s] -- Installing: /home/mike/turtlebot3_ws/install/turtlebot3_fake_node/share/turtlebot3_fake_node/local_setup.sh
[77.946s] -- Installing: /home/mike/turtlebot3_ws/install/turtlebot3_fake_node/share/turtlebot3_fake_node/local_setup.zsh
[77.949s] -- Installing: /home/mike/turtlebot3_ws/install/turtlebot3_fake_node/share/turtlebot3_fake_node/local_setup.dsv
[77.955s] -- Installing: /home/mike/turtlebot3_ws/install/turtlebot3_fake_node/share/turtlebot3_fake_node/package.dsv
[77.956s] -- Installing: /home/mike/turtlebot3_ws/install/turtlebot3_fake_node/share/ament_index/resource_index/packages/turtlebot3_fake_node
[77.966s] -- Installing: /home/mike/turtlebot3_ws/install/turtlebot3_fake_node/share/turtlebot3_fake_node/cmake/ament_cmake_export_include_directories-extras.cmake
[77.971s] -- Installing: /home/mike/turtlebot3_ws/install/turtlebot3_fake_node/share/turtlebot3_fake_node/cmake/ament_cmake_export_dependencies-extras.cmake
[77.972s] -- Installing: /home/mike/turtlebot3_ws/install/turtlebot3_fake_node/share/turtlebot3_fake_node/cmake/turtlebot3_fake_nodeConfig.cmake
[77.973s] -- Installing: /home/mike/turtlebot3_ws/install/turtlebot3_fake_node/share/turtlebot3_fake_node/cmake/turtlebot3_fake_nodeConfig-version.cmake
[77.974s] -- Installing: /home/mike/turtlebot3_ws/install/turtlebot3_fake_node/share/turtlebot3_fake_node/package.xml
[77.991s] Invoked command in '/home/mike/turtlebot3_ws/build/turtlebot3_fake_node' returned '0': CMAKE_PREFIX_PATH=${CMAKE_PREFIX_PATH}:/home/mike/turtlebot3_ws/install/turtlebot3_teleop:/home/mike/turtlebot3_ws/install/turtlebot3_example:/opt/ros/galactic /usr/bin/cmake --install /home/mike/turtlebot3_ws/build/turtlebot3_fake_node
