[0.504s] Invoking command in '/home/mike/turtlebot3_ws/build/costmap_converter': AMENT_PREFIX_PATH=/home/mike/turtlebot3_ws/install/costmap_converter_msgs:${AMENT_PREFIX_PATH} CMAKE_PREFIX_PATH=/home/mike/turtlebot3_ws/install/costmap_converter_msgs:/home/mike/turtlebot3_ws/install/turtlebot3:/home/mike/turtlebot3_ws/install/turtlebot3_simulations:/home/mike/turtlebot3_ws/install/turtlebot3_bringup:/home/mike/turtlebot3_ws/install/turtlebot3_node:/home/mike/turtlebot3_ws/install/turtlebot3_gazebo:/home/mike/turtlebot3_ws/install/turtlebot3_fake_node:/home/mike/turtlebot3_ws/install/turtlebot3_description:/home/mike/turtlebot3_ws/install/turtlebot3_teleop:/home/mike/turtlebot3_ws/install/turtlebot3_example:/opt/ros/galactic LD_LIBRARY_PATH=/home/mike/turtlebot3_ws/install/costmap_converter_msgs/lib:${LD_LIBRARY_PATH} PYTHONPATH=/home/mike/turtlebot3_ws/install/costmap_converter_msgs/lib/python3.8/site-packages:${PYTHONPATH} /usr/bin/cmake --build /home/mike/turtlebot3_ws/build/costmap_converter -- -j4 -l4
[0.703s] [35m[1mScanning dependencies of target costmap_converter[0m
[0.744s] [ 10%] Built target gtest_main
[0.761s] [ 21%] Built target gtest
[1.027s] [ 26%] [32mBuilding CXX object CMakeFiles/costmap_converter.dir/src/costmap_to_polygons_concave.cpp.o[0m
[1.039s] [ 31%] [32mBuilding CXX object CMakeFiles/costmap_converter.dir/src/costmap_to_polygons.cpp.o[0m
[1.049s] [ 36%] [32mBuilding CXX object CMakeFiles/costmap_converter.dir/src/costmap_to_lines_ransac.cpp.o[0m
[1.056s] [ 42%] [32mBuilding CXX object CMakeFiles/costmap_converter.dir/src/costmap_to_lines_convex_hull.cpp.o[0m
[20.214s] [ 47%] [32mBuilding CXX object CMakeFiles/costmap_converter.dir/src/costmap_to_dynamic_obstacles/costmap_to_dynamic_obstacles.cpp.o[0m
[46.032s] [ 52%] [32m[1mLinking CXX shared library libcostmap_converter.so[0m
[46.767s] [ 78%] Built target costmap_converter
[46.796s] [35m[1mScanning dependencies of target standalone_converter[0m
[46.796s] [35m[1mScanning dependencies of target test_costmap_polygons[0m
[46.870s] [ 84%] [32mBuilding CXX object CMakeFiles/standalone_converter.dir/src/costmap_converter_node.cpp.o[0m
[46.893s] [ 89%] [32mBuilding CXX object CMakeFiles/test_costmap_polygons.dir/test/costmap_polygons.cpp.o[0m
[57.395s] In file included from [01m[K/home/mike/turtlebot3_ws/src/turtlebot3/costmap_converter/costmap_converter/test/costmap_polygons.cpp:3[m[K:
[57.396s] /opt/ros/galactic/src/gtest_vendor/include/gtest/gtest.h: In instantiation of ‘[01m[Ktesting::AssertionResult testing::internal::CmpHelperEQ(const char*, const char*, const T1&, const T2&) [with T1 = int; T2 = long unsigned int][m[K’:
[57.397s] [01m[K/opt/ros/galactic/src/gtest_vendor/include/gtest/gtest.h:1554:23:[m[K   required from ‘[01m[Kstatic testing::AssertionResult testing::internal::EqHelper::Compare(const char*, const char*, const T1&, const T2&) [with T1 = int; T2 = long unsigned int; typename std::enable_if<((! std::is_integral<_Tp>::value) || (! std::is_pointer<_Dp>::value))>::type* <anonymous> = 0][m[K’
[57.398s] [01m[K/home/mike/turtlebot3_ws/src/turtlebot3/costmap_converter/costmap_converter/test/costmap_polygons.cpp:125:3:[m[K   required from here
[57.399s] [01m[K/opt/ros/galactic/src/gtest_vendor/include/gtest/gtest.h:1527:11:[m[K [01;35m[Kwarning: [m[Kcomparison of integer expressions of different signedness: ‘[01m[Kconst int[m[K’ and ‘[01m[Kconst long unsigned int[m[K’ [[01;35m[K-Wsign-compare[m[K]
[57.400s]  1527 |   if ([01;35m[Klhs == rhs[m[K) {
[57.401s]       |       [01;35m[K~~~~^~~~~~[m[K
[61.068s] [ 94%] [32m[1mLinking CXX executable test_costmap_polygons[0m
[62.423s] [ 94%] Built target test_costmap_polygons
[70.600s] [100%] [32m[1mLinking CXX executable standalone_converter[0m
[71.287s] [100%] Built target standalone_converter
[71.311s] Invoked command in '/home/mike/turtlebot3_ws/build/costmap_converter' returned '0': AMENT_PREFIX_PATH=/home/mike/turtlebot3_ws/install/costmap_converter_msgs:${AMENT_PREFIX_PATH} CMAKE_PREFIX_PATH=/home/mike/turtlebot3_ws/install/costmap_converter_msgs:/home/mike/turtlebot3_ws/install/turtlebot3:/home/mike/turtlebot3_ws/install/turtlebot3_simulations:/home/mike/turtlebot3_ws/install/turtlebot3_bringup:/home/mike/turtlebot3_ws/install/turtlebot3_node:/home/mike/turtlebot3_ws/install/turtlebot3_gazebo:/home/mike/turtlebot3_ws/install/turtlebot3_fake_node:/home/mike/turtlebot3_ws/install/turtlebot3_description:/home/mike/turtlebot3_ws/install/turtlebot3_teleop:/home/mike/turtlebot3_ws/install/turtlebot3_example:/opt/ros/galactic LD_LIBRARY_PATH=/home/mike/turtlebot3_ws/install/costmap_converter_msgs/lib:${LD_LIBRARY_PATH} PYTHONPATH=/home/mike/turtlebot3_ws/install/costmap_converter_msgs/lib/python3.8/site-packages:${PYTHONPATH} /usr/bin/cmake --build /home/mike/turtlebot3_ws/build/costmap_converter -- -j4 -l4
[71.393s] Invoking command in '/home/mike/turtlebot3_ws/build/costmap_converter': AMENT_PREFIX_PATH=/home/mike/turtlebot3_ws/install/costmap_converter_msgs:${AMENT_PREFIX_PATH} CMAKE_PREFIX_PATH=/home/mike/turtlebot3_ws/install/costmap_converter_msgs:/home/mike/turtlebot3_ws/install/turtlebot3:/home/mike/turtlebot3_ws/install/turtlebot3_simulations:/home/mike/turtlebot3_ws/install/turtlebot3_bringup:/home/mike/turtlebot3_ws/install/turtlebot3_node:/home/mike/turtlebot3_ws/install/turtlebot3_gazebo:/home/mike/turtlebot3_ws/install/turtlebot3_fake_node:/home/mike/turtlebot3_ws/install/turtlebot3_description:/home/mike/turtlebot3_ws/install/turtlebot3_teleop:/home/mike/turtlebot3_ws/install/turtlebot3_example:/opt/ros/galactic LD_LIBRARY_PATH=/home/mike/turtlebot3_ws/install/costmap_converter_msgs/lib:${LD_LIBRARY_PATH} PYTHONPATH=/home/mike/turtlebot3_ws/install/costmap_converter_msgs/lib/python3.8/site-packages:${PYTHONPATH} /usr/bin/cmake --install /home/mike/turtlebot3_ws/build/costmap_converter
[71.413s] -- Install configuration: "Release"
[71.413s] -- Installing: /home/mike/turtlebot3_ws/install/costmap_converter/lib/libcostmap_converter.so
[71.417s] -- Set runtime path of "/home/mike/turtlebot3_ws/install/costmap_converter/lib/libcostmap_converter.so" to ""
[71.417s] -- Installing: /home/mike/turtlebot3_ws/install/costmap_converter/bin/standalone_converter
[71.419s] -- Set runtime path of "/home/mike/turtlebot3_ws/install/costmap_converter/bin/standalone_converter" to ""
[71.419s] -- Up-to-date: /home/mike/turtlebot3_ws/install/costmap_converter/include/
[71.420s] -- Up-to-date: /home/mike/turtlebot3_ws/install/costmap_converter/include//costmap_converter
[71.420s] -- Up-to-date: /home/mike/turtlebot3_ws/install/costmap_converter/include//costmap_converter/costmap_to_polygons_concave.h
[71.421s] -- Up-to-date: /home/mike/turtlebot3_ws/install/costmap_converter/include//costmap_converter/costmap_to_lines_ransac.h
[71.421s] -- Installing: /home/mike/turtlebot3_ws/install/costmap_converter/include//costmap_converter/costmap_converter_interface.h
[71.421s] -- Up-to-date: /home/mike/turtlebot3_ws/install/costmap_converter/include//costmap_converter/misc.h
[71.422s] -- Up-to-date: /home/mike/turtlebot3_ws/install/costmap_converter/include//costmap_converter/costmap_to_lines_convex_hull.h
[71.422s] -- Up-to-date: /home/mike/turtlebot3_ws/install/costmap_converter/include//costmap_converter/costmap_to_polygons.h
[71.422s] -- Up-to-date: /home/mike/turtlebot3_ws/install/costmap_converter/include//costmap_converter/costmap_to_dynamic_obstacles
[71.422s] -- Up-to-date: /home/mike/turtlebot3_ws/install/costmap_converter/include//costmap_converter/costmap_to_dynamic_obstacles/multitarget_tracker
[71.422s] -- Up-to-date: /home/mike/turtlebot3_ws/install/costmap_converter/include//costmap_converter/costmap_to_dynamic_obstacles/multitarget_tracker/Ctracker.h
[71.423s] -- Up-to-date: /home/mike/turtlebot3_ws/install/costmap_converter/include//costmap_converter/costmap_to_dynamic_obstacles/multitarget_tracker/Kalman.h
[71.423s] -- Up-to-date: /home/mike/turtlebot3_ws/install/costmap_converter/include//costmap_converter/costmap_to_dynamic_obstacles/multitarget_tracker/HungarianAlg.h
[71.423s] -- Up-to-date: /home/mike/turtlebot3_ws/install/costmap_converter/include//costmap_converter/costmap_to_dynamic_obstacles/multitarget_tracker/defines.h
[71.423s] -- Up-to-date: /home/mike/turtlebot3_ws/install/costmap_converter/include//costmap_converter/costmap_to_dynamic_obstacles/multitarget_tracker/README.md
[71.424s] -- Up-to-date: /home/mike/turtlebot3_ws/install/costmap_converter/include//costmap_converter/costmap_to_dynamic_obstacles/blob_detector.h
[71.424s] -- Up-to-date: /home/mike/turtlebot3_ws/install/costmap_converter/include//costmap_converter/costmap_to_dynamic_obstacles/costmap_to_dynamic_obstacles.h
[71.424s] -- Up-to-date: /home/mike/turtlebot3_ws/install/costmap_converter/include//costmap_converter/costmap_to_dynamic_obstacles/background_subtractor.h
[71.424s] -- Up-to-date: /home/mike/turtlebot3_ws/install/costmap_converter/share/costmap_converter/environment/library_path.sh
[71.424s] -- Up-to-date: /home/mike/turtlebot3_ws/install/costmap_converter/share/costmap_converter/environment/library_path.dsv
[71.424s] -- Up-to-date: /home/mike/turtlebot3_ws/install/costmap_converter/share/costmap_converter/costmap_converter_plugins.xml
[71.425s] -- Up-to-date: /home/mike/turtlebot3_ws/install/costmap_converter/share/ament_index/resource_index/package_run_dependencies/costmap_converter
[71.425s] -- Up-to-date: /home/mike/turtlebot3_ws/install/costmap_converter/share/ament_index/resource_index/parent_prefix_path/costmap_converter
[71.431s] -- Up-to-date: /home/mike/turtlebot3_ws/install/costmap_converter/share/costmap_converter/environment/ament_prefix_path.sh
[71.431s] -- Up-to-date: /home/mike/turtlebot3_ws/install/costmap_converter/share/costmap_converter/environment/ament_prefix_path.dsv
[71.431s] -- Up-to-date: /home/mike/turtlebot3_ws/install/costmap_converter/share/costmap_converter/environment/path.sh
[71.432s] -- Up-to-date: /home/mike/turtlebot3_ws/install/costmap_converter/share/costmap_converter/environment/path.dsv
[71.432s] -- Up-to-date: /home/mike/turtlebot3_ws/install/costmap_converter/share/costmap_converter/local_setup.bash
[71.432s] -- Up-to-date: /home/mike/turtlebot3_ws/install/costmap_converter/share/costmap_converter/local_setup.sh
[71.433s] -- Up-to-date: /home/mike/turtlebot3_ws/install/costmap_converter/share/costmap_converter/local_setup.zsh
[71.433s] -- Up-to-date: /home/mike/turtlebot3_ws/install/costmap_converter/share/costmap_converter/local_setup.dsv
[71.433s] -- Installing: /home/mike/turtlebot3_ws/install/costmap_converter/share/costmap_converter/package.dsv
[71.434s] -- Up-to-date: /home/mike/turtlebot3_ws/install/costmap_converter/share/ament_index/resource_index/packages/costmap_converter
[71.434s] -- Up-to-date: /home/mike/turtlebot3_ws/install/costmap_converter/share/ament_index/resource_index/costmap_converter__pluginlib__plugin/costmap_converter
[71.434s] -- Up-to-date: /home/mike/turtlebot3_ws/install/costmap_converter/share/costmap_converter/cmake/ament_cmake_export_include_directories-extras.cmake
[71.434s] -- Up-to-date: /home/mike/turtlebot3_ws/install/costmap_converter/share/costmap_converter/cmake/ament_cmake_export_libraries-extras.cmake
[71.435s] -- Up-to-date: /home/mike/turtlebot3_ws/install/costmap_converter/share/costmap_converter/cmake/ament_cmake_export_dependencies-extras.cmake
[71.435s] -- Up-to-date: /home/mike/turtlebot3_ws/install/costmap_converter/share/costmap_converter/cmake/costmap_converterConfig.cmake
[71.435s] -- Up-to-date: /home/mike/turtlebot3_ws/install/costmap_converter/share/costmap_converter/cmake/costmap_converterConfig-version.cmake
[71.435s] -- Up-to-date: /home/mike/turtlebot3_ws/install/costmap_converter/share/costmap_converter/package.xml
[71.439s] Invoked command in '/home/mike/turtlebot3_ws/build/costmap_converter' returned '0': AMENT_PREFIX_PATH=/home/mike/turtlebot3_ws/install/costmap_converter_msgs:${AMENT_PREFIX_PATH} CMAKE_PREFIX_PATH=/home/mike/turtlebot3_ws/install/costmap_converter_msgs:/home/mike/turtlebot3_ws/install/turtlebot3:/home/mike/turtlebot3_ws/install/turtlebot3_simulations:/home/mike/turtlebot3_ws/install/turtlebot3_bringup:/home/mike/turtlebot3_ws/install/turtlebot3_node:/home/mike/turtlebot3_ws/install/turtlebot3_gazebo:/home/mike/turtlebot3_ws/install/turtlebot3_fake_node:/home/mike/turtlebot3_ws/install/turtlebot3_description:/home/mike/turtlebot3_ws/install/turtlebot3_teleop:/home/mike/turtlebot3_ws/install/turtlebot3_example:/opt/ros/galactic LD_LIBRARY_PATH=/home/mike/turtlebot3_ws/install/costmap_converter_msgs/lib:${LD_LIBRARY_PATH} PYTHONPATH=/home/mike/turtlebot3_ws/install/costmap_converter_msgs/lib/python3.8/site-packages:${PYTHONPATH} /usr/bin/cmake --install /home/mike/turtlebot3_ws/build/costmap_converter
