[0.044s] Invoking command in '/home/mike/turtlebot3_ws/build/turtlebot3_simulations': AMENT_PREFIX_PATH=/home/mike/turtlebot3_ws/install/turtlebot3_gazebo:/home/mike/turtlebot3_ws/install/turtlebot3_fake_node:${AMENT_PREFIX_PATH} CMAKE_PREFIX_PATH=/home/mike/turtlebot3_ws/install/turtlebot3_gazebo:/home/mike/turtlebot3_ws/install/turtlebot3_fake_node:/opt/ros/galactic /usr/bin/cmake --build /home/mike/turtlebot3_ws/build/turtlebot3_simulations -- -j4 -l4
[0.156s] Invoked command in '/home/mike/turtlebot3_ws/build/turtlebot3_simulations' returned '0': AMENT_PREFIX_PATH=/home/mike/turtlebot3_ws/install/turtlebot3_gazebo:/home/mike/turtlebot3_ws/install/turtlebot3_fake_node:${AMENT_PREFIX_PATH} CMAKE_PREFIX_PATH=/home/mike/turtlebot3_ws/install/turtlebot3_gazebo:/home/mike/turtlebot3_ws/install/turtlebot3_fake_node:/opt/ros/galactic /usr/bin/cmake --build /home/mike/turtlebot3_ws/build/turtlebot3_simulations -- -j4 -l4
[0.234s] Invoking command in '/home/mike/turtlebot3_ws/build/turtlebot3_simulations': AMENT_PREFIX_PATH=/home/mike/turtlebot3_ws/install/turtlebot3_gazebo:/home/mike/turtlebot3_ws/install/turtlebot3_fake_node:${AMENT_PREFIX_PATH} CMAKE_PREFIX_PATH=/home/mike/turtlebot3_ws/install/turtlebot3_gazebo:/home/mike/turtlebot3_ws/install/turtlebot3_fake_node:/opt/ros/galactic /usr/bin/cmake --install /home/mike/turtlebot3_ws/build/turtlebot3_simulations
[0.253s] -- Install configuration: ""
[0.254s] -- Up-to-date: /home/mike/turtlebot3_ws/install/turtlebot3_simulations/share/ament_index/resource_index/package_run_dependencies/turtlebot3_simulations
[0.254s] -- Up-to-date: /home/mike/turtlebot3_ws/install/turtlebot3_simulations/share/ament_index/resource_index/parent_prefix_path/turtlebot3_simulations
[0.254s] -- Up-to-date: /home/mike/turtlebot3_ws/install/turtlebot3_simulations/share/turtlebot3_simulations/environment/ament_prefix_path.sh
[0.254s] -- Up-to-date: /home/mike/turtlebot3_ws/install/turtlebot3_simulations/share/turtlebot3_simulations/environment/ament_prefix_path.dsv
[0.254s] -- Up-to-date: /home/mike/turtlebot3_ws/install/turtlebot3_simulations/share/turtlebot3_simulations/environment/path.sh
[0.254s] -- Up-to-date: /home/mike/turtlebot3_ws/install/turtlebot3_simulations/share/turtlebot3_simulations/environment/path.dsv
[0.254s] -- Up-to-date: /home/mike/turtlebot3_ws/install/turtlebot3_simulations/share/turtlebot3_simulations/local_setup.bash
[0.254s] -- Up-to-date: /home/mike/turtlebot3_ws/install/turtlebot3_simulations/share/turtlebot3_simulations/local_setup.sh
[0.254s] -- Up-to-date: /home/mike/turtlebot3_ws/install/turtlebot3_simulations/share/turtlebot3_simulations/local_setup.zsh
[0.255s] -- Up-to-date: /home/mike/turtlebot3_ws/install/turtlebot3_simulations/share/turtlebot3_simulations/local_setup.dsv
[0.255s] -- Up-to-date: /home/mike/turtlebot3_ws/install/turtlebot3_simulations/share/turtlebot3_simulations/package.dsv
[0.255s] -- Up-to-date: /home/mike/turtlebot3_ws/install/turtlebot3_simulations/share/ament_index/resource_index/packages/turtlebot3_simulations
[0.255s] -- Up-to-date: /home/mike/turtlebot3_ws/install/turtlebot3_simulations/share/turtlebot3_simulations/cmake/turtlebot3_simulationsConfig.cmake
[0.255s] -- Up-to-date: /home/mike/turtlebot3_ws/install/turtlebot3_simulations/share/turtlebot3_simulations/cmake/turtlebot3_simulationsConfig-version.cmake
[0.255s] -- Up-to-date: /home/mike/turtlebot3_ws/install/turtlebot3_simulations/share/turtlebot3_simulations/package.xml
[0.262s] Invoked command in '/home/mike/turtlebot3_ws/build/turtlebot3_simulations' returned '0': AMENT_PREFIX_PATH=/home/mike/turtlebot3_ws/install/turtlebot3_gazebo:/home/mike/turtlebot3_ws/install/turtlebot3_fake_node:${AMENT_PREFIX_PATH} CMAKE_PREFIX_PATH=/home/mike/turtlebot3_ws/install/turtlebot3_gazebo:/home/mike/turtlebot3_ws/install/turtlebot3_fake_node:/opt/ros/galactic /usr/bin/cmake --install /home/mike/turtlebot3_ws/build/turtlebot3_simulations
