[1.165s] Invoking command in '/home/mike/turtlebot3_ws/src/turtlebot3/turtlebot3_example': PYTHONPATH=/home/mike/turtlebot3_ws/install/turtlebot3_example/lib/python3.8/site-packages:${PYTHONPATH} /usr/bin/python3 setup.py egg_info --egg-base ../../../build/turtlebot3_example build --build-base /home/mike/turtlebot3_ws/build/turtlebot3_example/build install --prefix /home/mike/turtlebot3_ws/install/turtlebot3_example --record /home/mike/turtlebot3_ws/build/turtlebot3_example/install.log --single-version-externally-managed
[1.516s] running egg_info
[1.517s] creating ../../../build/turtlebot3_example/turtlebot3_example.egg-info
[1.517s] writing ../../../build/turtlebot3_example/turtlebot3_example.egg-info/PKG-INFO
[1.517s] writing dependency_links to ../../../build/turtlebot3_example/turtlebot3_example.egg-info/dependency_links.txt
[1.518s] writing entry points to ../../../build/turtlebot3_example/turtlebot3_example.egg-info/entry_points.txt
[1.518s] writing requirements to ../../../build/turtlebot3_example/turtlebot3_example.egg-info/requires.txt
[1.518s] writing top-level names to ../../../build/turtlebot3_example/turtlebot3_example.egg-info/top_level.txt
[1.521s] writing manifest file '../../../build/turtlebot3_example/turtlebot3_example.egg-info/SOURCES.txt'
[1.578s] reading manifest file '../../../build/turtlebot3_example/turtlebot3_example.egg-info/SOURCES.txt'
[1.580s] writing manifest file '../../../build/turtlebot3_example/turtlebot3_example.egg-info/SOURCES.txt'
[1.580s] running build
[1.580s] running build_py
[1.581s] creating /home/mike/turtlebot3_ws/build/turtlebot3_example/build
[1.581s] creating /home/mike/turtlebot3_ws/build/turtlebot3_example/build/lib
[1.582s] creating /home/mike/turtlebot3_ws/build/turtlebot3_example/build/lib/turtlebot3_example
[1.582s] copying turtlebot3_example/__init__.py -> /home/mike/turtlebot3_ws/build/turtlebot3_example/build/lib/turtlebot3_example
[1.583s] creating /home/mike/turtlebot3_ws/build/turtlebot3_example/build/lib/turtlebot3_example/turtlebot3_patrol_server
[1.583s] copying turtlebot3_example/turtlebot3_patrol_server/__init__.py -> /home/mike/turtlebot3_ws/build/turtlebot3_example/build/lib/turtlebot3_example/turtlebot3_patrol_server
[1.584s] copying turtlebot3_example/turtlebot3_patrol_server/turtlebot3_path.py -> /home/mike/turtlebot3_ws/build/turtlebot3_example/build/lib/turtlebot3_example/turtlebot3_patrol_server
[1.585s] copying turtlebot3_example/turtlebot3_patrol_server/turtlebot3_patrol_server.py -> /home/mike/turtlebot3_ws/build/turtlebot3_example/build/lib/turtlebot3_example/turtlebot3_patrol_server
[1.586s] copying turtlebot3_example/turtlebot3_patrol_server/main.py -> /home/mike/turtlebot3_ws/build/turtlebot3_example/build/lib/turtlebot3_example/turtlebot3_patrol_server
[1.587s] creating /home/mike/turtlebot3_ws/build/turtlebot3_example/build/lib/turtlebot3_example/turtlebot3_patrol_client
[1.588s] copying turtlebot3_example/turtlebot3_patrol_client/__init__.py -> /home/mike/turtlebot3_ws/build/turtlebot3_example/build/lib/turtlebot3_example/turtlebot3_patrol_client
[1.588s] copying turtlebot3_example/turtlebot3_patrol_client/turtlebot3_patrol_client.py -> /home/mike/turtlebot3_ws/build/turtlebot3_example/build/lib/turtlebot3_example/turtlebot3_patrol_client
[1.589s] copying turtlebot3_example/turtlebot3_patrol_client/main.py -> /home/mike/turtlebot3_ws/build/turtlebot3_example/build/lib/turtlebot3_example/turtlebot3_patrol_client
[1.590s] creating /home/mike/turtlebot3_ws/build/turtlebot3_example/build/lib/turtlebot3_example/turtlebot3_position_control
[1.590s] copying turtlebot3_example/turtlebot3_position_control/turtlebot3_position_control.py -> /home/mike/turtlebot3_ws/build/turtlebot3_example/build/lib/turtlebot3_example/turtlebot3_position_control
[1.593s] copying turtlebot3_example/turtlebot3_position_control/__init__.py -> /home/mike/turtlebot3_ws/build/turtlebot3_example/build/lib/turtlebot3_example/turtlebot3_position_control
[1.593s] copying turtlebot3_example/turtlebot3_position_control/turtlebot3_path.py -> /home/mike/turtlebot3_ws/build/turtlebot3_example/build/lib/turtlebot3_example/turtlebot3_position_control
[1.594s] copying turtlebot3_example/turtlebot3_position_control/main.py -> /home/mike/turtlebot3_ws/build/turtlebot3_example/build/lib/turtlebot3_example/turtlebot3_position_control
[1.595s] creating /home/mike/turtlebot3_ws/build/turtlebot3_example/build/lib/turtlebot3_example/turtlebot3_obstacle_detection
[1.595s] copying turtlebot3_example/turtlebot3_obstacle_detection/__init__.py -> /home/mike/turtlebot3_ws/build/turtlebot3_example/build/lib/turtlebot3_example/turtlebot3_obstacle_detection
[1.595s] copying turtlebot3_example/turtlebot3_obstacle_detection/turtlebot3_obstacle_detection.py -> /home/mike/turtlebot3_ws/build/turtlebot3_example/build/lib/turtlebot3_example/turtlebot3_obstacle_detection
[1.595s] copying turtlebot3_example/turtlebot3_obstacle_detection/main.py -> /home/mike/turtlebot3_ws/build/turtlebot3_example/build/lib/turtlebot3_example/turtlebot3_obstacle_detection
[1.596s] running install
[1.598s] running install_lib
[1.600s] creating /home/mike/turtlebot3_ws/install/turtlebot3_example/lib/python3.8/site-packages/turtlebot3_example
[1.600s] creating /home/mike/turtlebot3_ws/install/turtlebot3_example/lib/python3.8/site-packages/turtlebot3_example/turtlebot3_patrol_server
[1.600s] copying /home/mike/turtlebot3_ws/build/turtlebot3_example/build/lib/turtlebot3_example/turtlebot3_patrol_server/__init__.py -> /home/mike/turtlebot3_ws/install/turtlebot3_example/lib/python3.8/site-packages/turtlebot3_example/turtlebot3_patrol_server
[1.600s] copying /home/mike/turtlebot3_ws/build/turtlebot3_example/build/lib/turtlebot3_example/turtlebot3_patrol_server/turtlebot3_path.py -> /home/mike/turtlebot3_ws/install/turtlebot3_example/lib/python3.8/site-packages/turtlebot3_example/turtlebot3_patrol_server
[1.601s] copying /home/mike/turtlebot3_ws/build/turtlebot3_example/build/lib/turtlebot3_example/turtlebot3_patrol_server/turtlebot3_patrol_server.py -> /home/mike/turtlebot3_ws/install/turtlebot3_example/lib/python3.8/site-packages/turtlebot3_example/turtlebot3_patrol_server
[1.601s] copying /home/mike/turtlebot3_ws/build/turtlebot3_example/build/lib/turtlebot3_example/turtlebot3_patrol_server/main.py -> /home/mike/turtlebot3_ws/install/turtlebot3_example/lib/python3.8/site-packages/turtlebot3_example/turtlebot3_patrol_server
[1.601s] copying /home/mike/turtlebot3_ws/build/turtlebot3_example/build/lib/turtlebot3_example/__init__.py -> /home/mike/turtlebot3_ws/install/turtlebot3_example/lib/python3.8/site-packages/turtlebot3_example
[1.601s] creating /home/mike/turtlebot3_ws/install/turtlebot3_example/lib/python3.8/site-packages/turtlebot3_example/turtlebot3_patrol_client
[1.601s] copying /home/mike/turtlebot3_ws/build/turtlebot3_example/build/lib/turtlebot3_example/turtlebot3_patrol_client/__init__.py -> /home/mike/turtlebot3_ws/install/turtlebot3_example/lib/python3.8/site-packages/turtlebot3_example/turtlebot3_patrol_client
[1.602s] copying /home/mike/turtlebot3_ws/build/turtlebot3_example/build/lib/turtlebot3_example/turtlebot3_patrol_client/turtlebot3_patrol_client.py -> /home/mike/turtlebot3_ws/install/turtlebot3_example/lib/python3.8/site-packages/turtlebot3_example/turtlebot3_patrol_client
[1.602s] copying /home/mike/turtlebot3_ws/build/turtlebot3_example/build/lib/turtlebot3_example/turtlebot3_patrol_client/main.py -> /home/mike/turtlebot3_ws/install/turtlebot3_example/lib/python3.8/site-packages/turtlebot3_example/turtlebot3_patrol_client
[1.602s] creating /home/mike/turtlebot3_ws/install/turtlebot3_example/lib/python3.8/site-packages/turtlebot3_example/turtlebot3_position_control
[1.602s] copying /home/mike/turtlebot3_ws/build/turtlebot3_example/build/lib/turtlebot3_example/turtlebot3_position_control/turtlebot3_position_control.py -> /home/mike/turtlebot3_ws/install/turtlebot3_example/lib/python3.8/site-packages/turtlebot3_example/turtlebot3_position_control
[1.602s] copying /home/mike/turtlebot3_ws/build/turtlebot3_example/build/lib/turtlebot3_example/turtlebot3_position_control/__init__.py -> /home/mike/turtlebot3_ws/install/turtlebot3_example/lib/python3.8/site-packages/turtlebot3_example/turtlebot3_position_control
[1.602s] copying /home/mike/turtlebot3_ws/build/turtlebot3_example/build/lib/turtlebot3_example/turtlebot3_position_control/turtlebot3_path.py -> /home/mike/turtlebot3_ws/install/turtlebot3_example/lib/python3.8/site-packages/turtlebot3_example/turtlebot3_position_control
[1.602s] copying /home/mike/turtlebot3_ws/build/turtlebot3_example/build/lib/turtlebot3_example/turtlebot3_position_control/main.py -> /home/mike/turtlebot3_ws/install/turtlebot3_example/lib/python3.8/site-packages/turtlebot3_example/turtlebot3_position_control
[1.603s] creating /home/mike/turtlebot3_ws/install/turtlebot3_example/lib/python3.8/site-packages/turtlebot3_example/turtlebot3_obstacle_detection
[1.603s] copying /home/mike/turtlebot3_ws/build/turtlebot3_example/build/lib/turtlebot3_example/turtlebot3_obstacle_detection/__init__.py -> /home/mike/turtlebot3_ws/install/turtlebot3_example/lib/python3.8/site-packages/turtlebot3_example/turtlebot3_obstacle_detection
[1.603s] copying /home/mike/turtlebot3_ws/build/turtlebot3_example/build/lib/turtlebot3_example/turtlebot3_obstacle_detection/turtlebot3_obstacle_detection.py -> /home/mike/turtlebot3_ws/install/turtlebot3_example/lib/python3.8/site-packages/turtlebot3_example/turtlebot3_obstacle_detection
[1.603s] copying /home/mike/turtlebot3_ws/build/turtlebot3_example/build/lib/turtlebot3_example/turtlebot3_obstacle_detection/main.py -> /home/mike/turtlebot3_ws/install/turtlebot3_example/lib/python3.8/site-packages/turtlebot3_example/turtlebot3_obstacle_detection
[1.603s] byte-compiling /home/mike/turtlebot3_ws/install/turtlebot3_example/lib/python3.8/site-packages/turtlebot3_example/turtlebot3_patrol_server/__init__.py to __init__.cpython-38.pyc
[1.605s] byte-compiling /home/mike/turtlebot3_ws/install/turtlebot3_example/lib/python3.8/site-packages/turtlebot3_example/turtlebot3_patrol_server/turtlebot3_path.py to turtlebot3_path.cpython-38.pyc
[1.605s] byte-compiling /home/mike/turtlebot3_ws/install/turtlebot3_example/lib/python3.8/site-packages/turtlebot3_example/turtlebot3_patrol_server/turtlebot3_patrol_server.py to turtlebot3_patrol_server.cpython-38.pyc
[1.607s] byte-compiling /home/mike/turtlebot3_ws/install/turtlebot3_example/lib/python3.8/site-packages/turtlebot3_example/turtlebot3_patrol_server/main.py to main.cpython-38.pyc
[1.607s] byte-compiling /home/mike/turtlebot3_ws/install/turtlebot3_example/lib/python3.8/site-packages/turtlebot3_example/__init__.py to __init__.cpython-38.pyc
[1.607s] byte-compiling /home/mike/turtlebot3_ws/install/turtlebot3_example/lib/python3.8/site-packages/turtlebot3_example/turtlebot3_patrol_client/__init__.py to __init__.cpython-38.pyc
[1.608s] byte-compiling /home/mike/turtlebot3_ws/install/turtlebot3_example/lib/python3.8/site-packages/turtlebot3_example/turtlebot3_patrol_client/turtlebot3_patrol_client.py to turtlebot3_patrol_client.cpython-38.pyc
[1.609s] byte-compiling /home/mike/turtlebot3_ws/install/turtlebot3_example/lib/python3.8/site-packages/turtlebot3_example/turtlebot3_patrol_client/main.py to main.cpython-38.pyc
[1.609s] byte-compiling /home/mike/turtlebot3_ws/install/turtlebot3_example/lib/python3.8/site-packages/turtlebot3_example/turtlebot3_position_control/turtlebot3_position_control.py to turtlebot3_position_control.cpython-38.pyc
[1.610s] byte-compiling /home/mike/turtlebot3_ws/install/turtlebot3_example/lib/python3.8/site-packages/turtlebot3_example/turtlebot3_position_control/__init__.py to __init__.cpython-38.pyc
[1.611s] byte-compiling /home/mike/turtlebot3_ws/install/turtlebot3_example/lib/python3.8/site-packages/turtlebot3_example/turtlebot3_position_control/turtlebot3_path.py to turtlebot3_path.cpython-38.pyc
[1.611s] byte-compiling /home/mike/turtlebot3_ws/install/turtlebot3_example/lib/python3.8/site-packages/turtlebot3_example/turtlebot3_position_control/main.py to main.cpython-38.pyc
[1.611s] byte-compiling /home/mike/turtlebot3_ws/install/turtlebot3_example/lib/python3.8/site-packages/turtlebot3_example/turtlebot3_obstacle_detection/__init__.py to __init__.cpython-38.pyc
[1.612s] byte-compiling /home/mike/turtlebot3_ws/install/turtlebot3_example/lib/python3.8/site-packages/turtlebot3_example/turtlebot3_obstacle_detection/turtlebot3_obstacle_detection.py to turtlebot3_obstacle_detection.cpython-38.pyc
[1.612s] byte-compiling /home/mike/turtlebot3_ws/install/turtlebot3_example/lib/python3.8/site-packages/turtlebot3_example/turtlebot3_obstacle_detection/main.py to main.cpython-38.pyc
[1.613s] running install_data
[1.614s] creating /home/mike/turtlebot3_ws/install/turtlebot3_example/share/ament_index
[1.614s] creating /home/mike/turtlebot3_ws/install/turtlebot3_example/share/ament_index/resource_index
[1.614s] creating /home/mike/turtlebot3_ws/install/turtlebot3_example/share/ament_index/resource_index/packages
[1.614s] copying resource/turtlebot3_example -> /home/mike/turtlebot3_ws/install/turtlebot3_example/share/ament_index/resource_index/packages
[1.614s] copying package.xml -> /home/mike/turtlebot3_ws/install/turtlebot3_example/share/turtlebot3_example
[1.614s] running install_egg_info
[1.616s] Copying ../../../build/turtlebot3_example/turtlebot3_example.egg-info to /home/mike/turtlebot3_ws/install/turtlebot3_example/lib/python3.8/site-packages/turtlebot3_example-2.1.4-py3.8.egg-info
[1.618s] running install_scripts
[1.645s] Installing turtlebot3_obstacle_detection script to /home/mike/turtlebot3_ws/install/turtlebot3_example/lib/turtlebot3_example
[1.645s] Installing turtlebot3_patrol_client script to /home/mike/turtlebot3_ws/install/turtlebot3_example/lib/turtlebot3_example
[1.645s] Installing turtlebot3_patrol_server script to /home/mike/turtlebot3_ws/install/turtlebot3_example/lib/turtlebot3_example
[1.645s] Installing turtlebot3_position_control script to /home/mike/turtlebot3_ws/install/turtlebot3_example/lib/turtlebot3_example
[1.646s] writing list of installed files to '/home/mike/turtlebot3_ws/build/turtlebot3_example/install.log'
[1.701s] Invoked command in '/home/mike/turtlebot3_ws/src/turtlebot3/turtlebot3_example' returned '0': PYTHONPATH=/home/mike/turtlebot3_ws/install/turtlebot3_example/lib/python3.8/site-packages:${PYTHONPATH} /usr/bin/python3 setup.py egg_info --egg-base ../../../build/turtlebot3_example build --build-base /home/mike/turtlebot3_ws/build/turtlebot3_example/build install --prefix /home/mike/turtlebot3_ws/install/turtlebot3_example --record /home/mike/turtlebot3_ws/build/turtlebot3_example/install.log --single-version-externally-managed
