[0.029s] Invoking command in '/home/mike/turtlebot3_ws/build/turtlebot3_simulations': AMENT_PREFIX_PATH=/home/mike/turtlebot3_ws/install/turtlebot3_gazebo:/home/mike/turtlebot3_ws/install/turtlebot3_fake_node:${AMENT_PREFIX_PATH} CMAKE_PREFIX_PATH=/home/mike/turtlebot3_ws/install/turtlebot3_gazebo:/home/mike/turtlebot3_ws/install/turtlebot3_fake_node:/opt/ros/galactic /usr/bin/cmake /home/mike/turtlebot3_ws/turtlebot3_simulations/turtlebot3_simulations -DCMAKE_INSTALL_PREFIX=/home/mike/turtlebot3_ws/install/turtlebot3_simulations
[0.135s] -- The C compiler identification is GNU 9.4.0
[0.244s] -- The CXX compiler identification is GNU 9.4.0
[0.253s] -- Check for working C compiler: /usr/bin/cc
[0.378s] -- Check for working C compiler: /usr/bin/cc -- works
[0.381s] -- Detecting C compiler ABI info
[0.499s] -- Detecting C compiler ABI info - done
[0.523s] -- Detecting C compile features
[0.524s] -- Detecting C compile features - done
[0.529s] -- Check for working CXX compiler: /usr/bin/c++
[0.680s] -- Check for working CXX compiler: /usr/bin/c++ -- works
[0.683s] -- Detecting CXX compiler ABI info
[0.816s] -- Detecting CXX compiler ABI info - done
[0.840s] -- Detecting CXX compile features
[0.842s] -- Detecting CXX compile features - done
[0.847s] -- Found ament_cmake: 1.1.5 (/opt/ros/galactic/share/ament_cmake/cmake)
[0.890s] -- Found PythonInterp: /usr/bin/python3 (found suitable version "3.8.10", minimum required is "3") 
[0.891s] -- Using PYTHON_EXECUTABLE: /usr/bin/python3
[1.170s] -- Configuring done
[1.174s] -- Generating done
[1.176s] -- Build files have been written to: /home/mike/turtlebot3_ws/build/turtlebot3_simulations
[1.186s] Invoked command in '/home/mike/turtlebot3_ws/build/turtlebot3_simulations' returned '0': AMENT_PREFIX_PATH=/home/mike/turtlebot3_ws/install/turtlebot3_gazebo:/home/mike/turtlebot3_ws/install/turtlebot3_fake_node:${AMENT_PREFIX_PATH} CMAKE_PREFIX_PATH=/home/mike/turtlebot3_ws/install/turtlebot3_gazebo:/home/mike/turtlebot3_ws/install/turtlebot3_fake_node:/opt/ros/galactic /usr/bin/cmake /home/mike/turtlebot3_ws/turtlebot3_simulations/turtlebot3_simulations -DCMAKE_INSTALL_PREFIX=/home/mike/turtlebot3_ws/install/turtlebot3_simulations
[1.188s] Invoking command in '/home/mike/turtlebot3_ws/build/turtlebot3_simulations': AMENT_PREFIX_PATH=/home/mike/turtlebot3_ws/install/turtlebot3_gazebo:/home/mike/turtlebot3_ws/install/turtlebot3_fake_node:${AMENT_PREFIX_PATH} CMAKE_PREFIX_PATH=/home/mike/turtlebot3_ws/install/turtlebot3_gazebo:/home/mike/turtlebot3_ws/install/turtlebot3_fake_node:/opt/ros/galactic /usr/bin/cmake --build /home/mike/turtlebot3_ws/build/turtlebot3_simulations -- -j4 -l4
[1.267s] Invoked command in '/home/mike/turtlebot3_ws/build/turtlebot3_simulations' returned '0': AMENT_PREFIX_PATH=/home/mike/turtlebot3_ws/install/turtlebot3_gazebo:/home/mike/turtlebot3_ws/install/turtlebot3_fake_node:${AMENT_PREFIX_PATH} CMAKE_PREFIX_PATH=/home/mike/turtlebot3_ws/install/turtlebot3_gazebo:/home/mike/turtlebot3_ws/install/turtlebot3_fake_node:/opt/ros/galactic /usr/bin/cmake --build /home/mike/turtlebot3_ws/build/turtlebot3_simulations -- -j4 -l4
[1.311s] Invoking command in '/home/mike/turtlebot3_ws/build/turtlebot3_simulations': AMENT_PREFIX_PATH=/home/mike/turtlebot3_ws/install/turtlebot3_gazebo:/home/mike/turtlebot3_ws/install/turtlebot3_fake_node:${AMENT_PREFIX_PATH} CMAKE_PREFIX_PATH=/home/mike/turtlebot3_ws/install/turtlebot3_gazebo:/home/mike/turtlebot3_ws/install/turtlebot3_fake_node:/opt/ros/galactic /usr/bin/cmake --install /home/mike/turtlebot3_ws/build/turtlebot3_simulations
[1.341s] -- Install configuration: ""
[1.341s] -- Installing: /home/mike/turtlebot3_ws/install/turtlebot3_simulations/share/ament_index/resource_index/package_run_dependencies/turtlebot3_simulations
[1.342s] -- Installing: /home/mike/turtlebot3_ws/install/turtlebot3_simulations/share/ament_index/resource_index/parent_prefix_path/turtlebot3_simulations
[1.343s] -- Installing: /home/mike/turtlebot3_ws/install/turtlebot3_simulations/share/turtlebot3_simulations/environment/ament_prefix_path.sh
[1.343s] -- Installing: /home/mike/turtlebot3_ws/install/turtlebot3_simulations/share/turtlebot3_simulations/environment/ament_prefix_path.dsv
[1.344s] -- Installing: /home/mike/turtlebot3_ws/install/turtlebot3_simulations/share/turtlebot3_simulations/environment/path.sh
[1.344s] -- Installing: /home/mike/turtlebot3_ws/install/turtlebot3_simulations/share/turtlebot3_simulations/environment/path.dsv
[1.345s] -- Installing: /home/mike/turtlebot3_ws/install/turtlebot3_simulations/share/turtlebot3_simulations/local_setup.bash
[1.345s] -- Installing: /home/mike/turtlebot3_ws/install/turtlebot3_simulations/share/turtlebot3_simulations/local_setup.sh
[1.346s] -- Installing: /home/mike/turtlebot3_ws/install/turtlebot3_simulations/share/turtlebot3_simulations/local_setup.zsh
[1.346s] -- Installing: /home/mike/turtlebot3_ws/install/turtlebot3_simulations/share/turtlebot3_simulations/local_setup.dsv
[1.354s] -- Installing: /home/mike/turtlebot3_ws/install/turtlebot3_simulations/share/turtlebot3_simulations/package.dsv
[1.355s] -- Installing: /home/mike/turtlebot3_ws/install/turtlebot3_simulations/share/ament_index/resource_index/packages/turtlebot3_simulations
[1.356s] -- Installing: /home/mike/turtlebot3_ws/install/turtlebot3_simulations/share/turtlebot3_simulations/cmake/turtlebot3_simulationsConfig.cmake
[1.356s] -- Installing: /home/mike/turtlebot3_ws/install/turtlebot3_simulations/share/turtlebot3_simulations/cmake/turtlebot3_simulationsConfig-version.cmake
[1.357s] -- Installing: /home/mike/turtlebot3_ws/install/turtlebot3_simulations/share/turtlebot3_simulations/package.xml
[1.369s] Invoked command in '/home/mike/turtlebot3_ws/build/turtlebot3_simulations' returned '0': AMENT_PREFIX_PATH=/home/mike/turtlebot3_ws/install/turtlebot3_gazebo:/home/mike/turtlebot3_ws/install/turtlebot3_fake_node:${AMENT_PREFIX_PATH} CMAKE_PREFIX_PATH=/home/mike/turtlebot3_ws/install/turtlebot3_gazebo:/home/mike/turtlebot3_ws/install/turtlebot3_fake_node:/opt/ros/galactic /usr/bin/cmake --install /home/mike/turtlebot3_ws/build/turtlebot3_simulations
