[0.052s] Invoking command in '/home/mike/turtlebot3_ws/build/turtlebot3_node': /usr/bin/cmake /home/mike/turtlebot3_ws/src/turtlebot3/turtlebot3_node -DAMENT_CMAKE_SYMLINK_INSTALL=1 -DCMAKE_INSTALL_PREFIX=/home/mike/turtlebot3_ws/install/turtlebot3_node
[0.360s] -- The C compiler identification is GNU 9.4.0
[0.462s] -- The CXX compiler identification is GNU 9.4.0
[0.472s] -- Check for working C compiler: /usr/bin/cc
[0.589s] -- Check for working C compiler: /usr/bin/cc -- works
[0.590s] -- Detecting C compiler ABI info
[0.697s] -- Detecting C compiler ABI info - done
[0.719s] -- Detecting C compile features
[0.720s] -- Detecting C compile features - done
[0.726s] -- Check for working CXX compiler: /usr/bin/c++
[0.839s] -- Check for working CXX compiler: /usr/bin/c++ -- works
[0.842s] -- Detecting CXX compiler ABI info
[0.963s] -- Detecting CXX compiler ABI info - done
[0.984s] -- Detecting CXX compile features
[0.986s] -- Detecting CXX compile features - done
[1.004s] CMake Error at CMakeLists.txt:18 (find_package):
[1.004s]   By not providing "Findament_cmake.cmake" in CMAKE_MODULE_PATH this project
[1.004s]   has asked CMake to find a package configuration file provided by
[1.004s]   "ament_cmake", but CMake did not find one.
[1.004s] 
[1.004s]   Could not find a package configuration file provided by "ament_cmake" with
[1.004s]   any of the following names:
[1.005s] 
[1.005s]     ament_cmakeConfig.cmake
[1.005s]     ament_cmake-config.cmake
[1.005s] 
[1.005s]   Add the installation prefix of "ament_cmake" to CMAKE_PREFIX_PATH or set
[1.005s]   "ament_cmake_DIR" to a directory containing one of the above files.  If
[1.006s]   "ament_cmake" provides a separate development package or SDK, be sure it
[1.006s]   has been installed.
[1.006s] 
[1.006s] 
[1.006s] -- Configuring incomplete, errors occurred!
[1.006s] See also "/home/mike/turtlebot3_ws/build/turtlebot3_node/CMakeFiles/CMakeOutput.log".
[1.010s] Invoked command in '/home/mike/turtlebot3_ws/build/turtlebot3_node' returned '1': /usr/bin/cmake /home/mike/turtlebot3_ws/src/turtlebot3/turtlebot3_node -DAMENT_CMAKE_SYMLINK_INSTALL=1 -DCMAKE_INSTALL_PREFIX=/home/mike/turtlebot3_ws/install/turtlebot3_node
