[0.076s] Invoking command in '/home/mike/turtlebot3_ws/build/nav2_straightline_planner': CMAKE_PREFIX_PATH=${CMAKE_PREFIX_PATH}:/opt/ros/galactic:/home/mike/turtlebot3_ws/install/turtlebot3_teleop:/home/mike/turtlebot3_ws/install/turtlebot3_example /usr/bin/cmake /home/mike/turtlebot3_ws/src/turtlebot3/nav2_straightline_planner -DCMAKE_INSTALL_PREFIX=/home/mike/turtlebot3_ws/install/nav2_straightline_planner
[0.107s] -- Found ament_cmake: 1.1.5 (/opt/ros/galactic/share/ament_cmake/cmake)
[0.163s] -- Found PythonInterp: /usr/bin/python3 (found suitable version "3.8.10", minimum required is "3") 
[0.163s] -- Using PYTHON_EXECUTABLE: /usr/bin/python3
[0.366s] -- Found rclcpp: 9.2.1 (/opt/ros/galactic/share/rclcpp/cmake)
[0.494s] -- Using all available rosidl_typesupport_c: rosidl_typesupport_fastrtps_c;rosidl_typesupport_introspection_c
[0.502s] -- Found rosidl_adapter: 2.2.2 (/opt/ros/galactic/share/rosidl_adapter/cmake)
[0.679s] -- Found OpenSSL: /usr/lib/x86_64-linux-gnu/libcrypto.so (found version "1.1.1f")  
[0.724s] -- Found FastRTPS: /opt/ros/galactic/include  
[0.862s] -- Using all available rosidl_typesupport_cpp: rosidl_typesupport_fastrtps_cpp;rosidl_typesupport_introspection_cpp
[0.980s] -- Found rmw_implementation_cmake: 3.3.1 (/opt/ros/galactic/share/rmw_implementation_cmake/cmake)
[0.986s] -- Found rmw_cyclonedds_cpp: 0.22.5 (/opt/ros/galactic/share/rmw_cyclonedds_cpp/cmake)
[1.017s] -- Using RMW implementation 'rmw_cyclonedds_cpp' as default
[1.019s] -- Looking for pthread.h
[1.136s] -- Looking for pthread.h - found
[1.137s] -- Performing Test CMAKE_HAVE_LIBC_PTHREAD
[1.238s] -- Performing Test CMAKE_HAVE_LIBC_PTHREAD - Failed
[1.239s] -- Looking for pthread_create in pthreads
[1.313s] -- Looking for pthread_create in pthreads - not found
[1.314s] -- Looking for pthread_create in pthread
[1.411s] -- Looking for pthread_create in pthread - found
[1.413s] -- Found Threads: TRUE  
[1.615s] -- Found rclcpp_action: 9.2.1 (/opt/ros/galactic/share/rclcpp_action/cmake)
[1.722s] -- Found rclcpp_lifecycle: 9.2.1 (/opt/ros/galactic/share/rclcpp_lifecycle/cmake)
[1.770s] -- Found visualization_msgs: 2.2.4 (/opt/ros/galactic/share/visualization_msgs/cmake)
[1.919s] -- Found nav2_util: 1.0.12 (/opt/ros/galactic/share/nav2_util/cmake)
[2.717s] -- Found eigen3_cmake_module: 0.1.1 (/opt/ros/galactic/share/eigen3_cmake_module/cmake)
[2.727s] -- Found Eigen3: TRUE (found version "3.3.7") 
[2.934s] -- Found nav2_costmap_2d: 1.0.12 (/opt/ros/galactic/share/nav2_costmap_2d/cmake)
[3.857s] -- Found nav2_core: 1.0.12 (/opt/ros/galactic/share/nav2_core/cmake)
[7.352s] -- Found ament_lint_auto: 0.10.7 (/opt/ros/galactic/share/ament_lint_auto/cmake)
[7.464s] -- Added test 'copyright' to check source files copyright and LICENSE
[7.466s] -- Added test 'cppcheck' to perform static code analysis on C / C++ code
[7.466s] -- Configured cppcheck include dirs: /home/mike/turtlebot3_ws/src/turtlebot3/nav2_straightline_planner/include
[7.466s] -- Configured cppcheck exclude dirs and/or files: 
[7.467s] -- Added test 'cpplint' to check C / C++ code against the Google style
[7.468s] -- Configured cpplint exclude dirs and/or files: 
[7.469s] -- Added test 'lint_cmake' to check CMake code style
[7.472s] -- Added test 'uncrustify' to check C / C++ code style
[7.472s] -- Configured uncrustify additional arguments: 
[7.473s] -- Added test 'xmllint' to check XML markup files
[7.481s] -- Configuring done
[7.593s] -- Generating done
[7.595s] -- Build files have been written to: /home/mike/turtlebot3_ws/build/nav2_straightline_planner
[7.605s] Invoked command in '/home/mike/turtlebot3_ws/build/nav2_straightline_planner' returned '0': CMAKE_PREFIX_PATH=${CMAKE_PREFIX_PATH}:/opt/ros/galactic:/home/mike/turtlebot3_ws/install/turtlebot3_teleop:/home/mike/turtlebot3_ws/install/turtlebot3_example /usr/bin/cmake /home/mike/turtlebot3_ws/src/turtlebot3/nav2_straightline_planner -DCMAKE_INSTALL_PREFIX=/home/mike/turtlebot3_ws/install/nav2_straightline_planner
[7.610s] Invoking command in '/home/mike/turtlebot3_ws/build/nav2_straightline_planner': CMAKE_PREFIX_PATH=${CMAKE_PREFIX_PATH}:/opt/ros/galactic:/home/mike/turtlebot3_ws/install/turtlebot3_teleop:/home/mike/turtlebot3_ws/install/turtlebot3_example /usr/bin/cmake --build /home/mike/turtlebot3_ws/build/nav2_straightline_planner -- -j4 -l4
[7.684s] [35m[1mScanning dependencies of target nav2_straightline_planner_plugin[0m
[7.889s] [ 50%] [32mBuilding CXX object CMakeFiles/nav2_straightline_planner_plugin.dir/src/straight_line_planner.cpp.o[0m
[12.889s] [100%] [32m[1mLinking CXX shared library libnav2_straightline_planner_plugin.so[0m
[13.176s] [100%] Built target nav2_straightline_planner_plugin
[13.195s] Invoked command in '/home/mike/turtlebot3_ws/build/nav2_straightline_planner' returned '0': CMAKE_PREFIX_PATH=${CMAKE_PREFIX_PATH}:/opt/ros/galactic:/home/mike/turtlebot3_ws/install/turtlebot3_teleop:/home/mike/turtlebot3_ws/install/turtlebot3_example /usr/bin/cmake --build /home/mike/turtlebot3_ws/build/nav2_straightline_planner -- -j4 -l4
[13.239s] Invoking command in '/home/mike/turtlebot3_ws/build/nav2_straightline_planner': CMAKE_PREFIX_PATH=${CMAKE_PREFIX_PATH}:/opt/ros/galactic:/home/mike/turtlebot3_ws/install/turtlebot3_teleop:/home/mike/turtlebot3_ws/install/turtlebot3_example /usr/bin/cmake --install /home/mike/turtlebot3_ws/build/nav2_straightline_planner
[13.254s] -- Install configuration: ""
[13.254s] -- Installing: /home/mike/turtlebot3_ws/install/nav2_straightline_planner/share/nav2_straightline_planner/global_planner_plugin.xml
[13.254s] -- Installing: /home/mike/turtlebot3_ws/install/nav2_straightline_planner/lib/libnav2_straightline_planner_plugin.so
[13.255s] -- Set runtime path of "/home/mike/turtlebot3_ws/install/nav2_straightline_planner/lib/libnav2_straightline_planner_plugin.so" to ""
[13.255s] -- Installing: /home/mike/turtlebot3_ws/install/nav2_straightline_planner/include/
[13.256s] -- Installing: /home/mike/turtlebot3_ws/install/nav2_straightline_planner/include//nav2_straightline_planner
[13.256s] -- Installing: /home/mike/turtlebot3_ws/install/nav2_straightline_planner/include//nav2_straightline_planner/straight_line_planner.hpp
[13.256s] -- Up-to-date: /home/mike/turtlebot3_ws/install/nav2_straightline_planner/share/nav2_straightline_planner/global_planner_plugin.xml
[13.256s] -- Installing: /home/mike/turtlebot3_ws/install/nav2_straightline_planner/share/nav2_straightline_planner/environment/library_path.sh
[13.257s] -- Installing: /home/mike/turtlebot3_ws/install/nav2_straightline_planner/share/nav2_straightline_planner/environment/library_path.dsv
[13.257s] -- Installing: /home/mike/turtlebot3_ws/install/nav2_straightline_planner/share/ament_index/resource_index/package_run_dependencies/nav2_straightline_planner
[13.257s] -- Installing: /home/mike/turtlebot3_ws/install/nav2_straightline_planner/share/ament_index/resource_index/parent_prefix_path/nav2_straightline_planner
[13.258s] -- Installing: /home/mike/turtlebot3_ws/install/nav2_straightline_planner/share/nav2_straightline_planner/environment/ament_prefix_path.sh
[13.258s] -- Installing: /home/mike/turtlebot3_ws/install/nav2_straightline_planner/share/nav2_straightline_planner/environment/ament_prefix_path.dsv
[13.258s] -- Installing: /home/mike/turtlebot3_ws/install/nav2_straightline_planner/share/nav2_straightline_planner/environment/path.sh
[13.258s] -- Installing: /home/mike/turtlebot3_ws/install/nav2_straightline_planner/share/nav2_straightline_planner/environment/path.dsv
[13.259s] -- Installing: /home/mike/turtlebot3_ws/install/nav2_straightline_planner/share/nav2_straightline_planner/local_setup.bash
[13.259s] -- Installing: /home/mike/turtlebot3_ws/install/nav2_straightline_planner/share/nav2_straightline_planner/local_setup.sh
[13.259s] -- Installing: /home/mike/turtlebot3_ws/install/nav2_straightline_planner/share/nav2_straightline_planner/local_setup.zsh
[13.259s] -- Installing: /home/mike/turtlebot3_ws/install/nav2_straightline_planner/share/nav2_straightline_planner/local_setup.dsv
[13.259s] -- Installing: /home/mike/turtlebot3_ws/install/nav2_straightline_planner/share/nav2_straightline_planner/package.dsv
[13.260s] -- Installing: /home/mike/turtlebot3_ws/install/nav2_straightline_planner/share/ament_index/resource_index/packages/nav2_straightline_planner
[13.264s] -- Installing: /home/mike/turtlebot3_ws/install/nav2_straightline_planner/share/ament_index/resource_index/nav2_core__pluginlib__plugin/nav2_straightline_planner
[13.264s] -- Installing: /home/mike/turtlebot3_ws/install/nav2_straightline_planner/share/nav2_straightline_planner/cmake/ament_cmake_export_include_directories-extras.cmake
[13.265s] -- Installing: /home/mike/turtlebot3_ws/install/nav2_straightline_planner/share/nav2_straightline_planner/cmake/ament_cmake_export_libraries-extras.cmake
[13.265s] -- Installing: /home/mike/turtlebot3_ws/install/nav2_straightline_planner/share/nav2_straightline_planner/cmake/ament_cmake_export_dependencies-extras.cmake
[13.265s] -- Installing: /home/mike/turtlebot3_ws/install/nav2_straightline_planner/share/nav2_straightline_planner/cmake/nav2_straightline_plannerConfig.cmake
[13.266s] -- Installing: /home/mike/turtlebot3_ws/install/nav2_straightline_planner/share/nav2_straightline_planner/cmake/nav2_straightline_plannerConfig-version.cmake
[13.266s] -- Installing: /home/mike/turtlebot3_ws/install/nav2_straightline_planner/share/nav2_straightline_planner/package.xml
[13.268s] Invoked command in '/home/mike/turtlebot3_ws/build/nav2_straightline_planner' returned '0': CMAKE_PREFIX_PATH=${CMAKE_PREFIX_PATH}:/opt/ros/galactic:/home/mike/turtlebot3_ws/install/turtlebot3_teleop:/home/mike/turtlebot3_ws/install/turtlebot3_example /usr/bin/cmake --install /home/mike/turtlebot3_ws/build/nav2_straightline_planner
