[0.094s] Invoking command in '/home/mike/turtlebot3_ws/build/turtlebot3_node': CMAKE_PREFIX_PATH=${CMAKE_PREFIX_PATH}:/home/mike/turtlebot3_ws/install/turtlebot3_teleop:/home/mike/turtlebot3_ws/install/turtlebot3_example:/opt/ros/galactic /usr/bin/cmake --build /home/mike/turtlebot3_ws/build/turtlebot3_node -- -j4 -l4
[0.670s] [ 85%] Built target turtlebot3_node_lib
[0.671s] [100%] Built target turtlebot3_ros
[0.682s] Invoked command in '/home/mike/turtlebot3_ws/build/turtlebot3_node' returned '0': CMAKE_PREFIX_PATH=${CMAKE_PREFIX_PATH}:/home/mike/turtlebot3_ws/install/turtlebot3_teleop:/home/mike/turtlebot3_ws/install/turtlebot3_example:/opt/ros/galactic /usr/bin/cmake --build /home/mike/turtlebot3_ws/build/turtlebot3_node -- -j4 -l4
[0.817s] Invoking command in '/home/mike/turtlebot3_ws/build/turtlebot3_node': CMAKE_PREFIX_PATH=${CMAKE_PREFIX_PATH}:/home/mike/turtlebot3_ws/install/turtlebot3_teleop:/home/mike/turtlebot3_ws/install/turtlebot3_example:/opt/ros/galactic /usr/bin/cmake --install /home/mike/turtlebot3_ws/build/turtlebot3_node
[0.838s] -- Install configuration: ""
[0.839s] -- Execute custom install script
[0.841s] -- Up-to-date symlink: /home/mike/turtlebot3_ws/install/turtlebot3_node/share/turtlebot3_node/param/burger.yaml
[0.841s] -- Up-to-date symlink: /home/mike/turtlebot3_ws/install/turtlebot3_node/share/turtlebot3_node/param/waffle.yaml
[0.841s] -- Up-to-date symlink: /home/mike/turtlebot3_ws/install/turtlebot3_node/share/turtlebot3_node/param/waffle_pi.yaml
[0.843s] -- Up-to-date symlink: /home/mike/turtlebot3_ws/install/turtlebot3_node/lib/turtlebot3_node/turtlebot3_ros
[0.843s] -- Up-to-date symlink: /home/mike/turtlebot3_ws/install/turtlebot3_node/share/ament_index/resource_index/package_run_dependencies/turtlebot3_node
[0.844s] -- Up-to-date symlink: /home/mike/turtlebot3_ws/install/turtlebot3_node/share/ament_index/resource_index/parent_prefix_path/turtlebot3_node
[0.845s] -- Up-to-date symlink: /home/mike/turtlebot3_ws/install/turtlebot3_node/share/turtlebot3_node/environment/ament_prefix_path.sh
[0.845s] -- Up-to-date symlink: /home/mike/turtlebot3_ws/install/turtlebot3_node/share/turtlebot3_node/environment/ament_prefix_path.dsv
[0.846s] -- Up-to-date symlink: /home/mike/turtlebot3_ws/install/turtlebot3_node/share/turtlebot3_node/environment/path.sh
[0.847s] -- Up-to-date symlink: /home/mike/turtlebot3_ws/install/turtlebot3_node/share/turtlebot3_node/environment/path.dsv
[0.848s] -- Up-to-date symlink: /home/mike/turtlebot3_ws/install/turtlebot3_node/share/turtlebot3_node/local_setup.bash
[0.848s] -- Up-to-date symlink: /home/mike/turtlebot3_ws/install/turtlebot3_node/share/turtlebot3_node/local_setup.sh
[0.849s] -- Up-to-date symlink: /home/mike/turtlebot3_ws/install/turtlebot3_node/share/turtlebot3_node/local_setup.zsh
[0.850s] -- Up-to-date symlink: /home/mike/turtlebot3_ws/install/turtlebot3_node/share/turtlebot3_node/local_setup.dsv
[0.851s] -- Symlinking: /home/mike/turtlebot3_ws/install/turtlebot3_node/share/turtlebot3_node/package.dsv
[0.876s] -- Up-to-date symlink: /home/mike/turtlebot3_ws/install/turtlebot3_node/share/ament_index/resource_index/packages/turtlebot3_node
[0.879s] -- Up-to-date symlink: /home/mike/turtlebot3_ws/install/turtlebot3_node/share/turtlebot3_node/cmake/ament_cmake_export_include_directories-extras.cmake
[0.879s] -- Up-to-date symlink: /home/mike/turtlebot3_ws/install/turtlebot3_node/share/turtlebot3_node/cmake/turtlebot3_nodeConfig.cmake
[0.879s] -- Up-to-date symlink: /home/mike/turtlebot3_ws/install/turtlebot3_node/share/turtlebot3_node/cmake/turtlebot3_nodeConfig-version.cmake
[0.880s] -- Up-to-date symlink: /home/mike/turtlebot3_ws/install/turtlebot3_node/share/turtlebot3_node/package.xml
[0.939s] Invoked command in '/home/mike/turtlebot3_ws/build/turtlebot3_node' returned '0': CMAKE_PREFIX_PATH=${CMAKE_PREFIX_PATH}:/home/mike/turtlebot3_ws/install/turtlebot3_teleop:/home/mike/turtlebot3_ws/install/turtlebot3_example:/opt/ros/galactic /usr/bin/cmake --install /home/mike/turtlebot3_ws/build/turtlebot3_node
