[0.053s] Invoking command in '/home/mike/turtlebot3_ws/build/turtlebot3_node': CMAKE_PREFIX_PATH=/opt/ros/galactic /usr/bin/cmake /home/mike/turtlebot3_ws/src/turtlebot3/turtlebot3_node -DCMAKE_INSTALL_PREFIX=/home/mike/turtlebot3_ws/install/turtlebot3_node
[0.168s] -- The C compiler identification is GNU 9.4.0
[0.284s] -- The CXX compiler identification is GNU 9.4.0
[0.292s] -- Check for working C compiler: /usr/bin/cc
[0.426s] -- Check for working C compiler: /usr/bin/cc -- works
[0.427s] -- Detecting C compiler ABI info
[0.596s] -- Detecting C compiler ABI info - done
[0.619s] -- Detecting C compile features
[0.621s] -- Detecting C compile features - done
[0.625s] -- Check for working CXX compiler: /usr/bin/c++
[0.790s] -- Check for working CXX compiler: /usr/bin/c++ -- works
[0.793s] -- Detecting CXX compiler ABI info
[0.973s] -- Detecting CXX compiler ABI info - done
[1.001s] -- Detecting CXX compile features
[1.004s] -- Detecting CXX compile features - done
[1.009s] -- Found ament_cmake: 1.1.5 (/opt/ros/galactic/share/ament_cmake/cmake)
[1.079s] -- Found PythonInterp: /usr/bin/python3 (found suitable version "3.8.10", minimum required is "3") 
[1.079s] -- Using PYTHON_EXECUTABLE: /usr/bin/python3
[1.281s] -- Found dynamixel_sdk: 3.7.40 (/opt/ros/galactic/share/dynamixel_sdk/cmake)
[1.283s] -- Found geometry_msgs: 2.2.4 (/opt/ros/galactic/share/geometry_msgs/cmake)
[1.344s] -- Using all available rosidl_typesupport_c: rosidl_typesupport_fastrtps_c;rosidl_typesupport_introspection_c
[1.355s] -- Found rosidl_adapter: 2.2.2 (/opt/ros/galactic/share/rosidl_adapter/cmake)
[1.539s] -- Found OpenSSL: /usr/lib/x86_64-linux-gnu/libcrypto.so (found version "1.1.1f")  
[1.587s] -- Found FastRTPS: /opt/ros/galactic/include  
[1.720s] -- Using all available rosidl_typesupport_cpp: rosidl_typesupport_fastrtps_cpp;rosidl_typesupport_introspection_cpp
[1.891s] -- Found message_filters: 3.2.6 (/opt/ros/galactic/share/message_filters/cmake)
[1.983s] -- Found rmw_implementation_cmake: 3.3.1 (/opt/ros/galactic/share/rmw_implementation_cmake/cmake)
[1.989s] -- Found rmw_cyclonedds_cpp: 0.22.5 (/opt/ros/galactic/share/rmw_cyclonedds_cpp/cmake)
[2.028s] -- Using RMW implementation 'rmw_cyclonedds_cpp' as default
[2.031s] -- Looking for pthread.h
[2.153s] -- Looking for pthread.h - found
[2.153s] -- Performing Test CMAKE_HAVE_LIBC_PTHREAD
[2.273s] -- Performing Test CMAKE_HAVE_LIBC_PTHREAD - Failed
[2.274s] -- Looking for pthread_create in pthreads
[2.363s] -- Looking for pthread_create in pthreads - not found
[2.364s] -- Looking for pthread_create in pthread
[2.474s] -- Looking for pthread_create in pthread - found
[2.476s] -- Found Threads: TRUE  
[2.760s] -- Found nav_msgs: 2.2.4 (/opt/ros/galactic/share/nav_msgs/cmake)
[2.900s] -- Found sensor_msgs: 2.2.4 (/opt/ros/galactic/share/sensor_msgs/cmake)
[3.055s] -- Found std_srvs: 2.2.4 (/opt/ros/galactic/share/std_srvs/cmake)
[3.089s] -- Found tf2: 0.17.4 (/opt/ros/galactic/share/tf2/cmake)
[3.125s] -- Found tf2_ros: 0.17.4 (/opt/ros/galactic/share/tf2_ros/cmake)
[4.206s] -- Found turtlebot3_msgs: 2.2.2 (/opt/ros/galactic/share/turtlebot3_msgs/cmake)
[4.670s] -- Configuring done
[4.729s] -- Generating done
[4.733s] -- Build files have been written to: /home/mike/turtlebot3_ws/build/turtlebot3_node
[4.760s] Invoked command in '/home/mike/turtlebot3_ws/build/turtlebot3_node' returned '0': CMAKE_PREFIX_PATH=/opt/ros/galactic /usr/bin/cmake /home/mike/turtlebot3_ws/src/turtlebot3/turtlebot3_node -DCMAKE_INSTALL_PREFIX=/home/mike/turtlebot3_ws/install/turtlebot3_node
[4.762s] Invoking command in '/home/mike/turtlebot3_ws/build/turtlebot3_node': CMAKE_PREFIX_PATH=/opt/ros/galactic /usr/bin/cmake --build /home/mike/turtlebot3_ws/build/turtlebot3_node -- -j4 -l4
[4.875s] [35m[1mScanning dependencies of target turtlebot3_node_lib[0m
[5.181s] [  7%] [32mBuilding CXX object CMakeFiles/turtlebot3_node_lib.dir/src/devices/motor_power.cpp.o[0m
[5.188s] [ 14%] [32mBuilding CXX object CMakeFiles/turtlebot3_node_lib.dir/src/devices/reset.cpp.o[0m
[5.192s] [ 21%] [32mBuilding CXX object CMakeFiles/turtlebot3_node_lib.dir/src/devices/sound.cpp.o[0m
[5.195s] [ 28%] [32mBuilding CXX object CMakeFiles/turtlebot3_node_lib.dir/src/diff_drive_controller.cpp.o[0m
[17.057s] [ 35%] [32mBuilding CXX object CMakeFiles/turtlebot3_node_lib.dir/src/dynamixel_sdk_wrapper.cpp.o[0m
[17.880s] [ 42%] [32mBuilding CXX object CMakeFiles/turtlebot3_node_lib.dir/src/odometry.cpp.o[0m
[18.086s] [ 50%] [32mBuilding CXX object CMakeFiles/turtlebot3_node_lib.dir/src/turtlebot3.cpp.o[0m
[20.212s] [ 57%] [32mBuilding CXX object CMakeFiles/turtlebot3_node_lib.dir/src/sensors/battery_state.cpp.o[0m
[20.537s] [ 64%] [32mBuilding CXX object CMakeFiles/turtlebot3_node_lib.dir/src/sensors/imu.cpp.o[0m
[70.291s] [ 71%] [32mBuilding CXX object CMakeFiles/turtlebot3_node_lib.dir/src/sensors/sensor_state.cpp.o[0m
[77.072s] [ 78%] [32mBuilding CXX object CMakeFiles/turtlebot3_node_lib.dir/src/sensors/joint_state.cpp.o[0m
[83.639s] [ 85%] [32m[1mLinking CXX static library libturtlebot3_node_lib.a[0m
[84.577s] [ 85%] Built target turtlebot3_node_lib
[84.600s] [35m[1mScanning dependencies of target turtlebot3_ros[0m
[84.690s] [ 92%] [32mBuilding CXX object CMakeFiles/turtlebot3_ros.dir/src/node_main.cpp.o[0m
[88.803s] [100%] [32m[1mLinking CXX executable turtlebot3_ros[0m
[91.145s] [100%] Built target turtlebot3_ros
[91.171s] Invoked command in '/home/mike/turtlebot3_ws/build/turtlebot3_node' returned '0': CMAKE_PREFIX_PATH=/opt/ros/galactic /usr/bin/cmake --build /home/mike/turtlebot3_ws/build/turtlebot3_node -- -j4 -l4
[91.251s] Invoking command in '/home/mike/turtlebot3_ws/build/turtlebot3_node': CMAKE_PREFIX_PATH=/opt/ros/galactic /usr/bin/cmake --install /home/mike/turtlebot3_ws/build/turtlebot3_node
[91.269s] -- Install configuration: ""
[91.269s] -- Installing: /home/mike/turtlebot3_ws/install/turtlebot3_node/share/turtlebot3_node/param
[91.270s] -- Installing: /home/mike/turtlebot3_ws/install/turtlebot3_node/share/turtlebot3_node/param/waffle.yaml
[91.270s] -- Installing: /home/mike/turtlebot3_ws/install/turtlebot3_node/share/turtlebot3_node/param/waffle_pi.yaml
[91.271s] -- Installing: /home/mike/turtlebot3_ws/install/turtlebot3_node/share/turtlebot3_node/param/burger.yaml
[91.271s] -- Installing: /home/mike/turtlebot3_ws/install/turtlebot3_node/lib/turtlebot3_node/turtlebot3_ros
[91.290s] -- Set runtime path of "/home/mike/turtlebot3_ws/install/turtlebot3_node/lib/turtlebot3_node/turtlebot3_ros" to ""
[91.291s] -- Installing: /home/mike/turtlebot3_ws/install/turtlebot3_node/share/ament_index/resource_index/package_run_dependencies/turtlebot3_node
[91.291s] -- Installing: /home/mike/turtlebot3_ws/install/turtlebot3_node/share/ament_index/resource_index/parent_prefix_path/turtlebot3_node
[91.292s] -- Installing: /home/mike/turtlebot3_ws/install/turtlebot3_node/share/turtlebot3_node/environment/ament_prefix_path.sh
[91.292s] -- Installing: /home/mike/turtlebot3_ws/install/turtlebot3_node/share/turtlebot3_node/environment/ament_prefix_path.dsv
[91.293s] -- Installing: /home/mike/turtlebot3_ws/install/turtlebot3_node/share/turtlebot3_node/environment/path.sh
[91.293s] -- Installing: /home/mike/turtlebot3_ws/install/turtlebot3_node/share/turtlebot3_node/environment/path.dsv
[91.293s] -- Installing: /home/mike/turtlebot3_ws/install/turtlebot3_node/share/turtlebot3_node/local_setup.bash
[91.294s] -- Installing: /home/mike/turtlebot3_ws/install/turtlebot3_node/share/turtlebot3_node/local_setup.sh
[91.294s] -- Installing: /home/mike/turtlebot3_ws/install/turtlebot3_node/share/turtlebot3_node/local_setup.zsh
[91.295s] -- Installing: /home/mike/turtlebot3_ws/install/turtlebot3_node/share/turtlebot3_node/local_setup.dsv
[91.295s] -- Installing: /home/mike/turtlebot3_ws/install/turtlebot3_node/share/turtlebot3_node/package.dsv
[91.296s] -- Installing: /home/mike/turtlebot3_ws/install/turtlebot3_node/share/ament_index/resource_index/packages/turtlebot3_node
[91.297s] -- Installing: /home/mike/turtlebot3_ws/install/turtlebot3_node/share/turtlebot3_node/cmake/ament_cmake_export_include_directories-extras.cmake
[91.299s] -- Installing: /home/mike/turtlebot3_ws/install/turtlebot3_node/share/turtlebot3_node/cmake/turtlebot3_nodeConfig.cmake
[91.299s] -- Installing: /home/mike/turtlebot3_ws/install/turtlebot3_node/share/turtlebot3_node/cmake/turtlebot3_nodeConfig-version.cmake
[91.300s] -- Installing: /home/mike/turtlebot3_ws/install/turtlebot3_node/share/turtlebot3_node/package.xml
[91.310s] Invoked command in '/home/mike/turtlebot3_ws/build/turtlebot3_node' returned '0': CMAKE_PREFIX_PATH=/opt/ros/galactic /usr/bin/cmake --install /home/mike/turtlebot3_ws/build/turtlebot3_node
