[1.271s] Invoking command in '/home/mike/turtlebot3_ws/src/turtlebot3/turtlebot3_example': PYTHONPATH=/home/mike/turtlebot3_ws/install/turtlebot3_example/lib/python3.8/site-packages:${PYTHONPATH} /usr/bin/python3 setup.py egg_info --egg-base ../../../build/turtlebot3_example build --build-base /home/mike/turtlebot3_ws/build/turtlebot3_example/build install --prefix /home/mike/turtlebot3_ws/install/turtlebot3_example --record /home/mike/turtlebot3_ws/build/turtlebot3_example/install.log --single-version-externally-managed
[1.634s] running egg_info
[1.635s] writing ../../../build/turtlebot3_example/turtlebot3_example.egg-info/PKG-INFO
[1.636s] writing dependency_links to ../../../build/turtlebot3_example/turtlebot3_example.egg-info/dependency_links.txt
[1.636s] writing entry points to ../../../build/turtlebot3_example/turtlebot3_example.egg-info/entry_points.txt
[1.636s] writing requirements to ../../../build/turtlebot3_example/turtlebot3_example.egg-info/requires.txt
[1.636s] writing top-level names to ../../../build/turtlebot3_example/turtlebot3_example.egg-info/top_level.txt
[1.694s] reading manifest file '../../../build/turtlebot3_example/turtlebot3_example.egg-info/SOURCES.txt'
[1.696s] writing manifest file '../../../build/turtlebot3_example/turtlebot3_example.egg-info/SOURCES.txt'
[1.696s] running build
[1.696s] running build_py
[1.698s] running install
[1.699s] running install_lib
[1.702s] running install_data
[1.703s] running install_egg_info
[1.705s] removing '/home/mike/turtlebot3_ws/install/turtlebot3_example/lib/python3.8/site-packages/turtlebot3_example-2.1.4-py3.8.egg-info' (and everything under it)
[1.706s] Copying ../../../build/turtlebot3_example/turtlebot3_example.egg-info to /home/mike/turtlebot3_ws/install/turtlebot3_example/lib/python3.8/site-packages/turtlebot3_example-2.1.4-py3.8.egg-info
[1.707s] running install_scripts
[1.734s] Installing turtlebot3_obstacle_detection script to /home/mike/turtlebot3_ws/install/turtlebot3_example/lib/turtlebot3_example
[1.735s] Installing turtlebot3_patrol_client script to /home/mike/turtlebot3_ws/install/turtlebot3_example/lib/turtlebot3_example
[1.735s] Installing turtlebot3_patrol_server script to /home/mike/turtlebot3_ws/install/turtlebot3_example/lib/turtlebot3_example
[1.735s] Installing turtlebot3_position_control script to /home/mike/turtlebot3_ws/install/turtlebot3_example/lib/turtlebot3_example
[1.736s] writing list of installed files to '/home/mike/turtlebot3_ws/build/turtlebot3_example/install.log'
[1.799s] Invoked command in '/home/mike/turtlebot3_ws/src/turtlebot3/turtlebot3_example' returned '0': PYTHONPATH=/home/mike/turtlebot3_ws/install/turtlebot3_example/lib/python3.8/site-packages:${PYTHONPATH} /usr/bin/python3 setup.py egg_info --egg-base ../../../build/turtlebot3_example build --build-base /home/mike/turtlebot3_ws/build/turtlebot3_example/build install --prefix /home/mike/turtlebot3_ws/install/turtlebot3_example --record /home/mike/turtlebot3_ws/build/turtlebot3_example/install.log --single-version-externally-managed
