[0.073s] Invoking command in '/home/mike/turtlebot3_ws/build/teb_msgs': CMAKE_PREFIX_PATH=/home/mike/turtlebot3_ws/install/costmap_converter_msgs:/home/mike/turtlebot3_ws/install/turtlebot3:/home/mike/turtlebot3_ws/install/turtlebot3_simulations:/home/mike/turtlebot3_ws/install/turtlebot3_bringup:/home/mike/turtlebot3_ws/install/turtlebot3_node:/home/mike/turtlebot3_ws/install/turtlebot3_gazebo:/home/mike/turtlebot3_ws/install/turtlebot3_fake_node:/home/mike/turtlebot3_ws/install/turtlebot3_description:/home/mike/turtlebot3_ws/install/teb_local_planner:/home/mike/turtlebot3_ws/install/teb_msgs:/home/mike/turtlebot3_ws/install/costmap_converter:/opt/ros/galactic:/home/mike/turtlebot3_ws/install/turtlebot3_teleop:/home/mike/turtlebot3_ws/install/turtlebot3_example LD_LIBRARY_PATH=/home/mike/turtlebot3_ws/install/costmap_converter_msgs/lib:/usr/lib/x86_64-linux-gnu/gazebo-11/plugins:/opt/ros/galactic/opt/yaml_cpp_vendor/lib:/opt/ros/galactic/opt/rviz_ogre_vendor/lib:/opt/ros/galactic/lib/x86_64-linux-gnu:/opt/ros/galactic/lib:/home/mike/turtlebot3_ws/install/teb_local_planner/lib:/home/mike/turtlebot3_ws/install/teb_msgs/lib:/home/mike/turtlebot3_ws/install/costmap_converter/lib PYTHONPATH=/home/mike/turtlebot3_ws/install/costmap_converter_msgs/lib/python3.8/site-packages:/opt/ros/galactic/lib/python3.8/site-packages:/home/mike/turtlebot3_ws/install/turtlebot3_teleop/lib/python3.8/site-packages:/home/mike/turtlebot3_ws/install/turtlebot3_example/lib/python3.8/site-packages:/home/mike/turtlebot3_ws/install/teb_msgs/lib/python3.8/site-packages /usr/bin/cmake --build /home/mike/turtlebot3_ws/build/teb_msgs -- -j4 -l4
[0.211s] [ 10%] Built target teb_msgs__rosidl_generator_c
[0.225s] [ 12%] Built target teb_msgs__cpp
[0.295s] [ 23%] Built target teb_msgs__rosidl_typesupport_c
[0.295s] [ 34%] Built target teb_msgs__rosidl_typesupport_introspection_c
[0.314s] [ 44%] Built target teb_msgs__rosidl_typesupport_cpp
[0.326s] [ 55%] Built target teb_msgs__rosidl_typesupport_introspection_cpp
[0.345s] [ 65%] Built target teb_msgs__rosidl_typesupport_fastrtps_cpp
[0.398s] [ 76%] Built target teb_msgs__rosidl_typesupport_fastrtps_c
[0.445s] [ 76%] Built target teb_msgs
[0.488s] [ 78%] Built target teb_msgs__py
[0.538s] [ 87%] Built target teb_msgs__python
[0.603s] [ 91%] Built target teb_msgs__rosidl_typesupport_introspection_c__pyext
[0.608s] [ 95%] Built target teb_msgs__rosidl_typesupport_c__pyext
[0.617s] [100%] Built target teb_msgs__rosidl_typesupport_fastrtps_c__pyext
[0.676s] Invoked command in '/home/mike/turtlebot3_ws/build/teb_msgs' returned '0': CMAKE_PREFIX_PATH=/home/mike/turtlebot3_ws/install/costmap_converter_msgs:/home/mike/turtlebot3_ws/install/turtlebot3:/home/mike/turtlebot3_ws/install/turtlebot3_simulations:/home/mike/turtlebot3_ws/install/turtlebot3_bringup:/home/mike/turtlebot3_ws/install/turtlebot3_node:/home/mike/turtlebot3_ws/install/turtlebot3_gazebo:/home/mike/turtlebot3_ws/install/turtlebot3_fake_node:/home/mike/turtlebot3_ws/install/turtlebot3_description:/home/mike/turtlebot3_ws/install/teb_local_planner:/home/mike/turtlebot3_ws/install/teb_msgs:/home/mike/turtlebot3_ws/install/costmap_converter:/opt/ros/galactic:/home/mike/turtlebot3_ws/install/turtlebot3_teleop:/home/mike/turtlebot3_ws/install/turtlebot3_example LD_LIBRARY_PATH=/home/mike/turtlebot3_ws/install/costmap_converter_msgs/lib:/usr/lib/x86_64-linux-gnu/gazebo-11/plugins:/opt/ros/galactic/opt/yaml_cpp_vendor/lib:/opt/ros/galactic/opt/rviz_ogre_vendor/lib:/opt/ros/galactic/lib/x86_64-linux-gnu:/opt/ros/galactic/lib:/home/mike/turtlebot3_ws/install/teb_local_planner/lib:/home/mike/turtlebot3_ws/install/teb_msgs/lib:/home/mike/turtlebot3_ws/install/costmap_converter/lib PYTHONPATH=/home/mike/turtlebot3_ws/install/costmap_converter_msgs/lib/python3.8/site-packages:/opt/ros/galactic/lib/python3.8/site-packages:/home/mike/turtlebot3_ws/install/turtlebot3_teleop/lib/python3.8/site-packages:/home/mike/turtlebot3_ws/install/turtlebot3_example/lib/python3.8/site-packages:/home/mike/turtlebot3_ws/install/teb_msgs/lib/python3.8/site-packages /usr/bin/cmake --build /home/mike/turtlebot3_ws/build/teb_msgs -- -j4 -l4
[0.858s] Invoking command in '/home/mike/turtlebot3_ws/build/teb_msgs': CMAKE_PREFIX_PATH=/home/mike/turtlebot3_ws/install/costmap_converter_msgs:/home/mike/turtlebot3_ws/install/turtlebot3:/home/mike/turtlebot3_ws/install/turtlebot3_simulations:/home/mike/turtlebot3_ws/install/turtlebot3_bringup:/home/mike/turtlebot3_ws/install/turtlebot3_node:/home/mike/turtlebot3_ws/install/turtlebot3_gazebo:/home/mike/turtlebot3_ws/install/turtlebot3_fake_node:/home/mike/turtlebot3_ws/install/turtlebot3_description:/home/mike/turtlebot3_ws/install/teb_local_planner:/home/mike/turtlebot3_ws/install/teb_msgs:/home/mike/turtlebot3_ws/install/costmap_converter:/opt/ros/galactic:/home/mike/turtlebot3_ws/install/turtlebot3_teleop:/home/mike/turtlebot3_ws/install/turtlebot3_example LD_LIBRARY_PATH=/home/mike/turtlebot3_ws/install/costmap_converter_msgs/lib:/usr/lib/x86_64-linux-gnu/gazebo-11/plugins:/opt/ros/galactic/opt/yaml_cpp_vendor/lib:/opt/ros/galactic/opt/rviz_ogre_vendor/lib:/opt/ros/galactic/lib/x86_64-linux-gnu:/opt/ros/galactic/lib:/home/mike/turtlebot3_ws/install/teb_local_planner/lib:/home/mike/turtlebot3_ws/install/teb_msgs/lib:/home/mike/turtlebot3_ws/install/costmap_converter/lib PYTHONPATH=/home/mike/turtlebot3_ws/install/costmap_converter_msgs/lib/python3.8/site-packages:/opt/ros/galactic/lib/python3.8/site-packages:/home/mike/turtlebot3_ws/install/turtlebot3_teleop/lib/python3.8/site-packages:/home/mike/turtlebot3_ws/install/turtlebot3_example/lib/python3.8/site-packages:/home/mike/turtlebot3_ws/install/teb_msgs/lib/python3.8/site-packages /usr/bin/cmake --install /home/mike/turtlebot3_ws/build/teb_msgs
[0.879s] -- Install configuration: ""
[0.879s] -- Up-to-date: /home/mike/turtlebot3_ws/install/teb_msgs/share/ament_index/resource_index/rosidl_interfaces/teb_msgs
[0.880s] -- Up-to-date: /home/mike/turtlebot3_ws/install/teb_msgs/include/teb_msgs
[0.880s] -- Up-to-date: /home/mike/turtlebot3_ws/install/teb_msgs/include/teb_msgs/msg
[0.880s] -- Up-to-date: /home/mike/turtlebot3_ws/install/teb_msgs/include/teb_msgs/msg/trajectory_point_msg.h
[0.880s] -- Up-to-date: /home/mike/turtlebot3_ws/install/teb_msgs/include/teb_msgs/msg/detail
[0.881s] -- Up-to-date: /home/mike/turtlebot3_ws/install/teb_msgs/include/teb_msgs/msg/detail/trajectory_point_msg__functions.c
[0.881s] -- Up-to-date: /home/mike/turtlebot3_ws/install/teb_msgs/include/teb_msgs/msg/detail/trajectory_msg__struct.h
[0.881s] -- Up-to-date: /home/mike/turtlebot3_ws/install/teb_msgs/include/teb_msgs/msg/detail/trajectory_point_msg__struct.h
[0.881s] -- Up-to-date: /home/mike/turtlebot3_ws/install/teb_msgs/include/teb_msgs/msg/detail/trajectory_msg__functions.c
[0.881s] -- Up-to-date: /home/mike/turtlebot3_ws/install/teb_msgs/include/teb_msgs/msg/detail/feedback_msg__functions.c
[0.882s] -- Up-to-date: /home/mike/turtlebot3_ws/install/teb_msgs/include/teb_msgs/msg/detail/trajectory_msg__type_support.h
[0.882s] -- Up-to-date: /home/mike/turtlebot3_ws/install/teb_msgs/include/teb_msgs/msg/detail/feedback_msg__struct.h
[0.882s] -- Up-to-date: /home/mike/turtlebot3_ws/install/teb_msgs/include/teb_msgs/msg/detail/trajectory_point_msg__functions.h
[0.882s] -- Up-to-date: /home/mike/turtlebot3_ws/install/teb_msgs/include/teb_msgs/msg/detail/trajectory_point_msg__type_support.h
[0.883s] -- Up-to-date: /home/mike/turtlebot3_ws/install/teb_msgs/include/teb_msgs/msg/detail/feedback_msg__functions.h
[0.883s] -- Up-to-date: /home/mike/turtlebot3_ws/install/teb_msgs/include/teb_msgs/msg/detail/trajectory_msg__functions.h
[0.883s] -- Up-to-date: /home/mike/turtlebot3_ws/install/teb_msgs/include/teb_msgs/msg/detail/feedback_msg__type_support.h
[0.883s] -- Up-to-date: /home/mike/turtlebot3_ws/install/teb_msgs/include/teb_msgs/msg/feedback_msg.h
[0.883s] -- Up-to-date: /home/mike/turtlebot3_ws/install/teb_msgs/include/teb_msgs/msg/trajectory_msg.h
[0.884s] -- Up-to-date: /home/mike/turtlebot3_ws/install/teb_msgs/include/teb_msgs/msg/rosidl_generator_c__visibility_control.h
[0.884s] -- Up-to-date: /home/mike/turtlebot3_ws/install/teb_msgs/share/teb_msgs/environment/library_path.sh
[0.884s] -- Up-to-date: /home/mike/turtlebot3_ws/install/teb_msgs/share/teb_msgs/environment/library_path.dsv
[0.885s] -- Up-to-date: /home/mike/turtlebot3_ws/install/teb_msgs/lib/libteb_msgs__rosidl_generator_c.so
[0.885s] -- Up-to-date: /home/mike/turtlebot3_ws/install/teb_msgs/include/teb_msgs
[0.885s] -- Up-to-date: /home/mike/turtlebot3_ws/install/teb_msgs/include/teb_msgs/msg
[0.885s] -- Up-to-date: /home/mike/turtlebot3_ws/install/teb_msgs/include/teb_msgs/msg/detail
[0.886s] -- Up-to-date: /home/mike/turtlebot3_ws/install/teb_msgs/include/teb_msgs/msg/detail/feedback_msg__rosidl_typesupport_fastrtps_c.h
[0.886s] -- Up-to-date: /home/mike/turtlebot3_ws/install/teb_msgs/include/teb_msgs/msg/detail/trajectory_msg__rosidl_typesupport_fastrtps_c.h
[0.886s] -- Up-to-date: /home/mike/turtlebot3_ws/install/teb_msgs/include/teb_msgs/msg/detail/trajectory_point_msg__rosidl_typesupport_fastrtps_c.h
[0.890s] -- Up-to-date: /home/mike/turtlebot3_ws/install/teb_msgs/include/teb_msgs/msg/rosidl_typesupport_fastrtps_c__visibility_control.h
[0.891s] -- Up-to-date: /home/mike/turtlebot3_ws/install/teb_msgs/lib/libteb_msgs__rosidl_typesupport_fastrtps_c.so
[0.891s] -- Up-to-date: /home/mike/turtlebot3_ws/install/teb_msgs/include/teb_msgs
[0.891s] -- Up-to-date: /home/mike/turtlebot3_ws/install/teb_msgs/include/teb_msgs/msg
[0.895s] -- Up-to-date: /home/mike/turtlebot3_ws/install/teb_msgs/include/teb_msgs/msg/detail
[0.896s] -- Up-to-date: /home/mike/turtlebot3_ws/install/teb_msgs/include/teb_msgs/msg/detail/trajectory_point_msg__rosidl_typesupport_fastrtps_cpp.hpp
[0.896s] -- Up-to-date: /home/mike/turtlebot3_ws/install/teb_msgs/include/teb_msgs/msg/detail/trajectory_msg__rosidl_typesupport_fastrtps_cpp.hpp
[0.896s] -- Up-to-date: /home/mike/turtlebot3_ws/install/teb_msgs/include/teb_msgs/msg/detail/dds_fastrtps
[0.896s] -- Up-to-date: /home/mike/turtlebot3_ws/install/teb_msgs/include/teb_msgs/msg/detail/feedback_msg__rosidl_typesupport_fastrtps_cpp.hpp
[0.896s] -- Up-to-date: /home/mike/turtlebot3_ws/install/teb_msgs/include/teb_msgs/msg/rosidl_typesupport_fastrtps_cpp__visibility_control.h
[0.896s] -- Up-to-date: /home/mike/turtlebot3_ws/install/teb_msgs/lib/libteb_msgs__rosidl_typesupport_fastrtps_cpp.so
[0.896s] -- Up-to-date: /home/mike/turtlebot3_ws/install/teb_msgs/include/teb_msgs
[0.896s] -- Up-to-date: /home/mike/turtlebot3_ws/install/teb_msgs/include/teb_msgs/msg
[0.896s] -- Up-to-date: /home/mike/turtlebot3_ws/install/teb_msgs/include/teb_msgs/msg/detail
[0.897s] -- Up-to-date: /home/mike/turtlebot3_ws/install/teb_msgs/include/teb_msgs/msg/detail/trajectory_msg__type_support.c
[0.897s] -- Up-to-date: /home/mike/turtlebot3_ws/install/teb_msgs/include/teb_msgs/msg/detail/trajectory_msg__rosidl_typesupport_introspection_c.h
[0.897s] -- Up-to-date: /home/mike/turtlebot3_ws/install/teb_msgs/include/teb_msgs/msg/detail/trajectory_point_msg__rosidl_typesupport_introspection_c.h
[0.897s] -- Up-to-date: /home/mike/turtlebot3_ws/install/teb_msgs/include/teb_msgs/msg/detail/feedback_msg__type_support.c
[0.897s] -- Up-to-date: /home/mike/turtlebot3_ws/install/teb_msgs/include/teb_msgs/msg/detail/feedback_msg__rosidl_typesupport_introspection_c.h
[0.897s] -- Up-to-date: /home/mike/turtlebot3_ws/install/teb_msgs/include/teb_msgs/msg/detail/trajectory_point_msg__type_support.c
[0.897s] -- Up-to-date: /home/mike/turtlebot3_ws/install/teb_msgs/include/teb_msgs/msg/rosidl_typesupport_introspection_c__visibility_control.h
[0.897s] -- Up-to-date: /home/mike/turtlebot3_ws/install/teb_msgs/lib/libteb_msgs__rosidl_typesupport_introspection_c.so
[0.897s] -- Up-to-date: /home/mike/turtlebot3_ws/install/teb_msgs/lib/libteb_msgs__rosidl_typesupport_c.so
[0.898s] -- Up-to-date: /home/mike/turtlebot3_ws/install/teb_msgs/include/teb_msgs
[0.898s] -- Up-to-date: /home/mike/turtlebot3_ws/install/teb_msgs/include/teb_msgs/msg
[0.898s] -- Up-to-date: /home/mike/turtlebot3_ws/install/teb_msgs/include/teb_msgs/msg/trajectory_msg.hpp
[0.898s] -- Up-to-date: /home/mike/turtlebot3_ws/install/teb_msgs/include/teb_msgs/msg/feedback_msg.hpp
[0.898s] -- Up-to-date: /home/mike/turtlebot3_ws/install/teb_msgs/include/teb_msgs/msg/detail
[0.898s] -- Up-to-date: /home/mike/turtlebot3_ws/install/teb_msgs/include/teb_msgs/msg/detail/trajectory_msg__struct.hpp
[0.898s] -- Up-to-date: /home/mike/turtlebot3_ws/install/teb_msgs/include/teb_msgs/msg/detail/trajectory_point_msg__builder.hpp
[0.898s] -- Up-to-date: /home/mike/turtlebot3_ws/install/teb_msgs/include/teb_msgs/msg/detail/trajectory_msg__traits.hpp
[0.898s] -- Up-to-date: /home/mike/turtlebot3_ws/install/teb_msgs/include/teb_msgs/msg/detail/feedback_msg__builder.hpp
[0.899s] -- Up-to-date: /home/mike/turtlebot3_ws/install/teb_msgs/include/teb_msgs/msg/detail/feedback_msg__traits.hpp
[0.899s] -- Up-to-date: /home/mike/turtlebot3_ws/install/teb_msgs/include/teb_msgs/msg/detail/trajectory_point_msg__traits.hpp
[0.899s] -- Up-to-date: /home/mike/turtlebot3_ws/install/teb_msgs/include/teb_msgs/msg/detail/trajectory_point_msg__struct.hpp
[0.899s] -- Up-to-date: /home/mike/turtlebot3_ws/install/teb_msgs/include/teb_msgs/msg/detail/feedback_msg__struct.hpp
[0.899s] -- Up-to-date: /home/mike/turtlebot3_ws/install/teb_msgs/include/teb_msgs/msg/detail/trajectory_msg__builder.hpp
[0.899s] -- Up-to-date: /home/mike/turtlebot3_ws/install/teb_msgs/include/teb_msgs/msg/trajectory_point_msg.hpp
[0.899s] -- Up-to-date: /home/mike/turtlebot3_ws/install/teb_msgs/include/teb_msgs
[0.899s] -- Up-to-date: /home/mike/turtlebot3_ws/install/teb_msgs/include/teb_msgs/msg
[0.899s] -- Up-to-date: /home/mike/turtlebot3_ws/install/teb_msgs/include/teb_msgs/msg/detail
[0.900s] -- Up-to-date: /home/mike/turtlebot3_ws/install/teb_msgs/include/teb_msgs/msg/detail/feedback_msg__rosidl_typesupport_introspection_cpp.hpp
[0.900s] -- Up-to-date: /home/mike/turtlebot3_ws/install/teb_msgs/include/teb_msgs/msg/detail/trajectory_msg__rosidl_typesupport_introspection_cpp.hpp
[0.900s] -- Up-to-date: /home/mike/turtlebot3_ws/install/teb_msgs/include/teb_msgs/msg/detail/trajectory_msg__type_support.cpp
[0.900s] -- Up-to-date: /home/mike/turtlebot3_ws/install/teb_msgs/include/teb_msgs/msg/detail/trajectory_point_msg__rosidl_typesupport_introspection_cpp.hpp
[0.900s] -- Up-to-date: /home/mike/turtlebot3_ws/install/teb_msgs/include/teb_msgs/msg/detail/feedback_msg__type_support.cpp
[0.900s] -- Up-to-date: /home/mike/turtlebot3_ws/install/teb_msgs/include/teb_msgs/msg/detail/trajectory_point_msg__type_support.cpp
[0.900s] -- Up-to-date: /home/mike/turtlebot3_ws/install/teb_msgs/lib/libteb_msgs__rosidl_typesupport_introspection_cpp.so
[0.900s] -- Up-to-date: /home/mike/turtlebot3_ws/install/teb_msgs/lib/libteb_msgs__rosidl_typesupport_cpp.so
[0.900s] -- Up-to-date: /home/mike/turtlebot3_ws/install/teb_msgs/share/teb_msgs/environment/pythonpath.sh
[0.900s] -- Up-to-date: /home/mike/turtlebot3_ws/install/teb_msgs/share/teb_msgs/environment/pythonpath.dsv
[0.901s] -- Up-to-date: /home/mike/turtlebot3_ws/install/teb_msgs/lib/python3.8/site-packages/teb_msgs/__init__.py
[0.949s] -- Up-to-date: /home/mike/turtlebot3_ws/install/teb_msgs/lib/python3.8/site-packages/teb_msgs/msg
[0.949s] -- Up-to-date: /home/mike/turtlebot3_ws/install/teb_msgs/lib/python3.8/site-packages/teb_msgs/msg/_trajectory_msg_s.c
[0.949s] -- Up-to-date: /home/mike/turtlebot3_ws/install/teb_msgs/lib/python3.8/site-packages/teb_msgs/msg/_feedback_msg_s.c
[0.949s] -- Up-to-date: /home/mike/turtlebot3_ws/install/teb_msgs/lib/python3.8/site-packages/teb_msgs/msg/_feedback_msg.py
[0.949s] -- Up-to-date: /home/mike/turtlebot3_ws/install/teb_msgs/lib/python3.8/site-packages/teb_msgs/msg/__init__.py
[0.949s] -- Up-to-date: /home/mike/turtlebot3_ws/install/teb_msgs/lib/python3.8/site-packages/teb_msgs/msg/_trajectory_msg.py
[0.949s] -- Up-to-date: /home/mike/turtlebot3_ws/install/teb_msgs/lib/python3.8/site-packages/teb_msgs/msg/_trajectory_point_msg.py
[0.950s] -- Up-to-date: /home/mike/turtlebot3_ws/install/teb_msgs/lib/python3.8/site-packages/teb_msgs/msg/_trajectory_point_msg_s.c
[0.950s] -- Up-to-date: /home/mike/turtlebot3_ws/install/teb_msgs/lib/python3.8/site-packages/teb_msgs/teb_msgs_s__rosidl_typesupport_fastrtps_c.cpython-38-x86_64-linux-gnu.so
[0.951s] -- Up-to-date: /home/mike/turtlebot3_ws/install/teb_msgs/lib/python3.8/site-packages/teb_msgs/teb_msgs_s__rosidl_typesupport_introspection_c.cpython-38-x86_64-linux-gnu.so
[0.952s] -- Up-to-date: /home/mike/turtlebot3_ws/install/teb_msgs/lib/python3.8/site-packages/teb_msgs/teb_msgs_s__rosidl_typesupport_c.cpython-38-x86_64-linux-gnu.so
[0.952s] -- Up-to-date: /home/mike/turtlebot3_ws/install/teb_msgs/lib/libteb_msgs__python.so
[0.953s] -- Up-to-date: /home/mike/turtlebot3_ws/install/teb_msgs/share/teb_msgs/msg/FeedbackMsg.idl
[0.953s] -- Up-to-date: /home/mike/turtlebot3_ws/install/teb_msgs/share/teb_msgs/msg/TrajectoryMsg.idl
[0.953s] -- Up-to-date: /home/mike/turtlebot3_ws/install/teb_msgs/share/teb_msgs/msg/TrajectoryPointMsg.idl
[0.954s] -- Up-to-date: /home/mike/turtlebot3_ws/install/teb_msgs/share/teb_msgs/msg/FeedbackMsg.msg
[0.954s] -- Up-to-date: /home/mike/turtlebot3_ws/install/teb_msgs/share/teb_msgs/msg/TrajectoryMsg.msg
[0.954s] -- Up-to-date: /home/mike/turtlebot3_ws/install/teb_msgs/share/teb_msgs/msg/TrajectoryPointMsg.msg
[0.954s] -- Up-to-date: /home/mike/turtlebot3_ws/install/teb_msgs/share/ament_index/resource_index/package_run_dependencies/teb_msgs
[0.954s] -- Up-to-date: /home/mike/turtlebot3_ws/install/teb_msgs/share/ament_index/resource_index/parent_prefix_path/teb_msgs
[0.954s] -- Up-to-date: /home/mike/turtlebot3_ws/install/teb_msgs/share/teb_msgs/environment/ament_prefix_path.sh
[0.954s] -- Up-to-date: /home/mike/turtlebot3_ws/install/teb_msgs/share/teb_msgs/environment/ament_prefix_path.dsv
[0.954s] -- Up-to-date: /home/mike/turtlebot3_ws/install/teb_msgs/share/teb_msgs/environment/path.sh
[0.955s] -- Up-to-date: /home/mike/turtlebot3_ws/install/teb_msgs/share/teb_msgs/environment/path.dsv
[0.955s] -- Up-to-date: /home/mike/turtlebot3_ws/install/teb_msgs/share/teb_msgs/local_setup.bash
[0.955s] -- Up-to-date: /home/mike/turtlebot3_ws/install/teb_msgs/share/teb_msgs/local_setup.sh
[0.955s] -- Up-to-date: /home/mike/turtlebot3_ws/install/teb_msgs/share/teb_msgs/local_setup.zsh
[0.955s] -- Up-to-date: /home/mike/turtlebot3_ws/install/teb_msgs/share/teb_msgs/local_setup.dsv
[0.955s] -- Up-to-date: /home/mike/turtlebot3_ws/install/teb_msgs/share/teb_msgs/package.dsv
[0.955s] -- Up-to-date: /home/mike/turtlebot3_ws/install/teb_msgs/share/ament_index/resource_index/packages/teb_msgs
[0.955s] -- Up-to-date: /home/mike/turtlebot3_ws/install/teb_msgs/share/teb_msgs/cmake/teb_msgs__rosidl_generator_cExport.cmake
[0.955s] -- Up-to-date: /home/mike/turtlebot3_ws/install/teb_msgs/share/teb_msgs/cmake/teb_msgs__rosidl_generator_cExport-noconfig.cmake
[0.955s] -- Up-to-date: /home/mike/turtlebot3_ws/install/teb_msgs/share/teb_msgs/cmake/teb_msgs__rosidl_typesupport_introspection_cExport.cmake
[0.956s] -- Up-to-date: /home/mike/turtlebot3_ws/install/teb_msgs/share/teb_msgs/cmake/teb_msgs__rosidl_typesupport_introspection_cExport-noconfig.cmake
[0.956s] -- Up-to-date: /home/mike/turtlebot3_ws/install/teb_msgs/share/teb_msgs/cmake/teb_msgs__rosidl_typesupport_cExport.cmake
[0.956s] -- Up-to-date: /home/mike/turtlebot3_ws/install/teb_msgs/share/teb_msgs/cmake/teb_msgs__rosidl_typesupport_cExport-noconfig.cmake
[0.956s] -- Up-to-date: /home/mike/turtlebot3_ws/install/teb_msgs/share/teb_msgs/cmake/teb_msgs__rosidl_generator_cppExport.cmake
[0.956s] -- Up-to-date: /home/mike/turtlebot3_ws/install/teb_msgs/share/teb_msgs/cmake/teb_msgs__rosidl_typesupport_introspection_cppExport.cmake
[0.957s] -- Up-to-date: /home/mike/turtlebot3_ws/install/teb_msgs/share/teb_msgs/cmake/teb_msgs__rosidl_typesupport_introspection_cppExport-noconfig.cmake
[0.957s] -- Up-to-date: /home/mike/turtlebot3_ws/install/teb_msgs/share/teb_msgs/cmake/teb_msgs__rosidl_typesupport_cppExport.cmake
[0.957s] -- Up-to-date: /home/mike/turtlebot3_ws/install/teb_msgs/share/teb_msgs/cmake/teb_msgs__rosidl_typesupport_cppExport-noconfig.cmake
[0.957s] -- Up-to-date: /home/mike/turtlebot3_ws/install/teb_msgs/share/teb_msgs/cmake/rosidl_cmake-extras.cmake
[0.957s] -- Up-to-date: /home/mike/turtlebot3_ws/install/teb_msgs/share/teb_msgs/cmake/ament_cmake_export_dependencies-extras.cmake
[0.958s] -- Up-to-date: /home/mike/turtlebot3_ws/install/teb_msgs/share/teb_msgs/cmake/ament_cmake_export_libraries-extras.cmake
[0.958s] -- Up-to-date: /home/mike/turtlebot3_ws/install/teb_msgs/share/teb_msgs/cmake/ament_cmake_export_targets-extras.cmake
[0.958s] -- Up-to-date: /home/mike/turtlebot3_ws/install/teb_msgs/share/teb_msgs/cmake/ament_cmake_export_include_directories-extras.cmake
[0.958s] -- Up-to-date: /home/mike/turtlebot3_ws/install/teb_msgs/share/teb_msgs/cmake/rosidl_cmake_export_typesupport_libraries-extras.cmake
[0.958s] -- Up-to-date: /home/mike/turtlebot3_ws/install/teb_msgs/share/teb_msgs/cmake/rosidl_cmake_export_typesupport_targets-extras.cmake
[0.958s] -- Up-to-date: /home/mike/turtlebot3_ws/install/teb_msgs/share/teb_msgs/cmake/teb_msgsConfig.cmake
[0.958s] -- Up-to-date: /home/mike/turtlebot3_ws/install/teb_msgs/share/teb_msgs/cmake/teb_msgsConfig-version.cmake
[0.958s] -- Up-to-date: /home/mike/turtlebot3_ws/install/teb_msgs/share/teb_msgs/package.xml
[0.966s] Invoked command in '/home/mike/turtlebot3_ws/build/teb_msgs' returned '0': CMAKE_PREFIX_PATH=/home/mike/turtlebot3_ws/install/costmap_converter_msgs:/home/mike/turtlebot3_ws/install/turtlebot3:/home/mike/turtlebot3_ws/install/turtlebot3_simulations:/home/mike/turtlebot3_ws/install/turtlebot3_bringup:/home/mike/turtlebot3_ws/install/turtlebot3_node:/home/mike/turtlebot3_ws/install/turtlebot3_gazebo:/home/mike/turtlebot3_ws/install/turtlebot3_fake_node:/home/mike/turtlebot3_ws/install/turtlebot3_description:/home/mike/turtlebot3_ws/install/teb_local_planner:/home/mike/turtlebot3_ws/install/teb_msgs:/home/mike/turtlebot3_ws/install/costmap_converter:/opt/ros/galactic:/home/mike/turtlebot3_ws/install/turtlebot3_teleop:/home/mike/turtlebot3_ws/install/turtlebot3_example LD_LIBRARY_PATH=/home/mike/turtlebot3_ws/install/costmap_converter_msgs/lib:/usr/lib/x86_64-linux-gnu/gazebo-11/plugins:/opt/ros/galactic/opt/yaml_cpp_vendor/lib:/opt/ros/galactic/opt/rviz_ogre_vendor/lib:/opt/ros/galactic/lib/x86_64-linux-gnu:/opt/ros/galactic/lib:/home/mike/turtlebot3_ws/install/teb_local_planner/lib:/home/mike/turtlebot3_ws/install/teb_msgs/lib:/home/mike/turtlebot3_ws/install/costmap_converter/lib PYTHONPATH=/home/mike/turtlebot3_ws/install/costmap_converter_msgs/lib/python3.8/site-packages:/opt/ros/galactic/lib/python3.8/site-packages:/home/mike/turtlebot3_ws/install/turtlebot3_teleop/lib/python3.8/site-packages:/home/mike/turtlebot3_ws/install/turtlebot3_example/lib/python3.8/site-packages:/home/mike/turtlebot3_ws/install/teb_msgs/lib/python3.8/site-packages /usr/bin/cmake --install /home/mike/turtlebot3_ws/build/teb_msgs
