[0.092s] Invoking command in '/home/mike/turtlebot3_ws/build/turtlebot3_node': CMAKE_PREFIX_PATH=${CMAKE_PREFIX_PATH}:/home/mike/turtlebot3_ws/install/turtlebot3_teleop:/home/mike/turtlebot3_ws/install/turtlebot3_example:/opt/ros/galactic /usr/bin/cmake /home/mike/turtlebot3_ws/src/turtlebot3/turtlebot3_node -DCMAKE_INSTALL_PREFIX=/home/mike/turtlebot3_ws/install/turtlebot3_node
[0.766s] -- The C compiler identification is GNU 9.4.0
[0.766s] -- The CXX compiler identification is GNU 9.4.0
[0.767s] -- Check for working C compiler: /usr/bin/cc
[0.767s] -- Check for working C compiler: /usr/bin/cc -- works
[0.767s] -- Detecting C compiler ABI info
[0.883s] -- Detecting C compiler ABI info - done
[0.917s] -- Detecting C compile features
[0.918s] -- Detecting C compile features - done
[0.926s] -- Check for working CXX compiler: /usr/bin/c++
[1.136s] -- Check for working CXX compiler: /usr/bin/c++ -- works
[1.141s] -- Detecting CXX compiler ABI info
[1.371s] -- Detecting CXX compiler ABI info - done
[1.405s] -- Detecting CXX compile features
[1.408s] -- Detecting CXX compile features - done
[1.414s] -- Found ament_cmake: 1.1.5 (/opt/ros/galactic/share/ament_cmake/cmake)
[1.482s] -- Found PythonInterp: /usr/bin/python3 (found suitable version "3.8.10", minimum required is "3") 
[1.483s] -- Using PYTHON_EXECUTABLE: /usr/bin/python3
[1.720s] -- Found dynamixel_sdk: 3.7.40 (/opt/ros/galactic/share/dynamixel_sdk/cmake)
[1.729s] -- Found geometry_msgs: 2.2.4 (/opt/ros/galactic/share/geometry_msgs/cmake)
[1.820s] -- Using all available rosidl_typesupport_c: rosidl_typesupport_fastrtps_c;rosidl_typesupport_introspection_c
[1.836s] -- Found rosidl_adapter: 2.2.2 (/opt/ros/galactic/share/rosidl_adapter/cmake)
[2.083s] -- Found OpenSSL: /usr/lib/x86_64-linux-gnu/libcrypto.so (found version "1.1.1f")  
[2.178s] -- Found FastRTPS: /opt/ros/galactic/include  
[2.408s] -- Using all available rosidl_typesupport_cpp: rosidl_typesupport_fastrtps_cpp;rosidl_typesupport_introspection_cpp
[2.674s] -- Found message_filters: 3.2.6 (/opt/ros/galactic/share/message_filters/cmake)
[2.875s] -- Found rmw_implementation_cmake: 3.3.1 (/opt/ros/galactic/share/rmw_implementation_cmake/cmake)
[2.895s] -- Found rmw_cyclonedds_cpp: 0.22.5 (/opt/ros/galactic/share/rmw_cyclonedds_cpp/cmake)
[2.946s] -- Using RMW implementation 'rmw_cyclonedds_cpp' as default
[2.955s] -- Looking for pthread.h
[3.163s] -- Looking for pthread.h - found
[3.164s] -- Performing Test CMAKE_HAVE_LIBC_PTHREAD
[3.368s] -- Performing Test CMAKE_HAVE_LIBC_PTHREAD - Failed
[3.369s] -- Looking for pthread_create in pthreads
[3.523s] -- Looking for pthread_create in pthreads - not found
[3.528s] -- Looking for pthread_create in pthread
[3.709s] -- Looking for pthread_create in pthread - found
[3.713s] -- Found Threads: TRUE  
[4.156s] -- Found nav_msgs: 2.2.4 (/opt/ros/galactic/share/nav_msgs/cmake)
[4.378s] -- Found sensor_msgs: 2.2.4 (/opt/ros/galactic/share/sensor_msgs/cmake)
[4.600s] -- Found std_srvs: 2.2.4 (/opt/ros/galactic/share/std_srvs/cmake)
[4.633s] -- Found tf2: 0.17.4 (/opt/ros/galactic/share/tf2/cmake)
[4.665s] -- Found tf2_ros: 0.17.4 (/opt/ros/galactic/share/tf2_ros/cmake)
[5.726s] -- Found turtlebot3_msgs: 2.2.2 (/opt/ros/galactic/share/turtlebot3_msgs/cmake)
[6.224s] -- Configuring done
[6.314s] -- Generating done
[6.320s] -- Build files have been written to: /home/mike/turtlebot3_ws/build/turtlebot3_node
[6.360s] Invoked command in '/home/mike/turtlebot3_ws/build/turtlebot3_node' returned '0': CMAKE_PREFIX_PATH=${CMAKE_PREFIX_PATH}:/home/mike/turtlebot3_ws/install/turtlebot3_teleop:/home/mike/turtlebot3_ws/install/turtlebot3_example:/opt/ros/galactic /usr/bin/cmake /home/mike/turtlebot3_ws/src/turtlebot3/turtlebot3_node -DCMAKE_INSTALL_PREFIX=/home/mike/turtlebot3_ws/install/turtlebot3_node
[6.363s] Invoking command in '/home/mike/turtlebot3_ws/build/turtlebot3_node': CMAKE_PREFIX_PATH=${CMAKE_PREFIX_PATH}:/home/mike/turtlebot3_ws/install/turtlebot3_teleop:/home/mike/turtlebot3_ws/install/turtlebot3_example:/opt/ros/galactic /usr/bin/cmake --build /home/mike/turtlebot3_ws/build/turtlebot3_node -- -j4 -l4
[6.540s] [35m[1mScanning dependencies of target turtlebot3_node_lib[0m
[6.902s] [  7%] [32mBuilding CXX object CMakeFiles/turtlebot3_node_lib.dir/src/devices/motor_power.cpp.o[0m
[6.954s] [ 14%] [32mBuilding CXX object CMakeFiles/turtlebot3_node_lib.dir/src/devices/sound.cpp.o[0m
[6.974s] [ 21%] [32mBuilding CXX object CMakeFiles/turtlebot3_node_lib.dir/src/devices/reset.cpp.o[0m
[6.990s] [ 28%] [32mBuilding CXX object CMakeFiles/turtlebot3_node_lib.dir/src/diff_drive_controller.cpp.o[0m
[24.239s] [ 35%] [32mBuilding CXX object CMakeFiles/turtlebot3_node_lib.dir/src/dynamixel_sdk_wrapper.cpp.o[0m
[24.311s] [ 42%] [32mBuilding CXX object CMakeFiles/turtlebot3_node_lib.dir/src/odometry.cpp.o[0m
[25.581s] [ 50%] [32mBuilding CXX object CMakeFiles/turtlebot3_node_lib.dir/src/turtlebot3.cpp.o[0m
[26.140s] [ 57%] [32mBuilding CXX object CMakeFiles/turtlebot3_node_lib.dir/src/sensors/battery_state.cpp.o[0m
[26.944s] [ 64%] [32mBuilding CXX object CMakeFiles/turtlebot3_node_lib.dir/src/sensors/imu.cpp.o[0m
[101.590s] [ 71%] [32mBuilding CXX object CMakeFiles/turtlebot3_node_lib.dir/src/sensors/sensor_state.cpp.o[0m
[109.202s] [ 78%] [32mBuilding CXX object CMakeFiles/turtlebot3_node_lib.dir/src/sensors/joint_state.cpp.o[0m
[117.548s] [ 85%] [32m[1mLinking CXX static library libturtlebot3_node_lib.a[0m
[118.581s] [ 85%] Built target turtlebot3_node_lib
[118.608s] [35m[1mScanning dependencies of target turtlebot3_ros[0m
[118.721s] [ 92%] [32mBuilding CXX object CMakeFiles/turtlebot3_ros.dir/src/node_main.cpp.o[0m
[124.974s] [100%] [32m[1mLinking CXX executable turtlebot3_ros[0m
[128.535s] [100%] Built target turtlebot3_ros
[128.594s] Invoked command in '/home/mike/turtlebot3_ws/build/turtlebot3_node' returned '0': CMAKE_PREFIX_PATH=${CMAKE_PREFIX_PATH}:/home/mike/turtlebot3_ws/install/turtlebot3_teleop:/home/mike/turtlebot3_ws/install/turtlebot3_example:/opt/ros/galactic /usr/bin/cmake --build /home/mike/turtlebot3_ws/build/turtlebot3_node -- -j4 -l4
[128.676s] Invoking command in '/home/mike/turtlebot3_ws/build/turtlebot3_node': CMAKE_PREFIX_PATH=${CMAKE_PREFIX_PATH}:/home/mike/turtlebot3_ws/install/turtlebot3_teleop:/home/mike/turtlebot3_ws/install/turtlebot3_example:/opt/ros/galactic /usr/bin/cmake --install /home/mike/turtlebot3_ws/build/turtlebot3_node
[128.696s] -- Install configuration: ""
[128.697s] -- Installing: /home/mike/turtlebot3_ws/install/turtlebot3_node/share/turtlebot3_node/param
[128.697s] -- Installing: /home/mike/turtlebot3_ws/install/turtlebot3_node/share/turtlebot3_node/param/waffle.yaml
[128.697s] -- Installing: /home/mike/turtlebot3_ws/install/turtlebot3_node/share/turtlebot3_node/param/waffle_pi.yaml
[128.698s] -- Installing: /home/mike/turtlebot3_ws/install/turtlebot3_node/share/turtlebot3_node/param/burger.yaml
[128.699s] -- Installing: /home/mike/turtlebot3_ws/install/turtlebot3_node/lib/turtlebot3_node/turtlebot3_ros
[128.717s] -- Set runtime path of "/home/mike/turtlebot3_ws/install/turtlebot3_node/lib/turtlebot3_node/turtlebot3_ros" to ""
[128.718s] -- Installing: /home/mike/turtlebot3_ws/install/turtlebot3_node/share/ament_index/resource_index/package_run_dependencies/turtlebot3_node
[128.719s] -- Installing: /home/mike/turtlebot3_ws/install/turtlebot3_node/share/ament_index/resource_index/parent_prefix_path/turtlebot3_node
[128.720s] -- Installing: /home/mike/turtlebot3_ws/install/turtlebot3_node/share/turtlebot3_node/environment/ament_prefix_path.sh
[128.722s] -- Installing: /home/mike/turtlebot3_ws/install/turtlebot3_node/share/turtlebot3_node/environment/ament_prefix_path.dsv
[128.724s] -- Installing: /home/mike/turtlebot3_ws/install/turtlebot3_node/share/turtlebot3_node/environment/path.sh
[128.724s] -- Installing: /home/mike/turtlebot3_ws/install/turtlebot3_node/share/turtlebot3_node/environment/path.dsv
[128.724s] -- Installing: /home/mike/turtlebot3_ws/install/turtlebot3_node/share/turtlebot3_node/local_setup.bash
[128.724s] -- Installing: /home/mike/turtlebot3_ws/install/turtlebot3_node/share/turtlebot3_node/local_setup.sh
[128.724s] -- Installing: /home/mike/turtlebot3_ws/install/turtlebot3_node/share/turtlebot3_node/local_setup.zsh
[128.725s] -- Installing: /home/mike/turtlebot3_ws/install/turtlebot3_node/share/turtlebot3_node/local_setup.dsv
[128.725s] -- Installing: /home/mike/turtlebot3_ws/install/turtlebot3_node/share/turtlebot3_node/package.dsv
[128.726s] -- Installing: /home/mike/turtlebot3_ws/install/turtlebot3_node/share/ament_index/resource_index/packages/turtlebot3_node
[128.728s] -- Installing: /home/mike/turtlebot3_ws/install/turtlebot3_node/share/turtlebot3_node/cmake/ament_cmake_export_include_directories-extras.cmake
[128.728s] -- Installing: /home/mike/turtlebot3_ws/install/turtlebot3_node/share/turtlebot3_node/cmake/turtlebot3_nodeConfig.cmake
[128.728s] -- Installing: /home/mike/turtlebot3_ws/install/turtlebot3_node/share/turtlebot3_node/cmake/turtlebot3_nodeConfig-version.cmake
[128.729s] -- Installing: /home/mike/turtlebot3_ws/install/turtlebot3_node/share/turtlebot3_node/package.xml
[128.740s] Invoked command in '/home/mike/turtlebot3_ws/build/turtlebot3_node' returned '0': CMAKE_PREFIX_PATH=${CMAKE_PREFIX_PATH}:/home/mike/turtlebot3_ws/install/turtlebot3_teleop:/home/mike/turtlebot3_ws/install/turtlebot3_example:/opt/ros/galactic /usr/bin/cmake --install /home/mike/turtlebot3_ws/build/turtlebot3_node
