[0.045s] Invoking command in '/home/mike/turtlebot3_ws/build/turtlebot3_description': /usr/bin/cmake /home/mike/turtlebot3_ws/src/turtlebot3/turtlebot3_description -DCMAKE_INSTALL_PREFIX=/home/mike/turtlebot3_ws/install/turtlebot3_description
[0.323s] -- Configuring incomplete, errors occurred!
[0.323s] See also "/home/mike/turtlebot3_ws/build/turtlebot3_description/CMakeFiles/CMakeOutput.log".
[0.323s] CMake Error at CMakeLists.txt:18 (find_package):
[0.323s]   By not providing "Findament_cmake.cmake" in CMAKE_MODULE_PATH this project
[0.323s]   has asked CMake to find a package configuration file provided by
[0.324s]   "ament_cmake", but CMake did not find one.
[0.324s] 
[0.324s]   Could not find a package configuration file provided by "ament_cmake" with
[0.324s]   any of the following names:
[0.324s] 
[0.324s]     ament_cmakeConfig.cmake
[0.325s]     ament_cmake-config.cmake
[0.326s] 
[0.327s]   Add the installation prefix of "ament_cmake" to CMAKE_PREFIX_PATH or set
[0.330s]   "ament_cmake_DIR" to a directory containing one of the above files.  If
[0.330s]   "ament_cmake" provides a separate development package or SDK, be sure it
[0.330s]   has been installed.
[0.330s] 
[0.330s] 
[0.343s] Invoked command in '/home/mike/turtlebot3_ws/build/turtlebot3_description' returned '1': /usr/bin/cmake /home/mike/turtlebot3_ws/src/turtlebot3/turtlebot3_description -DCMAKE_INSTALL_PREFIX=/home/mike/turtlebot3_ws/install/turtlebot3_description
