[0.087s] Invoking command in '/home/mike/turtlebot3_ws/build/teb_local_planner': /usr/bin/cmake /home/mike/turtlebot3_ws/src/turtlebot3/teb_local_planner -DCATKIN_INSTALL_INTO_PREFIX_ROOT=0 -DCMAKE_INSTALL_PREFIX=/home/mike/turtlebot3_ws/install/teb_local_planner
[0.421s] -- The C compiler identification is GNU 9.4.0
[0.694s] -- The CXX compiler identification is GNU 9.4.0
[0.708s] -- Check for working C compiler: /usr/bin/cc
[0.825s] -- Check for working C compiler: /usr/bin/cc -- works
[0.828s] -- Detecting C compiler ABI info
[0.964s] -- Detecting C compiler ABI info - done
[0.995s] -- Detecting C compile features
[0.997s] -- Detecting C compile features - done
[1.009s] -- Check for working CXX compiler: /usr/bin/c++
[1.156s] -- Check for working CXX compiler: /usr/bin/c++ -- works
[1.158s] -- Detecting CXX compiler ABI info
[1.287s] -- Detecting CXX compiler ABI info - done
[1.317s] -- Detecting CXX compile features
[1.318s] -- Detecting CXX compile features - done
[1.337s] CMake Error at CMakeLists.txt:8 (find_package):
[1.338s]   By not providing "Findcatkin.cmake" in CMAKE_MODULE_PATH this project has
[1.338s]   asked CMake to find a package configuration file provided by "catkin", but
[1.338s]   CMake did not find one.
[1.338s] 
[1.338s]   Could not find a package configuration file provided by "catkin" with any
[1.338s]   of the following names:
[1.339s] 
[1.339s]     catkinConfig.cmake
[1.339s]     catkin-config.cmake
[1.339s] 
[1.339s]   Add the installation prefix of "catkin" to CMAKE_PREFIX_PATH or set
[1.339s]   "catkin_DIR" to a directory containing one of the above files.  If "catkin"
[1.339s]   provides a separate development package or SDK, be sure it has been
[1.340s]   installed.
[1.340s] 
[1.340s] 
[1.340s] -- Configuring incomplete, errors occurred!
[1.341s] See also "/home/mike/turtlebot3_ws/build/teb_local_planner/CMakeFiles/CMakeOutput.log".
[1.343s] Invoked command in '/home/mike/turtlebot3_ws/build/teb_local_planner' returned '1': /usr/bin/cmake /home/mike/turtlebot3_ws/src/turtlebot3/teb_local_planner -DCATKIN_INSTALL_INTO_PREFIX_ROOT=0 -DCMAKE_INSTALL_PREFIX=/home/mike/turtlebot3_ws/install/teb_local_planner
