[0.039s] Invoking command in '/home/mike/turtlebot3_ws/build/turtlebot3_fake_node': CMAKE_PREFIX_PATH=/opt/ros/galactic /usr/bin/cmake /home/mike/turtlebot3_ws/turtlebot3_simulations/turtlebot3_fake_node -DCMAKE_INSTALL_PREFIX=/home/mike/turtlebot3_ws/install/turtlebot3_fake_node
[0.136s] -- The C compiler identification is GNU 9.4.0
[0.246s] -- The CXX compiler identification is GNU 9.4.0
[0.253s] -- Check for working C compiler: /usr/bin/cc
[0.374s] -- Check for working C compiler: /usr/bin/cc -- works
[0.375s] -- Detecting C compiler ABI info
[0.482s] -- Detecting C compiler ABI info - done
[0.503s] -- Detecting C compile features
[0.504s] -- Detecting C compile features - done
[0.508s] -- Check for working CXX compiler: /usr/bin/c++
[0.639s] -- Check for working CXX compiler: /usr/bin/c++ -- works
[0.642s] -- Detecting CXX compiler ABI info
[0.761s] -- Detecting CXX compiler ABI info - done
[0.803s] -- Detecting CXX compile features
[0.803s] -- Detecting CXX compile features - done
[0.813s] -- Found ament_cmake: 1.1.5 (/opt/ros/galactic/share/ament_cmake/cmake)
[0.844s] -- Found PythonInterp: /usr/bin/python3 (found suitable version "3.8.10", minimum required is "3") 
[0.844s] -- Using PYTHON_EXECUTABLE: /usr/bin/python3
[0.965s] -- Found geometry_msgs: 2.2.4 (/opt/ros/galactic/share/geometry_msgs/cmake)
[1.013s] -- Using all available rosidl_typesupport_c: rosidl_typesupport_fastrtps_c;rosidl_typesupport_introspection_c
[1.024s] -- Found rosidl_adapter: 2.2.2 (/opt/ros/galactic/share/rosidl_adapter/cmake)
[1.155s] -- Found OpenSSL: /usr/lib/x86_64-linux-gnu/libcrypto.so (found version "1.1.1f")  
[1.204s] -- Found FastRTPS: /opt/ros/galactic/include  
[1.339s] -- Using all available rosidl_typesupport_cpp: rosidl_typesupport_fastrtps_cpp;rosidl_typesupport_introspection_cpp
[1.499s] -- Found nav_msgs: 2.2.4 (/opt/ros/galactic/share/nav_msgs/cmake)
[1.645s] -- Found rclcpp: 9.2.1 (/opt/ros/galactic/share/rclcpp/cmake)
[1.741s] -- Found rmw_implementation_cmake: 3.3.1 (/opt/ros/galactic/share/rmw_implementation_cmake/cmake)
[1.747s] -- Found rmw_cyclonedds_cpp: 0.22.5 (/opt/ros/galactic/share/rmw_cyclonedds_cpp/cmake)
[1.786s] -- Using RMW implementation 'rmw_cyclonedds_cpp' as default
[1.787s] -- Looking for pthread.h
[1.917s] -- Looking for pthread.h - found
[1.917s] -- Performing Test CMAKE_HAVE_LIBC_PTHREAD
[2.031s] -- Performing Test CMAKE_HAVE_LIBC_PTHREAD - Failed
[2.031s] -- Looking for pthread_create in pthreads
[2.201s] -- Looking for pthread_create in pthreads - not found
[2.201s] -- Looking for pthread_create in pthread
[2.352s] -- Looking for pthread_create in pthread - found
[2.354s] -- Found Threads: TRUE  
[2.810s] -- Found sensor_msgs: 2.2.4 (/opt/ros/galactic/share/sensor_msgs/cmake)
[3.094s] -- Found tf2: 0.17.4 (/opt/ros/galactic/share/tf2/cmake)
[3.142s] -- Found tf2_msgs: 0.17.4 (/opt/ros/galactic/share/tf2_msgs/cmake)
[4.074s] -- Found turtlebot3_msgs: 2.2.2 (/opt/ros/galactic/share/turtlebot3_msgs/cmake)
[4.994s] -- Configuring done
[5.057s] -- Generating done
[5.069s] -- Build files have been written to: /home/mike/turtlebot3_ws/build/turtlebot3_fake_node
[5.106s] Invoked command in '/home/mike/turtlebot3_ws/build/turtlebot3_fake_node' returned '0': CMAKE_PREFIX_PATH=/opt/ros/galactic /usr/bin/cmake /home/mike/turtlebot3_ws/turtlebot3_simulations/turtlebot3_fake_node -DCMAKE_INSTALL_PREFIX=/home/mike/turtlebot3_ws/install/turtlebot3_fake_node
[5.107s] Invoking command in '/home/mike/turtlebot3_ws/build/turtlebot3_fake_node': CMAKE_PREFIX_PATH=/opt/ros/galactic /usr/bin/cmake --build /home/mike/turtlebot3_ws/build/turtlebot3_fake_node -- -j4 -l4
[5.373s] [35m[1mScanning dependencies of target turtlebot3_fake_node[0m
[5.604s] [ 50%] [32mBuilding CXX object CMakeFiles/turtlebot3_fake_node.dir/src/turtlebot3_fake_node.cpp.o[0m
[43.675s] [100%] [32m[1mLinking CXX executable turtlebot3_fake_node[0m
[45.734s] [100%] Built target turtlebot3_fake_node
[45.770s] Invoked command in '/home/mike/turtlebot3_ws/build/turtlebot3_fake_node' returned '0': CMAKE_PREFIX_PATH=/opt/ros/galactic /usr/bin/cmake --build /home/mike/turtlebot3_ws/build/turtlebot3_fake_node -- -j4 -l4
[46.056s] Invoking command in '/home/mike/turtlebot3_ws/build/turtlebot3_fake_node': CMAKE_PREFIX_PATH=/opt/ros/galactic /usr/bin/cmake --install /home/mike/turtlebot3_ws/build/turtlebot3_fake_node
[46.107s] -- Install configuration: ""
[46.109s] -- Installing: /home/mike/turtlebot3_ws/install/turtlebot3_fake_node/lib/turtlebot3_fake_node/turtlebot3_fake_node
[46.119s] -- Set runtime path of "/home/mike/turtlebot3_ws/install/turtlebot3_fake_node/lib/turtlebot3_fake_node/turtlebot3_fake_node" to ""
[46.122s] -- Installing: /home/mike/turtlebot3_ws/install/turtlebot3_fake_node/share/turtlebot3_fake_node/launch
[46.123s] -- Installing: /home/mike/turtlebot3_ws/install/turtlebot3_fake_node/share/turtlebot3_fake_node/launch/turtlebot3_fake_node.launch.py
[46.124s] -- Installing: /home/mike/turtlebot3_ws/install/turtlebot3_fake_node/share/turtlebot3_fake_node/launch/rviz2.launch.py
[46.124s] -- Installing: /home/mike/turtlebot3_ws/install/turtlebot3_fake_node/share/turtlebot3_fake_node/param
[46.125s] -- Installing: /home/mike/turtlebot3_ws/install/turtlebot3_fake_node/share/turtlebot3_fake_node/param/waffle.yaml
[46.125s] -- Installing: /home/mike/turtlebot3_ws/install/turtlebot3_fake_node/share/turtlebot3_fake_node/param/waffle_pi.yaml
[46.126s] -- Installing: /home/mike/turtlebot3_ws/install/turtlebot3_fake_node/share/turtlebot3_fake_node/param/burger.yaml
[46.127s] -- Installing: /home/mike/turtlebot3_ws/install/turtlebot3_fake_node/include/
[46.127s] -- Installing: /home/mike/turtlebot3_ws/install/turtlebot3_fake_node/include//turtlebot3_fake_node
[46.128s] -- Installing: /home/mike/turtlebot3_ws/install/turtlebot3_fake_node/include//turtlebot3_fake_node/turtlebot3_fake_node.hpp
[46.129s] -- Installing: /home/mike/turtlebot3_ws/install/turtlebot3_fake_node/share/ament_index/resource_index/package_run_dependencies/turtlebot3_fake_node
[46.138s] -- Installing: /home/mike/turtlebot3_ws/install/turtlebot3_fake_node/share/ament_index/resource_index/parent_prefix_path/turtlebot3_fake_node
[46.141s] -- Installing: /home/mike/turtlebot3_ws/install/turtlebot3_fake_node/share/turtlebot3_fake_node/environment/ament_prefix_path.sh
[46.141s] -- Installing: /home/mike/turtlebot3_ws/install/turtlebot3_fake_node/share/turtlebot3_fake_node/environment/ament_prefix_path.dsv
[46.142s] -- Installing: /home/mike/turtlebot3_ws/install/turtlebot3_fake_node/share/turtlebot3_fake_node/environment/path.sh
[46.143s] -- Installing: /home/mike/turtlebot3_ws/install/turtlebot3_fake_node/share/turtlebot3_fake_node/environment/path.dsv
[46.144s] -- Installing: /home/mike/turtlebot3_ws/install/turtlebot3_fake_node/share/turtlebot3_fake_node/local_setup.bash
[46.144s] -- Installing: /home/mike/turtlebot3_ws/install/turtlebot3_fake_node/share/turtlebot3_fake_node/local_setup.sh
[46.145s] -- Installing: /home/mike/turtlebot3_ws/install/turtlebot3_fake_node/share/turtlebot3_fake_node/local_setup.zsh
[46.146s] -- Installing: /home/mike/turtlebot3_ws/install/turtlebot3_fake_node/share/turtlebot3_fake_node/local_setup.dsv
[46.146s] -- Installing: /home/mike/turtlebot3_ws/install/turtlebot3_fake_node/share/turtlebot3_fake_node/package.dsv
[46.147s] -- Installing: /home/mike/turtlebot3_ws/install/turtlebot3_fake_node/share/ament_index/resource_index/packages/turtlebot3_fake_node
[46.148s] -- Installing: /home/mike/turtlebot3_ws/install/turtlebot3_fake_node/share/turtlebot3_fake_node/cmake/ament_cmake_export_include_directories-extras.cmake
[46.148s] -- Installing: /home/mike/turtlebot3_ws/install/turtlebot3_fake_node/share/turtlebot3_fake_node/cmake/ament_cmake_export_dependencies-extras.cmake
[46.149s] -- Installing: /home/mike/turtlebot3_ws/install/turtlebot3_fake_node/share/turtlebot3_fake_node/cmake/turtlebot3_fake_nodeConfig.cmake
[46.150s] -- Installing: /home/mike/turtlebot3_ws/install/turtlebot3_fake_node/share/turtlebot3_fake_node/cmake/turtlebot3_fake_nodeConfig-version.cmake
[46.150s] -- Installing: /home/mike/turtlebot3_ws/install/turtlebot3_fake_node/share/turtlebot3_fake_node/package.xml
[46.163s] Invoked command in '/home/mike/turtlebot3_ws/build/turtlebot3_fake_node' returned '0': CMAKE_PREFIX_PATH=/opt/ros/galactic /usr/bin/cmake --install /home/mike/turtlebot3_ws/build/turtlebot3_fake_node
