[0.053s] Invoking command in '/home/mike/turtlebot3_ws/build/turtlebot3_node': /usr/bin/cmake /home/mike/turtlebot3_ws/src/turtlebot3/turtlebot3_node -DAMENT_CMAKE_SYMLINK_INSTALL=1 -DCMAKE_INSTALL_PREFIX=/home/mike/turtlebot3_ws/install/turtlebot3_node
[0.089s] CMake Error at CMakeLists.txt:18 (find_package):
[0.090s]   By not providing "Findament_cmake.cmake" in CMAKE_MODULE_PATH this project
[0.090s]   has asked CMake to find a package configuration file provided by
[0.090s]   "ament_cmake", but CMake did not find one.
[0.090s] 
[0.090s]   Could not find a package configuration file provided by "ament_cmake" with
[0.090s]   any of the following names:
[0.091s] 
[0.091s]     ament_cmakeConfig.cmake
[0.091s]     ament_cmake-config.cmake
[0.091s] 
[0.091s]   Add the installation prefix of "ament_cmake" to CMAKE_PREFIX_PATH or set
[0.091s]   "ament_cmake_DIR" to a directory containing one of the above files.  If
[0.091s]   "ament_cmake" provides a separate development package or SDK, be sure it
[0.091s]   has been installed.
[0.091s] 
[0.091s] 
[0.092s] -- Configuring incomplete, errors occurred!
[0.092s] See also "/home/mike/turtlebot3_ws/build/turtlebot3_node/CMakeFiles/CMakeOutput.log".
[0.305s] Invoked command in '/home/mike/turtlebot3_ws/build/turtlebot3_node' returned '1': /usr/bin/cmake /home/mike/turtlebot3_ws/src/turtlebot3/turtlebot3_node -DAMENT_CMAKE_SYMLINK_INSTALL=1 -DCMAKE_INSTALL_PREFIX=/home/mike/turtlebot3_ws/install/turtlebot3_node
