[0.026s] Invoking command in '/home/mike/turtlebot3_ws/build/teb_local_planner': AMENT_PREFIX_PATH=/home/mike/turtlebot3_ws/install/teb_msgs:/home/mike/turtlebot3_ws/install/costmap_converter:/home/mike/turtlebot3_ws/install/costmap_converter_msgs:${AMENT_PREFIX_PATH} CMAKE_PREFIX_PATH=/home/mike/turtlebot3_ws/install/teb_msgs:/home/mike/turtlebot3_ws/install/costmap_converter:/home/mike/turtlebot3_ws/install/costmap_converter_msgs:/opt/ros/galactic LD_LIBRARY_PATH=/home/mike/turtlebot3_ws/install/teb_msgs/lib:/home/mike/turtlebot3_ws/install/costmap_converter/lib:/home/mike/turtlebot3_ws/install/costmap_converter_msgs/lib:${LD_LIBRARY_PATH} PATH=/home/mike/turtlebot3_ws/install/costmap_converter/bin:${PATH} PYTHONPATH=/home/mike/turtlebot3_ws/install/teb_msgs/lib/python3.8/site-packages:/home/mike/turtlebot3_ws/install/costmap_converter_msgs/lib/python3.8/site-packages:${PYTHONPATH} /usr/bin/cmake /home/mike/turtlebot3_ws/src/turtlebot3/teb_local_planner/teb_local_planner -DCMAKE_INSTALL_PREFIX=/home/mike/turtlebot3_ws/install/teb_local_planner
[0.105s] -- The C compiler identification is GNU 9.4.0
[0.183s] -- The CXX compiler identification is GNU 9.4.0
[0.191s] -- Check for working C compiler: /usr/bin/cc
[0.287s] -- Check for working C compiler: /usr/bin/cc -- works
[0.288s] -- Detecting C compiler ABI info
[0.392s] -- Detecting C compiler ABI info - done
[0.409s] -- Detecting C compile features
[0.410s] -- Detecting C compile features - done
[0.413s] -- Check for working CXX compiler: /usr/bin/c++
[0.533s] -- Check for working CXX compiler: /usr/bin/c++ -- works
[0.534s] -- Detecting CXX compiler ABI info
[0.651s] -- Detecting CXX compiler ABI info - done
[0.666s] -- Detecting CXX compile features
[0.667s] -- Detecting CXX compile features - done
[0.670s] -- Found ament_cmake: 1.1.5 (/opt/ros/galactic/share/ament_cmake/cmake)
[0.709s] -- Found PythonInterp: /usr/bin/python3 (found suitable version "3.8.10", minimum required is "3") 
[0.709s] -- Using PYTHON_EXECUTABLE: /usr/bin/python3
[0.815s] -- Found costmap_converter: 0.1.2 (/home/mike/turtlebot3_ws/install/costmap_converter/share/costmap_converter/cmake)
[0.878s] -- Using all available rosidl_typesupport_c: rosidl_typesupport_fastrtps_c;rosidl_typesupport_introspection_c
[0.888s] -- Found rosidl_adapter: 2.2.2 (/opt/ros/galactic/share/rosidl_adapter/cmake)
[1.021s] -- Found OpenSSL: /usr/lib/x86_64-linux-gnu/libcrypto.so (found version "1.1.1f")  
[1.062s] -- Found FastRTPS: /opt/ros/galactic/include  
[1.157s] -- Using all available rosidl_typesupport_cpp: rosidl_typesupport_fastrtps_cpp;rosidl_typesupport_introspection_cpp
[2.100s] -- Found rmw_implementation_cmake: 3.3.1 (/opt/ros/galactic/share/rmw_implementation_cmake/cmake)
[2.105s] -- Found rmw_cyclonedds_cpp: 0.22.5 (/opt/ros/galactic/share/rmw_cyclonedds_cpp/cmake)
[2.132s] -- Using RMW implementation 'rmw_cyclonedds_cpp' as default
[2.133s] -- Looking for pthread.h
[2.243s] -- Looking for pthread.h - found
[2.243s] -- Performing Test CMAKE_HAVE_LIBC_PTHREAD
[2.365s] -- Performing Test CMAKE_HAVE_LIBC_PTHREAD - Failed
[2.365s] -- Looking for pthread_create in pthreads
[2.445s] -- Looking for pthread_create in pthreads - not found
[2.446s] -- Looking for pthread_create in pthread
[2.554s] -- Looking for pthread_create in pthread - found
[2.555s] -- Found Threads: TRUE  
[3.674s] -- Found Eigen3: TRUE (found version "3.3.7") 
[5.141s] -- Found dwb_critics: 1.0.12 (/opt/ros/galactic/share/dwb_critics/cmake)
[11.742s] -- Found teb_msgs: 0.0.1 (/home/mike/turtlebot3_ws/install/teb_msgs/share/teb_msgs/cmake)
[11.916s] -- Found tf2_eigen: 0.17.4 (/opt/ros/galactic/share/tf2_eigen/cmake)
[11.922s] -- System: Linux-5.15.0-50-generic
[11.922s] -- /opt/ros/galactic/share/tinyxml2_vendor/cmake/Modules;/opt/ros/galactic/share/eigen3_cmake_module/cmake/Modules;/opt/ros/galactic/share/fastrtps_cmake_module/cmake/Modules;/home/mike/turtlebot3_ws/src/turtlebot3/teb_local_planner/teb_local_planner/cmake_modules
[11.926s] -- Found SuiteSparse
[11.927s] -- Searching for g2o ...
[11.952s] CMake Error at cmake_modules/FindG2O.cmake:85 (message):
[11.952s]   Could not find libg2o!
[11.952s] Call Stack (most recent call first):
[11.953s]   CMakeLists.txt:45 (find_package)
[11.953s] 
[11.953s] 
[11.955s] -- Configuring incomplete, errors occurred!
[11.955s] See also "/home/mike/turtlebot3_ws/build/teb_local_planner/CMakeFiles/CMakeOutput.log".
[11.956s] See also "/home/mike/turtlebot3_ws/build/teb_local_planner/CMakeFiles/CMakeError.log".
[11.968s] Invoked command in '/home/mike/turtlebot3_ws/build/teb_local_planner' returned '1': AMENT_PREFIX_PATH=/home/mike/turtlebot3_ws/install/teb_msgs:/home/mike/turtlebot3_ws/install/costmap_converter:/home/mike/turtlebot3_ws/install/costmap_converter_msgs:${AMENT_PREFIX_PATH} CMAKE_PREFIX_PATH=/home/mike/turtlebot3_ws/install/teb_msgs:/home/mike/turtlebot3_ws/install/costmap_converter:/home/mike/turtlebot3_ws/install/costmap_converter_msgs:/opt/ros/galactic LD_LIBRARY_PATH=/home/mike/turtlebot3_ws/install/teb_msgs/lib:/home/mike/turtlebot3_ws/install/costmap_converter/lib:/home/mike/turtlebot3_ws/install/costmap_converter_msgs/lib:${LD_LIBRARY_PATH} PATH=/home/mike/turtlebot3_ws/install/costmap_converter/bin:${PATH} PYTHONPATH=/home/mike/turtlebot3_ws/install/teb_msgs/lib/python3.8/site-packages:/home/mike/turtlebot3_ws/install/costmap_converter_msgs/lib/python3.8/site-packages:${PYTHONPATH} /usr/bin/cmake /home/mike/turtlebot3_ws/src/turtlebot3/teb_local_planner/teb_local_planner -DCMAKE_INSTALL_PREFIX=/home/mike/turtlebot3_ws/install/teb_local_planner
