[0.054s] Invoking command in '/home/mike/turtlebot3_ws/build/turtlebot3_description': CMAKE_PREFIX_PATH=/opt/ros/galactic /usr/bin/cmake /home/mike/turtlebot3_ws/src/turtlebot3/turtlebot3_description -DCMAKE_INSTALL_PREFIX=/home/mike/turtlebot3_ws/install/turtlebot3_description
[0.176s] -- The C compiler identification is GNU 9.4.0
[0.283s] -- The CXX compiler identification is GNU 9.4.0
[0.296s] -- Check for working C compiler: /usr/bin/cc
[0.474s] -- Check for working C compiler: /usr/bin/cc -- works
[0.478s] -- Detecting C compiler ABI info
[0.637s] -- Detecting C compiler ABI info - done
[0.659s] -- Detecting C compile features
[0.660s] -- Detecting C compile features - done
[0.666s] -- Check for working CXX compiler: /usr/bin/c++
[0.833s] -- Check for working CXX compiler: /usr/bin/c++ -- works
[0.836s] -- Detecting CXX compiler ABI info
[0.969s] -- Detecting CXX compiler ABI info - done
[0.993s] -- Detecting CXX compile features
[0.994s] -- Detecting CXX compile features - done
[1.003s] -- Found ament_cmake: 1.1.5 (/opt/ros/galactic/share/ament_cmake/cmake)
[1.061s] -- Found PythonInterp: /usr/bin/python3 (found suitable version "3.8.10", minimum required is "3") 
[1.061s] -- Using PYTHON_EXECUTABLE: /usr/bin/python3
[1.262s] -- Found urdf: 2.5.2 (/opt/ros/galactic/share/urdf/cmake)
[1.507s] -- Configuring done
[1.511s] -- Generating done
[1.513s] -- Build files have been written to: /home/mike/turtlebot3_ws/build/turtlebot3_description
[1.526s] Invoked command in '/home/mike/turtlebot3_ws/build/turtlebot3_description' returned '0': CMAKE_PREFIX_PATH=/opt/ros/galactic /usr/bin/cmake /home/mike/turtlebot3_ws/src/turtlebot3/turtlebot3_description -DCMAKE_INSTALL_PREFIX=/home/mike/turtlebot3_ws/install/turtlebot3_description
[1.529s] Invoking command in '/home/mike/turtlebot3_ws/build/turtlebot3_description': CMAKE_PREFIX_PATH=/opt/ros/galactic /usr/bin/cmake --build /home/mike/turtlebot3_ws/build/turtlebot3_description -- -j4 -l4
[1.593s] Invoked command in '/home/mike/turtlebot3_ws/build/turtlebot3_description' returned '0': CMAKE_PREFIX_PATH=/opt/ros/galactic /usr/bin/cmake --build /home/mike/turtlebot3_ws/build/turtlebot3_description -- -j4 -l4
[1.654s] Invoking command in '/home/mike/turtlebot3_ws/build/turtlebot3_description': CMAKE_PREFIX_PATH=/opt/ros/galactic /usr/bin/cmake --install /home/mike/turtlebot3_ws/build/turtlebot3_description
[1.668s] -- Install configuration: ""
[1.668s] -- Installing: /home/mike/turtlebot3_ws/install/turtlebot3_description/share/turtlebot3_description/meshes
[1.668s] -- Installing: /home/mike/turtlebot3_ws/install/turtlebot3_description/share/turtlebot3_description/meshes/wheels
[1.668s] -- Installing: /home/mike/turtlebot3_ws/install/turtlebot3_description/share/turtlebot3_description/meshes/wheels/left_tire.stl
[1.672s] -- Installing: /home/mike/turtlebot3_ws/install/turtlebot3_description/share/turtlebot3_description/meshes/wheels/right_tire.stl
[1.676s] -- Installing: /home/mike/turtlebot3_ws/install/turtlebot3_description/share/turtlebot3_description/meshes/bases
[1.677s] -- Installing: /home/mike/turtlebot3_ws/install/turtlebot3_description/share/turtlebot3_description/meshes/bases/waffle_pi_base.stl
[1.697s] -- Installing: /home/mike/turtlebot3_ws/install/turtlebot3_description/share/turtlebot3_description/meshes/bases/burger_base.stl
[1.710s] -- Installing: /home/mike/turtlebot3_ws/install/turtlebot3_description/share/turtlebot3_description/meshes/bases/waffle_base.stl
[1.756s] -- Installing: /home/mike/turtlebot3_ws/install/turtlebot3_description/share/turtlebot3_description/meshes/sensors
[1.756s] -- Installing: /home/mike/turtlebot3_ws/install/turtlebot3_description/share/turtlebot3_description/meshes/sensors/r200.jpg
[1.757s] -- Installing: /home/mike/turtlebot3_ws/install/turtlebot3_description/share/turtlebot3_description/meshes/sensors/r200.dae
[1.759s] -- Installing: /home/mike/turtlebot3_ws/install/turtlebot3_description/share/turtlebot3_description/meshes/sensors/lds.stl
[1.762s] -- Installing: /home/mike/turtlebot3_ws/install/turtlebot3_description/share/turtlebot3_description/meshes/sensors/astra.jpg
[1.763s] -- Installing: /home/mike/turtlebot3_ws/install/turtlebot3_description/share/turtlebot3_description/meshes/sensors/astra.dae
[1.796s] -- Installing: /home/mike/turtlebot3_ws/install/turtlebot3_description/share/turtlebot3_description/rviz
[1.796s] -- Installing: /home/mike/turtlebot3_ws/install/turtlebot3_description/share/turtlebot3_description/rviz/model.rviz
[1.797s] -- Installing: /home/mike/turtlebot3_ws/install/turtlebot3_description/share/turtlebot3_description/urdf
[1.798s] -- Installing: /home/mike/turtlebot3_ws/install/turtlebot3_description/share/turtlebot3_description/urdf/turtlebot3_waffle_pi.urdf
[1.799s] -- Installing: /home/mike/turtlebot3_ws/install/turtlebot3_description/share/turtlebot3_description/urdf/turtlebot3_waffle.urdf
[1.805s] -- Installing: /home/mike/turtlebot3_ws/install/turtlebot3_description/share/turtlebot3_description/urdf/common_properties.urdf
[1.809s] -- Installing: /home/mike/turtlebot3_ws/install/turtlebot3_description/share/turtlebot3_description/urdf/turtlebot3_burger.urdf
[1.810s] -- Installing: /home/mike/turtlebot3_ws/install/turtlebot3_description/share/ament_index/resource_index/package_run_dependencies/turtlebot3_description
[1.810s] -- Installing: /home/mike/turtlebot3_ws/install/turtlebot3_description/share/ament_index/resource_index/parent_prefix_path/turtlebot3_description
[1.811s] -- Installing: /home/mike/turtlebot3_ws/install/turtlebot3_description/share/turtlebot3_description/environment/ament_prefix_path.sh
[1.813s] -- Installing: /home/mike/turtlebot3_ws/install/turtlebot3_description/share/turtlebot3_description/environment/ament_prefix_path.dsv
[1.814s] -- Installing: /home/mike/turtlebot3_ws/install/turtlebot3_description/share/turtlebot3_description/environment/path.sh
[1.814s] -- Installing: /home/mike/turtlebot3_ws/install/turtlebot3_description/share/turtlebot3_description/environment/path.dsv
[1.817s] -- Installing: /home/mike/turtlebot3_ws/install/turtlebot3_description/share/turtlebot3_description/local_setup.bash
[1.833s] -- Installing: /home/mike/turtlebot3_ws/install/turtlebot3_description/share/turtlebot3_description/local_setup.sh
[1.833s] -- Installing: /home/mike/turtlebot3_ws/install/turtlebot3_description/share/turtlebot3_description/local_setup.zsh
[1.833s] -- Installing: /home/mike/turtlebot3_ws/install/turtlebot3_description/share/turtlebot3_description/local_setup.dsv
[1.833s] -- Installing: /home/mike/turtlebot3_ws/install/turtlebot3_description/share/turtlebot3_description/package.dsv
[1.834s] -- Installing: /home/mike/turtlebot3_ws/install/turtlebot3_description/share/ament_index/resource_index/packages/turtlebot3_description
[1.834s] -- Installing: /home/mike/turtlebot3_ws/install/turtlebot3_description/share/turtlebot3_description/cmake/turtlebot3_descriptionConfig.cmake
[1.834s] -- Installing: /home/mike/turtlebot3_ws/install/turtlebot3_description/share/turtlebot3_description/cmake/turtlebot3_descriptionConfig-version.cmake
[1.834s] -- Installing: /home/mike/turtlebot3_ws/install/turtlebot3_description/share/turtlebot3_description/package.xml
[1.836s] Invoked command in '/home/mike/turtlebot3_ws/build/turtlebot3_description' returned '0': CMAKE_PREFIX_PATH=/opt/ros/galactic /usr/bin/cmake --install /home/mike/turtlebot3_ws/build/turtlebot3_description
