[0.111s] Invoking command in '/home/mike/turtlebot3_ws/build/costmap_converter': AMENT_PREFIX_PATH=/home/mike/turtlebot3_ws/install/costmap_converter_msgs:${AMENT_PREFIX_PATH} CMAKE_PREFIX_PATH=/home/mike/turtlebot3_ws/install/costmap_converter_msgs:/opt/ros/galactic LD_LIBRARY_PATH=/home/mike/turtlebot3_ws/install/costmap_converter_msgs/lib:${LD_LIBRARY_PATH} PYTHONPATH=/home/mike/turtlebot3_ws/install/costmap_converter_msgs/lib/python3.8/site-packages:${PYTHONPATH} /usr/bin/cmake /home/mike/turtlebot3_ws/src/turtlebot3/costmap_converter/costmap_converter -DCMAKE_INSTALL_PREFIX=/home/mike/turtlebot3_ws/install/costmap_converter
[0.452s] -- The C compiler identification is GNU 9.4.0
[0.717s] -- The CXX compiler identification is GNU 9.4.0
[0.733s] -- Check for working C compiler: /usr/bin/cc
[1.228s] -- Check for working C compiler: /usr/bin/cc -- works
[1.231s] -- Detecting C compiler ABI info
[1.601s] -- Detecting C compiler ABI info - done
[1.659s] -- Detecting C compile features
[1.660s] -- Detecting C compile features - done
[1.672s] -- Check for working CXX compiler: /usr/bin/c++
[2.166s] -- Check for working CXX compiler: /usr/bin/c++ -- works
[2.168s] -- Detecting CXX compiler ABI info
[2.779s] -- Detecting CXX compiler ABI info - done
[2.843s] -- Detecting CXX compile features
[2.856s] -- Detecting CXX compile features - done
[2.875s] -- Found ament_cmake: 1.1.5 (/opt/ros/galactic/share/ament_cmake/cmake)
[2.974s] -- Found PythonInterp: /usr/bin/python3 (found suitable version "3.8.10", minimum required is "3") 
[2.974s] -- Using PYTHON_EXECUTABLE: /usr/bin/python3
[3.465s] -- Found class_loader: 2.1.2 (/opt/ros/galactic/share/class_loader/cmake)
[3.592s] -- Found costmap_converter_msgs: 0.1.2 (/home/mike/turtlebot3_ws/install/costmap_converter_msgs/share/costmap_converter_msgs/cmake)
[3.710s] -- Using all available rosidl_typesupport_c: rosidl_typesupport_fastrtps_c;rosidl_typesupport_introspection_c
[3.768s] -- Found rosidl_adapter: 2.2.2 (/opt/ros/galactic/share/rosidl_adapter/cmake)
[4.396s] -- Found OpenSSL: /usr/lib/x86_64-linux-gnu/libcrypto.so (found version "1.1.1f")  
[4.593s] -- Found FastRTPS: /opt/ros/galactic/include  
[5.085s] -- Using all available rosidl_typesupport_cpp: rosidl_typesupport_fastrtps_cpp;rosidl_typesupport_introspection_cpp
[6.228s] -- Found cv_bridge: 2.2.1 (/opt/ros/galactic/share/cv_bridge/cmake)
[6.358s] -- Found nav2_costmap_2d: 1.0.12 (/opt/ros/galactic/share/nav2_costmap_2d/cmake)
[8.970s] -- Found rmw_implementation_cmake: 3.3.1 (/opt/ros/galactic/share/rmw_implementation_cmake/cmake)
[8.978s] -- Found rmw_cyclonedds_cpp: 0.22.5 (/opt/ros/galactic/share/rmw_cyclonedds_cpp/cmake)
[9.065s] -- Using RMW implementation 'rmw_cyclonedds_cpp' as default
[9.070s] -- Looking for pthread.h
[9.610s] -- Looking for pthread.h - found
[9.611s] -- Performing Test CMAKE_HAVE_LIBC_PTHREAD
[10.106s] -- Performing Test CMAKE_HAVE_LIBC_PTHREAD - Failed
[10.107s] -- Looking for pthread_create in pthreads
[10.527s] -- Looking for pthread_create in pthreads - not found
[10.527s] -- Looking for pthread_create in pthread
[10.970s] -- Looking for pthread_create in pthread - found
[10.973s] -- Found Threads: TRUE  
[14.640s] -- Found Eigen3: TRUE (found version "3.3.7") 
[17.276s] -- Found OpenCV: /usr (found version "4.2.0") 
[20.724s] -- Found ament_cmake_gtest: 1.1.5 (/opt/ros/galactic/share/ament_cmake_gtest/cmake)
[20.741s] -- Found gtest sources under '/opt/ros/galactic/src/gtest_vendor': C++ tests using 'Google Test' will be built
[20.747s] -- Check if compiler accepts -pthread
[21.138s] -- Check if compiler accepts -pthread - yes
[23.297s] -- Configuring done
[24.152s] -- Generating done
[24.162s] -- Build files have been written to: /home/mike/turtlebot3_ws/build/costmap_converter
[24.220s] Invoked command in '/home/mike/turtlebot3_ws/build/costmap_converter' returned '0': AMENT_PREFIX_PATH=/home/mike/turtlebot3_ws/install/costmap_converter_msgs:${AMENT_PREFIX_PATH} CMAKE_PREFIX_PATH=/home/mike/turtlebot3_ws/install/costmap_converter_msgs:/opt/ros/galactic LD_LIBRARY_PATH=/home/mike/turtlebot3_ws/install/costmap_converter_msgs/lib:${LD_LIBRARY_PATH} PYTHONPATH=/home/mike/turtlebot3_ws/install/costmap_converter_msgs/lib/python3.8/site-packages:${PYTHONPATH} /usr/bin/cmake /home/mike/turtlebot3_ws/src/turtlebot3/costmap_converter/costmap_converter -DCMAKE_INSTALL_PREFIX=/home/mike/turtlebot3_ws/install/costmap_converter
[24.222s] Invoking command in '/home/mike/turtlebot3_ws/build/costmap_converter': AMENT_PREFIX_PATH=/home/mike/turtlebot3_ws/install/costmap_converter_msgs:${AMENT_PREFIX_PATH} CMAKE_PREFIX_PATH=/home/mike/turtlebot3_ws/install/costmap_converter_msgs:/opt/ros/galactic LD_LIBRARY_PATH=/home/mike/turtlebot3_ws/install/costmap_converter_msgs/lib:${LD_LIBRARY_PATH} PYTHONPATH=/home/mike/turtlebot3_ws/install/costmap_converter_msgs/lib/python3.8/site-packages:${PYTHONPATH} /usr/bin/cmake --build /home/mike/turtlebot3_ws/build/costmap_converter -- -j4 -l4
[24.465s] [35m[1mScanning dependencies of target costmap_converter[0m
[25.672s] [  5%] [32mBuilding CXX object CMakeFiles/costmap_converter.dir/src/costmap_to_polygons.cpp.o[0m
[33.507s] In file included from [01m[K/opt/ros/galactic/include/rclcpp/client.hpp:40[m[K,
[33.507s]                  from [01m[K/opt/ros/galactic/include/rclcpp/callback_group.hpp:23[m[K,
[33.508s]                  from [01m[K/opt/ros/galactic/include/rclcpp/any_executable.hpp:20[m[K,
[33.508s]                  from [01m[K/opt/ros/galactic/include/rclcpp/memory_strategy.hpp:25[m[K,
[33.508s]                  from [01m[K/opt/ros/galactic/include/rclcpp/memory_strategies.hpp:18[m[K,
[33.508s]                  from [01m[K/opt/ros/galactic/include/rclcpp/executor_options.hpp:20[m[K,
[33.509s]                  from [01m[K/opt/ros/galactic/include/rclcpp/executor.hpp:36[m[K,
[33.509s]                  from [01m[K/opt/ros/galactic/include/rclcpp/executors/multi_threaded_executor.hpp:26[m[K,
[33.509s]                  from [01m[K/opt/ros/galactic/include/rclcpp/executors.hpp:21[m[K,
[33.509s]                  from [01m[K/opt/ros/galactic/include/rclcpp/rclcpp.hpp:156[m[K,
[33.509s]                  from [01m[K/home/mike/turtlebot3_ws/src/turtlebot3/costmap_converter/costmap_converter/include/costmap_converter/costmap_to_polygons.h:42[m[K,
[33.509s]                  from [01m[K/home/mike/turtlebot3_ws/src/turtlebot3/costmap_converter/costmap_converter/src/costmap_to_polygons.cpp:39[m[K:
[33.509s] [01m[K/home/mike/turtlebot3_ws/src/turtlebot3/costmap_converter/costmap_converter/include/costmap_converter/costmap_converter_interface.h:[m[K In member function ‘[01m[Kvoid costmap_converter::BaseCostmapToPolygons::startWorker(rclcpp::GenericRate<std::chrono::_V2::system_clock>::SharedPtr, nav2_costmap_2d::Costmap2D*, bool)[m[K’:
[33.509s] [01m[K/home/mike/turtlebot3_ws/src/turtlebot3/costmap_converter/costmap_converter/include/costmap_converter/costmap_converter_interface.h:197:41:[m[K [01;35m[Kwarning: [m[Ktoo many arguments for format [[01;35m[K-Wformat-extra-args[m[K]
[33.510s]   197 |         RCLCPP_DEBUG(nh_->get_logger(), [01;35m[K"costmap_converter"[m[K, "Spinning up a thread for the CostmapToPolygons plugin");
[33.510s]       |                                         [01;35m[K^~~~~~~~~~~~~~~~~~~[m[K
[33.544s] [01m[K/home/mike/turtlebot3_ws/src/turtlebot3/costmap_converter/costmap_converter/include/costmap_converter/costmap_converter_interface.h:[m[K In member function ‘[01m[Kvoid costmap_converter::BaseCostmapToDynamicObstacles::loadStaticCostmapConverterPlugin(const string&, rclcpp::Node::SharedPtr)[m[K’:
[33.545s] [01m[K/home/mike/turtlebot3_ws/src/turtlebot3/costmap_converter/costmap_converter/include/costmap_converter/costmap_converter_interface.h:313:32:[m[K [01;35m[Kwarning: [m[Kformat ‘[01m[K%s[m[K’ expects argument of type ‘[01m[Kchar*[m[K’, but argument 5 has type ‘[01m[Kconst string[m[K’ {aka ‘[01m[Kconst std::__cxx11::basic_string<char>[m[K’} [[01;35m[K-Wformat=[m[K]
[33.545s]   313 |       RCLCPP_INFO(getLogger(), [01;35m[K"CostmapToDynamicObstacles: underlying costmap conversion plugin for static obstacles %s loaded."[m[K, plugin_name);
[33.545s]       |                                [01;35m[K^~~~~~~~~~~~~~~~~~~~~~~~~~~~~~~~~~~~~~~~~~~~~~~~~~~~~~~~~~~~~~~~~~~~~~~~~~~~~~~~~~~~~~~~~~~~~~~~~[m[K
[33.545s] In file included from [01m[K/home/mike/turtlebot3_ws/src/turtlebot3/costmap_converter/costmap_converter/include/costmap_converter/costmap_to_polygons.h:43[m[K,
[33.545s]                  from [01m[K/home/mike/turtlebot3_ws/src/turtlebot3/costmap_converter/costmap_converter/src/costmap_to_polygons.cpp:39[m[K:
[33.545s] [01m[K/home/mike/turtlebot3_ws/src/turtlebot3/costmap_converter/costmap_converter/include/costmap_converter/costmap_converter_interface.h:313:119:[m[K [01;36m[Knote: [m[Kformat string is defined here
[33.545s]   313 |       RCLCPP_INFO(getLogger(), "CostmapToDynamicObstacles: underlying costmap conversion plugin for static obstacles [01;36m[K%s[m[K loaded.", plugin_name);
[33.545s]       |                                                                                                                      [01;36m[K~^[m[K
[33.545s]       |                                                                                                                       [01;36m[K|[m[K
[33.546s]       |                                                                                                                       [01;36m[Kchar*[m[K
[38.369s] [ 10%] [32mBuilding CXX object CMakeFiles/costmap_converter.dir/src/costmap_to_polygons_concave.cpp.o[0m
[42.958s] In file included from [01m[K/opt/ros/galactic/include/rclcpp/client.hpp:40[m[K,
[42.958s]                  from [01m[K/opt/ros/galactic/include/rclcpp/callback_group.hpp:23[m[K,
[42.959s]                  from [01m[K/opt/ros/galactic/include/rclcpp/any_executable.hpp:20[m[K,
[42.959s]                  from [01m[K/opt/ros/galactic/include/rclcpp/memory_strategy.hpp:25[m[K,
[42.959s]                  from [01m[K/opt/ros/galactic/include/rclcpp/memory_strategies.hpp:18[m[K,
[42.959s]                  from [01m[K/opt/ros/galactic/include/rclcpp/executor_options.hpp:20[m[K,
[42.959s]                  from [01m[K/opt/ros/galactic/include/rclcpp/executor.hpp:36[m[K,
[42.959s]                  from [01m[K/opt/ros/galactic/include/rclcpp/executors/multi_threaded_executor.hpp:26[m[K,
[42.959s]                  from [01m[K/opt/ros/galactic/include/rclcpp/executors.hpp:21[m[K,
[42.960s]                  from [01m[K/opt/ros/galactic/include/rclcpp/rclcpp.hpp:156[m[K,
[42.962s]                  from [01m[K/home/mike/turtlebot3_ws/src/turtlebot3/costmap_converter/costmap_converter/include/costmap_converter/costmap_to_polygons.h:42[m[K,
[42.962s]                  from [01m[K/home/mike/turtlebot3_ws/src/turtlebot3/costmap_converter/costmap_converter/include/costmap_converter/costmap_to_polygons_concave.h:42[m[K,
[42.962s]                  from [01m[K/home/mike/turtlebot3_ws/src/turtlebot3/costmap_converter/costmap_converter/src/costmap_to_polygons_concave.cpp:39[m[K:
[42.963s] [01m[K/home/mike/turtlebot3_ws/src/turtlebot3/costmap_converter/costmap_converter/include/costmap_converter/costmap_converter_interface.h:[m[K In member function ‘[01m[Kvoid costmap_converter::BaseCostmapToPolygons::startWorker(rclcpp::GenericRate<std::chrono::_V2::system_clock>::SharedPtr, nav2_costmap_2d::Costmap2D*, bool)[m[K’:
[42.963s] [01m[K/home/mike/turtlebot3_ws/src/turtlebot3/costmap_converter/costmap_converter/include/costmap_converter/costmap_converter_interface.h:197:41:[m[K [01;35m[Kwarning: [m[Ktoo many arguments for format [[01;35m[K-Wformat-extra-args[m[K]
[42.963s]   197 |         RCLCPP_DEBUG(nh_->get_logger(), [01;35m[K"costmap_converter"[m[K, "Spinning up a thread for the CostmapToPolygons plugin");
[42.963s]       |                                         [01;35m[K^~~~~~~~~~~~~~~~~~~[m[K
[42.996s] [01m[K/home/mike/turtlebot3_ws/src/turtlebot3/costmap_converter/costmap_converter/include/costmap_converter/costmap_converter_interface.h:[m[K In member function ‘[01m[Kvoid costmap_converter::BaseCostmapToDynamicObstacles::loadStaticCostmapConverterPlugin(const string&, rclcpp::Node::SharedPtr)[m[K’:
[42.996s] [01m[K/home/mike/turtlebot3_ws/src/turtlebot3/costmap_converter/costmap_converter/include/costmap_converter/costmap_converter_interface.h:313:32:[m[K [01;35m[Kwarning: [m[Kformat ‘[01m[K%s[m[K’ expects argument of type ‘[01m[Kchar*[m[K’, but argument 5 has type ‘[01m[Kconst string[m[K’ {aka ‘[01m[Kconst std::__cxx11::basic_string<char>[m[K’} [[01;35m[K-Wformat=[m[K]
[42.996s]   313 |       RCLCPP_INFO(getLogger(), [01;35m[K"CostmapToDynamicObstacles: underlying costmap conversion plugin for static obstacles %s loaded."[m[K, plugin_name);
[42.996s]       |                                [01;35m[K^~~~~~~~~~~~~~~~~~~~~~~~~~~~~~~~~~~~~~~~~~~~~~~~~~~~~~~~~~~~~~~~~~~~~~~~~~~~~~~~~~~~~~~~~~~~~~~~~[m[K
[42.996s] In file included from [01m[K/home/mike/turtlebot3_ws/src/turtlebot3/costmap_converter/costmap_converter/include/costmap_converter/costmap_to_polygons.h:43[m[K,
[42.996s]                  from [01m[K/home/mike/turtlebot3_ws/src/turtlebot3/costmap_converter/costmap_converter/include/costmap_converter/costmap_to_polygons_concave.h:42[m[K,
[42.996s]                  from [01m[K/home/mike/turtlebot3_ws/src/turtlebot3/costmap_converter/costmap_converter/src/costmap_to_polygons_concave.cpp:39[m[K:
[42.997s] [01m[K/home/mike/turtlebot3_ws/src/turtlebot3/costmap_converter/costmap_converter/include/costmap_converter/costmap_converter_interface.h:313:119:[m[K [01;36m[Knote: [m[Kformat string is defined here
[42.997s]   313 |       RCLCPP_INFO(getLogger(), "CostmapToDynamicObstacles: underlying costmap conversion plugin for static obstacles [01;36m[K%s[m[K loaded.", plugin_name);
[42.997s]       |                                                                                                                      [01;36m[K~^[m[K
[42.997s]       |                                                                                                                       [01;36m[K|[m[K
[42.997s]       |                                                                                                                       [01;36m[Kchar*[m[K
[47.265s] [ 15%] [32mBuilding CXX object CMakeFiles/costmap_converter.dir/src/costmap_to_lines_convex_hull.cpp.o[0m
[52.194s] In file included from [01m[K/opt/ros/galactic/include/rclcpp/client.hpp:40[m[K,
[52.194s]                  from [01m[K/opt/ros/galactic/include/rclcpp/callback_group.hpp:23[m[K,
[52.194s]                  from [01m[K/opt/ros/galactic/include/rclcpp/any_executable.hpp:20[m[K,
[52.194s]                  from [01m[K/opt/ros/galactic/include/rclcpp/memory_strategy.hpp:25[m[K,
[52.194s]                  from [01m[K/opt/ros/galactic/include/rclcpp/memory_strategies.hpp:18[m[K,
[52.194s]                  from [01m[K/opt/ros/galactic/include/rclcpp/executor_options.hpp:20[m[K,
[52.195s]                  from [01m[K/opt/ros/galactic/include/rclcpp/executor.hpp:36[m[K,
[52.195s]                  from [01m[K/opt/ros/galactic/include/rclcpp/executors/multi_threaded_executor.hpp:26[m[K,
[52.195s]                  from [01m[K/opt/ros/galactic/include/rclcpp/executors.hpp:21[m[K,
[52.195s]                  from [01m[K/opt/ros/galactic/include/rclcpp/rclcpp.hpp:156[m[K,
[52.195s]                  from [01m[K/home/mike/turtlebot3_ws/src/turtlebot3/costmap_converter/costmap_converter/include/costmap_converter/costmap_converter_interface.h:46[m[K,
[52.195s]                  from [01m[K/home/mike/turtlebot3_ws/src/turtlebot3/costmap_converter/costmap_converter/include/costmap_converter/costmap_to_lines_convex_hull.h:42[m[K,
[52.195s]                  from [01m[K/home/mike/turtlebot3_ws/src/turtlebot3/costmap_converter/costmap_converter/src/costmap_to_lines_convex_hull.cpp:39[m[K:
[52.195s] [01m[K/home/mike/turtlebot3_ws/src/turtlebot3/costmap_converter/costmap_converter/include/costmap_converter/costmap_converter_interface.h:[m[K In member function ‘[01m[Kvoid costmap_converter::BaseCostmapToPolygons::startWorker(rclcpp::GenericRate<std::chrono::_V2::system_clock>::SharedPtr, nav2_costmap_2d::Costmap2D*, bool)[m[K’:
[52.196s] [01m[K/home/mike/turtlebot3_ws/src/turtlebot3/costmap_converter/costmap_converter/include/costmap_converter/costmap_converter_interface.h:197:41:[m[K [01;35m[Kwarning: [m[Ktoo many arguments for format [[01;35m[K-Wformat-extra-args[m[K]
[52.196s]   197 |         RCLCPP_DEBUG(nh_->get_logger(), [01;35m[K"costmap_converter"[m[K, "Spinning up a thread for the CostmapToPolygons plugin");
[52.196s]       |                                         [01;35m[K^~~~~~~~~~~~~~~~~~~[m[K
[52.226s] [01m[K/home/mike/turtlebot3_ws/src/turtlebot3/costmap_converter/costmap_converter/include/costmap_converter/costmap_converter_interface.h:[m[K In member function ‘[01m[Kvoid costmap_converter::BaseCostmapToDynamicObstacles::loadStaticCostmapConverterPlugin(const string&, rclcpp::Node::SharedPtr)[m[K’:
[52.226s] [01m[K/home/mike/turtlebot3_ws/src/turtlebot3/costmap_converter/costmap_converter/include/costmap_converter/costmap_converter_interface.h:313:32:[m[K [01;35m[Kwarning: [m[Kformat ‘[01m[K%s[m[K’ expects argument of type ‘[01m[Kchar*[m[K’, but argument 5 has type ‘[01m[Kconst string[m[K’ {aka ‘[01m[Kconst std::__cxx11::basic_string<char>[m[K’} [[01;35m[K-Wformat=[m[K]
[52.226s]   313 |       RCLCPP_INFO(getLogger(), [01;35m[K"CostmapToDynamicObstacles: underlying costmap conversion plugin for static obstacles %s loaded."[m[K, plugin_name);
[52.226s]       |                                [01;35m[K^~~~~~~~~~~~~~~~~~~~~~~~~~~~~~~~~~~~~~~~~~~~~~~~~~~~~~~~~~~~~~~~~~~~~~~~~~~~~~~~~~~~~~~~~~~~~~~~~[m[K
[52.227s] In file included from [01m[K/home/mike/turtlebot3_ws/src/turtlebot3/costmap_converter/costmap_converter/include/costmap_converter/costmap_to_lines_convex_hull.h:42[m[K,
[52.227s]                  from [01m[K/home/mike/turtlebot3_ws/src/turtlebot3/costmap_converter/costmap_converter/src/costmap_to_lines_convex_hull.cpp:39[m[K:
[52.227s] [01m[K/home/mike/turtlebot3_ws/src/turtlebot3/costmap_converter/costmap_converter/include/costmap_converter/costmap_converter_interface.h:313:119:[m[K [01;36m[Knote: [m[Kformat string is defined here
[52.227s]   313 |       RCLCPP_INFO(getLogger(), "CostmapToDynamicObstacles: underlying costmap conversion plugin for static obstacles [01;36m[K%s[m[K loaded.", plugin_name);
[52.227s]       |                                                                                                                      [01;36m[K~^[m[K
[52.227s]       |                                                                                                                       [01;36m[K|[m[K
[52.227s]       |                                                                                                                       [01;36m[Kchar*[m[K
[56.321s] [ 21%] [32mBuilding CXX object CMakeFiles/costmap_converter.dir/src/costmap_to_lines_ransac.cpp.o[0m
[59.905s] In file included from [01m[K/opt/ros/galactic/include/rclcpp/client.hpp:40[m[K,
[59.905s]                  from [01m[K/opt/ros/galactic/include/rclcpp/callback_group.hpp:23[m[K,
[59.905s]                  from [01m[K/opt/ros/galactic/include/rclcpp/any_executable.hpp:20[m[K,
[59.905s]                  from [01m[K/opt/ros/galactic/include/rclcpp/memory_strategy.hpp:25[m[K,
[59.906s]                  from [01m[K/opt/ros/galactic/include/rclcpp/memory_strategies.hpp:18[m[K,
[59.906s]                  from [01m[K/opt/ros/galactic/include/rclcpp/executor_options.hpp:20[m[K,
[59.906s]                  from [01m[K/opt/ros/galactic/include/rclcpp/executor.hpp:36[m[K,
[59.906s]                  from [01m[K/opt/ros/galactic/include/rclcpp/executors/multi_threaded_executor.hpp:26[m[K,
[59.906s]                  from [01m[K/opt/ros/galactic/include/rclcpp/executors.hpp:21[m[K,
[59.907s]                  from [01m[K/opt/ros/galactic/include/rclcpp/rclcpp.hpp:156[m[K,
[59.907s]                  from [01m[K/home/mike/turtlebot3_ws/src/turtlebot3/costmap_converter/costmap_converter/include/costmap_converter/costmap_converter_interface.h:46[m[K,
[59.907s]                  from [01m[K/home/mike/turtlebot3_ws/src/turtlebot3/costmap_converter/costmap_converter/include/costmap_converter/costmap_to_lines_ransac.h:42[m[K,
[59.907s]                  from [01m[K/home/mike/turtlebot3_ws/src/turtlebot3/costmap_converter/costmap_converter/src/costmap_to_lines_ransac.cpp:39[m[K:
[59.907s] [01m[K/home/mike/turtlebot3_ws/src/turtlebot3/costmap_converter/costmap_converter/include/costmap_converter/costmap_converter_interface.h:[m[K In member function ‘[01m[Kvoid costmap_converter::BaseCostmapToPolygons::startWorker(rclcpp::GenericRate<std::chrono::_V2::system_clock>::SharedPtr, nav2_costmap_2d::Costmap2D*, bool)[m[K’:
[59.908s] [01m[K/home/mike/turtlebot3_ws/src/turtlebot3/costmap_converter/costmap_converter/include/costmap_converter/costmap_converter_interface.h:197:41:[m[K [01;35m[Kwarning: [m[Ktoo many arguments for format [[01;35m[K-Wformat-extra-args[m[K]
[59.908s]   197 |         RCLCPP_DEBUG(nh_->get_logger(), [01;35m[K"costmap_converter"[m[K, "Spinning up a thread for the CostmapToPolygons plugin");
[59.908s]       |                                         [01;35m[K^~~~~~~~~~~~~~~~~~~[m[K
[59.930s] [01m[K/home/mike/turtlebot3_ws/src/turtlebot3/costmap_converter/costmap_converter/include/costmap_converter/costmap_converter_interface.h:[m[K In member function ‘[01m[Kvoid costmap_converter::BaseCostmapToDynamicObstacles::loadStaticCostmapConverterPlugin(const string&, rclcpp::Node::SharedPtr)[m[K’:
[59.930s] [01m[K/home/mike/turtlebot3_ws/src/turtlebot3/costmap_converter/costmap_converter/include/costmap_converter/costmap_converter_interface.h:313:32:[m[K [01;35m[Kwarning: [m[Kformat ‘[01m[K%s[m[K’ expects argument of type ‘[01m[Kchar*[m[K’, but argument 5 has type ‘[01m[Kconst string[m[K’ {aka ‘[01m[Kconst std::__cxx11::basic_string<char>[m[K’} [[01;35m[K-Wformat=[m[K]
[59.930s]   313 |       RCLCPP_INFO(getLogger(), [01;35m[K"CostmapToDynamicObstacles: underlying costmap conversion plugin for static obstacles %s loaded."[m[K, plugin_name);
[59.930s]       |                                [01;35m[K^~~~~~~~~~~~~~~~~~~~~~~~~~~~~~~~~~~~~~~~~~~~~~~~~~~~~~~~~~~~~~~~~~~~~~~~~~~~~~~~~~~~~~~~~~~~~~~~~[m[K
[59.930s] In file included from [01m[K/home/mike/turtlebot3_ws/src/turtlebot3/costmap_converter/costmap_converter/include/costmap_converter/costmap_to_lines_ransac.h:42[m[K,
[59.931s]                  from [01m[K/home/mike/turtlebot3_ws/src/turtlebot3/costmap_converter/costmap_converter/src/costmap_to_lines_ransac.cpp:39[m[K:
[59.931s] [01m[K/home/mike/turtlebot3_ws/src/turtlebot3/costmap_converter/costmap_converter/include/costmap_converter/costmap_converter_interface.h:313:119:[m[K [01;36m[Knote: [m[Kformat string is defined here
[59.931s]   313 |       RCLCPP_INFO(getLogger(), "CostmapToDynamicObstacles: underlying costmap conversion plugin for static obstacles [01;36m[K%s[m[K loaded.", plugin_name);
[59.931s]       |                                                                                                                      [01;36m[K~^[m[K
[59.931s]       |                                                                                                                       [01;36m[K|[m[K
[59.931s]       |                                                                                                                       [01;36m[Kchar*[m[K
[63.424s] [ 26%] [32mBuilding CXX object CMakeFiles/costmap_converter.dir/src/costmap_to_dynamic_obstacles/costmap_to_dynamic_obstacles.cpp.o[0m
[66.849s] In file included from [01m[K/opt/ros/galactic/include/rclcpp/client.hpp:40[m[K,
[66.849s]                  from [01m[K/opt/ros/galactic/include/rclcpp/callback_group.hpp:23[m[K,
[66.849s]                  from [01m[K/opt/ros/galactic/include/rclcpp/any_executable.hpp:20[m[K,
[66.849s]                  from [01m[K/opt/ros/galactic/include/rclcpp/memory_strategy.hpp:25[m[K,
[66.850s]                  from [01m[K/opt/ros/galactic/include/rclcpp/memory_strategies.hpp:18[m[K,
[66.850s]                  from [01m[K/opt/ros/galactic/include/rclcpp/executor_options.hpp:20[m[K,
[66.850s]                  from [01m[K/opt/ros/galactic/include/rclcpp/executor.hpp:36[m[K,
[66.850s]                  from [01m[K/opt/ros/galactic/include/rclcpp/executors/multi_threaded_executor.hpp:26[m[K,
[66.850s]                  from [01m[K/opt/ros/galactic/include/rclcpp/executors.hpp:21[m[K,
[66.850s]                  from [01m[K/opt/ros/galactic/include/rclcpp/rclcpp.hpp:156[m[K,
[66.851s]                  from [01m[K/home/mike/turtlebot3_ws/src/turtlebot3/costmap_converter/costmap_converter/include/costmap_converter/costmap_converter_interface.h:46[m[K,
[66.851s]                  from [01m[K/home/mike/turtlebot3_ws/src/turtlebot3/costmap_converter/costmap_converter/include/costmap_converter/costmap_to_dynamic_obstacles/costmap_to_dynamic_obstacles.h:47[m[K,
[66.851s]                  from [01m[K/home/mike/turtlebot3_ws/src/turtlebot3/costmap_converter/costmap_converter/src/costmap_to_dynamic_obstacles/costmap_to_dynamic_obstacles.cpp:1[m[K:
[66.851s] [01m[K/home/mike/turtlebot3_ws/src/turtlebot3/costmap_converter/costmap_converter/include/costmap_converter/costmap_converter_interface.h:[m[K In member function ‘[01m[Kvoid costmap_converter::BaseCostmapToPolygons::startWorker(rclcpp::GenericRate<std::chrono::_V2::system_clock>::SharedPtr, nav2_costmap_2d::Costmap2D*, bool)[m[K’:
[66.851s] [01m[K/home/mike/turtlebot3_ws/src/turtlebot3/costmap_converter/costmap_converter/include/costmap_converter/costmap_converter_interface.h:197:41:[m[K [01;35m[Kwarning: [m[Ktoo many arguments for format [[01;35m[K-Wformat-extra-args[m[K]
[66.851s]   197 |         RCLCPP_DEBUG(nh_->get_logger(), [01;35m[K"costmap_converter"[m[K, "Spinning up a thread for the CostmapToPolygons plugin");
[66.852s]       |                                         [01;35m[K^~~~~~~~~~~~~~~~~~~[m[K
[66.878s] [01m[K/home/mike/turtlebot3_ws/src/turtlebot3/costmap_converter/costmap_converter/include/costmap_converter/costmap_converter_interface.h:[m[K In member function ‘[01m[Kvoid costmap_converter::BaseCostmapToDynamicObstacles::loadStaticCostmapConverterPlugin(const string&, rclcpp::Node::SharedPtr)[m[K’:
[66.878s] [01m[K/home/mike/turtlebot3_ws/src/turtlebot3/costmap_converter/costmap_converter/include/costmap_converter/costmap_converter_interface.h:313:32:[m[K [01;35m[Kwarning: [m[Kformat ‘[01m[K%s[m[K’ expects argument of type ‘[01m[Kchar*[m[K’, but argument 5 has type ‘[01m[Kconst string[m[K’ {aka ‘[01m[Kconst std::__cxx11::basic_string<char>[m[K’} [[01;35m[K-Wformat=[m[K]
[66.879s]   313 |       RCLCPP_INFO(getLogger(), [01;35m[K"CostmapToDynamicObstacles: underlying costmap conversion plugin for static obstacles %s loaded."[m[K, plugin_name);
[66.879s]       |                                [01;35m[K^~~~~~~~~~~~~~~~~~~~~~~~~~~~~~~~~~~~~~~~~~~~~~~~~~~~~~~~~~~~~~~~~~~~~~~~~~~~~~~~~~~~~~~~~~~~~~~~~[m[K
[66.879s] In file included from [01m[K/home/mike/turtlebot3_ws/src/turtlebot3/costmap_converter/costmap_converter/include/costmap_converter/costmap_to_dynamic_obstacles/costmap_to_dynamic_obstacles.h:47[m[K,
[66.879s]                  from [01m[K/home/mike/turtlebot3_ws/src/turtlebot3/costmap_converter/costmap_converter/src/costmap_to_dynamic_obstacles/costmap_to_dynamic_obstacles.cpp:1[m[K:
[66.879s] [01m[K/home/mike/turtlebot3_ws/src/turtlebot3/costmap_converter/costmap_converter/include/costmap_converter/costmap_converter_interface.h:313:119:[m[K [01;36m[Knote: [m[Kformat string is defined here
[66.880s]   313 |       RCLCPP_INFO(getLogger(), "CostmapToDynamicObstacles: underlying costmap conversion plugin for static obstacles [01;36m[K%s[m[K loaded.", plugin_name);
[66.880s]       |                                                                                                                      [01;36m[K~^[m[K
[66.880s]       |                                                                                                                       [01;36m[K|[m[K
[66.880s]       |                                                                                                                       [01;36m[Kchar*[m[K
[72.449s] [ 31%] [32mBuilding CXX object CMakeFiles/costmap_converter.dir/src/costmap_to_dynamic_obstacles/background_subtractor.cpp.o[0m
[74.563s] [ 36%] [32mBuilding CXX object CMakeFiles/costmap_converter.dir/src/costmap_to_dynamic_obstacles/blob_detector.cpp.o[0m
[78.662s] [ 42%] [32mBuilding CXX object CMakeFiles/costmap_converter.dir/src/costmap_to_dynamic_obstacles/multitarget_tracker/Ctracker.cpp.o[0m
[82.385s] [ 47%] [32mBuilding CXX object CMakeFiles/costmap_converter.dir/src/costmap_to_dynamic_obstacles/multitarget_tracker/Kalman.cpp.o[0m
[86.016s] [ 52%] [32mBuilding CXX object CMakeFiles/costmap_converter.dir/src/costmap_to_dynamic_obstacles/multitarget_tracker/HungarianAlg.cpp.o[0m
[88.963s] [ 57%] [32m[1mLinking CXX shared library libcostmap_converter.so[0m
[89.481s] [ 57%] Built target costmap_converter
[89.494s] [35m[1mScanning dependencies of target gtest[0m
[89.500s] [35m[1mScanning dependencies of target gtest_main[0m
[89.501s] [35m[1mScanning dependencies of target standalone_converter[0m
[89.526s] [ 68%] [32mBuilding CXX object gtest/CMakeFiles/gtest.dir/src/gtest-all.cc.o[0m
[89.526s] [ 68%] [32mBuilding CXX object gtest/CMakeFiles/gtest_main.dir/src/gtest_main.cc.o[0m
[89.585s] [ 73%] [32mBuilding CXX object CMakeFiles/standalone_converter.dir/src/costmap_converter_node.cpp.o[0m
[90.737s] [ 78%] [32m[1mLinking CXX static library libgtest_main.a[0m
[90.793s] [ 78%] Built target gtest_main
[93.562s] In file included from [01m[K/opt/ros/galactic/include/rclcpp/client.hpp:40[m[K,
[93.562s]                  from [01m[K/opt/ros/galactic/include/rclcpp/callback_group.hpp:23[m[K,
[93.562s]                  from [01m[K/opt/ros/galactic/include/rclcpp/any_executable.hpp:20[m[K,
[93.562s]                  from [01m[K/opt/ros/galactic/include/rclcpp/memory_strategy.hpp:25[m[K,
[93.562s]                  from [01m[K/opt/ros/galactic/include/rclcpp/memory_strategies.hpp:18[m[K,
[93.562s]                  from [01m[K/opt/ros/galactic/include/rclcpp/executor_options.hpp:20[m[K,
[93.562s]                  from [01m[K/opt/ros/galactic/include/rclcpp/executor.hpp:36[m[K,
[93.563s]                  from [01m[K/opt/ros/galactic/include/rclcpp/executors/multi_threaded_executor.hpp:26[m[K,
[93.563s]                  from [01m[K/opt/ros/galactic/include/rclcpp/executors.hpp:21[m[K,
[93.563s]                  from [01m[K/opt/ros/galactic/include/rclcpp/rclcpp.hpp:156[m[K,
[93.563s]                  from [01m[K/home/mike/turtlebot3_ws/src/turtlebot3/costmap_converter/costmap_converter/src/costmap_converter_node.cpp:40[m[K:
[93.563s] [01m[K/home/mike/turtlebot3_ws/src/turtlebot3/costmap_converter/costmap_converter/include/costmap_converter/costmap_converter_interface.h:[m[K In member function ‘[01m[Kvoid costmap_converter::BaseCostmapToPolygons::startWorker(rclcpp::GenericRate<std::chrono::_V2::system_clock>::SharedPtr, nav2_costmap_2d::Costmap2D*, bool)[m[K’:
[93.563s] [01m[K/home/mike/turtlebot3_ws/src/turtlebot3/costmap_converter/costmap_converter/include/costmap_converter/costmap_converter_interface.h:197:41:[m[K [01;35m[Kwarning: [m[Ktoo many arguments for format [[01;35m[K-Wformat-extra-args[m[K]
[93.563s]   197 |         RCLCPP_DEBUG(nh_->get_logger(), [01;35m[K"costmap_converter"[m[K, "Spinning up a thread for the CostmapToPolygons plugin");
[93.563s]       |                                         [01;35m[K^~~~~~~~~~~~~~~~~~~[m[K
[93.592s] [01m[K/home/mike/turtlebot3_ws/src/turtlebot3/costmap_converter/costmap_converter/include/costmap_converter/costmap_converter_interface.h:[m[K In member function ‘[01m[Kvoid costmap_converter::BaseCostmapToDynamicObstacles::loadStaticCostmapConverterPlugin(const string&, rclcpp::Node::SharedPtr)[m[K’:
[93.592s] [01m[K/home/mike/turtlebot3_ws/src/turtlebot3/costmap_converter/costmap_converter/include/costmap_converter/costmap_converter_interface.h:313:32:[m[K [01;35m[Kwarning: [m[Kformat ‘[01m[K%s[m[K’ expects argument of type ‘[01m[Kchar*[m[K’, but argument 5 has type ‘[01m[Kconst string[m[K’ {aka ‘[01m[Kconst std::__cxx11::basic_string<char>[m[K’} [[01;35m[K-Wformat=[m[K]
[93.592s]   313 |       RCLCPP_INFO(getLogger(), [01;35m[K"CostmapToDynamicObstacles: underlying costmap conversion plugin for static obstacles %s loaded."[m[K, plugin_name);
[93.592s]       |                                [01;35m[K^~~~~~~~~~~~~~~~~~~~~~~~~~~~~~~~~~~~~~~~~~~~~~~~~~~~~~~~~~~~~~~~~~~~~~~~~~~~~~~~~~~~~~~~~~~~~~~~~[m[K
[93.593s] In file included from [01m[K/home/mike/turtlebot3_ws/src/turtlebot3/costmap_converter/costmap_converter/src/costmap_converter_node.cpp:47[m[K:
[93.593s] [01m[K/home/mike/turtlebot3_ws/src/turtlebot3/costmap_converter/costmap_converter/include/costmap_converter/costmap_converter_interface.h:313:119:[m[K [01;36m[Knote: [m[Kformat string is defined here
[93.593s]   313 |       RCLCPP_INFO(getLogger(), "CostmapToDynamicObstacles: underlying costmap conversion plugin for static obstacles [01;36m[K%s[m[K loaded.", plugin_name);
[93.593s]       |                                                                                                                      [01;36m[K~^[m[K
[93.593s]       |                                                                                                                       [01;36m[K|[m[K
[93.593s]       |                                                                                                                       [01;36m[Kchar*[m[K
[98.861s] [ 84%] [32m[1mLinking CXX static library libgtest.a[0m
[98.911s] [ 84%] Built target gtest
[98.926s] [35m[1mScanning dependencies of target test_costmap_polygons[0m
[99.035s] [ 89%] [32mBuilding CXX object CMakeFiles/test_costmap_polygons.dir/test/costmap_polygons.cpp.o[0m
[103.819s] In file included from [01m[K/opt/ros/galactic/include/rclcpp/client.hpp:40[m[K,
[103.819s]                  from [01m[K/opt/ros/galactic/include/rclcpp/callback_group.hpp:23[m[K,
[103.820s]                  from [01m[K/opt/ros/galactic/include/rclcpp/any_executable.hpp:20[m[K,
[103.820s]                  from [01m[K/opt/ros/galactic/include/rclcpp/memory_strategy.hpp:25[m[K,
[103.820s]                  from [01m[K/opt/ros/galactic/include/rclcpp/memory_strategies.hpp:18[m[K,
[103.820s]                  from [01m[K/opt/ros/galactic/include/rclcpp/executor_options.hpp:20[m[K,
[103.820s]                  from [01m[K/opt/ros/galactic/include/rclcpp/executor.hpp:36[m[K,
[103.820s]                  from [01m[K/opt/ros/galactic/include/rclcpp/executors/multi_threaded_executor.hpp:26[m[K,
[103.820s]                  from [01m[K/opt/ros/galactic/include/rclcpp/executors.hpp:21[m[K,
[103.820s]                  from [01m[K/opt/ros/galactic/include/rclcpp/rclcpp.hpp:156[m[K,
[103.820s]                  from [01m[K/home/mike/turtlebot3_ws/src/turtlebot3/costmap_converter/costmap_converter/include/costmap_converter/costmap_to_polygons.h:42[m[K,
[103.821s]                  from [01m[K/home/mike/turtlebot3_ws/src/turtlebot3/costmap_converter/costmap_converter/test/costmap_polygons.cpp:5[m[K:
[103.821s] [01m[K/home/mike/turtlebot3_ws/src/turtlebot3/costmap_converter/costmap_converter/include/costmap_converter/costmap_converter_interface.h:[m[K In member function ‘[01m[Kvoid costmap_converter::BaseCostmapToPolygons::startWorker(rclcpp::GenericRate<std::chrono::_V2::system_clock>::SharedPtr, nav2_costmap_2d::Costmap2D*, bool)[m[K’:
[103.821s] [01m[K/home/mike/turtlebot3_ws/src/turtlebot3/costmap_converter/costmap_converter/include/costmap_converter/costmap_converter_interface.h:197:41:[m[K [01;35m[Kwarning: [m[Ktoo many arguments for format [[01;35m[K-Wformat-extra-args[m[K]
[103.821s]   197 |         RCLCPP_DEBUG(nh_->get_logger(), [01;35m[K"costmap_converter"[m[K, "Spinning up a thread for the CostmapToPolygons plugin");
[103.821s]       |                                         [01;35m[K^~~~~~~~~~~~~~~~~~~[m[K
[103.853s] [01m[K/home/mike/turtlebot3_ws/src/turtlebot3/costmap_converter/costmap_converter/include/costmap_converter/costmap_converter_interface.h:[m[K In member function ‘[01m[Kvoid costmap_converter::BaseCostmapToDynamicObstacles::loadStaticCostmapConverterPlugin(const string&, rclcpp::Node::SharedPtr)[m[K’:
[103.853s] [01m[K/home/mike/turtlebot3_ws/src/turtlebot3/costmap_converter/costmap_converter/include/costmap_converter/costmap_converter_interface.h:313:32:[m[K [01;35m[Kwarning: [m[Kformat ‘[01m[K%s[m[K’ expects argument of type ‘[01m[Kchar*[m[K’, but argument 5 has type ‘[01m[Kconst string[m[K’ {aka ‘[01m[Kconst std::__cxx11::basic_string<char>[m[K’} [[01;35m[K-Wformat=[m[K]
[103.853s]   313 |       RCLCPP_INFO(getLogger(), [01;35m[K"CostmapToDynamicObstacles: underlying costmap conversion plugin for static obstacles %s loaded."[m[K, plugin_name);
[103.853s]       |                                [01;35m[K^~~~~~~~~~~~~~~~~~~~~~~~~~~~~~~~~~~~~~~~~~~~~~~~~~~~~~~~~~~~~~~~~~~~~~~~~~~~~~~~~~~~~~~~~~~~~~~~~[m[K
[103.853s] In file included from [01m[K/home/mike/turtlebot3_ws/src/turtlebot3/costmap_converter/costmap_converter/include/costmap_converter/costmap_to_polygons.h:43[m[K,
[103.853s]                  from [01m[K/home/mike/turtlebot3_ws/src/turtlebot3/costmap_converter/costmap_converter/test/costmap_polygons.cpp:5[m[K:
[103.853s] [01m[K/home/mike/turtlebot3_ws/src/turtlebot3/costmap_converter/costmap_converter/include/costmap_converter/costmap_converter_interface.h:313:119:[m[K [01;36m[Knote: [m[Kformat string is defined here
[103.854s]   313 |       RCLCPP_INFO(getLogger(), "CostmapToDynamicObstacles: underlying costmap conversion plugin for static obstacles [01;36m[K%s[m[K loaded.", plugin_name);
[103.854s]       |                                                                                                                      [01;36m[K~^[m[K
[103.854s]       |                                                                                                                       [01;36m[K|[m[K
[103.854s]       |                                                                                                                       [01;36m[Kchar*[m[K
[105.386s] In file included from [01m[K/home/mike/turtlebot3_ws/src/turtlebot3/costmap_converter/costmap_converter/test/costmap_polygons.cpp:3[m[K:
[105.386s] /opt/ros/galactic/src/gtest_vendor/include/gtest/gtest.h: In instantiation of ‘[01m[Ktesting::AssertionResult testing::internal::CmpHelperEQ(const char*, const char*, const T1&, const T2&) [with T1 = int; T2 = long unsigned int][m[K’:
[105.386s] [01m[K/opt/ros/galactic/src/gtest_vendor/include/gtest/gtest.h:1554:23:[m[K   required from ‘[01m[Kstatic testing::AssertionResult testing::internal::EqHelper::Compare(const char*, const char*, const T1&, const T2&) [with T1 = int; T2 = long unsigned int; typename std::enable_if<((! std::is_integral<_Tp>::value) || (! std::is_pointer<_Dp>::value))>::type* <anonymous> = 0][m[K’
[105.386s] [01m[K/home/mike/turtlebot3_ws/src/turtlebot3/costmap_converter/costmap_converter/test/costmap_polygons.cpp:125:3:[m[K   required from here
[105.386s] [01m[K/opt/ros/galactic/src/gtest_vendor/include/gtest/gtest.h:1527:11:[m[K [01;35m[Kwarning: [m[Kcomparison of integer expressions of different signedness: ‘[01m[Kconst int[m[K’ and ‘[01m[Kconst long unsigned int[m[K’ [[01;35m[K-Wsign-compare[m[K]
[105.386s]  1527 |   if ([01;35m[Klhs == rhs[m[K) {
[105.387s]       |       [01;35m[K~~~~^~~~~~[m[K
[106.126s] [ 94%] [32m[1mLinking CXX executable standalone_converter[0m
[106.670s] [ 94%] Built target standalone_converter
[108.044s] [100%] [32m[1mLinking CXX executable test_costmap_polygons[0m
[108.913s] [100%] Built target test_costmap_polygons
[108.927s] Invoked command in '/home/mike/turtlebot3_ws/build/costmap_converter' returned '0': AMENT_PREFIX_PATH=/home/mike/turtlebot3_ws/install/costmap_converter_msgs:${AMENT_PREFIX_PATH} CMAKE_PREFIX_PATH=/home/mike/turtlebot3_ws/install/costmap_converter_msgs:/opt/ros/galactic LD_LIBRARY_PATH=/home/mike/turtlebot3_ws/install/costmap_converter_msgs/lib:${LD_LIBRARY_PATH} PYTHONPATH=/home/mike/turtlebot3_ws/install/costmap_converter_msgs/lib/python3.8/site-packages:${PYTHONPATH} /usr/bin/cmake --build /home/mike/turtlebot3_ws/build/costmap_converter -- -j4 -l4
[108.990s] Invoking command in '/home/mike/turtlebot3_ws/build/costmap_converter': AMENT_PREFIX_PATH=/home/mike/turtlebot3_ws/install/costmap_converter_msgs:${AMENT_PREFIX_PATH} CMAKE_PREFIX_PATH=/home/mike/turtlebot3_ws/install/costmap_converter_msgs:/opt/ros/galactic LD_LIBRARY_PATH=/home/mike/turtlebot3_ws/install/costmap_converter_msgs/lib:${LD_LIBRARY_PATH} PYTHONPATH=/home/mike/turtlebot3_ws/install/costmap_converter_msgs/lib/python3.8/site-packages:${PYTHONPATH} /usr/bin/cmake --install /home/mike/turtlebot3_ws/build/costmap_converter
[109.005s] -- Install configuration: "Release"
[109.005s] -- Installing: /home/mike/turtlebot3_ws/install/costmap_converter/lib/libcostmap_converter.so
[109.007s] -- Set runtime path of "/home/mike/turtlebot3_ws/install/costmap_converter/lib/libcostmap_converter.so" to ""
[109.007s] -- Installing: /home/mike/turtlebot3_ws/install/costmap_converter/bin/standalone_converter
[109.009s] -- Set runtime path of "/home/mike/turtlebot3_ws/install/costmap_converter/bin/standalone_converter" to ""
[109.009s] -- Installing: /home/mike/turtlebot3_ws/install/costmap_converter/include/
[109.009s] -- Installing: /home/mike/turtlebot3_ws/install/costmap_converter/include//costmap_converter
[109.010s] -- Installing: /home/mike/turtlebot3_ws/install/costmap_converter/include//costmap_converter/costmap_to_polygons_concave.h
[109.010s] -- Installing: /home/mike/turtlebot3_ws/install/costmap_converter/include//costmap_converter/costmap_to_lines_ransac.h
[109.010s] -- Installing: /home/mike/turtlebot3_ws/install/costmap_converter/include//costmap_converter/costmap_converter_interface.h
[109.010s] -- Installing: /home/mike/turtlebot3_ws/install/costmap_converter/include//costmap_converter/misc.h
[109.011s] -- Installing: /home/mike/turtlebot3_ws/install/costmap_converter/include//costmap_converter/costmap_to_lines_convex_hull.h
[109.011s] -- Installing: /home/mike/turtlebot3_ws/install/costmap_converter/include//costmap_converter/costmap_to_polygons.h
[109.011s] -- Installing: /home/mike/turtlebot3_ws/install/costmap_converter/include//costmap_converter/costmap_to_dynamic_obstacles
[109.012s] -- Installing: /home/mike/turtlebot3_ws/install/costmap_converter/include//costmap_converter/costmap_to_dynamic_obstacles/multitarget_tracker
[109.012s] -- Installing: /home/mike/turtlebot3_ws/install/costmap_converter/include//costmap_converter/costmap_to_dynamic_obstacles/multitarget_tracker/Ctracker.h
[109.012s] -- Installing: /home/mike/turtlebot3_ws/install/costmap_converter/include//costmap_converter/costmap_to_dynamic_obstacles/multitarget_tracker/Kalman.h
[109.012s] -- Installing: /home/mike/turtlebot3_ws/install/costmap_converter/include//costmap_converter/costmap_to_dynamic_obstacles/multitarget_tracker/HungarianAlg.h
[109.013s] -- Installing: /home/mike/turtlebot3_ws/install/costmap_converter/include//costmap_converter/costmap_to_dynamic_obstacles/multitarget_tracker/defines.h
[109.013s] -- Installing: /home/mike/turtlebot3_ws/install/costmap_converter/include//costmap_converter/costmap_to_dynamic_obstacles/multitarget_tracker/README.md
[109.013s] -- Installing: /home/mike/turtlebot3_ws/install/costmap_converter/include//costmap_converter/costmap_to_dynamic_obstacles/blob_detector.h
[109.013s] -- Installing: /home/mike/turtlebot3_ws/install/costmap_converter/include//costmap_converter/costmap_to_dynamic_obstacles/costmap_to_dynamic_obstacles.h
[109.014s] -- Installing: /home/mike/turtlebot3_ws/install/costmap_converter/include//costmap_converter/costmap_to_dynamic_obstacles/background_subtractor.h
[109.014s] -- Installing: /home/mike/turtlebot3_ws/install/costmap_converter/share/costmap_converter/environment/library_path.sh
[109.014s] -- Installing: /home/mike/turtlebot3_ws/install/costmap_converter/share/costmap_converter/environment/library_path.dsv
[109.014s] -- Installing: /home/mike/turtlebot3_ws/install/costmap_converter/share/costmap_converter/costmap_converter_plugins.xml
[109.015s] -- Installing: /home/mike/turtlebot3_ws/install/costmap_converter/share/ament_index/resource_index/package_run_dependencies/costmap_converter
[109.015s] -- Installing: /home/mike/turtlebot3_ws/install/costmap_converter/share/ament_index/resource_index/parent_prefix_path/costmap_converter
[109.015s] -- Installing: /home/mike/turtlebot3_ws/install/costmap_converter/share/costmap_converter/environment/ament_prefix_path.sh
[109.016s] -- Installing: /home/mike/turtlebot3_ws/install/costmap_converter/share/costmap_converter/environment/ament_prefix_path.dsv
[109.016s] -- Installing: /home/mike/turtlebot3_ws/install/costmap_converter/share/costmap_converter/environment/path.sh
[109.016s] -- Installing: /home/mike/turtlebot3_ws/install/costmap_converter/share/costmap_converter/environment/path.dsv
[109.017s] -- Installing: /home/mike/turtlebot3_ws/install/costmap_converter/share/costmap_converter/local_setup.bash
[109.017s] -- Installing: /home/mike/turtlebot3_ws/install/costmap_converter/share/costmap_converter/local_setup.sh
[109.017s] -- Installing: /home/mike/turtlebot3_ws/install/costmap_converter/share/costmap_converter/local_setup.zsh
[109.017s] -- Installing: /home/mike/turtlebot3_ws/install/costmap_converter/share/costmap_converter/local_setup.dsv
[109.018s] -- Installing: /home/mike/turtlebot3_ws/install/costmap_converter/share/costmap_converter/package.dsv
[109.018s] -- Installing: /home/mike/turtlebot3_ws/install/costmap_converter/share/ament_index/resource_index/packages/costmap_converter
[109.018s] -- Installing: /home/mike/turtlebot3_ws/install/costmap_converter/share/ament_index/resource_index/costmap_converter__pluginlib__plugin/costmap_converter
[109.018s] -- Installing: /home/mike/turtlebot3_ws/install/costmap_converter/share/costmap_converter/cmake/ament_cmake_export_include_directories-extras.cmake
[109.019s] -- Installing: /home/mike/turtlebot3_ws/install/costmap_converter/share/costmap_converter/cmake/ament_cmake_export_libraries-extras.cmake
[109.019s] -- Installing: /home/mike/turtlebot3_ws/install/costmap_converter/share/costmap_converter/cmake/ament_cmake_export_dependencies-extras.cmake
[109.019s] -- Installing: /home/mike/turtlebot3_ws/install/costmap_converter/share/costmap_converter/cmake/costmap_converterConfig.cmake
[109.019s] -- Installing: /home/mike/turtlebot3_ws/install/costmap_converter/share/costmap_converter/cmake/costmap_converterConfig-version.cmake
[109.020s] -- Installing: /home/mike/turtlebot3_ws/install/costmap_converter/share/costmap_converter/package.xml
[109.025s] Invoked command in '/home/mike/turtlebot3_ws/build/costmap_converter' returned '0': AMENT_PREFIX_PATH=/home/mike/turtlebot3_ws/install/costmap_converter_msgs:${AMENT_PREFIX_PATH} CMAKE_PREFIX_PATH=/home/mike/turtlebot3_ws/install/costmap_converter_msgs:/opt/ros/galactic LD_LIBRARY_PATH=/home/mike/turtlebot3_ws/install/costmap_converter_msgs/lib:${LD_LIBRARY_PATH} PYTHONPATH=/home/mike/turtlebot3_ws/install/costmap_converter_msgs/lib/python3.8/site-packages:${PYTHONPATH} /usr/bin/cmake --install /home/mike/turtlebot3_ws/build/costmap_converter
