[0.054s] Invoking command in '/home/mike/turtlebot3_ws/build/turtlebot3_cartographer': /usr/bin/cmake /home/mike/turtlebot3_ws/src/turtlebot3/turtlebot3_cartographer -DAMENT_CMAKE_SYMLINK_INSTALL=1 -DCMAKE_INSTALL_PREFIX=/home/mike/turtlebot3_ws/install/turtlebot3_cartographer
[0.354s] -- The C compiler identification is GNU 9.4.0
[0.463s] -- The CXX compiler identification is GNU 9.4.0
[0.473s] -- Check for working C compiler: /usr/bin/cc
[0.584s] -- Check for working C compiler: /usr/bin/cc -- works
[0.586s] -- Detecting C compiler ABI info
[0.701s] -- Detecting C compiler ABI info - done
[0.719s] -- Detecting C compile features
[0.719s] -- Detecting C compile features - done
[0.723s] -- Check for working CXX compiler: /usr/bin/c++
[0.854s] -- Check for working CXX compiler: /usr/bin/c++ -- works
[0.856s] -- Detecting CXX compiler ABI info
[1.011s] -- Detecting CXX compiler ABI info - done
[1.032s] -- Detecting CXX compile features
[1.036s] -- Detecting CXX compile features - done
[1.052s] CMake Error at CMakeLists.txt:10 (find_package):
[1.052s]   By not providing "Findament_cmake.cmake" in CMAKE_MODULE_PATH this project
[1.053s]   has asked CMake to find a package configuration file provided by
[1.053s]   "ament_cmake", but CMake did not find one.
[1.053s] 
[1.053s]   Could not find a package configuration file provided by "ament_cmake" with
[1.053s]   any of the following names:
[1.053s] 
[1.053s]     ament_cmakeConfig.cmake
[1.053s]     ament_cmake-config.cmake
[1.053s] 
[1.053s]   Add the installation prefix of "ament_cmake" to CMAKE_PREFIX_PATH or set
[1.053s]   "ament_cmake_DIR" to a directory containing one of the above files.  If
[1.053s] -- Configuring incomplete, errors occurred!
[1.053s] See also "/home/mike/turtlebot3_ws/build/turtlebot3_cartographer/CMakeFiles/CMakeOutput.log".
[1.054s]   "ament_cmake" provides a separate development package or SDK, be sure it
[1.054s]   has been installed.
[1.054s] 
[1.054s] 
