[0.049s] Invoking command in '/home/mike/turtlebot3_ws/build/turtlebot3_bringup': CMAKE_PREFIX_PATH=/home/mike/turtlebot3_ws/install/turtlebot3_node:/home/mike/turtlebot3_ws/install/turtlebot3_description:/home/mike/turtlebot3_ws/install/turtlebot3:/home/mike/turtlebot3_ws/install/turtlebot3_simulations:/home/mike/turtlebot3_ws/install/turtlebot3_bringup:/home/mike/turtlebot3_ws/install/turtlebot3_gazebo:/home/mike/turtlebot3_ws/install/turtlebot3_fake_node:/home/mike/turtlebot3_ws/install/turtlebot3_teleop:/home/mike/turtlebot3_ws/install/turtlebot3_example:/opt/ros/galactic /usr/bin/cmake /home/mike/turtlebot3_ws/src/turtlebot3/turtlebot3_bringup -DCMAKE_INSTALL_PREFIX=/home/mike/turtlebot3_ws/install/turtlebot3_bringup
[0.169s] -- The C compiler identification is GNU 9.4.0
[0.279s] -- The CXX compiler identification is GNU 9.4.0
[0.286s] -- Check for working C compiler: /usr/bin/cc
[0.413s] -- Check for working C compiler: /usr/bin/cc -- works
[0.414s] -- Detecting C compiler ABI info
[0.536s] -- Detecting C compiler ABI info - done
[0.556s] -- Detecting C compile features
[0.556s] -- Detecting C compile features - done
[0.561s] -- Check for working CXX compiler: /usr/bin/c++
[0.708s] -- Check for working CXX compiler: /usr/bin/c++ -- works
[0.711s] -- Detecting CXX compiler ABI info
[0.879s] -- Detecting CXX compiler ABI info - done
[0.900s] -- Detecting CXX compile features
[0.901s] -- Detecting CXX compile features - done
[0.905s] -- Found ament_cmake: 1.1.5 (/opt/ros/galactic/share/ament_cmake/cmake)
[0.947s] -- Found PythonInterp: /usr/bin/python3 (found suitable version "3.8.10", minimum required is "3") 
[0.948s] -- Using PYTHON_EXECUTABLE: /usr/bin/python3
[1.189s] -- Configuring done
[1.192s] -- Generating done
[1.193s] -- Build files have been written to: /home/mike/turtlebot3_ws/build/turtlebot3_bringup
[1.200s] Invoked command in '/home/mike/turtlebot3_ws/build/turtlebot3_bringup' returned '0': CMAKE_PREFIX_PATH=/home/mike/turtlebot3_ws/install/turtlebot3_node:/home/mike/turtlebot3_ws/install/turtlebot3_description:/home/mike/turtlebot3_ws/install/turtlebot3:/home/mike/turtlebot3_ws/install/turtlebot3_simulations:/home/mike/turtlebot3_ws/install/turtlebot3_bringup:/home/mike/turtlebot3_ws/install/turtlebot3_gazebo:/home/mike/turtlebot3_ws/install/turtlebot3_fake_node:/home/mike/turtlebot3_ws/install/turtlebot3_teleop:/home/mike/turtlebot3_ws/install/turtlebot3_example:/opt/ros/galactic /usr/bin/cmake /home/mike/turtlebot3_ws/src/turtlebot3/turtlebot3_bringup -DCMAKE_INSTALL_PREFIX=/home/mike/turtlebot3_ws/install/turtlebot3_bringup
[1.205s] Invoking command in '/home/mike/turtlebot3_ws/build/turtlebot3_bringup': CMAKE_PREFIX_PATH=/home/mike/turtlebot3_ws/install/turtlebot3_node:/home/mike/turtlebot3_ws/install/turtlebot3_description:/home/mike/turtlebot3_ws/install/turtlebot3:/home/mike/turtlebot3_ws/install/turtlebot3_simulations:/home/mike/turtlebot3_ws/install/turtlebot3_bringup:/home/mike/turtlebot3_ws/install/turtlebot3_gazebo:/home/mike/turtlebot3_ws/install/turtlebot3_fake_node:/home/mike/turtlebot3_ws/install/turtlebot3_teleop:/home/mike/turtlebot3_ws/install/turtlebot3_example:/opt/ros/galactic /usr/bin/cmake --build /home/mike/turtlebot3_ws/build/turtlebot3_bringup -- -j4 -l4
[1.278s] Invoked command in '/home/mike/turtlebot3_ws/build/turtlebot3_bringup' returned '0': CMAKE_PREFIX_PATH=/home/mike/turtlebot3_ws/install/turtlebot3_node:/home/mike/turtlebot3_ws/install/turtlebot3_description:/home/mike/turtlebot3_ws/install/turtlebot3:/home/mike/turtlebot3_ws/install/turtlebot3_simulations:/home/mike/turtlebot3_ws/install/turtlebot3_bringup:/home/mike/turtlebot3_ws/install/turtlebot3_gazebo:/home/mike/turtlebot3_ws/install/turtlebot3_fake_node:/home/mike/turtlebot3_ws/install/turtlebot3_teleop:/home/mike/turtlebot3_ws/install/turtlebot3_example:/opt/ros/galactic /usr/bin/cmake --build /home/mike/turtlebot3_ws/build/turtlebot3_bringup -- -j4 -l4
[1.315s] Invoking command in '/home/mike/turtlebot3_ws/build/turtlebot3_bringup': CMAKE_PREFIX_PATH=/home/mike/turtlebot3_ws/install/turtlebot3_node:/home/mike/turtlebot3_ws/install/turtlebot3_description:/home/mike/turtlebot3_ws/install/turtlebot3:/home/mike/turtlebot3_ws/install/turtlebot3_simulations:/home/mike/turtlebot3_ws/install/turtlebot3_bringup:/home/mike/turtlebot3_ws/install/turtlebot3_gazebo:/home/mike/turtlebot3_ws/install/turtlebot3_fake_node:/home/mike/turtlebot3_ws/install/turtlebot3_teleop:/home/mike/turtlebot3_ws/install/turtlebot3_example:/opt/ros/galactic /usr/bin/cmake --install /home/mike/turtlebot3_ws/build/turtlebot3_bringup
[1.330s] -- Install configuration: ""
[1.330s] -- Installing: /home/mike/turtlebot3_ws/install/turtlebot3_bringup/share/turtlebot3_bringup/launch
[1.331s] -- Installing: /home/mike/turtlebot3_ws/install/turtlebot3_bringup/share/turtlebot3_bringup/launch/robot.launch.py
[1.331s] -- Installing: /home/mike/turtlebot3_ws/install/turtlebot3_bringup/share/turtlebot3_bringup/launch/rviz2.launch.py
[1.331s] -- Installing: /home/mike/turtlebot3_ws/install/turtlebot3_bringup/share/turtlebot3_bringup/launch/turtlebot3_state_publisher.launch.py
[1.332s] -- Installing: /home/mike/turtlebot3_ws/install/turtlebot3_bringup/share/turtlebot3_bringup/param
[1.332s] -- Installing: /home/mike/turtlebot3_ws/install/turtlebot3_bringup/share/turtlebot3_bringup/param/waffle.yaml
[1.332s] -- Installing: /home/mike/turtlebot3_ws/install/turtlebot3_bringup/share/turtlebot3_bringup/param/waffle_pi.yaml
[1.332s] -- Installing: /home/mike/turtlebot3_ws/install/turtlebot3_bringup/share/turtlebot3_bringup/param/burger.yaml
[1.333s] -- Installing: /home/mike/turtlebot3_ws/install/turtlebot3_bringup/share/ament_index/resource_index/package_run_dependencies/turtlebot3_bringup
[1.334s] -- Installing: /home/mike/turtlebot3_ws/install/turtlebot3_bringup/share/ament_index/resource_index/parent_prefix_path/turtlebot3_bringup
[1.334s] -- Installing: /home/mike/turtlebot3_ws/install/turtlebot3_bringup/share/turtlebot3_bringup/environment/ament_prefix_path.sh
[1.334s] -- Installing: /home/mike/turtlebot3_ws/install/turtlebot3_bringup/share/turtlebot3_bringup/environment/ament_prefix_path.dsv
[1.334s] -- Installing: /home/mike/turtlebot3_ws/install/turtlebot3_bringup/share/turtlebot3_bringup/environment/path.sh
[1.335s] -- Installing: /home/mike/turtlebot3_ws/install/turtlebot3_bringup/share/turtlebot3_bringup/environment/path.dsv
[1.335s] -- Installing: /home/mike/turtlebot3_ws/install/turtlebot3_bringup/share/turtlebot3_bringup/local_setup.bash
[1.335s] -- Installing: /home/mike/turtlebot3_ws/install/turtlebot3_bringup/share/turtlebot3_bringup/local_setup.sh
[1.335s] -- Installing: /home/mike/turtlebot3_ws/install/turtlebot3_bringup/share/turtlebot3_bringup/local_setup.zsh
[1.336s] -- Installing: /home/mike/turtlebot3_ws/install/turtlebot3_bringup/share/turtlebot3_bringup/local_setup.dsv
[1.336s] -- Installing: /home/mike/turtlebot3_ws/install/turtlebot3_bringup/share/turtlebot3_bringup/package.dsv
[1.336s] -- Installing: /home/mike/turtlebot3_ws/install/turtlebot3_bringup/share/ament_index/resource_index/packages/turtlebot3_bringup
[1.337s] -- Installing: /home/mike/turtlebot3_ws/install/turtlebot3_bringup/share/turtlebot3_bringup/cmake/turtlebot3_bringupConfig.cmake
[1.337s] -- Installing: /home/mike/turtlebot3_ws/install/turtlebot3_bringup/share/turtlebot3_bringup/cmake/turtlebot3_bringupConfig-version.cmake
[1.337s] -- Installing: /home/mike/turtlebot3_ws/install/turtlebot3_bringup/share/turtlebot3_bringup/package.xml
[1.346s] Invoked command in '/home/mike/turtlebot3_ws/build/turtlebot3_bringup' returned '0': CMAKE_PREFIX_PATH=/home/mike/turtlebot3_ws/install/turtlebot3_node:/home/mike/turtlebot3_ws/install/turtlebot3_description:/home/mike/turtlebot3_ws/install/turtlebot3:/home/mike/turtlebot3_ws/install/turtlebot3_simulations:/home/mike/turtlebot3_ws/install/turtlebot3_bringup:/home/mike/turtlebot3_ws/install/turtlebot3_gazebo:/home/mike/turtlebot3_ws/install/turtlebot3_fake_node:/home/mike/turtlebot3_ws/install/turtlebot3_teleop:/home/mike/turtlebot3_ws/install/turtlebot3_example:/opt/ros/galactic /usr/bin/cmake --install /home/mike/turtlebot3_ws/build/turtlebot3_bringup
