[4.574s] Invoking command in '/home/mike/turtlebot3_ws/src/turtlebot3/turtlebot3_teleop': PYTHONPATH=/home/mike/turtlebot3_ws/install/turtlebot3_teleop/lib/python3.8/site-packages:${PYTHONPATH} /usr/bin/python3 setup.py egg_info --egg-base ../../../build/turtlebot3_teleop build --build-base /home/mike/turtlebot3_ws/build/turtlebot3_teleop/build install --prefix /home/mike/turtlebot3_ws/install/turtlebot3_teleop --record /home/mike/turtlebot3_ws/build/turtlebot3_teleop/install.log --single-version-externally-managed
[5.742s] running egg_info
[5.743s] creating ../../../build/turtlebot3_teleop/turtlebot3_teleop.egg-info
[5.743s] writing ../../../build/turtlebot3_teleop/turtlebot3_teleop.egg-info/PKG-INFO
[5.744s] writing dependency_links to ../../../build/turtlebot3_teleop/turtlebot3_teleop.egg-info/dependency_links.txt
[5.744s] writing entry points to ../../../build/turtlebot3_teleop/turtlebot3_teleop.egg-info/entry_points.txt
[5.745s] writing requirements to ../../../build/turtlebot3_teleop/turtlebot3_teleop.egg-info/requires.txt
[5.745s] writing top-level names to ../../../build/turtlebot3_teleop/turtlebot3_teleop.egg-info/top_level.txt
[5.760s] writing manifest file '../../../build/turtlebot3_teleop/turtlebot3_teleop.egg-info/SOURCES.txt'
[6.003s] reading manifest file '../../../build/turtlebot3_teleop/turtlebot3_teleop.egg-info/SOURCES.txt'
[6.012s] writing manifest file '../../../build/turtlebot3_teleop/turtlebot3_teleop.egg-info/SOURCES.txt'
[6.013s] running build
[6.013s] running build_py
[6.013s] creating /home/mike/turtlebot3_ws/build/turtlebot3_teleop/build
[6.019s] creating /home/mike/turtlebot3_ws/build/turtlebot3_teleop/build/lib
[6.019s] creating /home/mike/turtlebot3_ws/build/turtlebot3_teleop/build/lib/turtlebot3_teleop
[6.019s] copying turtlebot3_teleop/__init__.py -> /home/mike/turtlebot3_ws/build/turtlebot3_teleop/build/lib/turtlebot3_teleop
[6.019s] creating /home/mike/turtlebot3_ws/build/turtlebot3_teleop/build/lib/turtlebot3_teleop/script
[6.019s] copying turtlebot3_teleop/script/__init__.py -> /home/mike/turtlebot3_ws/build/turtlebot3_teleop/build/lib/turtlebot3_teleop/script
[6.020s] copying turtlebot3_teleop/script/teleop_keyboard.py -> /home/mike/turtlebot3_ws/build/turtlebot3_teleop/build/lib/turtlebot3_teleop/script
[6.025s] running install
[6.025s] running install_lib
[6.027s] creating /home/mike/turtlebot3_ws/install/turtlebot3_teleop/lib/python3.8/site-packages/turtlebot3_teleop
[6.027s] copying /home/mike/turtlebot3_ws/build/turtlebot3_teleop/build/lib/turtlebot3_teleop/__init__.py -> /home/mike/turtlebot3_ws/install/turtlebot3_teleop/lib/python3.8/site-packages/turtlebot3_teleop
[6.028s] creating /home/mike/turtlebot3_ws/install/turtlebot3_teleop/lib/python3.8/site-packages/turtlebot3_teleop/script
[6.028s] copying /home/mike/turtlebot3_ws/build/turtlebot3_teleop/build/lib/turtlebot3_teleop/script/__init__.py -> /home/mike/turtlebot3_ws/install/turtlebot3_teleop/lib/python3.8/site-packages/turtlebot3_teleop/script
[6.028s] copying /home/mike/turtlebot3_ws/build/turtlebot3_teleop/build/lib/turtlebot3_teleop/script/teleop_keyboard.py -> /home/mike/turtlebot3_ws/install/turtlebot3_teleop/lib/python3.8/site-packages/turtlebot3_teleop/script
[6.052s] byte-compiling /home/mike/turtlebot3_ws/install/turtlebot3_teleop/lib/python3.8/site-packages/turtlebot3_teleop/__init__.py to __init__.cpython-38.pyc
[6.058s] byte-compiling /home/mike/turtlebot3_ws/install/turtlebot3_teleop/lib/python3.8/site-packages/turtlebot3_teleop/script/__init__.py to __init__.cpython-38.pyc
[6.058s] byte-compiling /home/mike/turtlebot3_ws/install/turtlebot3_teleop/lib/python3.8/site-packages/turtlebot3_teleop/script/teleop_keyboard.py to teleop_keyboard.cpython-38.pyc
[6.060s] running install_data
[6.086s] creating /home/mike/turtlebot3_ws/install/turtlebot3_teleop/share/ament_index
[6.086s] creating /home/mike/turtlebot3_ws/install/turtlebot3_teleop/share/ament_index/resource_index
[6.086s] creating /home/mike/turtlebot3_ws/install/turtlebot3_teleop/share/ament_index/resource_index/packages
[6.087s] copying resource/turtlebot3_teleop -> /home/mike/turtlebot3_ws/install/turtlebot3_teleop/share/ament_index/resource_index/packages
[6.087s] copying package.xml -> /home/mike/turtlebot3_ws/install/turtlebot3_teleop/share/turtlebot3_teleop
[6.092s] running install_egg_info
[6.095s] Copying ../../../build/turtlebot3_teleop/turtlebot3_teleop.egg-info to /home/mike/turtlebot3_ws/install/turtlebot3_teleop/lib/python3.8/site-packages/turtlebot3_teleop-2.1.4-py3.8.egg-info
[6.097s] running install_scripts
[6.159s] Installing teleop_keyboard script to /home/mike/turtlebot3_ws/install/turtlebot3_teleop/lib/turtlebot3_teleop
[6.168s] writing list of installed files to '/home/mike/turtlebot3_ws/build/turtlebot3_teleop/install.log'
[6.334s] Invoked command in '/home/mike/turtlebot3_ws/src/turtlebot3/turtlebot3_teleop' returned '0': PYTHONPATH=/home/mike/turtlebot3_ws/install/turtlebot3_teleop/lib/python3.8/site-packages:${PYTHONPATH} /usr/bin/python3 setup.py egg_info --egg-base ../../../build/turtlebot3_teleop build --build-base /home/mike/turtlebot3_ws/build/turtlebot3_teleop/build install --prefix /home/mike/turtlebot3_ws/install/turtlebot3_teleop --record /home/mike/turtlebot3_ws/build/turtlebot3_teleop/install.log --single-version-externally-managed
