[0.054s] Invoking command in '/home/mike/turtlebot3_ws/build/turtlebot3_fake_node': CMAKE_PREFIX_PATH=/opt/ros/galactic /usr/bin/cmake /home/mike/turtlebot3_ws/turtlebot3_simulations/turtlebot3_fake_node -DCMAKE_INSTALL_PREFIX=/home/mike/turtlebot3_ws/install/turtlebot3_fake_node
[0.141s] -- The C compiler identification is GNU 9.4.0
[0.229s] -- The CXX compiler identification is GNU 9.4.0
[0.237s] -- Check for working C compiler: /usr/bin/cc
[0.346s] -- Check for working C compiler: /usr/bin/cc -- works
[0.348s] -- Detecting C compiler ABI info
[0.452s] -- Detecting C compiler ABI info - done
[0.473s] -- Detecting C compile features
[0.474s] -- Detecting C compile features - done
[0.479s] -- Check for working CXX compiler: /usr/bin/c++
[0.603s] -- Check for working CXX compiler: /usr/bin/c++ -- works
[0.606s] -- Detecting CXX compiler ABI info
[0.724s] -- Detecting CXX compiler ABI info - done
[0.745s] -- Detecting CXX compile features
[0.745s] -- Detecting CXX compile features - done
[0.749s] -- Found ament_cmake: 1.1.5 (/opt/ros/galactic/share/ament_cmake/cmake)
[0.784s] -- Found PythonInterp: /usr/bin/python3 (found suitable version "3.8.10", minimum required is "3") 
[0.784s] -- Using PYTHON_EXECUTABLE: /usr/bin/python3
[0.908s] -- Found geometry_msgs: 2.2.4 (/opt/ros/galactic/share/geometry_msgs/cmake)
[0.955s] -- Using all available rosidl_typesupport_c: rosidl_typesupport_fastrtps_c;rosidl_typesupport_introspection_c
[0.965s] -- Found rosidl_adapter: 2.2.2 (/opt/ros/galactic/share/rosidl_adapter/cmake)
[1.087s] -- Found OpenSSL: /usr/lib/x86_64-linux-gnu/libcrypto.so (found version "1.1.1f")  
[1.154s] -- Found FastRTPS: /opt/ros/galactic/include  
[1.469s] -- Using all available rosidl_typesupport_cpp: rosidl_typesupport_fastrtps_cpp;rosidl_typesupport_introspection_cpp
[1.852s] -- Found nav_msgs: 2.2.4 (/opt/ros/galactic/share/nav_msgs/cmake)
[2.048s] -- Found rclcpp: 9.2.1 (/opt/ros/galactic/share/rclcpp/cmake)
[2.186s] -- Found rmw_implementation_cmake: 3.3.1 (/opt/ros/galactic/share/rmw_implementation_cmake/cmake)
[2.196s] -- Found rmw_cyclonedds_cpp: 0.22.5 (/opt/ros/galactic/share/rmw_cyclonedds_cpp/cmake)
[2.252s] -- Using RMW implementation 'rmw_cyclonedds_cpp' as default
[2.253s] -- Looking for pthread.h
[2.467s] -- Looking for pthread.h - found
[2.468s] -- Performing Test CMAKE_HAVE_LIBC_PTHREAD
[2.657s] -- Performing Test CMAKE_HAVE_LIBC_PTHREAD - Failed
[2.658s] -- Looking for pthread_create in pthreads
[2.812s] -- Looking for pthread_create in pthreads - not found
[2.813s] -- Looking for pthread_create in pthread
[2.997s] -- Looking for pthread_create in pthread - found
[2.999s] -- Found Threads: TRUE  
[3.656s] -- Found sensor_msgs: 2.2.4 (/opt/ros/galactic/share/sensor_msgs/cmake)
[4.056s] -- Found tf2: 0.17.4 (/opt/ros/galactic/share/tf2/cmake)
[4.114s] -- Found tf2_msgs: 0.17.4 (/opt/ros/galactic/share/tf2_msgs/cmake)
[5.440s] -- Found turtlebot3_msgs: 2.2.2 (/opt/ros/galactic/share/turtlebot3_msgs/cmake)
[6.327s] -- Configuring done
[6.383s] -- Generating done
[6.386s] -- Build files have been written to: /home/mike/turtlebot3_ws/build/turtlebot3_fake_node
[6.409s] Invoked command in '/home/mike/turtlebot3_ws/build/turtlebot3_fake_node' returned '0': CMAKE_PREFIX_PATH=/opt/ros/galactic /usr/bin/cmake /home/mike/turtlebot3_ws/turtlebot3_simulations/turtlebot3_fake_node -DCMAKE_INSTALL_PREFIX=/home/mike/turtlebot3_ws/install/turtlebot3_fake_node
[6.411s] Invoking command in '/home/mike/turtlebot3_ws/build/turtlebot3_fake_node': CMAKE_PREFIX_PATH=/opt/ros/galactic /usr/bin/cmake --build /home/mike/turtlebot3_ws/build/turtlebot3_fake_node -- -j4 -l4
[6.604s] [35m[1mScanning dependencies of target turtlebot3_fake_node[0m
[6.801s] [ 50%] [32mBuilding CXX object CMakeFiles/turtlebot3_fake_node.dir/src/turtlebot3_fake_node.cpp.o[0m
[50.077s] [100%] [32m[1mLinking CXX executable turtlebot3_fake_node[0m
[52.433s] [100%] Built target turtlebot3_fake_node
[52.555s] Invoked command in '/home/mike/turtlebot3_ws/build/turtlebot3_fake_node' returned '0': CMAKE_PREFIX_PATH=/opt/ros/galactic /usr/bin/cmake --build /home/mike/turtlebot3_ws/build/turtlebot3_fake_node -- -j4 -l4
[52.903s] Invoking command in '/home/mike/turtlebot3_ws/build/turtlebot3_fake_node': CMAKE_PREFIX_PATH=/opt/ros/galactic /usr/bin/cmake --install /home/mike/turtlebot3_ws/build/turtlebot3_fake_node
[52.951s] -- Install configuration: ""
[52.953s] -- Installing: /home/mike/turtlebot3_ws/install/turtlebot3_fake_node/lib/turtlebot3_fake_node/turtlebot3_fake_node
[52.966s] -- Set runtime path of "/home/mike/turtlebot3_ws/install/turtlebot3_fake_node/lib/turtlebot3_fake_node/turtlebot3_fake_node" to ""
[52.968s] -- Installing: /home/mike/turtlebot3_ws/install/turtlebot3_fake_node/share/turtlebot3_fake_node/launch
[52.969s] -- Installing: /home/mike/turtlebot3_ws/install/turtlebot3_fake_node/share/turtlebot3_fake_node/launch/turtlebot3_fake_node.launch.py
[52.970s] -- Installing: /home/mike/turtlebot3_ws/install/turtlebot3_fake_node/share/turtlebot3_fake_node/launch/rviz2.launch.py
[52.971s] -- Installing: /home/mike/turtlebot3_ws/install/turtlebot3_fake_node/share/turtlebot3_fake_node/param
[52.972s] -- Installing: /home/mike/turtlebot3_ws/install/turtlebot3_fake_node/share/turtlebot3_fake_node/param/waffle.yaml
[52.973s] -- Installing: /home/mike/turtlebot3_ws/install/turtlebot3_fake_node/share/turtlebot3_fake_node/param/waffle_pi.yaml
[52.974s] -- Installing: /home/mike/turtlebot3_ws/install/turtlebot3_fake_node/share/turtlebot3_fake_node/param/burger.yaml
[52.975s] -- Installing: /home/mike/turtlebot3_ws/install/turtlebot3_fake_node/include/
[52.976s] -- Installing: /home/mike/turtlebot3_ws/install/turtlebot3_fake_node/include//turtlebot3_fake_node
[52.977s] -- Installing: /home/mike/turtlebot3_ws/install/turtlebot3_fake_node/include//turtlebot3_fake_node/turtlebot3_fake_node.hpp
[52.980s] -- Installing: /home/mike/turtlebot3_ws/install/turtlebot3_fake_node/share/ament_index/resource_index/package_run_dependencies/turtlebot3_fake_node
[52.981s] -- Installing: /home/mike/turtlebot3_ws/install/turtlebot3_fake_node/share/ament_index/resource_index/parent_prefix_path/turtlebot3_fake_node
[52.982s] -- Installing: /home/mike/turtlebot3_ws/install/turtlebot3_fake_node/share/turtlebot3_fake_node/environment/ament_prefix_path.sh
[52.983s] -- Installing: /home/mike/turtlebot3_ws/install/turtlebot3_fake_node/share/turtlebot3_fake_node/environment/ament_prefix_path.dsv
[52.984s] -- Installing: /home/mike/turtlebot3_ws/install/turtlebot3_fake_node/share/turtlebot3_fake_node/environment/path.sh
[52.985s] -- Installing: /home/mike/turtlebot3_ws/install/turtlebot3_fake_node/share/turtlebot3_fake_node/environment/path.dsv
[52.986s] -- Installing: /home/mike/turtlebot3_ws/install/turtlebot3_fake_node/share/turtlebot3_fake_node/local_setup.bash
[52.987s] -- Installing: /home/mike/turtlebot3_ws/install/turtlebot3_fake_node/share/turtlebot3_fake_node/local_setup.sh
[52.991s] -- Installing: /home/mike/turtlebot3_ws/install/turtlebot3_fake_node/share/turtlebot3_fake_node/local_setup.zsh
[52.992s] -- Installing: /home/mike/turtlebot3_ws/install/turtlebot3_fake_node/share/turtlebot3_fake_node/local_setup.dsv
[52.993s] -- Installing: /home/mike/turtlebot3_ws/install/turtlebot3_fake_node/share/turtlebot3_fake_node/package.dsv
[52.995s] -- Installing: /home/mike/turtlebot3_ws/install/turtlebot3_fake_node/share/ament_index/resource_index/packages/turtlebot3_fake_node
[52.996s] -- Installing: /home/mike/turtlebot3_ws/install/turtlebot3_fake_node/share/turtlebot3_fake_node/cmake/ament_cmake_export_include_directories-extras.cmake
[52.999s] -- Installing: /home/mike/turtlebot3_ws/install/turtlebot3_fake_node/share/turtlebot3_fake_node/cmake/ament_cmake_export_dependencies-extras.cmake
[53.000s] -- Installing: /home/mike/turtlebot3_ws/install/turtlebot3_fake_node/share/turtlebot3_fake_node/cmake/turtlebot3_fake_nodeConfig.cmake
[53.001s] -- Installing: /home/mike/turtlebot3_ws/install/turtlebot3_fake_node/share/turtlebot3_fake_node/cmake/turtlebot3_fake_nodeConfig-version.cmake
[53.002s] -- Installing: /home/mike/turtlebot3_ws/install/turtlebot3_fake_node/share/turtlebot3_fake_node/package.xml
[53.019s] Invoked command in '/home/mike/turtlebot3_ws/build/turtlebot3_fake_node' returned '0': CMAKE_PREFIX_PATH=/opt/ros/galactic /usr/bin/cmake --install /home/mike/turtlebot3_ws/build/turtlebot3_fake_node
