[2.033s] Invoking command in '/home/mike/turtlebot3_ws/build/turtlebot3_teleop': PYTHONPATH=/home/mike/turtlebot3_ws/install/turtlebot3_teleop/lib/python3.8/site-packages:${PYTHONPATH} /usr/bin/python3 setup.py develop --prefix /home/mike/turtlebot3_ws/install/turtlebot3_teleop --uninstall --editable --build-directory /home/mike/turtlebot3_ws/build/turtlebot3_teleop/build
[3.549s] running develop
[4.638s] Invoked command in '/home/mike/turtlebot3_ws/build/turtlebot3_teleop' returned '0': PYTHONPATH=/home/mike/turtlebot3_ws/install/turtlebot3_teleop/lib/python3.8/site-packages:${PYTHONPATH} /usr/bin/python3 setup.py develop --prefix /home/mike/turtlebot3_ws/install/turtlebot3_teleop --uninstall --editable --build-directory /home/mike/turtlebot3_ws/build/turtlebot3_teleop/build
[4.639s] Invoking command in '/home/mike/turtlebot3_ws/src/turtlebot3/turtlebot3_teleop': PYTHONPATH=/home/mike/turtlebot3_ws/install/turtlebot3_teleop/lib/python3.8/site-packages:${PYTHONPATH} /usr/bin/python3 setup.py egg_info --egg-base ../../../build/turtlebot3_teleop build --build-base /home/mike/turtlebot3_ws/build/turtlebot3_teleop/build install --prefix /home/mike/turtlebot3_ws/install/turtlebot3_teleop --record /home/mike/turtlebot3_ws/build/turtlebot3_teleop/install.log --single-version-externally-managed
[6.100s] running egg_info
[6.100s] writing ../../../build/turtlebot3_teleop/turtlebot3_teleop.egg-info/PKG-INFO
[6.100s] writing dependency_links to ../../../build/turtlebot3_teleop/turtlebot3_teleop.egg-info/dependency_links.txt
[6.101s] writing entry points to ../../../build/turtlebot3_teleop/turtlebot3_teleop.egg-info/entry_points.txt
[6.101s] writing requirements to ../../../build/turtlebot3_teleop/turtlebot3_teleop.egg-info/requires.txt
[6.101s] writing top-level names to ../../../build/turtlebot3_teleop/turtlebot3_teleop.egg-info/top_level.txt
[6.310s] reading manifest file '../../../build/turtlebot3_teleop/turtlebot3_teleop.egg-info/SOURCES.txt'
[6.319s] writing manifest file '../../../build/turtlebot3_teleop/turtlebot3_teleop.egg-info/SOURCES.txt'
[6.320s] running build
[6.321s] running build_py
[6.325s] running install
[6.331s] running install_lib
[6.336s] running install_data
[6.339s] running install_egg_info
[6.346s] removing '/home/mike/turtlebot3_ws/install/turtlebot3_teleop/lib/python3.8/site-packages/turtlebot3_teleop-2.1.4-py3.8.egg-info' (and everything under it)
[6.348s] Copying ../../../build/turtlebot3_teleop/turtlebot3_teleop.egg-info to /home/mike/turtlebot3_ws/install/turtlebot3_teleop/lib/python3.8/site-packages/turtlebot3_teleop-2.1.4-py3.8.egg-info
[6.356s] running install_scripts
[6.439s] Installing teleop_keyboard script to /home/mike/turtlebot3_ws/install/turtlebot3_teleop/lib/turtlebot3_teleop
[6.439s] writing list of installed files to '/home/mike/turtlebot3_ws/build/turtlebot3_teleop/install.log'
[6.565s] Invoked command in '/home/mike/turtlebot3_ws/src/turtlebot3/turtlebot3_teleop' returned '0': PYTHONPATH=/home/mike/turtlebot3_ws/install/turtlebot3_teleop/lib/python3.8/site-packages:${PYTHONPATH} /usr/bin/python3 setup.py egg_info --egg-base ../../../build/turtlebot3_teleop build --build-base /home/mike/turtlebot3_ws/build/turtlebot3_teleop/build install --prefix /home/mike/turtlebot3_ws/install/turtlebot3_teleop --record /home/mike/turtlebot3_ws/build/turtlebot3_teleop/install.log --single-version-externally-managed
