[0.054s] Invoking command in '/home/mike/turtlebot3_ws/build/costmap_converter_msgs': /usr/bin/cmake /home/mike/turtlebot3_ws/src/turtlebot3/costmap_converter/costmap_converter_msgs -DCMAKE_INSTALL_PREFIX=/home/mike/turtlebot3_ws/install/costmap_converter_msgs
[0.333s] CMake Error at CMakeLists.txt:14 (find_package):
[0.334s]   By not providing "Findament_cmake.cmake" in CMAKE_MODULE_PATH this project
[0.334s]   has asked CMake to find a package configuration file provided by
[0.335s]   "ament_cmake", but CMake did not find one.
[0.335s] 
[0.335s]   Could not find a package configuration file provided by "ament_cmake" with
[0.335s]   any of the following names:
[0.335s] 
[0.336s]     ament_cmakeConfig.cmake
[0.336s]     ament_cmake-config.cmake
[0.336s] 
[0.337s]   Add the installation prefix of "ament_cmake" to CMAKE_PREFIX_PATH or set
[0.337s]   "ament_cmake_DIR" to a directory containing one of the above files.  If
[0.337s]   "ament_cmake" provides a separate development package or SDK, be sure it
[0.338s]   has been installed.
[0.339s] 
[0.340s] 
[0.340s] -- Configuring incomplete, errors occurred!
[0.340s] See also "/home/mike/turtlebot3_ws/build/costmap_converter_msgs/CMakeFiles/CMakeOutput.log".
[0.357s] Invoked command in '/home/mike/turtlebot3_ws/build/costmap_converter_msgs' returned '1': /usr/bin/cmake /home/mike/turtlebot3_ws/src/turtlebot3/costmap_converter/costmap_converter_msgs -DCMAKE_INSTALL_PREFIX=/home/mike/turtlebot3_ws/install/costmap_converter_msgs
