[1.855s] Invoking command in '/home/mike/turtlebot3_ws/build/turtlebot3_teleop': PYTHONPATH=/home/mike/turtlebot3_ws/install/turtlebot3_teleop/lib/python3.8/site-packages:${PYTHONPATH} /usr/bin/python3 setup.py develop --prefix /home/mike/turtlebot3_ws/install/turtlebot3_teleop --uninstall --editable --build-directory /home/mike/turtlebot3_ws/build/turtlebot3_teleop/build
[2.438s] running develop
[2.869s] Invoked command in '/home/mike/turtlebot3_ws/build/turtlebot3_teleop' returned '0': PYTHONPATH=/home/mike/turtlebot3_ws/install/turtlebot3_teleop/lib/python3.8/site-packages:${PYTHONPATH} /usr/bin/python3 setup.py develop --prefix /home/mike/turtlebot3_ws/install/turtlebot3_teleop --uninstall --editable --build-directory /home/mike/turtlebot3_ws/build/turtlebot3_teleop/build
[2.876s] Invoking command in '/home/mike/turtlebot3_ws/src/turtlebot3/turtlebot3_teleop': PYTHONPATH=/home/mike/turtlebot3_ws/install/turtlebot3_teleop/lib/python3.8/site-packages:${PYTHONPATH} /usr/bin/python3 setup.py egg_info --egg-base ../../../build/turtlebot3_teleop build --build-base /home/mike/turtlebot3_ws/build/turtlebot3_teleop/build install --prefix /home/mike/turtlebot3_ws/install/turtlebot3_teleop --record /home/mike/turtlebot3_ws/build/turtlebot3_teleop/install.log --single-version-externally-managed
[3.391s] running egg_info
[3.394s] writing ../../../build/turtlebot3_teleop/turtlebot3_teleop.egg-info/PKG-INFO
[3.394s] writing dependency_links to ../../../build/turtlebot3_teleop/turtlebot3_teleop.egg-info/dependency_links.txt
[3.394s] writing entry points to ../../../build/turtlebot3_teleop/turtlebot3_teleop.egg-info/entry_points.txt
[3.394s] writing requirements to ../../../build/turtlebot3_teleop/turtlebot3_teleop.egg-info/requires.txt
[3.395s] writing top-level names to ../../../build/turtlebot3_teleop/turtlebot3_teleop.egg-info/top_level.txt
[3.485s] reading manifest file '../../../build/turtlebot3_teleop/turtlebot3_teleop.egg-info/SOURCES.txt'
[3.487s] writing manifest file '../../../build/turtlebot3_teleop/turtlebot3_teleop.egg-info/SOURCES.txt'
[3.488s] running build
[3.488s] running build_py
[3.489s] running install
[3.491s] running install_lib
[3.495s] running install_data
[3.496s] running install_egg_info
[3.500s] removing '/home/mike/turtlebot3_ws/install/turtlebot3_teleop/lib/python3.8/site-packages/turtlebot3_teleop-2.1.4-py3.8.egg-info' (and everything under it)
[3.501s] Copying ../../../build/turtlebot3_teleop/turtlebot3_teleop.egg-info to /home/mike/turtlebot3_ws/install/turtlebot3_teleop/lib/python3.8/site-packages/turtlebot3_teleop-2.1.4-py3.8.egg-info
[3.503s] running install_scripts
[3.546s] Installing teleop_keyboard script to /home/mike/turtlebot3_ws/install/turtlebot3_teleop/lib/turtlebot3_teleop
[3.547s] writing list of installed files to '/home/mike/turtlebot3_ws/build/turtlebot3_teleop/install.log'
[3.631s] Invoked command in '/home/mike/turtlebot3_ws/src/turtlebot3/turtlebot3_teleop' returned '0': PYTHONPATH=/home/mike/turtlebot3_ws/install/turtlebot3_teleop/lib/python3.8/site-packages:${PYTHONPATH} /usr/bin/python3 setup.py egg_info --egg-base ../../../build/turtlebot3_teleop build --build-base /home/mike/turtlebot3_ws/build/turtlebot3_teleop/build install --prefix /home/mike/turtlebot3_ws/install/turtlebot3_teleop --record /home/mike/turtlebot3_ws/build/turtlebot3_teleop/install.log --single-version-externally-managed
