[0.095s] Invoking command in '/home/mike/turtlebot3_ws/build/teb_msgs': CMAKE_PREFIX_PATH=${CMAKE_PREFIX_PATH}:/home/mike/turtlebot3_ws/install/turtlebot3_teleop:/home/mike/turtlebot3_ws/install/turtlebot3_example:/opt/ros/galactic /usr/bin/cmake /home/mike/turtlebot3_ws/src/turtlebot3/teb_local_planner/teb_msgs -DCMAKE_INSTALL_PREFIX=/home/mike/turtlebot3_ws/install/teb_msgs
[0.657s] -- The C compiler identification is GNU 9.4.0
[0.658s] -- The CXX compiler identification is GNU 9.4.0
[0.659s] -- Check for working C compiler: /usr/bin/cc
[0.662s] -- Check for working C compiler: /usr/bin/cc -- works
[0.663s] -- Detecting C compiler ABI info
[0.663s] -- Detecting C compiler ABI info - done
[0.679s] -- Detecting C compile features
[0.679s] -- Detecting C compile features - done
[0.686s] -- Check for working CXX compiler: /usr/bin/c++
[0.911s] -- Check for working CXX compiler: /usr/bin/c++ -- works
[0.912s] -- Detecting CXX compiler ABI info
[1.134s] -- Detecting CXX compiler ABI info - done
[1.187s] -- Detecting CXX compile features
[1.189s] -- Detecting CXX compile features - done
[1.209s] -- Found ament_cmake: 1.1.5 (/opt/ros/galactic/share/ament_cmake/cmake)
[1.297s] -- Found PythonInterp: /usr/bin/python3 (found suitable version "3.8.10", minimum required is "3") 
[1.297s] -- Using PYTHON_EXECUTABLE: /usr/bin/python3
[1.609s] -- Found builtin_interfaces: 1.0.3 (/opt/ros/galactic/share/builtin_interfaces/cmake)
[1.693s] -- Using all available rosidl_typesupport_c: rosidl_typesupport_fastrtps_c;rosidl_typesupport_introspection_c
[1.719s] -- Found rosidl_adapter: 2.2.2 (/opt/ros/galactic/share/rosidl_adapter/cmake)
[1.949s] -- Found OpenSSL: /usr/lib/x86_64-linux-gnu/libcrypto.so (found version "1.1.1f")  
[2.009s] -- Found FastRTPS: /opt/ros/galactic/include  
[2.165s] -- Using all available rosidl_typesupport_cpp: rosidl_typesupport_fastrtps_cpp;rosidl_typesupport_introspection_cpp
[2.276s] CMake Error at CMakeLists.txt:16 (find_package):
[2.276s]   By not providing "Findcostmap_converter_msgs.cmake" in CMAKE_MODULE_PATH
[2.277s]   this project has asked CMake to find a package configuration file provided
[2.277s]   by "costmap_converter_msgs", but CMake did not find one.
[2.277s] 
[2.277s]   Could not find a package configuration file provided by
[2.277s]   "costmap_converter_msgs" with any of the following names:
[2.277s] 
[2.278s]     costmap_converter_msgsConfig.cmake
[2.278s]     costmap_converter_msgs-config.cmake
[2.278s] 
[2.278s]   Add the installation prefix of "costmap_converter_msgs" to
[2.278s]   CMAKE_PREFIX_PATH or set "costmap_converter_msgs_DIR" to a directory
[2.278s]   containing one of the above files.  If "costmap_converter_msgs" provides a
[2.279s]   separate development package or SDK, be sure it has been installed.
[2.280s] 
[2.280s] 
[2.280s] -- Configuring incomplete, errors occurred!
[2.280s] See also "/home/mike/turtlebot3_ws/build/teb_msgs/CMakeFiles/CMakeOutput.log".
[2.332s] Invoked command in '/home/mike/turtlebot3_ws/build/teb_msgs' returned '1': CMAKE_PREFIX_PATH=${CMAKE_PREFIX_PATH}:/home/mike/turtlebot3_ws/install/turtlebot3_teleop:/home/mike/turtlebot3_ws/install/turtlebot3_example:/opt/ros/galactic /usr/bin/cmake /home/mike/turtlebot3_ws/src/turtlebot3/teb_local_planner/teb_msgs -DCMAKE_INSTALL_PREFIX=/home/mike/turtlebot3_ws/install/teb_msgs
