[0.071s] Invoking command in '/home/mike/turtlebot3_ws/build/turtlebot3_gazebo': CMAKE_PREFIX_PATH=${CMAKE_PREFIX_PATH}:/home/mike/turtlebot3_ws/install/turtlebot3_teleop:/home/mike/turtlebot3_ws/install/turtlebot3_example:/opt/ros/galactic /usr/bin/cmake /home/mike/turtlebot3_ws/turtlebot3_simulations/turtlebot3_gazebo -DCMAKE_INSTALL_PREFIX=/home/mike/turtlebot3_ws/install/turtlebot3_gazebo
[0.234s] -- The C compiler identification is GNU 9.4.0
[0.390s] -- The CXX compiler identification is GNU 9.4.0
[0.404s] -- Check for working C compiler: /usr/bin/cc
[0.585s] -- Check for working C compiler: /usr/bin/cc -- works
[0.587s] -- Detecting C compiler ABI info
[0.752s] -- Detecting C compiler ABI info - done
[0.781s] -- Detecting C compile features
[0.782s] -- Detecting C compile features - done
[0.788s] -- Check for working CXX compiler: /usr/bin/c++
[0.995s] -- Check for working CXX compiler: /usr/bin/c++ -- works
[0.999s] -- Detecting CXX compiler ABI info
[1.203s] -- Detecting CXX compiler ABI info - done
[1.240s] -- Detecting CXX compile features
[1.241s] -- Detecting CXX compile features - done
[1.248s] -- Found ament_cmake: 1.1.5 (/opt/ros/galactic/share/ament_cmake/cmake)
[1.313s] -- Found PythonInterp: /usr/bin/python3 (found suitable version "3.8.10", minimum required is "3") 
[1.314s] -- Using PYTHON_EXECUTABLE: /usr/bin/python3
[1.553s] -- Found PkgConfig: /usr/bin/pkg-config (found version "0.29.1") 
[1.563s] -- Checking for module 'bullet>=2.82'
[1.602s] --   Found bullet, version 2.88
[1.946s] -- Found ccd: /usr/include (found suitable version "2.0", minimum required is "2.0") 
[2.111s] -- Found fcl: /usr/include (found suitable version "0.5.0", minimum required is "0.3.2") 
[2.323s] -- Found assimp: /usr/include (found version "5.0.0") 
[2.401s] -- Found DART: /usr/include (Required is at least version "6.6") found components: dart 
[3.325s] -- Found Boost: /usr/lib/x86_64-linux-gnu/cmake/Boost-1.71.0/BoostConfig.cmake (found suitable version "1.71.0", minimum required is "1.40.0") found components: thread system filesystem program_options regex iostreams date_time 
[3.453s] -- Found Protobuf: /usr/lib/x86_64-linux-gnu/libprotobuf.so;-lpthread (found version "3.6.1") 
[3.506s] -- Looking for ignition-math6 -- found version 6.13.0
[3.548s] -- Searching for dependencies of ignition-math6
[3.555s] -- Looking for OGRE...
[3.556s] -- OGRE_PREFIX_WATCH changed.
[3.573s] -- Checking for module 'OGRE'
[3.662s] --   Found OGRE, version 1.9.0
[3.907s] -- Found Ogre Ghadamon (1.9.0)
[3.964s] -- Found OGRE: optimized;/usr/lib/x86_64-linux-gnu/libOgreMain.so;debug;/usr/lib/x86_64-linux-gnu/libOgreMain.so
[4.020s] -- Looking for OGRE_Paging...
[4.077s] -- Found OGRE_Paging: optimized;/usr/lib/x86_64-linux-gnu/libOgrePaging.so;debug;/usr/lib/x86_64-linux-gnu/libOgrePaging.so
[4.078s] -- Looking for OGRE_Terrain...
[4.151s] -- Found OGRE_Terrain: optimized;/usr/lib/x86_64-linux-gnu/libOgreTerrain.so;debug;/usr/lib/x86_64-linux-gnu/libOgreTerrain.so
[4.151s] -- Looking for OGRE_Property...
[4.272s] -- Found OGRE_Property: optimized;/usr/lib/x86_64-linux-gnu/libOgreProperty.so;debug;/usr/lib/x86_64-linux-gnu/libOgreProperty.so
[4.272s] -- Looking for OGRE_RTShaderSystem...
[4.367s] -- Found OGRE_RTShaderSystem: optimized;/usr/lib/x86_64-linux-gnu/libOgreRTShaderSystem.so;debug;/usr/lib/x86_64-linux-gnu/libOgreRTShaderSystem.so
[4.368s] -- Looking for OGRE_Volume...
[4.469s] -- Found OGRE_Volume: optimized;/usr/lib/x86_64-linux-gnu/libOgreVolume.so;debug;/usr/lib/x86_64-linux-gnu/libOgreVolume.so
[4.469s] -- Looking for OGRE_Overlay...
[4.573s] -- Found OGRE_Overlay: optimized;/usr/lib/x86_64-linux-gnu/libOgreOverlay.so;debug;/usr/lib/x86_64-linux-gnu/libOgreOverlay.so
[6.329s] -- Looking for ignition-math6 -- found version 6.13.0
[6.349s] -- Looking for ignition-transport8 -- found version 8.3.0
[6.350s] -- Searching for dependencies of ignition-transport8
[6.471s] -- Found Protobuf: /usr/lib/x86_64-linux-gnu/libprotobuf.so;-lpthread (found suitable version "3.6.1", minimum required is "3") 
[6.532s] -- Config-file not installed for ZeroMQ -- checking for pkg-config
[6.568s] -- Checking for module 'libzmq >= 4'
[6.703s] --   Found libzmq , version 4.3.2
[7.176s] -- Found ZeroMQ: TRUE (Required is at least version "4") 
[7.221s] -- Checking for module 'uuid'
[7.341s] --   Found uuid, version 2.34.0
[7.738s] -- Found UUID: TRUE  
[7.761s] -- Looking for ignition-msgs5 -- found version 5.10.0
[7.762s] -- Searching for dependencies of ignition-msgs5
[7.875s] -- Looking for ignition-math6 -- found version 6.13.0
[7.898s] -- Checking for module 'tinyxml2'
[8.034s] --   Found tinyxml2, version 6.2.0
[8.502s] -- Looking for ignition-msgs5 -- found version 5.10.0
[8.518s] -- Looking for ignition-common3 -- found version 3.14.2
[8.520s] -- Searching for dependencies of ignition-common3
[8.533s] -- Looking for dlfcn.h - found
[8.536s] -- Looking for libdl - found
[8.555s] -- Found DL: TRUE  
[8.617s] -- Searching for <ignition-common3> component [graphics]
[8.637s] -- Looking for ignition-common3-graphics -- found version 3.14.2
[8.640s] -- Searching for dependencies of ignition-common3-graphics
[8.641s] -- Looking for ignition-math6 -- found version 6.13.0
[8.669s] -- Looking for ignition-fuel_tools4 -- found version 4.6.0
[8.670s] -- Searching for dependencies of ignition-fuel_tools4
[9.459s] -- Found CURL: /usr/lib/x86_64-linux-gnu/libcurl.so (found version "7.68.0")  
[9.539s] -- Checking for module 'jsoncpp'
[9.719s] --   Found jsoncpp, version 1.7.4
[10.185s] -- Found JSONCPP: TRUE  
[10.223s] -- Checking for module 'libzip'
[10.363s] --   Found libzip, version 1.5.1
[10.813s] -- Found ZIP: TRUE  
[10.814s] -- Looking for ignition-common3 -- found version 3.14.2
[10.821s] -- Looking for ignition-math6 -- found version 6.13.0
[10.822s] -- Looking for ignition-msgs5 -- found version 5.10.0
[10.839s] -- Found gazebo_ros_pkgs: 3.5.2 (/opt/ros/galactic/share/gazebo_ros_pkgs/cmake)
[10.841s] -- Found geometry_msgs: 2.2.4 (/opt/ros/galactic/share/geometry_msgs/cmake)
[10.984s] -- Using all available rosidl_typesupport_c: rosidl_typesupport_fastrtps_c;rosidl_typesupport_introspection_c
[11.030s] -- Found rosidl_adapter: 2.2.2 (/opt/ros/galactic/share/rosidl_adapter/cmake)
[11.747s] -- Found OpenSSL: /usr/lib/x86_64-linux-gnu/libcrypto.so (found version "1.1.1f")  
[11.891s] -- Found FastRTPS: /opt/ros/galactic/include  
[12.308s] -- Using all available rosidl_typesupport_cpp: rosidl_typesupport_fastrtps_cpp;rosidl_typesupport_introspection_cpp
[12.784s] -- Found nav_msgs: 2.2.4 (/opt/ros/galactic/share/nav_msgs/cmake)
[13.167s] -- Found rclcpp: 9.2.1 (/opt/ros/galactic/share/rclcpp/cmake)
[13.503s] -- Found rmw_implementation_cmake: 3.3.1 (/opt/ros/galactic/share/rmw_implementation_cmake/cmake)
[13.522s] -- Found rmw_cyclonedds_cpp: 0.22.5 (/opt/ros/galactic/share/rmw_cyclonedds_cpp/cmake)
[13.650s] -- Using RMW implementation 'rmw_cyclonedds_cpp' as default
[13.660s] -- Found Threads: TRUE  
[14.461s] -- Found sensor_msgs: 2.2.4 (/opt/ros/galactic/share/sensor_msgs/cmake)
[14.819s] -- Found tf2: 0.17.4 (/opt/ros/galactic/share/tf2/cmake)
[15.285s] -- Configuring done
[15.515s] -- Generating done
[15.524s] -- Build files have been written to: /home/mike/turtlebot3_ws/build/turtlebot3_gazebo
[15.625s] Invoked command in '/home/mike/turtlebot3_ws/build/turtlebot3_gazebo' returned '0': CMAKE_PREFIX_PATH=${CMAKE_PREFIX_PATH}:/home/mike/turtlebot3_ws/install/turtlebot3_teleop:/home/mike/turtlebot3_ws/install/turtlebot3_example:/opt/ros/galactic /usr/bin/cmake /home/mike/turtlebot3_ws/turtlebot3_simulations/turtlebot3_gazebo -DCMAKE_INSTALL_PREFIX=/home/mike/turtlebot3_ws/install/turtlebot3_gazebo
[15.633s] Invoking command in '/home/mike/turtlebot3_ws/build/turtlebot3_gazebo': CMAKE_PREFIX_PATH=${CMAKE_PREFIX_PATH}:/home/mike/turtlebot3_ws/install/turtlebot3_teleop:/home/mike/turtlebot3_ws/install/turtlebot3_example:/opt/ros/galactic /usr/bin/cmake --build /home/mike/turtlebot3_ws/build/turtlebot3_gazebo -- -j4 -l4
[16.052s] [35m[1mScanning dependencies of target obstacles[0m
[16.057s] [35m[1mScanning dependencies of target obstacle1[0m
[16.057s] [35m[1mScanning dependencies of target obstacle2[0m
[16.070s] [35m[1mScanning dependencies of target turtlebot3_drive[0m
[16.574s] [ 12%] [32mBuilding CXX object CMakeFiles/turtlebot3_drive.dir/src/turtlebot3_drive.cpp.o[0m
[16.758s] [ 25%] [32mBuilding CXX object CMakeFiles/obstacle1.dir/models/turtlebot3_dqn_world/obstacle_plugin/obstacle1.cc.o[0m
[16.763s] [ 37%] [32mBuilding CXX object CMakeFiles/obstacle2.dir/models/turtlebot3_dqn_world/obstacle_plugin/obstacle2.cc.o[0m
[16.937s] [ 50%] [32mBuilding CXX object CMakeFiles/obstacles.dir/models/turtlebot3_dqn_world/obstacle_plugin/obstacles.cc.o[0m
[84.656s] [ 62%] [32m[1mLinking CXX executable turtlebot3_drive[0m
[85.931s] [ 75%] [32m[1mLinking CXX shared library libobstacles.so[0m
[87.605s] [ 75%] Built target turtlebot3_drive
[87.636s] [ 87%] [32m[1mLinking CXX shared library libobstacle1.so[0m
[87.822s] [100%] [32m[1mLinking CXX shared library libobstacle2.so[0m
[87.876s] [100%] Built target obstacles
[89.007s] [100%] Built target obstacle1
[89.157s] [100%] Built target obstacle2
[89.252s] Invoked command in '/home/mike/turtlebot3_ws/build/turtlebot3_gazebo' returned '0': CMAKE_PREFIX_PATH=${CMAKE_PREFIX_PATH}:/home/mike/turtlebot3_ws/install/turtlebot3_teleop:/home/mike/turtlebot3_ws/install/turtlebot3_example:/opt/ros/galactic /usr/bin/cmake --build /home/mike/turtlebot3_ws/build/turtlebot3_gazebo -- -j4 -l4
[89.330s] Invoking command in '/home/mike/turtlebot3_ws/build/turtlebot3_gazebo': CMAKE_PREFIX_PATH=${CMAKE_PREFIX_PATH}:/home/mike/turtlebot3_ws/install/turtlebot3_teleop:/home/mike/turtlebot3_ws/install/turtlebot3_example:/opt/ros/galactic /usr/bin/cmake --install /home/mike/turtlebot3_ws/build/turtlebot3_gazebo
[89.350s] -- Install configuration: ""
[89.350s] -- Installing: /home/mike/turtlebot3_ws/install/turtlebot3_gazebo/lib/turtlebot3_gazebo/turtlebot3_drive
[89.358s] -- Set runtime path of "/home/mike/turtlebot3_ws/install/turtlebot3_gazebo/lib/turtlebot3_gazebo/turtlebot3_drive" to ""
[89.359s] -- Installing: /home/mike/turtlebot3_ws/install/turtlebot3_gazebo/share/turtlebot3_gazebo//launch
[89.359s] -- Installing: /home/mike/turtlebot3_ws/install/turtlebot3_gazebo/share/turtlebot3_gazebo//launch/turtlebot3_dqn_stage2.launch.py
[89.359s] -- Installing: /home/mike/turtlebot3_ws/install/turtlebot3_gazebo/share/turtlebot3_gazebo//launch/spawn_turtlebot3.launch.py
[89.360s] -- Installing: /home/mike/turtlebot3_ws/install/turtlebot3_gazebo/share/turtlebot3_gazebo//launch/turtlebot3_dqn_stage3.launch.py
[89.360s] -- Installing: /home/mike/turtlebot3_ws/install/turtlebot3_gazebo/share/turtlebot3_gazebo//launch/turtlebot3_house.launch.py
[89.361s] -- Installing: /home/mike/turtlebot3_ws/install/turtlebot3_gazebo/share/turtlebot3_gazebo//launch/turtlebot3_dqn_stage4.launch.py
[89.361s] -- Installing: /home/mike/turtlebot3_ws/install/turtlebot3_gazebo/share/turtlebot3_gazebo//launch/robot_state_publisher.launch.py
[89.361s] -- Installing: /home/mike/turtlebot3_ws/install/turtlebot3_gazebo/share/turtlebot3_gazebo//launch/empty_world.launch.py
[89.362s] -- Installing: /home/mike/turtlebot3_ws/install/turtlebot3_gazebo/share/turtlebot3_gazebo//launch/turtlebot3_world.launch.py
[89.362s] -- Installing: /home/mike/turtlebot3_ws/install/turtlebot3_gazebo/share/turtlebot3_gazebo//launch/turtlebot3_dqn_stage1.launch.py
[89.362s] -- Installing: /home/mike/turtlebot3_ws/install/turtlebot3_gazebo/share/turtlebot3_gazebo//models
[89.363s] -- Installing: /home/mike/turtlebot3_ws/install/turtlebot3_gazebo/share/turtlebot3_gazebo//models/turtlebot3_common
[89.363s] -- Installing: /home/mike/turtlebot3_ws/install/turtlebot3_gazebo/share/turtlebot3_gazebo//models/turtlebot3_common/meshes
[89.363s] -- Installing: /home/mike/turtlebot3_ws/install/turtlebot3_gazebo/share/turtlebot3_gazebo//models/turtlebot3_common/meshes/lds.dae
[89.367s] -- Installing: /home/mike/turtlebot3_ws/install/turtlebot3_gazebo/share/turtlebot3_gazebo//models/turtlebot3_common/meshes/r200.dae
[89.367s] -- Installing: /home/mike/turtlebot3_ws/install/turtlebot3_gazebo/share/turtlebot3_gazebo//models/turtlebot3_common/meshes/tire.dae
[89.367s] -- Installing: /home/mike/turtlebot3_ws/install/turtlebot3_gazebo/share/turtlebot3_gazebo//models/turtlebot3_common/meshes/waffle_pi_base.dae
[89.367s] -- Installing: /home/mike/turtlebot3_ws/install/turtlebot3_gazebo/share/turtlebot3_gazebo//models/turtlebot3_common/meshes/burger_base.dae
[89.368s] -- Installing: /home/mike/turtlebot3_ws/install/turtlebot3_gazebo/share/turtlebot3_gazebo//models/turtlebot3_common/meshes/waffle_base.dae
[89.368s] -- Installing: /home/mike/turtlebot3_ws/install/turtlebot3_gazebo/share/turtlebot3_gazebo//models/turtlebot3_common/model.config
[89.368s] -- Installing: /home/mike/turtlebot3_ws/install/turtlebot3_gazebo/share/turtlebot3_gazebo//models/turtlebot3_world
[89.369s] -- Installing: /home/mike/turtlebot3_ws/install/turtlebot3_gazebo/share/turtlebot3_gazebo//models/turtlebot3_world/meshes
[89.369s] -- Installing: /home/mike/turtlebot3_ws/install/turtlebot3_gazebo/share/turtlebot3_gazebo//models/turtlebot3_world/meshes/hexagon.dae
[89.369s] -- Installing: /home/mike/turtlebot3_ws/install/turtlebot3_gazebo/share/turtlebot3_gazebo//models/turtlebot3_world/meshes/wall.dae
[89.370s] -- Installing: /home/mike/turtlebot3_ws/install/turtlebot3_gazebo/share/turtlebot3_gazebo//models/turtlebot3_world/model.sdf
[89.371s] -- Installing: /home/mike/turtlebot3_ws/install/turtlebot3_gazebo/share/turtlebot3_gazebo//models/turtlebot3_world/model-1_4.sdf
[89.371s] -- Installing: /home/mike/turtlebot3_ws/install/turtlebot3_gazebo/share/turtlebot3_gazebo//models/turtlebot3_world/model.config
[89.371s] -- Installing: /home/mike/turtlebot3_ws/install/turtlebot3_gazebo/share/turtlebot3_gazebo//models/turtlebot3_house
[89.372s] -- Installing: /home/mike/turtlebot3_ws/install/turtlebot3_gazebo/share/turtlebot3_gazebo//models/turtlebot3_house/model.sdf
[89.373s] -- Installing: /home/mike/turtlebot3_ws/install/turtlebot3_gazebo/share/turtlebot3_gazebo//models/turtlebot3_house/model.config
[89.374s] -- Installing: /home/mike/turtlebot3_ws/install/turtlebot3_gazebo/share/turtlebot3_gazebo//models/turtlebot3_waffle
[89.374s] -- Installing: /home/mike/turtlebot3_ws/install/turtlebot3_gazebo/share/turtlebot3_gazebo//models/turtlebot3_waffle/model.sdf
[89.375s] -- Installing: /home/mike/turtlebot3_ws/install/turtlebot3_gazebo/share/turtlebot3_gazebo//models/turtlebot3_waffle/model-1_4.sdf
[89.375s] -- Installing: /home/mike/turtlebot3_ws/install/turtlebot3_gazebo/share/turtlebot3_gazebo//models/turtlebot3_waffle/model.config
[89.376s] -- Installing: /home/mike/turtlebot3_ws/install/turtlebot3_gazebo/share/turtlebot3_gazebo//models/turtlebot3_burger
[89.376s] -- Installing: /home/mike/turtlebot3_ws/install/turtlebot3_gazebo/share/turtlebot3_gazebo//models/turtlebot3_burger/model.sdf
[89.377s] -- Installing: /home/mike/turtlebot3_ws/install/turtlebot3_gazebo/share/turtlebot3_gazebo//models/turtlebot3_burger/model-1_4.sdf
[89.377s] -- Installing: /home/mike/turtlebot3_ws/install/turtlebot3_gazebo/share/turtlebot3_gazebo//models/turtlebot3_burger/model.config
[89.378s] -- Installing: /home/mike/turtlebot3_ws/install/turtlebot3_gazebo/share/turtlebot3_gazebo//models/turtlebot3_dqn_world
[89.378s] -- Installing: /home/mike/turtlebot3_ws/install/turtlebot3_gazebo/share/turtlebot3_gazebo//models/turtlebot3_dqn_world/goal_box
[89.378s] -- Installing: /home/mike/turtlebot3_ws/install/turtlebot3_gazebo/share/turtlebot3_gazebo//models/turtlebot3_dqn_world/goal_box/model.sdf
[89.379s] -- Installing: /home/mike/turtlebot3_ws/install/turtlebot3_gazebo/share/turtlebot3_gazebo//models/turtlebot3_dqn_world/goal_box/model.config
[89.379s] -- Installing: /home/mike/turtlebot3_ws/install/turtlebot3_gazebo/share/turtlebot3_gazebo//models/turtlebot3_dqn_world/inner_walls
[89.380s] -- Installing: /home/mike/turtlebot3_ws/install/turtlebot3_gazebo/share/turtlebot3_gazebo//models/turtlebot3_dqn_world/inner_walls/model.sdf
[89.380s] -- Installing: /home/mike/turtlebot3_ws/install/turtlebot3_gazebo/share/turtlebot3_gazebo//models/turtlebot3_dqn_world/inner_walls/model.config
[89.381s] -- Installing: /home/mike/turtlebot3_ws/install/turtlebot3_gazebo/share/turtlebot3_gazebo//models/turtlebot3_dqn_world/obstacle_plugin
[89.381s] -- Installing: /home/mike/turtlebot3_ws/install/turtlebot3_gazebo/share/turtlebot3_gazebo//models/turtlebot3_dqn_world/obstacle_plugin/obstacle2.cc
[89.381s] -- Installing: /home/mike/turtlebot3_ws/install/turtlebot3_gazebo/share/turtlebot3_gazebo//models/turtlebot3_dqn_world/obstacle_plugin/CMakeLists.txt
[89.382s] -- Installing: /home/mike/turtlebot3_ws/install/turtlebot3_gazebo/share/turtlebot3_gazebo//models/turtlebot3_dqn_world/obstacle_plugin/obstacle1.cc
[89.383s] -- Installing: /home/mike/turtlebot3_ws/install/turtlebot3_gazebo/share/turtlebot3_gazebo//models/turtlebot3_dqn_world/obstacle_plugin/obstacles.cc
[89.383s] -- Installing: /home/mike/turtlebot3_ws/install/turtlebot3_gazebo/share/turtlebot3_gazebo//models/turtlebot3_dqn_world/obstacle2
[89.384s] -- Installing: /home/mike/turtlebot3_ws/install/turtlebot3_gazebo/share/turtlebot3_gazebo//models/turtlebot3_dqn_world/obstacle2/model.sdf
[89.384s] -- Installing: /home/mike/turtlebot3_ws/install/turtlebot3_gazebo/share/turtlebot3_gazebo//models/turtlebot3_dqn_world/obstacle2/model.config
[89.385s] -- Installing: /home/mike/turtlebot3_ws/install/turtlebot3_gazebo/share/turtlebot3_gazebo//models/turtlebot3_dqn_world/model.sdf
[89.386s] -- Installing: /home/mike/turtlebot3_ws/install/turtlebot3_gazebo/share/turtlebot3_gazebo//models/turtlebot3_dqn_world/obstacle1
[89.386s] -- Installing: /home/mike/turtlebot3_ws/install/turtlebot3_gazebo/share/turtlebot3_gazebo//models/turtlebot3_dqn_world/obstacle1/model.sdf
[89.387s] -- Installing: /home/mike/turtlebot3_ws/install/turtlebot3_gazebo/share/turtlebot3_gazebo//models/turtlebot3_dqn_world/obstacle1/model.config
[89.387s] -- Installing: /home/mike/turtlebot3_ws/install/turtlebot3_gazebo/share/turtlebot3_gazebo//models/turtlebot3_dqn_world/model.config
[89.387s] -- Installing: /home/mike/turtlebot3_ws/install/turtlebot3_gazebo/share/turtlebot3_gazebo//models/turtlebot3_dqn_world/obstacles
[89.388s] -- Installing: /home/mike/turtlebot3_ws/install/turtlebot3_gazebo/share/turtlebot3_gazebo//models/turtlebot3_dqn_world/obstacles/model.sdf
[89.388s] -- Installing: /home/mike/turtlebot3_ws/install/turtlebot3_gazebo/share/turtlebot3_gazebo//models/turtlebot3_dqn_world/obstacles/model.config
[89.389s] -- Installing: /home/mike/turtlebot3_ws/install/turtlebot3_gazebo/share/turtlebot3_gazebo//models/turtlebot3_waffle_pi
[89.389s] -- Installing: /home/mike/turtlebot3_ws/install/turtlebot3_gazebo/share/turtlebot3_gazebo//models/turtlebot3_waffle_pi/model-1_4_.sdf
[89.390s] -- Installing: /home/mike/turtlebot3_ws/install/turtlebot3_gazebo/share/turtlebot3_gazebo//models/turtlebot3_waffle_pi/model.sdf
[89.390s] -- Installing: /home/mike/turtlebot3_ws/install/turtlebot3_gazebo/share/turtlebot3_gazebo//models/turtlebot3_waffle_pi/model.config
[89.390s] -- Installing: /home/mike/turtlebot3_ws/install/turtlebot3_gazebo/share/turtlebot3_gazebo//rviz
[89.391s] -- Installing: /home/mike/turtlebot3_ws/install/turtlebot3_gazebo/share/turtlebot3_gazebo//rviz/tb3_gazebo.rviz
[89.391s] -- Installing: /home/mike/turtlebot3_ws/install/turtlebot3_gazebo/share/turtlebot3_gazebo//urdf
[89.391s] -- Installing: /home/mike/turtlebot3_ws/install/turtlebot3_gazebo/share/turtlebot3_gazebo//urdf/turtlebot3_waffle_pi.urdf
[89.392s] -- Installing: /home/mike/turtlebot3_ws/install/turtlebot3_gazebo/share/turtlebot3_gazebo//urdf/turtlebot3_waffle.urdf
[89.392s] -- Installing: /home/mike/turtlebot3_ws/install/turtlebot3_gazebo/share/turtlebot3_gazebo//urdf/common_properties.urdf
[89.393s] -- Installing: /home/mike/turtlebot3_ws/install/turtlebot3_gazebo/share/turtlebot3_gazebo//urdf/turtlebot3_burger.urdf
[89.393s] -- Installing: /home/mike/turtlebot3_ws/install/turtlebot3_gazebo/share/turtlebot3_gazebo//worlds
[89.393s] -- Installing: /home/mike/turtlebot3_ws/install/turtlebot3_gazebo/share/turtlebot3_gazebo//worlds/turtlebot3_dqn_stage3.world
[89.394s] -- Installing: /home/mike/turtlebot3_ws/install/turtlebot3_gazebo/share/turtlebot3_gazebo//worlds/turtlebot3_dqn_stage4.world
[89.394s] -- Installing: /home/mike/turtlebot3_ws/install/turtlebot3_gazebo/share/turtlebot3_gazebo//worlds/empty_world.world
[89.395s] -- Installing: /home/mike/turtlebot3_ws/install/turtlebot3_gazebo/share/turtlebot3_gazebo//worlds/turtlebot3_dqn_stage2.world
[89.395s] -- Installing: /home/mike/turtlebot3_ws/install/turtlebot3_gazebo/share/turtlebot3_gazebo//worlds/turtlebot3_dqn_stage1.world
[89.395s] -- Installing: /home/mike/turtlebot3_ws/install/turtlebot3_gazebo/share/turtlebot3_gazebo//worlds/turtlebot3_world.world
[89.396s] -- Installing: /home/mike/turtlebot3_ws/install/turtlebot3_gazebo/share/turtlebot3_gazebo//worlds/turtlebot3_house.world
[89.396s] -- Installing: /home/mike/turtlebot3_ws/install/turtlebot3_gazebo/include/
[89.397s] -- Installing: /home/mike/turtlebot3_ws/install/turtlebot3_gazebo/include//turtlebot3_gazebo
[89.397s] -- Installing: /home/mike/turtlebot3_ws/install/turtlebot3_gazebo/include//turtlebot3_gazebo/turtlebot3_drive.hpp
[89.399s] -- Installing: /home/mike/turtlebot3_ws/install/turtlebot3_gazebo/share/ament_index/resource_index/package_run_dependencies/turtlebot3_gazebo
[89.400s] -- Installing: /home/mike/turtlebot3_ws/install/turtlebot3_gazebo/share/ament_index/resource_index/parent_prefix_path/turtlebot3_gazebo
[89.401s] -- Installing: /home/mike/turtlebot3_ws/install/turtlebot3_gazebo/share/turtlebot3_gazebo/environment/ament_prefix_path.sh
[89.402s] -- Installing: /home/mike/turtlebot3_ws/install/turtlebot3_gazebo/share/turtlebot3_gazebo/environment/ament_prefix_path.dsv
[89.403s] -- Installing: /home/mike/turtlebot3_ws/install/turtlebot3_gazebo/share/turtlebot3_gazebo/environment/path.sh
[89.404s] -- Installing: /home/mike/turtlebot3_ws/install/turtlebot3_gazebo/share/turtlebot3_gazebo/environment/path.dsv
[89.405s] -- Installing: /home/mike/turtlebot3_ws/install/turtlebot3_gazebo/share/turtlebot3_gazebo/local_setup.bash
[89.406s] -- Installing: /home/mike/turtlebot3_ws/install/turtlebot3_gazebo/share/turtlebot3_gazebo/local_setup.sh
[89.407s] -- Installing: /home/mike/turtlebot3_ws/install/turtlebot3_gazebo/share/turtlebot3_gazebo/local_setup.zsh
[89.408s] -- Installing: /home/mike/turtlebot3_ws/install/turtlebot3_gazebo/share/turtlebot3_gazebo/local_setup.dsv
[89.409s] -- Installing: /home/mike/turtlebot3_ws/install/turtlebot3_gazebo/share/turtlebot3_gazebo/package.dsv
[89.410s] -- Installing: /home/mike/turtlebot3_ws/install/turtlebot3_gazebo/share/ament_index/resource_index/packages/turtlebot3_gazebo
[89.411s] -- Installing: /home/mike/turtlebot3_ws/install/turtlebot3_gazebo/share/turtlebot3_gazebo/cmake/ament_cmake_export_include_directories-extras.cmake
[89.412s] -- Installing: /home/mike/turtlebot3_ws/install/turtlebot3_gazebo/share/turtlebot3_gazebo/cmake/ament_cmake_export_dependencies-extras.cmake
[89.413s] -- Installing: /home/mike/turtlebot3_ws/install/turtlebot3_gazebo/share/turtlebot3_gazebo/cmake/turtlebot3_gazeboConfig.cmake
[89.414s] -- Installing: /home/mike/turtlebot3_ws/install/turtlebot3_gazebo/share/turtlebot3_gazebo/cmake/turtlebot3_gazeboConfig-version.cmake
[89.415s] -- Installing: /home/mike/turtlebot3_ws/install/turtlebot3_gazebo/share/turtlebot3_gazebo/package.xml
[89.423s] Invoked command in '/home/mike/turtlebot3_ws/build/turtlebot3_gazebo' returned '0': CMAKE_PREFIX_PATH=${CMAKE_PREFIX_PATH}:/home/mike/turtlebot3_ws/install/turtlebot3_teleop:/home/mike/turtlebot3_ws/install/turtlebot3_example:/opt/ros/galactic /usr/bin/cmake --install /home/mike/turtlebot3_ws/build/turtlebot3_gazebo
