[0.048s] Invoking command in '/home/mike/turtlebot3_ws/build/turtlebot3_description': /usr/bin/cmake /home/mike/turtlebot3_ws/src/turtlebot3/turtlebot3_description -DAMENT_CMAKE_SYMLINK_INSTALL=1 -DCMAKE_INSTALL_PREFIX=/home/mike/turtlebot3_ws/install/turtlebot3_description
[0.370s] -- The C compiler identification is GNU 9.4.0
[0.472s] -- The CXX compiler identification is GNU 9.4.0
[0.483s] -- Check for working C compiler: /usr/bin/cc
[0.596s] -- Check for working C compiler: /usr/bin/cc -- works
[0.599s] -- Detecting C compiler ABI info
[0.709s] -- Detecting C compiler ABI info - done
[0.730s] -- Detecting C compile features
[0.731s] -- Detecting C compile features - done
[0.736s] -- Check for working CXX compiler: /usr/bin/c++
[0.869s] -- Check for working CXX compiler: /usr/bin/c++ -- works
[0.871s] -- Detecting CXX compiler ABI info
[1.010s] -- Detecting CXX compiler ABI info - done
[1.037s] -- Detecting CXX compile features
[1.038s] -- Detecting CXX compile features - done
[1.053s] CMake Error at CMakeLists.txt:18 (find_package):
[1.054s]   By not providing "Findament_cmake.cmake" in CMAKE_MODULE_PATH this project
[1.055s]   has asked CMake to find a package configuration file provided by
[1.055s]   "ament_cmake", but CMake did not find one.
[1.056s] 
[1.056s]   Could not find a package configuration file provided by "ament_cmake" with
[1.056s]   any of the following names:
[1.056s] 
[1.057s]     ament_cmakeConfig.cmake
[1.058s]     ament_cmake-config.cmake
[1.059s] 
[1.060s]   Add the installation prefix of "ament_cmake" to CMAKE_PREFIX_PATH or set
[1.060s]   "ament_cmake_DIR" to a directory containing one of the above files.  If
[1.061s]   "ament_cmake" provides a separate development package or SDK, be sure it
[1.066s]   has been installed.
[1.067s] 
[1.067s] 
[1.068s] -- Configuring incomplete, errors occurred!
[1.068s] See also "/home/mike/turtlebot3_ws/build/turtlebot3_description/CMakeFiles/CMakeOutput.log".
