[0.143s] Invoking command in '/home/mike/turtlebot3_ws/build/costmap_converter': AMENT_PREFIX_PATH=/home/mike/turtlebot3_ws/install/costmap_converter_msgs:${AMENT_PREFIX_PATH} CMAKE_PREFIX_PATH=/home/mike/turtlebot3_ws/install/costmap_converter_msgs:/opt/ros/galactic LD_LIBRARY_PATH=/home/mike/turtlebot3_ws/install/costmap_converter_msgs/lib:${LD_LIBRARY_PATH} PYTHONPATH=/home/mike/turtlebot3_ws/install/costmap_converter_msgs/lib/python3.8/site-packages:${PYTHONPATH} /usr/bin/cmake /home/mike/turtlebot3_ws/src/turtlebot3/costmap_converter/costmap_converter -DCMAKE_INSTALL_PREFIX=/home/mike/turtlebot3_ws/install/costmap_converter
[0.772s] -- The C compiler identification is GNU 9.4.0
[1.191s] -- The CXX compiler identification is GNU 9.4.0
[1.229s] -- Check for working C compiler: /usr/bin/cc
[1.791s] -- Check for working C compiler: /usr/bin/cc -- works
[1.794s] -- Detecting C compiler ABI info
[2.274s] -- Detecting C compiler ABI info - done
[2.300s] -- Detecting C compile features
[2.304s] -- Detecting C compile features - done
[2.323s] -- Check for working CXX compiler: /usr/bin/c++
[2.923s] -- Check for working CXX compiler: /usr/bin/c++ -- works
[2.925s] -- Detecting CXX compiler ABI info
[3.523s] -- Detecting CXX compiler ABI info - done
[3.572s] -- Detecting CXX compile features
[3.581s] -- Detecting CXX compile features - done
[3.615s] -- Found ament_cmake: 1.1.5 (/opt/ros/galactic/share/ament_cmake/cmake)
[3.831s] -- Found PythonInterp: /usr/bin/python3 (found suitable version "3.8.10", minimum required is "3") 
[3.831s] -- Using PYTHON_EXECUTABLE: /usr/bin/python3
[4.460s] -- Found class_loader: 2.1.2 (/opt/ros/galactic/share/class_loader/cmake)
[4.651s] -- Found costmap_converter_msgs: 0.1.2 (/home/mike/turtlebot3_ws/install/costmap_converter_msgs/share/costmap_converter_msgs/cmake)
[4.778s] -- Using all available rosidl_typesupport_c: rosidl_typesupport_fastrtps_c;rosidl_typesupport_introspection_c
[4.831s] -- Found rosidl_adapter: 2.2.2 (/opt/ros/galactic/share/rosidl_adapter/cmake)
[5.430s] -- Found OpenSSL: /usr/lib/x86_64-linux-gnu/libcrypto.so (found version "1.1.1f")  
[5.612s] -- Found FastRTPS: /opt/ros/galactic/include  
[6.027s] -- Using all available rosidl_typesupport_cpp: rosidl_typesupport_fastrtps_cpp;rosidl_typesupport_introspection_cpp
[7.152s] -- Found cv_bridge: 2.2.1 (/opt/ros/galactic/share/cv_bridge/cmake)
[7.283s] -- Found nav2_costmap_2d: 1.0.12 (/opt/ros/galactic/share/nav2_costmap_2d/cmake)
[9.936s] -- Found rmw_implementation_cmake: 3.3.1 (/opt/ros/galactic/share/rmw_implementation_cmake/cmake)
[9.948s] -- Found rmw_cyclonedds_cpp: 0.22.5 (/opt/ros/galactic/share/rmw_cyclonedds_cpp/cmake)
[10.061s] -- Using RMW implementation 'rmw_cyclonedds_cpp' as default
[10.073s] -- Looking for pthread.h
[10.570s] -- Looking for pthread.h - found
[10.570s] -- Performing Test CMAKE_HAVE_LIBC_PTHREAD
[10.998s] -- Performing Test CMAKE_HAVE_LIBC_PTHREAD - Failed
[10.999s] -- Looking for pthread_create in pthreads
[11.354s] -- Looking for pthread_create in pthreads - not found
[11.354s] -- Looking for pthread_create in pthread
[11.758s] -- Looking for pthread_create in pthread - found
[11.758s] -- Found Threads: TRUE  
[15.994s] -- Found Eigen3: TRUE (found version "3.3.7") 
[19.183s] -- Found OpenCV: /usr (found version "4.2.0") 
[22.620s] -- Found ament_cmake_gtest: 1.1.5 (/opt/ros/galactic/share/ament_cmake_gtest/cmake)
[22.632s] -- Found gtest sources under '/opt/ros/galactic/src/gtest_vendor': C++ tests using 'Google Test' will be built
[22.641s] -- Check if compiler accepts -pthread
[23.115s] -- Check if compiler accepts -pthread - yes
[25.501s] -- Configuring done
[26.412s] -- Generating done
[26.416s] -- Build files have been written to: /home/mike/turtlebot3_ws/build/costmap_converter
[26.463s] Invoked command in '/home/mike/turtlebot3_ws/build/costmap_converter' returned '0': AMENT_PREFIX_PATH=/home/mike/turtlebot3_ws/install/costmap_converter_msgs:${AMENT_PREFIX_PATH} CMAKE_PREFIX_PATH=/home/mike/turtlebot3_ws/install/costmap_converter_msgs:/opt/ros/galactic LD_LIBRARY_PATH=/home/mike/turtlebot3_ws/install/costmap_converter_msgs/lib:${LD_LIBRARY_PATH} PYTHONPATH=/home/mike/turtlebot3_ws/install/costmap_converter_msgs/lib/python3.8/site-packages:${PYTHONPATH} /usr/bin/cmake /home/mike/turtlebot3_ws/src/turtlebot3/costmap_converter/costmap_converter -DCMAKE_INSTALL_PREFIX=/home/mike/turtlebot3_ws/install/costmap_converter
[26.465s] Invoking command in '/home/mike/turtlebot3_ws/build/costmap_converter': AMENT_PREFIX_PATH=/home/mike/turtlebot3_ws/install/costmap_converter_msgs:${AMENT_PREFIX_PATH} CMAKE_PREFIX_PATH=/home/mike/turtlebot3_ws/install/costmap_converter_msgs:/opt/ros/galactic LD_LIBRARY_PATH=/home/mike/turtlebot3_ws/install/costmap_converter_msgs/lib:${LD_LIBRARY_PATH} PYTHONPATH=/home/mike/turtlebot3_ws/install/costmap_converter_msgs/lib/python3.8/site-packages:${PYTHONPATH} /usr/bin/cmake --build /home/mike/turtlebot3_ws/build/costmap_converter -- -j4 -l4
[26.692s] [35m[1mScanning dependencies of target costmap_converter[0m
[27.419s] [  5%] [32mBuilding CXX object CMakeFiles/costmap_converter.dir/src/costmap_to_polygons.cpp.o[0m
[34.890s] In file included from [01m[K/opt/ros/galactic/include/rclcpp/client.hpp:40[m[K,
[34.890s]                  from [01m[K/opt/ros/galactic/include/rclcpp/callback_group.hpp:23[m[K,
[34.890s]                  from [01m[K/opt/ros/galactic/include/rclcpp/any_executable.hpp:20[m[K,
[34.890s]                  from [01m[K/opt/ros/galactic/include/rclcpp/memory_strategy.hpp:25[m[K,
[34.890s]                  from [01m[K/opt/ros/galactic/include/rclcpp/memory_strategies.hpp:18[m[K,
[34.890s]                  from [01m[K/opt/ros/galactic/include/rclcpp/executor_options.hpp:20[m[K,
[34.891s]                  from [01m[K/opt/ros/galactic/include/rclcpp/executor.hpp:36[m[K,
[34.891s]                  from [01m[K/opt/ros/galactic/include/rclcpp/executors/multi_threaded_executor.hpp:26[m[K,
[34.891s]                  from [01m[K/opt/ros/galactic/include/rclcpp/executors.hpp:21[m[K,
[34.891s]                  from [01m[K/opt/ros/galactic/include/rclcpp/rclcpp.hpp:156[m[K,
[34.891s]                  from [01m[K/home/mike/turtlebot3_ws/src/turtlebot3/costmap_converter/costmap_converter/include/costmap_converter/costmap_to_polygons.h:42[m[K,
[34.891s]                  from [01m[K/home/mike/turtlebot3_ws/src/turtlebot3/costmap_converter/costmap_converter/src/costmap_to_polygons.cpp:39[m[K:
[34.894s] [01m[K/home/mike/turtlebot3_ws/src/turtlebot3/costmap_converter/costmap_converter/include/costmap_converter/costmap_converter_interface.h:[m[K In member function ‘[01m[Kvoid costmap_converter::BaseCostmapToPolygons::startWorker(rclcpp::GenericRate<std::chrono::_V2::system_clock>::SharedPtr, nav2_costmap_2d::Costmap2D*, bool)[m[K’:
[34.895s] [01m[K/home/mike/turtlebot3_ws/src/turtlebot3/costmap_converter/costmap_converter/include/costmap_converter/costmap_converter_interface.h:197:41:[m[K [01;35m[Kwarning: [m[Ktoo many arguments for format [[01;35m[K-Wformat-extra-args[m[K]
[34.895s]   197 |         RCLCPP_DEBUG(nh_->get_logger(), [01;35m[K"costmap_converter"[m[K, "Spinning up a thread for the CostmapToPolygons plugin");
[34.895s]       |                                         [01;35m[K^~~~~~~~~~~~~~~~~~~[m[K
[34.928s] [01m[K/home/mike/turtlebot3_ws/src/turtlebot3/costmap_converter/costmap_converter/include/costmap_converter/costmap_converter_interface.h:[m[K In member function ‘[01m[Kvoid costmap_converter::BaseCostmapToDynamicObstacles::loadStaticCostmapConverterPlugin(const string&, rclcpp::Node::SharedPtr)[m[K’:
[34.928s] [01m[K/home/mike/turtlebot3_ws/src/turtlebot3/costmap_converter/costmap_converter/include/costmap_converter/costmap_converter_interface.h:313:32:[m[K [01;35m[Kwarning: [m[Kformat ‘[01m[K%s[m[K’ expects argument of type ‘[01m[Kchar*[m[K’, but argument 5 has type ‘[01m[Kconst string[m[K’ {aka ‘[01m[Kconst std::__cxx11::basic_string<char>[m[K’} [[01;35m[K-Wformat=[m[K]
[34.929s]   313 |       RCLCPP_INFO(getLogger(), [01;35m[K"CostmapToDynamicObstacles: underlying costmap conversion plugin for static obstacles %s loaded."[m[K, plugin_name);
[34.929s]       |                                [01;35m[K^~~~~~~~~~~~~~~~~~~~~~~~~~~~~~~~~~~~~~~~~~~~~~~~~~~~~~~~~~~~~~~~~~~~~~~~~~~~~~~~~~~~~~~~~~~~~~~~~[m[K
[34.929s] In file included from [01m[K/home/mike/turtlebot3_ws/src/turtlebot3/costmap_converter/costmap_converter/include/costmap_converter/costmap_to_polygons.h:43[m[K,
[34.929s]                  from [01m[K/home/mike/turtlebot3_ws/src/turtlebot3/costmap_converter/costmap_converter/src/costmap_to_polygons.cpp:39[m[K:
[34.929s] [01m[K/home/mike/turtlebot3_ws/src/turtlebot3/costmap_converter/costmap_converter/include/costmap_converter/costmap_converter_interface.h:313:119:[m[K [01;36m[Knote: [m[Kformat string is defined here
[34.929s]   313 |       RCLCPP_INFO(getLogger(), "CostmapToDynamicObstacles: underlying costmap conversion plugin for static obstacles [01;36m[K%s[m[K loaded.", plugin_name);
[34.929s]       |                                                                                                                      [01;36m[K~^[m[K
[34.929s]       |                                                                                                                       [01;36m[K|[m[K
[34.929s]       |                                                                                                                       [01;36m[Kchar*[m[K
[40.072s] [ 10%] [32mBuilding CXX object CMakeFiles/costmap_converter.dir/src/costmap_to_polygons_concave.cpp.o[0m
[44.916s] In file included from [01m[K/opt/ros/galactic/include/rclcpp/client.hpp:40[m[K,
[44.916s]                  from [01m[K/opt/ros/galactic/include/rclcpp/callback_group.hpp:23[m[K,
[44.916s]                  from [01m[K/opt/ros/galactic/include/rclcpp/any_executable.hpp:20[m[K,
[44.916s]                  from [01m[K/opt/ros/galactic/include/rclcpp/memory_strategy.hpp:25[m[K,
[44.916s]                  from [01m[K/opt/ros/galactic/include/rclcpp/memory_strategies.hpp:18[m[K,
[44.916s]                  from [01m[K/opt/ros/galactic/include/rclcpp/executor_options.hpp:20[m[K,
[44.916s]                  from [01m[K/opt/ros/galactic/include/rclcpp/executor.hpp:36[m[K,
[44.917s]                  from [01m[K/opt/ros/galactic/include/rclcpp/executors/multi_threaded_executor.hpp:26[m[K,
[44.917s]                  from [01m[K/opt/ros/galactic/include/rclcpp/executors.hpp:21[m[K,
[44.917s]                  from [01m[K/opt/ros/galactic/include/rclcpp/rclcpp.hpp:156[m[K,
[44.917s]                  from [01m[K/home/mike/turtlebot3_ws/src/turtlebot3/costmap_converter/costmap_converter/include/costmap_converter/costmap_to_polygons.h:42[m[K,
[44.917s]                  from [01m[K/home/mike/turtlebot3_ws/src/turtlebot3/costmap_converter/costmap_converter/include/costmap_converter/costmap_to_polygons_concave.h:42[m[K,
[44.917s]                  from [01m[K/home/mike/turtlebot3_ws/src/turtlebot3/costmap_converter/costmap_converter/src/costmap_to_polygons_concave.cpp:39[m[K:
[44.917s] [01m[K/home/mike/turtlebot3_ws/src/turtlebot3/costmap_converter/costmap_converter/include/costmap_converter/costmap_converter_interface.h:[m[K In member function ‘[01m[Kvoid costmap_converter::BaseCostmapToPolygons::startWorker(rclcpp::GenericRate<std::chrono::_V2::system_clock>::SharedPtr, nav2_costmap_2d::Costmap2D*, bool)[m[K’:
[44.917s] [01m[K/home/mike/turtlebot3_ws/src/turtlebot3/costmap_converter/costmap_converter/include/costmap_converter/costmap_converter_interface.h:197:41:[m[K [01;35m[Kwarning: [m[Ktoo many arguments for format [[01;35m[K-Wformat-extra-args[m[K]
[44.918s]   197 |         RCLCPP_DEBUG(nh_->get_logger(), [01;35m[K"costmap_converter"[m[K, "Spinning up a thread for the CostmapToPolygons plugin");
[44.918s]       |                                         [01;35m[K^~~~~~~~~~~~~~~~~~~[m[K
[44.945s] [01m[K/home/mike/turtlebot3_ws/src/turtlebot3/costmap_converter/costmap_converter/include/costmap_converter/costmap_converter_interface.h:[m[K In member function ‘[01m[Kvoid costmap_converter::BaseCostmapToDynamicObstacles::loadStaticCostmapConverterPlugin(const string&, rclcpp::Node::SharedPtr)[m[K’:
[44.945s] [01m[K/home/mike/turtlebot3_ws/src/turtlebot3/costmap_converter/costmap_converter/include/costmap_converter/costmap_converter_interface.h:313:32:[m[K [01;35m[Kwarning: [m[Kformat ‘[01m[K%s[m[K’ expects argument of type ‘[01m[Kchar*[m[K’, but argument 5 has type ‘[01m[Kconst string[m[K’ {aka ‘[01m[Kconst std::__cxx11::basic_string<char>[m[K’} [[01;35m[K-Wformat=[m[K]
[44.945s]   313 |       RCLCPP_INFO(getLogger(), [01;35m[K"CostmapToDynamicObstacles: underlying costmap conversion plugin for static obstacles %s loaded."[m[K, plugin_name);
[44.945s]       |                                [01;35m[K^~~~~~~~~~~~~~~~~~~~~~~~~~~~~~~~~~~~~~~~~~~~~~~~~~~~~~~~~~~~~~~~~~~~~~~~~~~~~~~~~~~~~~~~~~~~~~~~~[m[K
[44.946s] In file included from [01m[K/home/mike/turtlebot3_ws/src/turtlebot3/costmap_converter/costmap_converter/include/costmap_converter/costmap_to_polygons.h:43[m[K,
[44.946s]                  from [01m[K/home/mike/turtlebot3_ws/src/turtlebot3/costmap_converter/costmap_converter/include/costmap_converter/costmap_to_polygons_concave.h:42[m[K,
[44.946s]                  from [01m[K/home/mike/turtlebot3_ws/src/turtlebot3/costmap_converter/costmap_converter/src/costmap_to_polygons_concave.cpp:39[m[K:
[44.946s] [01m[K/home/mike/turtlebot3_ws/src/turtlebot3/costmap_converter/costmap_converter/include/costmap_converter/costmap_converter_interface.h:313:119:[m[K [01;36m[Knote: [m[Kformat string is defined here
[44.946s]   313 |       RCLCPP_INFO(getLogger(), "CostmapToDynamicObstacles: underlying costmap conversion plugin for static obstacles [01;36m[K%s[m[K loaded.", plugin_name);
[44.946s]       |                                                                                                                      [01;36m[K~^[m[K
[44.946s]       |                                                                                                                       [01;36m[K|[m[K
[44.946s]       |                                                                                                                       [01;36m[Kchar*[m[K
[49.157s] [ 15%] [32mBuilding CXX object CMakeFiles/costmap_converter.dir/src/costmap_to_lines_convex_hull.cpp.o[0m
[53.440s] In file included from [01m[K/opt/ros/galactic/include/rclcpp/client.hpp:40[m[K,
[53.440s]                  from [01m[K/opt/ros/galactic/include/rclcpp/callback_group.hpp:23[m[K,
[53.441s]                  from [01m[K/opt/ros/galactic/include/rclcpp/any_executable.hpp:20[m[K,
[53.441s]                  from [01m[K/opt/ros/galactic/include/rclcpp/memory_strategy.hpp:25[m[K,
[53.441s]                  from [01m[K/opt/ros/galactic/include/rclcpp/memory_strategies.hpp:18[m[K,
[53.441s]                  from [01m[K/opt/ros/galactic/include/rclcpp/executor_options.hpp:20[m[K,
[53.442s]                  from [01m[K/opt/ros/galactic/include/rclcpp/executor.hpp:36[m[K,
[53.442s]                  from [01m[K/opt/ros/galactic/include/rclcpp/executors/multi_threaded_executor.hpp:26[m[K,
[53.442s]                  from [01m[K/opt/ros/galactic/include/rclcpp/executors.hpp:21[m[K,
[53.443s]                  from [01m[K/opt/ros/galactic/include/rclcpp/rclcpp.hpp:156[m[K,
[53.443s]                  from [01m[K/home/mike/turtlebot3_ws/src/turtlebot3/costmap_converter/costmap_converter/include/costmap_converter/costmap_converter_interface.h:46[m[K,
[53.443s]                  from [01m[K/home/mike/turtlebot3_ws/src/turtlebot3/costmap_converter/costmap_converter/include/costmap_converter/costmap_to_lines_convex_hull.h:42[m[K,
[53.443s]                  from [01m[K/home/mike/turtlebot3_ws/src/turtlebot3/costmap_converter/costmap_converter/src/costmap_to_lines_convex_hull.cpp:39[m[K:
[53.444s] [01m[K/home/mike/turtlebot3_ws/src/turtlebot3/costmap_converter/costmap_converter/include/costmap_converter/costmap_converter_interface.h:[m[K In member function ‘[01m[Kvoid costmap_converter::BaseCostmapToPolygons::startWorker(rclcpp::GenericRate<std::chrono::_V2::system_clock>::SharedPtr, nav2_costmap_2d::Costmap2D*, bool)[m[K’:
[53.444s] [01m[K/home/mike/turtlebot3_ws/src/turtlebot3/costmap_converter/costmap_converter/include/costmap_converter/costmap_converter_interface.h:197:41:[m[K [01;35m[Kwarning: [m[Ktoo many arguments for format [[01;35m[K-Wformat-extra-args[m[K]
[53.444s]   197 |         RCLCPP_DEBUG(nh_->get_logger(), [01;35m[K"costmap_converter"[m[K, "Spinning up a thread for the CostmapToPolygons plugin");
[53.445s]       |                                         [01;35m[K^~~~~~~~~~~~~~~~~~~[m[K
[53.479s] [01m[K/home/mike/turtlebot3_ws/src/turtlebot3/costmap_converter/costmap_converter/include/costmap_converter/costmap_converter_interface.h:[m[K In member function ‘[01m[Kvoid costmap_converter::BaseCostmapToDynamicObstacles::loadStaticCostmapConverterPlugin(const string&, rclcpp::Node::SharedPtr)[m[K’:
[53.480s] [01m[K/home/mike/turtlebot3_ws/src/turtlebot3/costmap_converter/costmap_converter/include/costmap_converter/costmap_converter_interface.h:313:32:[m[K [01;35m[Kwarning: [m[Kformat ‘[01m[K%s[m[K’ expects argument of type ‘[01m[Kchar*[m[K’, but argument 5 has type ‘[01m[Kconst string[m[K’ {aka ‘[01m[Kconst std::__cxx11::basic_string<char>[m[K’} [[01;35m[K-Wformat=[m[K]
[53.480s]   313 |       RCLCPP_INFO(getLogger(), [01;35m[K"CostmapToDynamicObstacles: underlying costmap conversion plugin for static obstacles %s loaded."[m[K, plugin_name);
[53.480s]       |                                [01;35m[K^~~~~~~~~~~~~~~~~~~~~~~~~~~~~~~~~~~~~~~~~~~~~~~~~~~~~~~~~~~~~~~~~~~~~~~~~~~~~~~~~~~~~~~~~~~~~~~~~[m[K
[53.480s] In file included from [01m[K/home/mike/turtlebot3_ws/src/turtlebot3/costmap_converter/costmap_converter/include/costmap_converter/costmap_to_lines_convex_hull.h:42[m[K,
[53.480s]                  from [01m[K/home/mike/turtlebot3_ws/src/turtlebot3/costmap_converter/costmap_converter/src/costmap_to_lines_convex_hull.cpp:39[m[K:
[53.481s] [01m[K/home/mike/turtlebot3_ws/src/turtlebot3/costmap_converter/costmap_converter/include/costmap_converter/costmap_converter_interface.h:313:119:[m[K [01;36m[Knote: [m[Kformat string is defined here
[53.481s]   313 |       RCLCPP_INFO(getLogger(), "CostmapToDynamicObstacles: underlying costmap conversion plugin for static obstacles [01;36m[K%s[m[K loaded.", plugin_name);
[53.481s]       |                                                                                                                      [01;36m[K~^[m[K
[53.481s]       |                                                                                                                       [01;36m[K|[m[K
[53.481s]       |                                                                                                                       [01;36m[Kchar*[m[K
[57.643s] [ 21%] [32mBuilding CXX object CMakeFiles/costmap_converter.dir/src/costmap_to_lines_ransac.cpp.o[0m
[62.292s] In file included from [01m[K/opt/ros/galactic/include/rclcpp/client.hpp:40[m[K,
[62.293s]                  from [01m[K/opt/ros/galactic/include/rclcpp/callback_group.hpp:23[m[K,
[62.293s]                  from [01m[K/opt/ros/galactic/include/rclcpp/any_executable.hpp:20[m[K,
[62.293s]                  from [01m[K/opt/ros/galactic/include/rclcpp/memory_strategy.hpp:25[m[K,
[62.293s]                  from [01m[K/opt/ros/galactic/include/rclcpp/memory_strategies.hpp:18[m[K,
[62.293s]                  from [01m[K/opt/ros/galactic/include/rclcpp/executor_options.hpp:20[m[K,
[62.294s]                  from [01m[K/opt/ros/galactic/include/rclcpp/executor.hpp:36[m[K,
[62.294s]                  from [01m[K/opt/ros/galactic/include/rclcpp/executors/multi_threaded_executor.hpp:26[m[K,
[62.294s]                  from [01m[K/opt/ros/galactic/include/rclcpp/executors.hpp:21[m[K,
[62.294s]                  from [01m[K/opt/ros/galactic/include/rclcpp/rclcpp.hpp:156[m[K,
[62.294s]                  from [01m[K/home/mike/turtlebot3_ws/src/turtlebot3/costmap_converter/costmap_converter/include/costmap_converter/costmap_converter_interface.h:46[m[K,
[62.295s]                  from [01m[K/home/mike/turtlebot3_ws/src/turtlebot3/costmap_converter/costmap_converter/include/costmap_converter/costmap_to_lines_ransac.h:42[m[K,
[62.295s]                  from [01m[K/home/mike/turtlebot3_ws/src/turtlebot3/costmap_converter/costmap_converter/src/costmap_to_lines_ransac.cpp:39[m[K:
[62.295s] [01m[K/home/mike/turtlebot3_ws/src/turtlebot3/costmap_converter/costmap_converter/include/costmap_converter/costmap_converter_interface.h:[m[K In member function ‘[01m[Kvoid costmap_converter::BaseCostmapToPolygons::startWorker(rclcpp::GenericRate<std::chrono::_V2::system_clock>::SharedPtr, nav2_costmap_2d::Costmap2D*, bool)[m[K’:
[62.296s] [01m[K/home/mike/turtlebot3_ws/src/turtlebot3/costmap_converter/costmap_converter/include/costmap_converter/costmap_converter_interface.h:197:41:[m[K [01;35m[Kwarning: [m[Ktoo many arguments for format [[01;35m[K-Wformat-extra-args[m[K]
[62.296s]   197 |         RCLCPP_DEBUG(nh_->get_logger(), [01;35m[K"costmap_converter"[m[K, "Spinning up a thread for the CostmapToPolygons plugin");
[62.296s]       |                                         [01;35m[K^~~~~~~~~~~~~~~~~~~[m[K
[62.319s] [01m[K/home/mike/turtlebot3_ws/src/turtlebot3/costmap_converter/costmap_converter/include/costmap_converter/costmap_converter_interface.h:[m[K In member function ‘[01m[Kvoid costmap_converter::BaseCostmapToDynamicObstacles::loadStaticCostmapConverterPlugin(const string&, rclcpp::Node::SharedPtr)[m[K’:
[62.319s] [01m[K/home/mike/turtlebot3_ws/src/turtlebot3/costmap_converter/costmap_converter/include/costmap_converter/costmap_converter_interface.h:313:32:[m[K [01;35m[Kwarning: [m[Kformat ‘[01m[K%s[m[K’ expects argument of type ‘[01m[Kchar*[m[K’, but argument 5 has type ‘[01m[Kconst string[m[K’ {aka ‘[01m[Kconst std::__cxx11::basic_string<char>[m[K’} [[01;35m[K-Wformat=[m[K]
[62.319s]   313 |       RCLCPP_INFO(getLogger(), [01;35m[K"CostmapToDynamicObstacles: underlying costmap conversion plugin for static obstacles %s loaded."[m[K, plugin_name);
[62.319s]       |                                [01;35m[K^~~~~~~~~~~~~~~~~~~~~~~~~~~~~~~~~~~~~~~~~~~~~~~~~~~~~~~~~~~~~~~~~~~~~~~~~~~~~~~~~~~~~~~~~~~~~~~~~[m[K
[62.320s] In file included from [01m[K/home/mike/turtlebot3_ws/src/turtlebot3/costmap_converter/costmap_converter/include/costmap_converter/costmap_to_lines_ransac.h:42[m[K,
[62.320s]                  from [01m[K/home/mike/turtlebot3_ws/src/turtlebot3/costmap_converter/costmap_converter/src/costmap_to_lines_ransac.cpp:39[m[K:
[62.320s] [01m[K/home/mike/turtlebot3_ws/src/turtlebot3/costmap_converter/costmap_converter/include/costmap_converter/costmap_converter_interface.h:313:119:[m[K [01;36m[Knote: [m[Kformat string is defined here
[62.320s]   313 |       RCLCPP_INFO(getLogger(), "CostmapToDynamicObstacles: underlying costmap conversion plugin for static obstacles [01;36m[K%s[m[K loaded.", plugin_name);
[62.320s]       |                                                                                                                      [01;36m[K~^[m[K
[62.320s]       |                                                                                                                       [01;36m[K|[m[K
[62.321s]       |                                                                                                                       [01;36m[Kchar*[m[K
[66.032s] [ 26%] [32mBuilding CXX object CMakeFiles/costmap_converter.dir/src/costmap_to_dynamic_obstacles/costmap_to_dynamic_obstacles.cpp.o[0m
[69.683s] In file included from [01m[K/opt/ros/galactic/include/rclcpp/client.hpp:40[m[K,
[69.683s]                  from [01m[K/opt/ros/galactic/include/rclcpp/callback_group.hpp:23[m[K,
[69.684s]                  from [01m[K/opt/ros/galactic/include/rclcpp/any_executable.hpp:20[m[K,
[69.684s]                  from [01m[K/opt/ros/galactic/include/rclcpp/memory_strategy.hpp:25[m[K,
[69.684s]                  from [01m[K/opt/ros/galactic/include/rclcpp/memory_strategies.hpp:18[m[K,
[69.684s]                  from [01m[K/opt/ros/galactic/include/rclcpp/executor_options.hpp:20[m[K,
[69.684s]                  from [01m[K/opt/ros/galactic/include/rclcpp/executor.hpp:36[m[K,
[69.684s]                  from [01m[K/opt/ros/galactic/include/rclcpp/executors/multi_threaded_executor.hpp:26[m[K,
[69.685s]                  from [01m[K/opt/ros/galactic/include/rclcpp/executors.hpp:21[m[K,
[69.685s]                  from [01m[K/opt/ros/galactic/include/rclcpp/rclcpp.hpp:156[m[K,
[69.685s]                  from [01m[K/home/mike/turtlebot3_ws/src/turtlebot3/costmap_converter/costmap_converter/include/costmap_converter/costmap_converter_interface.h:46[m[K,
[69.685s]                  from [01m[K/home/mike/turtlebot3_ws/src/turtlebot3/costmap_converter/costmap_converter/include/costmap_converter/costmap_to_dynamic_obstacles/costmap_to_dynamic_obstacles.h:47[m[K,
[69.685s]                  from [01m[K/home/mike/turtlebot3_ws/src/turtlebot3/costmap_converter/costmap_converter/src/costmap_to_dynamic_obstacles/costmap_to_dynamic_obstacles.cpp:1[m[K:
[69.685s] [01m[K/home/mike/turtlebot3_ws/src/turtlebot3/costmap_converter/costmap_converter/include/costmap_converter/costmap_converter_interface.h:[m[K In member function ‘[01m[Kvoid costmap_converter::BaseCostmapToPolygons::startWorker(rclcpp::GenericRate<std::chrono::_V2::system_clock>::SharedPtr, nav2_costmap_2d::Costmap2D*, bool)[m[K’:
[69.686s] [01m[K/home/mike/turtlebot3_ws/src/turtlebot3/costmap_converter/costmap_converter/include/costmap_converter/costmap_converter_interface.h:197:41:[m[K [01;35m[Kwarning: [m[Ktoo many arguments for format [[01;35m[K-Wformat-extra-args[m[K]
[69.686s]   197 |         RCLCPP_DEBUG(nh_->get_logger(), [01;35m[K"costmap_converter"[m[K, "Spinning up a thread for the CostmapToPolygons plugin");
[69.686s]       |                                         [01;35m[K^~~~~~~~~~~~~~~~~~~[m[K
[69.712s] [01m[K/home/mike/turtlebot3_ws/src/turtlebot3/costmap_converter/costmap_converter/include/costmap_converter/costmap_converter_interface.h:[m[K In member function ‘[01m[Kvoid costmap_converter::BaseCostmapToDynamicObstacles::loadStaticCostmapConverterPlugin(const string&, rclcpp::Node::SharedPtr)[m[K’:
[69.712s] [01m[K/home/mike/turtlebot3_ws/src/turtlebot3/costmap_converter/costmap_converter/include/costmap_converter/costmap_converter_interface.h:313:32:[m[K [01;35m[Kwarning: [m[Kformat ‘[01m[K%s[m[K’ expects argument of type ‘[01m[Kchar*[m[K’, but argument 5 has type ‘[01m[Kconst string[m[K’ {aka ‘[01m[Kconst std::__cxx11::basic_string<char>[m[K’} [[01;35m[K-Wformat=[m[K]
[69.712s]   313 |       RCLCPP_INFO(getLogger(), [01;35m[K"CostmapToDynamicObstacles: underlying costmap conversion plugin for static obstacles %s loaded."[m[K, plugin_name);
[69.712s]       |                                [01;35m[K^~~~~~~~~~~~~~~~~~~~~~~~~~~~~~~~~~~~~~~~~~~~~~~~~~~~~~~~~~~~~~~~~~~~~~~~~~~~~~~~~~~~~~~~~~~~~~~~~[m[K
[69.712s] In file included from [01m[K/home/mike/turtlebot3_ws/src/turtlebot3/costmap_converter/costmap_converter/include/costmap_converter/costmap_to_dynamic_obstacles/costmap_to_dynamic_obstacles.h:47[m[K,
[69.713s]                  from [01m[K/home/mike/turtlebot3_ws/src/turtlebot3/costmap_converter/costmap_converter/src/costmap_to_dynamic_obstacles/costmap_to_dynamic_obstacles.cpp:1[m[K:
[69.713s] [01m[K/home/mike/turtlebot3_ws/src/turtlebot3/costmap_converter/costmap_converter/include/costmap_converter/costmap_converter_interface.h:313:119:[m[K [01;36m[Knote: [m[Kformat string is defined here
[69.713s]   313 |       RCLCPP_INFO(getLogger(), "CostmapToDynamicObstacles: underlying costmap conversion plugin for static obstacles [01;36m[K%s[m[K loaded.", plugin_name);
[69.713s]       |                                                                                                                      [01;36m[K~^[m[K
[69.713s]       |                                                                                                                       [01;36m[K|[m[K
[69.713s]       |                                                                                                                       [01;36m[Kchar*[m[K
[88.891s] [ 31%] [32mBuilding CXX object CMakeFiles/costmap_converter.dir/src/costmap_to_dynamic_obstacles/background_subtractor.cpp.o[0m
[88.896s] [ 36%] [32mBuilding CXX object CMakeFiles/costmap_converter.dir/src/costmap_to_dynamic_obstacles/blob_detector.cpp.o[0m
[90.858s] [ 42%] [32mBuilding CXX object CMakeFiles/costmap_converter.dir/src/costmap_to_dynamic_obstacles/multitarget_tracker/Ctracker.cpp.o[0m
[93.408s] [ 47%] [32mBuilding CXX object CMakeFiles/costmap_converter.dir/src/costmap_to_dynamic_obstacles/multitarget_tracker/Kalman.cpp.o[0m
[94.275s] [ 52%] [32mBuilding CXX object CMakeFiles/costmap_converter.dir/src/costmap_to_dynamic_obstacles/multitarget_tracker/HungarianAlg.cpp.o[0m
[97.577s] [ 57%] [32m[1mLinking CXX shared library libcostmap_converter.so[0m
[98.165s] [ 57%] Built target costmap_converter
[98.180s] [35m[1mScanning dependencies of target gtest[0m
[98.184s] [35m[1mScanning dependencies of target gtest_main[0m
[98.209s] [ 63%] [32mBuilding CXX object gtest/CMakeFiles/gtest_main.dir/src/gtest_main.cc.o[0m
[98.214s] [ 68%] [32mBuilding CXX object gtest/CMakeFiles/gtest.dir/src/gtest-all.cc.o[0m
[99.125s] [ 73%] [32m[1mLinking CXX static library libgtest_main.a[0m
[99.169s] [ 73%] Built target gtest_main
[99.183s] [35m[1mScanning dependencies of target standalone_converter[0m
[99.260s] [ 78%] [32mBuilding CXX object CMakeFiles/standalone_converter.dir/src/costmap_converter_node.cpp.o[0m
[103.555s] In file included from [01m[K/opt/ros/galactic/include/rclcpp/client.hpp:40[m[K,
[103.556s]                  from [01m[K/opt/ros/galactic/include/rclcpp/callback_group.hpp:23[m[K,
[103.556s]                  from [01m[K/opt/ros/galactic/include/rclcpp/any_executable.hpp:20[m[K,
[103.556s]                  from [01m[K/opt/ros/galactic/include/rclcpp/memory_strategy.hpp:25[m[K,
[103.556s]                  from [01m[K/opt/ros/galactic/include/rclcpp/memory_strategies.hpp:18[m[K,
[103.556s]                  from [01m[K/opt/ros/galactic/include/rclcpp/executor_options.hpp:20[m[K,
[103.557s]                  from [01m[K/opt/ros/galactic/include/rclcpp/executor.hpp:36[m[K,
[103.557s]                  from [01m[K/opt/ros/galactic/include/rclcpp/executors/multi_threaded_executor.hpp:26[m[K,
[103.558s]                  from [01m[K/opt/ros/galactic/include/rclcpp/executors.hpp:21[m[K,
[103.558s]                  from [01m[K/opt/ros/galactic/include/rclcpp/rclcpp.hpp:156[m[K,
[103.558s]                  from [01m[K/home/mike/turtlebot3_ws/src/turtlebot3/costmap_converter/costmap_converter/src/costmap_converter_node.cpp:40[m[K:
[103.558s] [01m[K/home/mike/turtlebot3_ws/src/turtlebot3/costmap_converter/costmap_converter/include/costmap_converter/costmap_converter_interface.h:[m[K In member function ‘[01m[Kvoid costmap_converter::BaseCostmapToPolygons::startWorker(rclcpp::GenericRate<std::chrono::_V2::system_clock>::SharedPtr, nav2_costmap_2d::Costmap2D*, bool)[m[K’:
[103.558s] [01m[K/home/mike/turtlebot3_ws/src/turtlebot3/costmap_converter/costmap_converter/include/costmap_converter/costmap_converter_interface.h:197:41:[m[K [01;35m[Kwarning: [m[Ktoo many arguments for format [[01;35m[K-Wformat-extra-args[m[K]
[103.558s]   197 |         RCLCPP_DEBUG(nh_->get_logger(), [01;35m[K"costmap_converter"[m[K, "Spinning up a thread for the CostmapToPolygons plugin");
[103.558s]       |                                         [01;35m[K^~~~~~~~~~~~~~~~~~~[m[K
[103.584s] [01m[K/home/mike/turtlebot3_ws/src/turtlebot3/costmap_converter/costmap_converter/include/costmap_converter/costmap_converter_interface.h:[m[K In member function ‘[01m[Kvoid costmap_converter::BaseCostmapToDynamicObstacles::loadStaticCostmapConverterPlugin(const string&, rclcpp::Node::SharedPtr)[m[K’:
[103.584s] [01m[K/home/mike/turtlebot3_ws/src/turtlebot3/costmap_converter/costmap_converter/include/costmap_converter/costmap_converter_interface.h:313:32:[m[K [01;35m[Kwarning: [m[Kformat ‘[01m[K%s[m[K’ expects argument of type ‘[01m[Kchar*[m[K’, but argument 5 has type ‘[01m[Kconst string[m[K’ {aka ‘[01m[Kconst std::__cxx11::basic_string<char>[m[K’} [[01;35m[K-Wformat=[m[K]
[103.584s]   313 |       RCLCPP_INFO(getLogger(), [01;35m[K"CostmapToDynamicObstacles: underlying costmap conversion plugin for static obstacles %s loaded."[m[K, plugin_name);
[103.585s]       |                                [01;35m[K^~~~~~~~~~~~~~~~~~~~~~~~~~~~~~~~~~~~~~~~~~~~~~~~~~~~~~~~~~~~~~~~~~~~~~~~~~~~~~~~~~~~~~~~~~~~~~~~~[m[K
[103.585s] In file included from [01m[K/home/mike/turtlebot3_ws/src/turtlebot3/costmap_converter/costmap_converter/src/costmap_converter_node.cpp:47[m[K:
[103.585s] [01m[K/home/mike/turtlebot3_ws/src/turtlebot3/costmap_converter/costmap_converter/include/costmap_converter/costmap_converter_interface.h:313:119:[m[K [01;36m[Knote: [m[Kformat string is defined here
[103.585s]   313 |       RCLCPP_INFO(getLogger(), "CostmapToDynamicObstacles: underlying costmap conversion plugin for static obstacles [01;36m[K%s[m[K loaded.", plugin_name);
[103.585s]       |                                                                                                                      [01;36m[K~^[m[K
[103.585s]       |                                                                                                                       [01;36m[K|[m[K
[103.585s]       |                                                                                                                       [01;36m[Kchar*[m[K
[108.302s] [ 84%] [32m[1mLinking CXX static library libgtest.a[0m
[108.360s] [ 84%] Built target gtest
[108.375s] [35m[1mScanning dependencies of target test_costmap_polygons[0m
[108.487s] [ 89%] [32mBuilding CXX object CMakeFiles/test_costmap_polygons.dir/test/costmap_polygons.cpp.o[0m
[113.637s] In file included from [01m[K/opt/ros/galactic/include/rclcpp/client.hpp:40[m[K,
[113.638s]                  from [01m[K/opt/ros/galactic/include/rclcpp/callback_group.hpp:23[m[K,
[113.638s]                  from [01m[K/opt/ros/galactic/include/rclcpp/any_executable.hpp:20[m[K,
[113.638s]                  from [01m[K/opt/ros/galactic/include/rclcpp/memory_strategy.hpp:25[m[K,
[113.639s]                  from [01m[K/opt/ros/galactic/include/rclcpp/memory_strategies.hpp:18[m[K,
[113.640s]                  from [01m[K/opt/ros/galactic/include/rclcpp/executor_options.hpp:20[m[K,
[113.640s]                  from [01m[K/opt/ros/galactic/include/rclcpp/executor.hpp:36[m[K,
[113.640s]                  from [01m[K/opt/ros/galactic/include/rclcpp/executors/multi_threaded_executor.hpp:26[m[K,
[113.640s]                  from [01m[K/opt/ros/galactic/include/rclcpp/executors.hpp:21[m[K,
[113.640s]                  from [01m[K/opt/ros/galactic/include/rclcpp/rclcpp.hpp:156[m[K,
[113.640s]                  from [01m[K/home/mike/turtlebot3_ws/src/turtlebot3/costmap_converter/costmap_converter/include/costmap_converter/costmap_to_polygons.h:42[m[K,
[113.641s]                  from [01m[K/home/mike/turtlebot3_ws/src/turtlebot3/costmap_converter/costmap_converter/test/costmap_polygons.cpp:5[m[K:
[113.641s] [01m[K/home/mike/turtlebot3_ws/src/turtlebot3/costmap_converter/costmap_converter/include/costmap_converter/costmap_converter_interface.h:[m[K In member function ‘[01m[Kvoid costmap_converter::BaseCostmapToPolygons::startWorker(rclcpp::GenericRate<std::chrono::_V2::system_clock>::SharedPtr, nav2_costmap_2d::Costmap2D*, bool)[m[K’:
[113.641s] [01m[K/home/mike/turtlebot3_ws/src/turtlebot3/costmap_converter/costmap_converter/include/costmap_converter/costmap_converter_interface.h:197:41:[m[K [01;35m[Kwarning: [m[Ktoo many arguments for format [[01;35m[K-Wformat-extra-args[m[K]
[113.641s]   197 |         RCLCPP_DEBUG(nh_->get_logger(), [01;35m[K"costmap_converter"[m[K, "Spinning up a thread for the CostmapToPolygons plugin");
[113.641s]       |                                         [01;35m[K^~~~~~~~~~~~~~~~~~~[m[K
[113.673s] [01m[K/home/mike/turtlebot3_ws/src/turtlebot3/costmap_converter/costmap_converter/include/costmap_converter/costmap_converter_interface.h:[m[K In member function ‘[01m[Kvoid costmap_converter::BaseCostmapToDynamicObstacles::loadStaticCostmapConverterPlugin(const string&, rclcpp::Node::SharedPtr)[m[K’:
[113.674s] [01m[K/home/mike/turtlebot3_ws/src/turtlebot3/costmap_converter/costmap_converter/include/costmap_converter/costmap_converter_interface.h:313:32:[m[K [01;35m[Kwarning: [m[Kformat ‘[01m[K%s[m[K’ expects argument of type ‘[01m[Kchar*[m[K’, but argument 5 has type ‘[01m[Kconst string[m[K’ {aka ‘[01m[Kconst std::__cxx11::basic_string<char>[m[K’} [[01;35m[K-Wformat=[m[K]
[113.674s]   313 |       RCLCPP_INFO(getLogger(), [01;35m[K"CostmapToDynamicObstacles: underlying costmap conversion plugin for static obstacles %s loaded."[m[K, plugin_name);
[113.674s]       |                                [01;35m[K^~~~~~~~~~~~~~~~~~~~~~~~~~~~~~~~~~~~~~~~~~~~~~~~~~~~~~~~~~~~~~~~~~~~~~~~~~~~~~~~~~~~~~~~~~~~~~~~~[m[K
[113.674s] In file included from [01m[K/home/mike/turtlebot3_ws/src/turtlebot3/costmap_converter/costmap_converter/include/costmap_converter/costmap_to_polygons.h:43[m[K,
[113.674s]                  from [01m[K/home/mike/turtlebot3_ws/src/turtlebot3/costmap_converter/costmap_converter/test/costmap_polygons.cpp:5[m[K:
[113.674s] [01m[K/home/mike/turtlebot3_ws/src/turtlebot3/costmap_converter/costmap_converter/include/costmap_converter/costmap_converter_interface.h:313:119:[m[K [01;36m[Knote: [m[Kformat string is defined here
[113.674s]   313 |       RCLCPP_INFO(getLogger(), "CostmapToDynamicObstacles: underlying costmap conversion plugin for static obstacles [01;36m[K%s[m[K loaded.", plugin_name);
[113.674s]       |                                                                                                                      [01;36m[K~^[m[K
[113.674s]       |                                                                                                                       [01;36m[K|[m[K
[113.675s]       |                                                                                                                       [01;36m[Kchar*[m[K
[115.512s] In file included from [01m[K/home/mike/turtlebot3_ws/src/turtlebot3/costmap_converter/costmap_converter/test/costmap_polygons.cpp:3[m[K:
[115.512s] /opt/ros/galactic/src/gtest_vendor/include/gtest/gtest.h: In instantiation of ‘[01m[Ktesting::AssertionResult testing::internal::CmpHelperEQ(const char*, const char*, const T1&, const T2&) [with T1 = int; T2 = long unsigned int][m[K’:
[115.512s] [01m[K/opt/ros/galactic/src/gtest_vendor/include/gtest/gtest.h:1554:23:[m[K   required from ‘[01m[Kstatic testing::AssertionResult testing::internal::EqHelper::Compare(const char*, const char*, const T1&, const T2&) [with T1 = int; T2 = long unsigned int; typename std::enable_if<((! std::is_integral<_Tp>::value) || (! std::is_pointer<_Dp>::value))>::type* <anonymous> = 0][m[K’
[115.512s] [01m[K/home/mike/turtlebot3_ws/src/turtlebot3/costmap_converter/costmap_converter/test/costmap_polygons.cpp:125:3:[m[K   required from here
[115.512s] [01m[K/opt/ros/galactic/src/gtest_vendor/include/gtest/gtest.h:1527:11:[m[K [01;35m[Kwarning: [m[Kcomparison of integer expressions of different signedness: ‘[01m[Kconst int[m[K’ and ‘[01m[Kconst long unsigned int[m[K’ [[01;35m[K-Wsign-compare[m[K]
[115.512s]  1527 |   if ([01;35m[Klhs == rhs[m[K) {
[115.513s]       |       [01;35m[K~~~~^~~~~~[m[K
[117.765s] [ 94%] [32m[1mLinking CXX executable standalone_converter[0m
[118.348s] [ 94%] Built target standalone_converter
[118.878s] [100%] [32m[1mLinking CXX executable test_costmap_polygons[0m
[119.896s] [100%] Built target test_costmap_polygons
[119.909s] Invoked command in '/home/mike/turtlebot3_ws/build/costmap_converter' returned '0': AMENT_PREFIX_PATH=/home/mike/turtlebot3_ws/install/costmap_converter_msgs:${AMENT_PREFIX_PATH} CMAKE_PREFIX_PATH=/home/mike/turtlebot3_ws/install/costmap_converter_msgs:/opt/ros/galactic LD_LIBRARY_PATH=/home/mike/turtlebot3_ws/install/costmap_converter_msgs/lib:${LD_LIBRARY_PATH} PYTHONPATH=/home/mike/turtlebot3_ws/install/costmap_converter_msgs/lib/python3.8/site-packages:${PYTHONPATH} /usr/bin/cmake --build /home/mike/turtlebot3_ws/build/costmap_converter -- -j4 -l4
[119.970s] Invoking command in '/home/mike/turtlebot3_ws/build/costmap_converter': AMENT_PREFIX_PATH=/home/mike/turtlebot3_ws/install/costmap_converter_msgs:${AMENT_PREFIX_PATH} CMAKE_PREFIX_PATH=/home/mike/turtlebot3_ws/install/costmap_converter_msgs:/opt/ros/galactic LD_LIBRARY_PATH=/home/mike/turtlebot3_ws/install/costmap_converter_msgs/lib:${LD_LIBRARY_PATH} PYTHONPATH=/home/mike/turtlebot3_ws/install/costmap_converter_msgs/lib/python3.8/site-packages:${PYTHONPATH} /usr/bin/cmake --install /home/mike/turtlebot3_ws/build/costmap_converter
[119.981s] -- Install configuration: "Release"
[119.981s] -- Installing: /home/mike/turtlebot3_ws/install/costmap_converter/lib/libcostmap_converter.so
[119.983s] -- Set runtime path of "/home/mike/turtlebot3_ws/install/costmap_converter/lib/libcostmap_converter.so" to ""
[119.984s] -- Installing: /home/mike/turtlebot3_ws/install/costmap_converter/bin/standalone_converter
[119.985s] -- Set runtime path of "/home/mike/turtlebot3_ws/install/costmap_converter/bin/standalone_converter" to ""
[119.985s] -- Installing: /home/mike/turtlebot3_ws/install/costmap_converter/include/
[119.985s] -- Installing: /home/mike/turtlebot3_ws/install/costmap_converter/include//costmap_converter
[119.985s] -- Installing: /home/mike/turtlebot3_ws/install/costmap_converter/include//costmap_converter/costmap_to_polygons_concave.h
[119.985s] -- Installing: /home/mike/turtlebot3_ws/install/costmap_converter/include//costmap_converter/costmap_to_lines_ransac.h
[119.985s] -- Installing: /home/mike/turtlebot3_ws/install/costmap_converter/include//costmap_converter/costmap_converter_interface.h
[119.986s] -- Installing: /home/mike/turtlebot3_ws/install/costmap_converter/include//costmap_converter/misc.h
[119.986s] -- Installing: /home/mike/turtlebot3_ws/install/costmap_converter/include//costmap_converter/costmap_to_lines_convex_hull.h
[119.986s] -- Installing: /home/mike/turtlebot3_ws/install/costmap_converter/include//costmap_converter/costmap_to_polygons.h
[119.986s] -- Installing: /home/mike/turtlebot3_ws/install/costmap_converter/include//costmap_converter/costmap_to_dynamic_obstacles
[119.986s] -- Installing: /home/mike/turtlebot3_ws/install/costmap_converter/include//costmap_converter/costmap_to_dynamic_obstacles/multitarget_tracker
[119.986s] -- Installing: /home/mike/turtlebot3_ws/install/costmap_converter/include//costmap_converter/costmap_to_dynamic_obstacles/multitarget_tracker/Ctracker.h
[119.986s] -- Installing: /home/mike/turtlebot3_ws/install/costmap_converter/include//costmap_converter/costmap_to_dynamic_obstacles/multitarget_tracker/Kalman.h
[119.987s] -- Installing: /home/mike/turtlebot3_ws/install/costmap_converter/include//costmap_converter/costmap_to_dynamic_obstacles/multitarget_tracker/HungarianAlg.h
[119.987s] -- Installing: /home/mike/turtlebot3_ws/install/costmap_converter/include//costmap_converter/costmap_to_dynamic_obstacles/multitarget_tracker/defines.h
[119.987s] -- Installing: /home/mike/turtlebot3_ws/install/costmap_converter/include//costmap_converter/costmap_to_dynamic_obstacles/multitarget_tracker/README.md
[119.987s] -- Installing: /home/mike/turtlebot3_ws/install/costmap_converter/include//costmap_converter/costmap_to_dynamic_obstacles/blob_detector.h
[119.987s] -- Installing: /home/mike/turtlebot3_ws/install/costmap_converter/include//costmap_converter/costmap_to_dynamic_obstacles/costmap_to_dynamic_obstacles.h
[119.987s] -- Installing: /home/mike/turtlebot3_ws/install/costmap_converter/include//costmap_converter/costmap_to_dynamic_obstacles/background_subtractor.h
[119.988s] -- Installing: /home/mike/turtlebot3_ws/install/costmap_converter/share/costmap_converter/environment/library_path.sh
[119.988s] -- Installing: /home/mike/turtlebot3_ws/install/costmap_converter/share/costmap_converter/environment/library_path.dsv
[119.988s] -- Installing: /home/mike/turtlebot3_ws/install/costmap_converter/share/costmap_converter/costmap_converter_plugins.xml
[119.989s] -- Installing: /home/mike/turtlebot3_ws/install/costmap_converter/share/ament_index/resource_index/package_run_dependencies/costmap_converter
[119.989s] -- Installing: /home/mike/turtlebot3_ws/install/costmap_converter/share/ament_index/resource_index/parent_prefix_path/costmap_converter
[119.990s] -- Installing: /home/mike/turtlebot3_ws/install/costmap_converter/share/costmap_converter/environment/ament_prefix_path.sh
[119.990s] -- Installing: /home/mike/turtlebot3_ws/install/costmap_converter/share/costmap_converter/environment/ament_prefix_path.dsv
[119.991s] -- Installing: /home/mike/turtlebot3_ws/install/costmap_converter/share/costmap_converter/environment/path.sh
[119.991s] -- Installing: /home/mike/turtlebot3_ws/install/costmap_converter/share/costmap_converter/environment/path.dsv
[119.991s] -- Installing: /home/mike/turtlebot3_ws/install/costmap_converter/share/costmap_converter/local_setup.bash
[119.991s] -- Installing: /home/mike/turtlebot3_ws/install/costmap_converter/share/costmap_converter/local_setup.sh
[119.992s] -- Installing: /home/mike/turtlebot3_ws/install/costmap_converter/share/costmap_converter/local_setup.zsh
[119.992s] -- Installing: /home/mike/turtlebot3_ws/install/costmap_converter/share/costmap_converter/local_setup.dsv
[119.992s] -- Installing: /home/mike/turtlebot3_ws/install/costmap_converter/share/costmap_converter/package.dsv
[119.992s] -- Installing: /home/mike/turtlebot3_ws/install/costmap_converter/share/ament_index/resource_index/packages/costmap_converter
[119.993s] -- Installing: /home/mike/turtlebot3_ws/install/costmap_converter/share/ament_index/resource_index/costmap_converter__pluginlib__plugin/costmap_converter
[119.993s] -- Installing: /home/mike/turtlebot3_ws/install/costmap_converter/share/costmap_converter/cmake/ament_cmake_export_include_directories-extras.cmake
[119.993s] -- Installing: /home/mike/turtlebot3_ws/install/costmap_converter/share/costmap_converter/cmake/ament_cmake_export_libraries-extras.cmake
[119.993s] -- Installing: /home/mike/turtlebot3_ws/install/costmap_converter/share/costmap_converter/cmake/ament_cmake_export_dependencies-extras.cmake
[119.993s] -- Installing: /home/mike/turtlebot3_ws/install/costmap_converter/share/costmap_converter/cmake/costmap_converterConfig.cmake
[119.993s] -- Installing: /home/mike/turtlebot3_ws/install/costmap_converter/share/costmap_converter/cmake/costmap_converterConfig-version.cmake
[119.994s] -- Installing: /home/mike/turtlebot3_ws/install/costmap_converter/share/costmap_converter/package.xml
[119.999s] Invoked command in '/home/mike/turtlebot3_ws/build/costmap_converter' returned '0': AMENT_PREFIX_PATH=/home/mike/turtlebot3_ws/install/costmap_converter_msgs:${AMENT_PREFIX_PATH} CMAKE_PREFIX_PATH=/home/mike/turtlebot3_ws/install/costmap_converter_msgs:/opt/ros/galactic LD_LIBRARY_PATH=/home/mike/turtlebot3_ws/install/costmap_converter_msgs/lib:${LD_LIBRARY_PATH} PYTHONPATH=/home/mike/turtlebot3_ws/install/costmap_converter_msgs/lib/python3.8/site-packages:${PYTHONPATH} /usr/bin/cmake --install /home/mike/turtlebot3_ws/build/costmap_converter
