[0.100s] Invoking command in '/home/mike/turtlebot3_ws/build/costmap_converter_msgs': CMAKE_PREFIX_PATH=${CMAKE_PREFIX_PATH}:/home/mike/turtlebot3_ws/install/turtlebot3_teleop:/home/mike/turtlebot3_ws/install/turtlebot3_example:/opt/ros/galactic /usr/bin/cmake /home/mike/turtlebot3_ws/src/turtlebot3/costmap_converter/costmap_converter_msgs -DCMAKE_INSTALL_PREFIX=/home/mike/turtlebot3_ws/install/costmap_converter_msgs
[0.690s] -- The C compiler identification is GNU 9.4.0
[0.691s] -- The CXX compiler identification is GNU 9.4.0
[0.691s] -- Check for working C compiler: /usr/bin/cc
[0.692s] -- Check for working C compiler: /usr/bin/cc -- works
[0.692s] -- Detecting C compiler ABI info
[0.693s] -- Detecting C compiler ABI info - done
[0.693s] -- Detecting C compile features
[0.694s] -- Detecting C compile features - done
[0.699s] -- Check for working CXX compiler: /usr/bin/c++
[0.918s] -- Check for working CXX compiler: /usr/bin/c++ -- works
[0.920s] -- Detecting CXX compiler ABI info
[1.140s] -- Detecting CXX compiler ABI info - done
[1.177s] -- Detecting CXX compile features
[1.178s] -- Detecting CXX compile features - done
[1.187s] -- Found ament_cmake: 1.1.5 (/opt/ros/galactic/share/ament_cmake/cmake)
[1.278s] -- Found PythonInterp: /usr/bin/python3 (found suitable version "3.8.10", minimum required is "3") 
[1.279s] -- Using PYTHON_EXECUTABLE: /usr/bin/python3
[1.570s] -- Found builtin_interfaces: 1.0.3 (/opt/ros/galactic/share/builtin_interfaces/cmake)
[1.660s] -- Using all available rosidl_typesupport_c: rosidl_typesupport_fastrtps_c;rosidl_typesupport_introspection_c
[1.689s] -- Found rosidl_adapter: 2.2.2 (/opt/ros/galactic/share/rosidl_adapter/cmake)
[1.964s] -- Found OpenSSL: /usr/lib/x86_64-linux-gnu/libcrypto.so (found version "1.1.1f")  
[2.021s] -- Found FastRTPS: /opt/ros/galactic/include  
[2.188s] -- Using all available rosidl_typesupport_cpp: rosidl_typesupport_fastrtps_cpp;rosidl_typesupport_introspection_cpp
[2.256s] -- Found geometry_msgs: 2.2.4 (/opt/ros/galactic/share/geometry_msgs/cmake)
[2.409s] -- Found rosidl_default_generators: 1.1.1 (/opt/ros/galactic/share/rosidl_default_generators/cmake)
[2.546s] -- Found PythonInterp: /usr/bin/python3 (found version "3.8.10") 
[3.196s] -- Found ament_cmake_ros: 0.9.2 (/opt/ros/galactic/share/ament_cmake_ros/cmake)
[3.780s] -- Using all available rosidl_typesupport_c: rosidl_typesupport_fastrtps_c;rosidl_typesupport_introspection_c
[4.014s] -- Using all available rosidl_typesupport_cpp: rosidl_typesupport_fastrtps_cpp;rosidl_typesupport_introspection_cpp
[4.079s] -- Found PythonInterp: /usr/bin/python3 (found suitable version "3.8.10", minimum required is "3.5") 
[4.083s] -- Found python_cmake_module: 0.8.1 (/opt/ros/galactic/share/python_cmake_module/cmake)
[4.157s] -- Found PythonLibs: /usr/lib/x86_64-linux-gnu/libpython3.8.so (found suitable version "3.8.10", minimum required is "3.5") 
[4.158s] -- Using PYTHON_EXECUTABLE: /usr/bin/python3
[4.158s] -- Using PYTHON_INCLUDE_DIRS: /usr/include/python3.8
[4.158s] -- Using PYTHON_LIBRARIES: /usr/lib/x86_64-linux-gnu/libpython3.8.so
[4.210s] -- Found PythonExtra: .so  
[4.417s] -- Configuring done
[4.584s] -- Generating done
[4.592s] -- Build files have been written to: /home/mike/turtlebot3_ws/build/costmap_converter_msgs
[4.619s] Invoked command in '/home/mike/turtlebot3_ws/build/costmap_converter_msgs' returned '0': CMAKE_PREFIX_PATH=${CMAKE_PREFIX_PATH}:/home/mike/turtlebot3_ws/install/turtlebot3_teleop:/home/mike/turtlebot3_ws/install/turtlebot3_example:/opt/ros/galactic /usr/bin/cmake /home/mike/turtlebot3_ws/src/turtlebot3/costmap_converter/costmap_converter_msgs -DCMAKE_INSTALL_PREFIX=/home/mike/turtlebot3_ws/install/costmap_converter_msgs
[4.626s] Invoking command in '/home/mike/turtlebot3_ws/build/costmap_converter_msgs': CMAKE_PREFIX_PATH=${CMAKE_PREFIX_PATH}:/home/mike/turtlebot3_ws/install/turtlebot3_teleop:/home/mike/turtlebot3_ws/install/turtlebot3_example:/opt/ros/galactic /usr/bin/cmake --build /home/mike/turtlebot3_ws/build/costmap_converter_msgs -- -j4 -l4
[4.711s] [  2%] [34m[1mGenerating C code for ROS interfaces[0m
[4.712s] [35m[1mScanning dependencies of target costmap_converter_msgs__cpp[0m
[4.739s] [  5%] [34m[1mGenerating C++ code for ROS interfaces[0m
[5.649s] [  5%] Built target costmap_converter_msgs__cpp
[5.689s] [  7%] [34m[1mGenerating C++ type support dispatch for ROS interfaces[0m
[5.720s] [ 10%] [34m[1mGenerating C++ introspection for ROS interfaces[0m
[5.760s] [ 12%] [34m[1mGenerating C++ type support for eProsima Fast-RTPS[0m
[5.817s] [35m[1mScanning dependencies of target costmap_converter_msgs__rosidl_generator_c[0m
[5.879s] [ 15%] [32mBuilding C object CMakeFiles/costmap_converter_msgs__rosidl_generator_c.dir/rosidl_generator_c/costmap_converter_msgs/msg/detail/obstacle_msg__functions.c.o[0m
[6.068s] [ 17%] [32mBuilding C object CMakeFiles/costmap_converter_msgs__rosidl_generator_c.dir/rosidl_generator_c/costmap_converter_msgs/msg/detail/obstacle_array_msg__functions.c.o[0m
[6.233s] [ 20%] [32m[1mLinking C shared library libcostmap_converter_msgs__rosidl_generator_c.so[0m
[6.394s] [ 20%] Built target costmap_converter_msgs__rosidl_generator_c
[6.445s] [ 23%] [34m[1mGenerating C introspection for ROS interfaces[0m
[6.661s] [35m[1mScanning dependencies of target costmap_converter_msgs__rosidl_typesupport_cpp[0m
[6.715s] [ 25%] [32mBuilding CXX object CMakeFiles/costmap_converter_msgs__rosidl_typesupport_cpp.dir/rosidl_typesupport_cpp/costmap_converter_msgs/msg/obstacle_msg__type_support.cpp.o[0m
[6.889s] [35m[1mScanning dependencies of target costmap_converter_msgs__rosidl_typesupport_introspection_cpp[0m
[6.931s] [ 28%] [32mBuilding CXX object CMakeFiles/costmap_converter_msgs__rosidl_typesupport_introspection_cpp.dir/rosidl_typesupport_introspection_cpp/costmap_converter_msgs/msg/detail/obstacle_msg__type_support.cpp.o[0m
[6.998s] [35m[1mScanning dependencies of target costmap_converter_msgs__rosidl_typesupport_fastrtps_cpp[0m
[7.044s] [ 30%] [32mBuilding CXX object CMakeFiles/costmap_converter_msgs__rosidl_typesupport_fastrtps_cpp.dir/rosidl_typesupport_fastrtps_cpp/costmap_converter_msgs/msg/detail/dds_fastrtps/obstacle_msg__type_support.cpp.o[0m
[7.529s] [35m[1mScanning dependencies of target costmap_converter_msgs__rosidl_typesupport_introspection_c[0m
[7.578s] [ 33%] [32mBuilding CXX object CMakeFiles/costmap_converter_msgs__rosidl_typesupport_cpp.dir/rosidl_typesupport_cpp/costmap_converter_msgs/msg/obstacle_array_msg__type_support.cpp.o[0m
[7.580s] [ 35%] [32mBuilding C object CMakeFiles/costmap_converter_msgs__rosidl_typesupport_introspection_c.dir/rosidl_typesupport_introspection_c/costmap_converter_msgs/msg/detail/obstacle_msg__type_support.c.o[0m
[7.686s] [ 38%] [32mBuilding C object CMakeFiles/costmap_converter_msgs__rosidl_typesupport_introspection_c.dir/rosidl_typesupport_introspection_c/costmap_converter_msgs/msg/detail/obstacle_array_msg__type_support.c.o[0m
[7.785s] [ 41%] [32m[1mLinking C shared library libcostmap_converter_msgs__rosidl_typesupport_introspection_c.so[0m
[7.850s] [ 43%] [32mBuilding CXX object CMakeFiles/costmap_converter_msgs__rosidl_typesupport_introspection_cpp.dir/rosidl_typesupport_introspection_cpp/costmap_converter_msgs/msg/detail/obstacle_array_msg__type_support.cpp.o[0m
[7.877s] [ 43%] Built target costmap_converter_msgs__rosidl_typesupport_introspection_c
[7.913s] [ 46%] [34m[1mGenerating C type support dispatch for ROS interfaces[0m
[8.288s] [ 48%] [32mBuilding CXX object CMakeFiles/costmap_converter_msgs__rosidl_typesupport_fastrtps_cpp.dir/rosidl_typesupport_fastrtps_cpp/costmap_converter_msgs/msg/detail/dds_fastrtps/obstacle_array_msg__type_support.cpp.o[0m
[8.388s] [ 51%] [32m[1mLinking CXX shared library libcostmap_converter_msgs__rosidl_typesupport_cpp.so[0m
[8.504s] [ 51%] Built target costmap_converter_msgs__rosidl_typesupport_cpp
[8.760s] [35m[1mScanning dependencies of target costmap_converter_msgs__rosidl_typesupport_c[0m
[8.793s] [ 53%] [32mBuilding CXX object CMakeFiles/costmap_converter_msgs__rosidl_typesupport_c.dir/rosidl_typesupport_c/costmap_converter_msgs/msg/obstacle_msg__type_support.cpp.o[0m
[8.799s] [ 56%] [32mBuilding CXX object CMakeFiles/costmap_converter_msgs__rosidl_typesupport_c.dir/rosidl_typesupport_c/costmap_converter_msgs/msg/obstacle_array_msg__type_support.cpp.o[0m
[8.882s] [ 58%] [32m[1mLinking CXX shared library libcostmap_converter_msgs__rosidl_typesupport_c.so[0m
[8.918s] [ 61%] [32m[1mLinking CXX shared library libcostmap_converter_msgs__rosidl_typesupport_introspection_cpp.so[0m
[8.983s] [ 61%] Built target costmap_converter_msgs__rosidl_typesupport_c
[9.135s] [ 61%] Built target costmap_converter_msgs__rosidl_typesupport_introspection_cpp
[9.455s] [ 64%] [32m[1mLinking CXX shared library libcostmap_converter_msgs__rosidl_typesupport_fastrtps_cpp.so[0m
[9.678s] [ 64%] Built target costmap_converter_msgs__rosidl_typesupport_fastrtps_cpp
[9.699s] [ 66%] [34m[1mGenerating C type support for eProsima Fast-RTPS[0m
[10.311s] [35m[1mScanning dependencies of target costmap_converter_msgs__rosidl_typesupport_fastrtps_c[0m
[10.344s] [ 71%] [32mBuilding CXX object CMakeFiles/costmap_converter_msgs__rosidl_typesupport_fastrtps_c.dir/rosidl_typesupport_fastrtps_c/costmap_converter_msgs/msg/detail/obstacle_array_msg__type_support_c.cpp.o[0m
[10.344s] [ 71%] [32mBuilding CXX object CMakeFiles/costmap_converter_msgs__rosidl_typesupport_fastrtps_c.dir/rosidl_typesupport_fastrtps_c/costmap_converter_msgs/msg/detail/obstacle_msg__type_support_c.cpp.o[0m
[11.025s] [ 74%] [32m[1mLinking CXX shared library libcostmap_converter_msgs__rosidl_typesupport_fastrtps_c.so[0m
[11.228s] [ 74%] Built target costmap_converter_msgs__rosidl_typesupport_fastrtps_c
[11.247s] [35m[1mScanning dependencies of target costmap_converter_msgs[0m
[11.269s] [ 74%] Built target costmap_converter_msgs
[11.290s] [35m[1mScanning dependencies of target costmap_converter_msgs__py[0m
[11.310s] [ 76%] [34m[1mGenerating Python code for ROS interfaces[0m
[12.458s] [ 76%] Built target costmap_converter_msgs__py
[12.478s] [35m[1mScanning dependencies of target costmap_converter_msgs__python[0m
[12.549s] [ 82%] [32mBuilding C object CMakeFiles/costmap_converter_msgs__python.dir/rosidl_generator_py/costmap_converter_msgs/msg/_obstacle_array_msg_s.c.o[0m
[12.550s] [ 82%] [32mBuilding C object CMakeFiles/costmap_converter_msgs__python.dir/rosidl_generator_py/costmap_converter_msgs/msg/_obstacle_msg_s.c.o[0m
[12.741s] [ 84%] [32m[1mLinking C shared library rosidl_generator_py/costmap_converter_msgs/libcostmap_converter_msgs__python.so[0m
[12.834s] [ 84%] Built target costmap_converter_msgs__python
[12.854s] [35m[1mScanning dependencies of target costmap_converter_msgs__rosidl_typesupport_fastrtps_c__pyext[0m
[12.854s] [35m[1mScanning dependencies of target costmap_converter_msgs__rosidl_typesupport_c__pyext[0m
[12.855s] [35m[1mScanning dependencies of target costmap_converter_msgs__rosidl_typesupport_introspection_c__pyext[0m
[12.896s] [ 87%] [32mBuilding C object CMakeFiles/costmap_converter_msgs__rosidl_typesupport_introspection_c__pyext.dir/rosidl_generator_py/costmap_converter_msgs/_costmap_converter_msgs_s.ep.rosidl_typesupport_introspection_c.c.o[0m
[12.901s] [ 89%] [32mBuilding C object CMakeFiles/costmap_converter_msgs__rosidl_typesupport_c__pyext.dir/rosidl_generator_py/costmap_converter_msgs/_costmap_converter_msgs_s.ep.rosidl_typesupport_c.c.o[0m
[12.904s] [ 92%] [32mBuilding C object CMakeFiles/costmap_converter_msgs__rosidl_typesupport_fastrtps_c__pyext.dir/rosidl_generator_py/costmap_converter_msgs/_costmap_converter_msgs_s.ep.rosidl_typesupport_fastrtps_c.c.o[0m
[13.069s] [ 94%] [32m[1mLinking C shared library rosidl_generator_py/costmap_converter_msgs/costmap_converter_msgs_s__rosidl_typesupport_introspection_c.cpython-38-x86_64-linux-gnu.so[0m
[13.104s] [ 97%] [32m[1mLinking C shared library rosidl_generator_py/costmap_converter_msgs/costmap_converter_msgs_s__rosidl_typesupport_c.cpython-38-x86_64-linux-gnu.so[0m
[13.114s] [100%] [32m[1mLinking CXX shared library rosidl_generator_py/costmap_converter_msgs/costmap_converter_msgs_s__rosidl_typesupport_fastrtps_c.cpython-38-x86_64-linux-gnu.so[0m
[13.156s] [100%] Built target costmap_converter_msgs__rosidl_typesupport_introspection_c__pyext
[13.189s] [100%] Built target costmap_converter_msgs__rosidl_typesupport_c__pyext
[13.253s] [100%] Built target costmap_converter_msgs__rosidl_typesupport_fastrtps_c__pyext
[13.279s] Invoked command in '/home/mike/turtlebot3_ws/build/costmap_converter_msgs' returned '0': CMAKE_PREFIX_PATH=${CMAKE_PREFIX_PATH}:/home/mike/turtlebot3_ws/install/turtlebot3_teleop:/home/mike/turtlebot3_ws/install/turtlebot3_example:/opt/ros/galactic /usr/bin/cmake --build /home/mike/turtlebot3_ws/build/costmap_converter_msgs -- -j4 -l4
[13.393s] Invoking command in '/home/mike/turtlebot3_ws/build/costmap_converter_msgs': CMAKE_PREFIX_PATH=${CMAKE_PREFIX_PATH}:/home/mike/turtlebot3_ws/install/turtlebot3_teleop:/home/mike/turtlebot3_ws/install/turtlebot3_example:/opt/ros/galactic /usr/bin/cmake --install /home/mike/turtlebot3_ws/build/costmap_converter_msgs
[13.413s] -- Install configuration: ""
[13.413s] -- Installing: /home/mike/turtlebot3_ws/install/costmap_converter_msgs/share/ament_index/resource_index/rosidl_interfaces/costmap_converter_msgs
[13.414s] -- Installing: /home/mike/turtlebot3_ws/install/costmap_converter_msgs/include/costmap_converter_msgs
[13.414s] -- Installing: /home/mike/turtlebot3_ws/install/costmap_converter_msgs/include/costmap_converter_msgs/msg
[13.414s] -- Installing: /home/mike/turtlebot3_ws/install/costmap_converter_msgs/include/costmap_converter_msgs/msg/detail
[13.414s] -- Installing: /home/mike/turtlebot3_ws/install/costmap_converter_msgs/include/costmap_converter_msgs/msg/detail/obstacle_array_msg__struct.h
[13.414s] -- Installing: /home/mike/turtlebot3_ws/install/costmap_converter_msgs/include/costmap_converter_msgs/msg/detail/obstacle_array_msg__type_support.h
[13.415s] -- Installing: /home/mike/turtlebot3_ws/install/costmap_converter_msgs/include/costmap_converter_msgs/msg/detail/obstacle_array_msg__functions.h
[13.415s] -- Installing: /home/mike/turtlebot3_ws/install/costmap_converter_msgs/include/costmap_converter_msgs/msg/detail/obstacle_array_msg__functions.c
[13.415s] -- Installing: /home/mike/turtlebot3_ws/install/costmap_converter_msgs/include/costmap_converter_msgs/msg/detail/obstacle_msg__functions.c
[13.415s] -- Installing: /home/mike/turtlebot3_ws/install/costmap_converter_msgs/include/costmap_converter_msgs/msg/detail/obstacle_msg__functions.h
[13.415s] -- Installing: /home/mike/turtlebot3_ws/install/costmap_converter_msgs/include/costmap_converter_msgs/msg/detail/obstacle_msg__type_support.h
[13.416s] -- Installing: /home/mike/turtlebot3_ws/install/costmap_converter_msgs/include/costmap_converter_msgs/msg/detail/obstacle_msg__struct.h
[13.416s] -- Installing: /home/mike/turtlebot3_ws/install/costmap_converter_msgs/include/costmap_converter_msgs/msg/obstacle_msg.h
[13.416s] -- Installing: /home/mike/turtlebot3_ws/install/costmap_converter_msgs/include/costmap_converter_msgs/msg/rosidl_generator_c__visibility_control.h
[13.416s] -- Installing: /home/mike/turtlebot3_ws/install/costmap_converter_msgs/include/costmap_converter_msgs/msg/obstacle_array_msg.h
[13.416s] -- Installing: /home/mike/turtlebot3_ws/install/costmap_converter_msgs/share/costmap_converter_msgs/environment/library_path.sh
[13.417s] -- Installing: /home/mike/turtlebot3_ws/install/costmap_converter_msgs/share/costmap_converter_msgs/environment/library_path.dsv
[13.417s] -- Installing: /home/mike/turtlebot3_ws/install/costmap_converter_msgs/lib/libcostmap_converter_msgs__rosidl_generator_c.so
[13.418s] -- Set runtime path of "/home/mike/turtlebot3_ws/install/costmap_converter_msgs/lib/libcostmap_converter_msgs__rosidl_generator_c.so" to ""
[13.418s] -- Up-to-date: /home/mike/turtlebot3_ws/install/costmap_converter_msgs/include/costmap_converter_msgs
[13.418s] -- Up-to-date: /home/mike/turtlebot3_ws/install/costmap_converter_msgs/include/costmap_converter_msgs/msg
[13.418s] -- Up-to-date: /home/mike/turtlebot3_ws/install/costmap_converter_msgs/include/costmap_converter_msgs/msg/detail
[13.419s] -- Installing: /home/mike/turtlebot3_ws/install/costmap_converter_msgs/include/costmap_converter_msgs/msg/detail/obstacle_msg__rosidl_typesupport_fastrtps_c.h
[13.419s] -- Installing: /home/mike/turtlebot3_ws/install/costmap_converter_msgs/include/costmap_converter_msgs/msg/detail/obstacle_array_msg__rosidl_typesupport_fastrtps_c.h
[13.419s] -- Installing: /home/mike/turtlebot3_ws/install/costmap_converter_msgs/include/costmap_converter_msgs/msg/rosidl_typesupport_fastrtps_c__visibility_control.h
[13.419s] -- Installing: /home/mike/turtlebot3_ws/install/costmap_converter_msgs/lib/libcostmap_converter_msgs__rosidl_typesupport_fastrtps_c.so
[13.420s] -- Set runtime path of "/home/mike/turtlebot3_ws/install/costmap_converter_msgs/lib/libcostmap_converter_msgs__rosidl_typesupport_fastrtps_c.so" to ""
[13.420s] -- Up-to-date: /home/mike/turtlebot3_ws/install/costmap_converter_msgs/include/costmap_converter_msgs
[13.420s] -- Up-to-date: /home/mike/turtlebot3_ws/install/costmap_converter_msgs/include/costmap_converter_msgs/msg
[13.420s] -- Up-to-date: /home/mike/turtlebot3_ws/install/costmap_converter_msgs/include/costmap_converter_msgs/msg/detail
[13.421s] -- Installing: /home/mike/turtlebot3_ws/install/costmap_converter_msgs/include/costmap_converter_msgs/msg/detail/dds_fastrtps
[13.421s] -- Installing: /home/mike/turtlebot3_ws/install/costmap_converter_msgs/include/costmap_converter_msgs/msg/detail/obstacle_msg__rosidl_typesupport_fastrtps_cpp.hpp
[13.421s] -- Installing: /home/mike/turtlebot3_ws/install/costmap_converter_msgs/include/costmap_converter_msgs/msg/detail/obstacle_array_msg__rosidl_typesupport_fastrtps_cpp.hpp
[13.421s] -- Installing: /home/mike/turtlebot3_ws/install/costmap_converter_msgs/include/costmap_converter_msgs/msg/rosidl_typesupport_fastrtps_cpp__visibility_control.h
[13.421s] -- Installing: /home/mike/turtlebot3_ws/install/costmap_converter_msgs/lib/libcostmap_converter_msgs__rosidl_typesupport_fastrtps_cpp.so
[13.422s] -- Set runtime path of "/home/mike/turtlebot3_ws/install/costmap_converter_msgs/lib/libcostmap_converter_msgs__rosidl_typesupport_fastrtps_cpp.so" to ""
[13.422s] -- Up-to-date: /home/mike/turtlebot3_ws/install/costmap_converter_msgs/include/costmap_converter_msgs
[13.422s] -- Up-to-date: /home/mike/turtlebot3_ws/install/costmap_converter_msgs/include/costmap_converter_msgs/msg
[13.423s] -- Up-to-date: /home/mike/turtlebot3_ws/install/costmap_converter_msgs/include/costmap_converter_msgs/msg/detail
[13.423s] -- Installing: /home/mike/turtlebot3_ws/install/costmap_converter_msgs/include/costmap_converter_msgs/msg/detail/obstacle_msg__type_support.c
[13.423s] -- Installing: /home/mike/turtlebot3_ws/install/costmap_converter_msgs/include/costmap_converter_msgs/msg/detail/obstacle_array_msg__rosidl_typesupport_introspection_c.h
[13.423s] -- Installing: /home/mike/turtlebot3_ws/install/costmap_converter_msgs/include/costmap_converter_msgs/msg/detail/obstacle_msg__rosidl_typesupport_introspection_c.h
[13.423s] -- Installing: /home/mike/turtlebot3_ws/install/costmap_converter_msgs/include/costmap_converter_msgs/msg/detail/obstacle_array_msg__type_support.c
[13.423s] -- Installing: /home/mike/turtlebot3_ws/install/costmap_converter_msgs/include/costmap_converter_msgs/msg/rosidl_typesupport_introspection_c__visibility_control.h
[13.424s] -- Installing: /home/mike/turtlebot3_ws/install/costmap_converter_msgs/lib/libcostmap_converter_msgs__rosidl_typesupport_introspection_c.so
[13.424s] -- Set runtime path of "/home/mike/turtlebot3_ws/install/costmap_converter_msgs/lib/libcostmap_converter_msgs__rosidl_typesupport_introspection_c.so" to ""
[13.425s] -- Installing: /home/mike/turtlebot3_ws/install/costmap_converter_msgs/lib/libcostmap_converter_msgs__rosidl_typesupport_c.so
[13.426s] -- Set runtime path of "/home/mike/turtlebot3_ws/install/costmap_converter_msgs/lib/libcostmap_converter_msgs__rosidl_typesupport_c.so" to ""
[13.426s] -- Up-to-date: /home/mike/turtlebot3_ws/install/costmap_converter_msgs/include/costmap_converter_msgs
[13.426s] -- Up-to-date: /home/mike/turtlebot3_ws/install/costmap_converter_msgs/include/costmap_converter_msgs/msg
[13.427s] -- Installing: /home/mike/turtlebot3_ws/install/costmap_converter_msgs/include/costmap_converter_msgs/msg/obstacle_msg.hpp
[13.427s] -- Installing: /home/mike/turtlebot3_ws/install/costmap_converter_msgs/include/costmap_converter_msgs/msg/obstacle_array_msg.hpp
[13.427s] -- Up-to-date: /home/mike/turtlebot3_ws/install/costmap_converter_msgs/include/costmap_converter_msgs/msg/detail
[13.427s] -- Installing: /home/mike/turtlebot3_ws/install/costmap_converter_msgs/include/costmap_converter_msgs/msg/detail/obstacle_array_msg__struct.hpp
[13.427s] -- Installing: /home/mike/turtlebot3_ws/install/costmap_converter_msgs/include/costmap_converter_msgs/msg/detail/obstacle_array_msg__traits.hpp
[13.428s] -- Installing: /home/mike/turtlebot3_ws/install/costmap_converter_msgs/include/costmap_converter_msgs/msg/detail/obstacle_msg__builder.hpp
[13.428s] -- Installing: /home/mike/turtlebot3_ws/install/costmap_converter_msgs/include/costmap_converter_msgs/msg/detail/obstacle_array_msg__builder.hpp
[13.428s] -- Installing: /home/mike/turtlebot3_ws/install/costmap_converter_msgs/include/costmap_converter_msgs/msg/detail/obstacle_msg__traits.hpp
[13.428s] -- Installing: /home/mike/turtlebot3_ws/install/costmap_converter_msgs/include/costmap_converter_msgs/msg/detail/obstacle_msg__struct.hpp
[13.428s] -- Up-to-date: /home/mike/turtlebot3_ws/install/costmap_converter_msgs/include/costmap_converter_msgs
[13.429s] -- Up-to-date: /home/mike/turtlebot3_ws/install/costmap_converter_msgs/include/costmap_converter_msgs/msg
[13.429s] -- Up-to-date: /home/mike/turtlebot3_ws/install/costmap_converter_msgs/include/costmap_converter_msgs/msg/detail
[13.429s] -- Installing: /home/mike/turtlebot3_ws/install/costmap_converter_msgs/include/costmap_converter_msgs/msg/detail/obstacle_msg__type_support.cpp
[13.429s] -- Installing: /home/mike/turtlebot3_ws/install/costmap_converter_msgs/include/costmap_converter_msgs/msg/detail/obstacle_array_msg__rosidl_typesupport_introspection_cpp.hpp
[13.429s] -- Installing: /home/mike/turtlebot3_ws/install/costmap_converter_msgs/include/costmap_converter_msgs/msg/detail/obstacle_msg__rosidl_typesupport_introspection_cpp.hpp
[13.429s] -- Installing: /home/mike/turtlebot3_ws/install/costmap_converter_msgs/include/costmap_converter_msgs/msg/detail/obstacle_array_msg__type_support.cpp
[13.430s] -- Installing: /home/mike/turtlebot3_ws/install/costmap_converter_msgs/lib/libcostmap_converter_msgs__rosidl_typesupport_introspection_cpp.so
[13.430s] -- Set runtime path of "/home/mike/turtlebot3_ws/install/costmap_converter_msgs/lib/libcostmap_converter_msgs__rosidl_typesupport_introspection_cpp.so" to ""
[13.430s] -- Installing: /home/mike/turtlebot3_ws/install/costmap_converter_msgs/lib/libcostmap_converter_msgs__rosidl_typesupport_cpp.so
[13.431s] -- Set runtime path of "/home/mike/turtlebot3_ws/install/costmap_converter_msgs/lib/libcostmap_converter_msgs__rosidl_typesupport_cpp.so" to ""
[13.431s] -- Installing: /home/mike/turtlebot3_ws/install/costmap_converter_msgs/share/costmap_converter_msgs/environment/pythonpath.sh
[13.432s] -- Installing: /home/mike/turtlebot3_ws/install/costmap_converter_msgs/share/costmap_converter_msgs/environment/pythonpath.dsv
[13.432s] -- Installing: /home/mike/turtlebot3_ws/install/costmap_converter_msgs/lib/python3.8/site-packages/costmap_converter_msgs/__init__.py
[13.492s] Compiling '/home/mike/turtlebot3_ws/install/costmap_converter_msgs/lib/python3.8/site-packages/costmap_converter_msgs/__init__.py'...
[13.501s] -- Installing: /home/mike/turtlebot3_ws/install/costmap_converter_msgs/lib/python3.8/site-packages/costmap_converter_msgs/msg
[13.502s] -- Installing: /home/mike/turtlebot3_ws/install/costmap_converter_msgs/lib/python3.8/site-packages/costmap_converter_msgs/msg/__init__.py
[13.502s] -- Installing: /home/mike/turtlebot3_ws/install/costmap_converter_msgs/lib/python3.8/site-packages/costmap_converter_msgs/msg/_obstacle_msg.py
[13.502s] -- Installing: /home/mike/turtlebot3_ws/install/costmap_converter_msgs/lib/python3.8/site-packages/costmap_converter_msgs/msg/_obstacle_array_msg_s.c
[13.503s] -- Installing: /home/mike/turtlebot3_ws/install/costmap_converter_msgs/lib/python3.8/site-packages/costmap_converter_msgs/msg/_obstacle_array_msg.py
[13.503s] -- Installing: /home/mike/turtlebot3_ws/install/costmap_converter_msgs/lib/python3.8/site-packages/costmap_converter_msgs/msg/_obstacle_msg_s.c
[13.504s] -- Installing: /home/mike/turtlebot3_ws/install/costmap_converter_msgs/lib/python3.8/site-packages/costmap_converter_msgs/costmap_converter_msgs_s__rosidl_typesupport_fastrtps_c.cpython-38-x86_64-linux-gnu.so
[13.506s] -- Set runtime path of "/home/mike/turtlebot3_ws/install/costmap_converter_msgs/lib/python3.8/site-packages/costmap_converter_msgs/costmap_converter_msgs_s__rosidl_typesupport_fastrtps_c.cpython-38-x86_64-linux-gnu.so" to ""
[13.506s] -- Installing: /home/mike/turtlebot3_ws/install/costmap_converter_msgs/lib/python3.8/site-packages/costmap_converter_msgs/costmap_converter_msgs_s__rosidl_typesupport_introspection_c.cpython-38-x86_64-linux-gnu.so
[13.508s] -- Set runtime path of "/home/mike/turtlebot3_ws/install/costmap_converter_msgs/lib/python3.8/site-packages/costmap_converter_msgs/costmap_converter_msgs_s__rosidl_typesupport_introspection_c.cpython-38-x86_64-linux-gnu.so" to ""
[13.508s] -- Installing: /home/mike/turtlebot3_ws/install/costmap_converter_msgs/lib/python3.8/site-packages/costmap_converter_msgs/costmap_converter_msgs_s__rosidl_typesupport_c.cpython-38-x86_64-linux-gnu.so
[13.510s] -- Set runtime path of "/home/mike/turtlebot3_ws/install/costmap_converter_msgs/lib/python3.8/site-packages/costmap_converter_msgs/costmap_converter_msgs_s__rosidl_typesupport_c.cpython-38-x86_64-linux-gnu.so" to ""
[13.510s] -- Installing: /home/mike/turtlebot3_ws/install/costmap_converter_msgs/lib/libcostmap_converter_msgs__python.so
[13.511s] -- Set runtime path of "/home/mike/turtlebot3_ws/install/costmap_converter_msgs/lib/libcostmap_converter_msgs__python.so" to ""
[13.511s] -- Installing: /home/mike/turtlebot3_ws/install/costmap_converter_msgs/share/costmap_converter_msgs/msg/ObstacleMsg.idl
[13.511s] -- Installing: /home/mike/turtlebot3_ws/install/costmap_converter_msgs/share/costmap_converter_msgs/msg/ObstacleArrayMsg.idl
[13.512s] -- Installing: /home/mike/turtlebot3_ws/install/costmap_converter_msgs/share/costmap_converter_msgs/msg/ObstacleMsg.msg
[13.512s] -- Installing: /home/mike/turtlebot3_ws/install/costmap_converter_msgs/share/costmap_converter_msgs/msg/ObstacleArrayMsg.msg
[13.513s] -- Installing: /home/mike/turtlebot3_ws/install/costmap_converter_msgs/share/ament_index/resource_index/package_run_dependencies/costmap_converter_msgs
[13.514s] -- Installing: /home/mike/turtlebot3_ws/install/costmap_converter_msgs/share/ament_index/resource_index/parent_prefix_path/costmap_converter_msgs
[13.514s] -- Installing: /home/mike/turtlebot3_ws/install/costmap_converter_msgs/share/costmap_converter_msgs/environment/ament_prefix_path.sh
[13.514s] -- Installing: /home/mike/turtlebot3_ws/install/costmap_converter_msgs/share/costmap_converter_msgs/environment/ament_prefix_path.dsv
[13.514s] -- Installing: /home/mike/turtlebot3_ws/install/costmap_converter_msgs/share/costmap_converter_msgs/environment/path.sh
[13.515s] -- Installing: /home/mike/turtlebot3_ws/install/costmap_converter_msgs/share/costmap_converter_msgs/environment/path.dsv
[13.515s] -- Installing: /home/mike/turtlebot3_ws/install/costmap_converter_msgs/share/costmap_converter_msgs/local_setup.bash
[13.515s] -- Installing: /home/mike/turtlebot3_ws/install/costmap_converter_msgs/share/costmap_converter_msgs/local_setup.sh
[13.516s] -- Installing: /home/mike/turtlebot3_ws/install/costmap_converter_msgs/share/costmap_converter_msgs/local_setup.zsh
[13.516s] -- Installing: /home/mike/turtlebot3_ws/install/costmap_converter_msgs/share/costmap_converter_msgs/local_setup.dsv
[13.516s] -- Installing: /home/mike/turtlebot3_ws/install/costmap_converter_msgs/share/costmap_converter_msgs/package.dsv
[13.517s] -- Installing: /home/mike/turtlebot3_ws/install/costmap_converter_msgs/share/ament_index/resource_index/packages/costmap_converter_msgs
[13.517s] -- Installing: /home/mike/turtlebot3_ws/install/costmap_converter_msgs/share/costmap_converter_msgs/cmake/costmap_converter_msgs__rosidl_generator_cExport.cmake
[13.517s] -- Installing: /home/mike/turtlebot3_ws/install/costmap_converter_msgs/share/costmap_converter_msgs/cmake/costmap_converter_msgs__rosidl_generator_cExport-noconfig.cmake
[13.518s] -- Installing: /home/mike/turtlebot3_ws/install/costmap_converter_msgs/share/costmap_converter_msgs/cmake/costmap_converter_msgs__rosidl_typesupport_introspection_cExport.cmake
[13.518s] -- Installing: /home/mike/turtlebot3_ws/install/costmap_converter_msgs/share/costmap_converter_msgs/cmake/costmap_converter_msgs__rosidl_typesupport_introspection_cExport-noconfig.cmake
[13.518s] -- Installing: /home/mike/turtlebot3_ws/install/costmap_converter_msgs/share/costmap_converter_msgs/cmake/costmap_converter_msgs__rosidl_typesupport_cExport.cmake
[13.519s] -- Installing: /home/mike/turtlebot3_ws/install/costmap_converter_msgs/share/costmap_converter_msgs/cmake/costmap_converter_msgs__rosidl_typesupport_cExport-noconfig.cmake
[13.519s] -- Installing: /home/mike/turtlebot3_ws/install/costmap_converter_msgs/share/costmap_converter_msgs/cmake/costmap_converter_msgs__rosidl_generator_cppExport.cmake
[13.519s] -- Installing: /home/mike/turtlebot3_ws/install/costmap_converter_msgs/share/costmap_converter_msgs/cmake/costmap_converter_msgs__rosidl_typesupport_introspection_cppExport.cmake
[13.520s] -- Installing: /home/mike/turtlebot3_ws/install/costmap_converter_msgs/share/costmap_converter_msgs/cmake/costmap_converter_msgs__rosidl_typesupport_introspection_cppExport-noconfig.cmake
[13.520s] -- Installing: /home/mike/turtlebot3_ws/install/costmap_converter_msgs/share/costmap_converter_msgs/cmake/costmap_converter_msgs__rosidl_typesupport_cppExport.cmake
[13.520s] -- Installing: /home/mike/turtlebot3_ws/install/costmap_converter_msgs/share/costmap_converter_msgs/cmake/costmap_converter_msgs__rosidl_typesupport_cppExport-noconfig.cmake
[13.521s] -- Installing: /home/mike/turtlebot3_ws/install/costmap_converter_msgs/share/costmap_converter_msgs/cmake/rosidl_cmake-extras.cmake
[13.521s] -- Installing: /home/mike/turtlebot3_ws/install/costmap_converter_msgs/share/costmap_converter_msgs/cmake/ament_cmake_export_dependencies-extras.cmake
[13.521s] -- Installing: /home/mike/turtlebot3_ws/install/costmap_converter_msgs/share/costmap_converter_msgs/cmake/ament_cmake_export_libraries-extras.cmake
[13.522s] -- Installing: /home/mike/turtlebot3_ws/install/costmap_converter_msgs/share/costmap_converter_msgs/cmake/ament_cmake_export_targets-extras.cmake
[13.522s] -- Installing: /home/mike/turtlebot3_ws/install/costmap_converter_msgs/share/costmap_converter_msgs/cmake/ament_cmake_export_include_directories-extras.cmake
[13.522s] -- Installing: /home/mike/turtlebot3_ws/install/costmap_converter_msgs/share/costmap_converter_msgs/cmake/rosidl_cmake_export_typesupport_libraries-extras.cmake
[13.522s] -- Installing: /home/mike/turtlebot3_ws/install/costmap_converter_msgs/share/costmap_converter_msgs/cmake/rosidl_cmake_export_typesupport_targets-extras.cmake
[13.523s] -- Installing: /home/mike/turtlebot3_ws/install/costmap_converter_msgs/share/costmap_converter_msgs/cmake/costmap_converter_msgsConfig.cmake
[13.523s] -- Installing: /home/mike/turtlebot3_ws/install/costmap_converter_msgs/share/costmap_converter_msgs/cmake/costmap_converter_msgsConfig-version.cmake
[13.523s] -- Installing: /home/mike/turtlebot3_ws/install/costmap_converter_msgs/share/costmap_converter_msgs/package.xml
[13.534s] Invoked command in '/home/mike/turtlebot3_ws/build/costmap_converter_msgs' returned '0': CMAKE_PREFIX_PATH=${CMAKE_PREFIX_PATH}:/home/mike/turtlebot3_ws/install/turtlebot3_teleop:/home/mike/turtlebot3_ws/install/turtlebot3_example:/opt/ros/galactic /usr/bin/cmake --install /home/mike/turtlebot3_ws/build/costmap_converter_msgs
