[0.072s] Invoking command in '/home/mike/turtlebot3_ws/build/turtlebot3_gazebo': CMAKE_PREFIX_PATH=${CMAKE_PREFIX_PATH}:/home/mike/turtlebot3_ws/install/turtlebot3_teleop:/home/mike/turtlebot3_ws/install/turtlebot3_example:/opt/ros/galactic /usr/bin/cmake --build /home/mike/turtlebot3_ws/build/turtlebot3_gazebo -- -j4 -l4
[0.214s] [ 25%] Built target turtlebot3_drive
[0.226s] [ 50%] Built target obstacles
[0.233s] [ 75%] Built target obstacle2
[0.249s] [100%] Built target obstacle1
[0.509s] Invoked command in '/home/mike/turtlebot3_ws/build/turtlebot3_gazebo' returned '0': CMAKE_PREFIX_PATH=${CMAKE_PREFIX_PATH}:/home/mike/turtlebot3_ws/install/turtlebot3_teleop:/home/mike/turtlebot3_ws/install/turtlebot3_example:/opt/ros/galactic /usr/bin/cmake --build /home/mike/turtlebot3_ws/build/turtlebot3_gazebo -- -j4 -l4
[0.567s] Invoking command in '/home/mike/turtlebot3_ws/build/turtlebot3_gazebo': CMAKE_PREFIX_PATH=${CMAKE_PREFIX_PATH}:/home/mike/turtlebot3_ws/install/turtlebot3_teleop:/home/mike/turtlebot3_ws/install/turtlebot3_example:/opt/ros/galactic /usr/bin/cmake --install /home/mike/turtlebot3_ws/build/turtlebot3_gazebo
[0.582s] -- Install configuration: ""
[0.583s] -- Execute custom install script
[0.584s] -- Up-to-date symlink: /home/mike/turtlebot3_ws/install/turtlebot3_gazebo/lib/turtlebot3_gazebo/turtlebot3_drive
[0.585s] -- Up-to-date symlink: /home/mike/turtlebot3_ws/install/turtlebot3_gazebo/share/turtlebot3_gazebo//launch/empty_world.launch.py
[0.585s] -- Up-to-date symlink: /home/mike/turtlebot3_ws/install/turtlebot3_gazebo/share/turtlebot3_gazebo//launch/robot_state_publisher.launch.py
[0.586s] -- Up-to-date symlink: /home/mike/turtlebot3_ws/install/turtlebot3_gazebo/share/turtlebot3_gazebo//launch/spawn_turtlebot3.launch.py
[0.586s] -- Up-to-date symlink: /home/mike/turtlebot3_ws/install/turtlebot3_gazebo/share/turtlebot3_gazebo//launch/turtlebot3_dqn_stage1.launch.py
[0.586s] -- Up-to-date symlink: /home/mike/turtlebot3_ws/install/turtlebot3_gazebo/share/turtlebot3_gazebo//launch/turtlebot3_dqn_stage2.launch.py
[0.587s] -- Up-to-date symlink: /home/mike/turtlebot3_ws/install/turtlebot3_gazebo/share/turtlebot3_gazebo//launch/turtlebot3_dqn_stage3.launch.py
[0.589s] -- Up-to-date symlink: /home/mike/turtlebot3_ws/install/turtlebot3_gazebo/share/turtlebot3_gazebo//launch/turtlebot3_dqn_stage4.launch.py
[0.589s] -- Up-to-date symlink: /home/mike/turtlebot3_ws/install/turtlebot3_gazebo/share/turtlebot3_gazebo//launch/turtlebot3_house.launch.py
[0.590s] -- Up-to-date symlink: /home/mike/turtlebot3_ws/install/turtlebot3_gazebo/share/turtlebot3_gazebo//launch/turtlebot3_world.launch.py
[0.591s] -- Up-to-date symlink: /home/mike/turtlebot3_ws/install/turtlebot3_gazebo/share/turtlebot3_gazebo//models/turtlebot3_burger/model-1_4.sdf
[0.591s] -- Up-to-date symlink: /home/mike/turtlebot3_ws/install/turtlebot3_gazebo/share/turtlebot3_gazebo//models/turtlebot3_burger/model.config
[0.592s] -- Up-to-date symlink: /home/mike/turtlebot3_ws/install/turtlebot3_gazebo/share/turtlebot3_gazebo//models/turtlebot3_burger/model.sdf
[0.592s] -- Up-to-date symlink: /home/mike/turtlebot3_ws/install/turtlebot3_gazebo/share/turtlebot3_gazebo//models/turtlebot3_common/meshes/burger_base.dae
[0.592s] -- Up-to-date symlink: /home/mike/turtlebot3_ws/install/turtlebot3_gazebo/share/turtlebot3_gazebo//models/turtlebot3_common/meshes/lds.dae
[0.592s] -- Up-to-date symlink: /home/mike/turtlebot3_ws/install/turtlebot3_gazebo/share/turtlebot3_gazebo//models/turtlebot3_common/meshes/r200.dae
[0.593s] -- Up-to-date symlink: /home/mike/turtlebot3_ws/install/turtlebot3_gazebo/share/turtlebot3_gazebo//models/turtlebot3_common/meshes/tire.dae
[0.593s] -- Up-to-date symlink: /home/mike/turtlebot3_ws/install/turtlebot3_gazebo/share/turtlebot3_gazebo//models/turtlebot3_common/meshes/waffle_base.dae
[0.593s] -- Up-to-date symlink: /home/mike/turtlebot3_ws/install/turtlebot3_gazebo/share/turtlebot3_gazebo//models/turtlebot3_common/meshes/waffle_pi_base.dae
[0.594s] -- Up-to-date symlink: /home/mike/turtlebot3_ws/install/turtlebot3_gazebo/share/turtlebot3_gazebo//models/turtlebot3_common/model.config
[0.594s] -- Up-to-date symlink: /home/mike/turtlebot3_ws/install/turtlebot3_gazebo/share/turtlebot3_gazebo//models/turtlebot3_dqn_world/goal_box/model.config
[0.594s] -- Up-to-date symlink: /home/mike/turtlebot3_ws/install/turtlebot3_gazebo/share/turtlebot3_gazebo//models/turtlebot3_dqn_world/goal_box/model.sdf
[0.594s] -- Up-to-date symlink: /home/mike/turtlebot3_ws/install/turtlebot3_gazebo/share/turtlebot3_gazebo//models/turtlebot3_dqn_world/inner_walls/model.config
[0.595s] -- Up-to-date symlink: /home/mike/turtlebot3_ws/install/turtlebot3_gazebo/share/turtlebot3_gazebo//models/turtlebot3_dqn_world/inner_walls/model.sdf
[0.595s] -- Up-to-date symlink: /home/mike/turtlebot3_ws/install/turtlebot3_gazebo/share/turtlebot3_gazebo//models/turtlebot3_dqn_world/model.config
[0.595s] -- Up-to-date symlink: /home/mike/turtlebot3_ws/install/turtlebot3_gazebo/share/turtlebot3_gazebo//models/turtlebot3_dqn_world/model.sdf
[0.596s] -- Up-to-date symlink: /home/mike/turtlebot3_ws/install/turtlebot3_gazebo/share/turtlebot3_gazebo//models/turtlebot3_dqn_world/obstacle1/model.config
[0.596s] -- Up-to-date symlink: /home/mike/turtlebot3_ws/install/turtlebot3_gazebo/share/turtlebot3_gazebo//models/turtlebot3_dqn_world/obstacle1/model.sdf
[0.596s] -- Up-to-date symlink: /home/mike/turtlebot3_ws/install/turtlebot3_gazebo/share/turtlebot3_gazebo//models/turtlebot3_dqn_world/obstacle2/model.config
[0.596s] -- Up-to-date symlink: /home/mike/turtlebot3_ws/install/turtlebot3_gazebo/share/turtlebot3_gazebo//models/turtlebot3_dqn_world/obstacle2/model.sdf
[0.597s] -- Up-to-date symlink: /home/mike/turtlebot3_ws/install/turtlebot3_gazebo/share/turtlebot3_gazebo//models/turtlebot3_dqn_world/obstacle_plugin/CMakeLists.txt
[0.597s] -- Up-to-date symlink: /home/mike/turtlebot3_ws/install/turtlebot3_gazebo/share/turtlebot3_gazebo//models/turtlebot3_dqn_world/obstacle_plugin/obstacle1.cc
[0.597s] -- Up-to-date symlink: /home/mike/turtlebot3_ws/install/turtlebot3_gazebo/share/turtlebot3_gazebo//models/turtlebot3_dqn_world/obstacle_plugin/obstacle2.cc
[0.598s] -- Up-to-date symlink: /home/mike/turtlebot3_ws/install/turtlebot3_gazebo/share/turtlebot3_gazebo//models/turtlebot3_dqn_world/obstacle_plugin/obstacles.cc
[0.598s] -- Up-to-date symlink: /home/mike/turtlebot3_ws/install/turtlebot3_gazebo/share/turtlebot3_gazebo//models/turtlebot3_dqn_world/obstacles/model.config
[0.598s] -- Up-to-date symlink: /home/mike/turtlebot3_ws/install/turtlebot3_gazebo/share/turtlebot3_gazebo//models/turtlebot3_dqn_world/obstacles/model.sdf
[0.599s] -- Up-to-date symlink: /home/mike/turtlebot3_ws/install/turtlebot3_gazebo/share/turtlebot3_gazebo//models/turtlebot3_house/model.config
[0.599s] -- Up-to-date symlink: /home/mike/turtlebot3_ws/install/turtlebot3_gazebo/share/turtlebot3_gazebo//models/turtlebot3_house/model.sdf
[0.599s] -- Up-to-date symlink: /home/mike/turtlebot3_ws/install/turtlebot3_gazebo/share/turtlebot3_gazebo//models/turtlebot3_waffle/model-1_4.sdf
[0.600s] -- Up-to-date symlink: /home/mike/turtlebot3_ws/install/turtlebot3_gazebo/share/turtlebot3_gazebo//models/turtlebot3_waffle/model.config
[0.600s] -- Up-to-date symlink: /home/mike/turtlebot3_ws/install/turtlebot3_gazebo/share/turtlebot3_gazebo//models/turtlebot3_waffle/model.sdf
[0.600s] -- Up-to-date symlink: /home/mike/turtlebot3_ws/install/turtlebot3_gazebo/share/turtlebot3_gazebo//models/turtlebot3_waffle_pi/model-1_4_.sdf
[0.600s] -- Up-to-date symlink: /home/mike/turtlebot3_ws/install/turtlebot3_gazebo/share/turtlebot3_gazebo//models/turtlebot3_waffle_pi/model.config
[0.601s] -- Up-to-date symlink: /home/mike/turtlebot3_ws/install/turtlebot3_gazebo/share/turtlebot3_gazebo//models/turtlebot3_waffle_pi/model.sdf
[0.601s] -- Up-to-date symlink: /home/mike/turtlebot3_ws/install/turtlebot3_gazebo/share/turtlebot3_gazebo//models/turtlebot3_world/meshes/hexagon.dae
[0.601s] -- Up-to-date symlink: /home/mike/turtlebot3_ws/install/turtlebot3_gazebo/share/turtlebot3_gazebo//models/turtlebot3_world/meshes/wall.dae
[0.601s] -- Up-to-date symlink: /home/mike/turtlebot3_ws/install/turtlebot3_gazebo/share/turtlebot3_gazebo//models/turtlebot3_world/model-1_4.sdf
[0.602s] -- Up-to-date symlink: /home/mike/turtlebot3_ws/install/turtlebot3_gazebo/share/turtlebot3_gazebo//models/turtlebot3_world/model.config
[0.602s] -- Up-to-date symlink: /home/mike/turtlebot3_ws/install/turtlebot3_gazebo/share/turtlebot3_gazebo//models/turtlebot3_world/model.sdf
[0.603s] -- Up-to-date symlink: /home/mike/turtlebot3_ws/install/turtlebot3_gazebo/share/turtlebot3_gazebo//rviz/tb3_gazebo.rviz
[0.603s] -- Up-to-date symlink: /home/mike/turtlebot3_ws/install/turtlebot3_gazebo/share/turtlebot3_gazebo//urdf/common_properties.urdf
[0.603s] -- Up-to-date symlink: /home/mike/turtlebot3_ws/install/turtlebot3_gazebo/share/turtlebot3_gazebo//urdf/turtlebot3_burger.urdf
[0.605s] -- Up-to-date symlink: /home/mike/turtlebot3_ws/install/turtlebot3_gazebo/share/turtlebot3_gazebo//urdf/turtlebot3_waffle.urdf
[0.605s] -- Up-to-date symlink: /home/mike/turtlebot3_ws/install/turtlebot3_gazebo/share/turtlebot3_gazebo//urdf/turtlebot3_waffle_pi.urdf
[0.605s] -- Up-to-date symlink: /home/mike/turtlebot3_ws/install/turtlebot3_gazebo/share/turtlebot3_gazebo//worlds/empty_world.world
[0.606s] -- Up-to-date symlink: /home/mike/turtlebot3_ws/install/turtlebot3_gazebo/share/turtlebot3_gazebo//worlds/turtlebot3_dqn_stage1.world
[0.606s] -- Up-to-date symlink: /home/mike/turtlebot3_ws/install/turtlebot3_gazebo/share/turtlebot3_gazebo//worlds/turtlebot3_dqn_stage2.world
[0.606s] -- Up-to-date symlink: /home/mike/turtlebot3_ws/install/turtlebot3_gazebo/share/turtlebot3_gazebo//worlds/turtlebot3_dqn_stage3.world
[0.606s] -- Up-to-date symlink: /home/mike/turtlebot3_ws/install/turtlebot3_gazebo/share/turtlebot3_gazebo//worlds/turtlebot3_dqn_stage4.world
[0.607s] -- Up-to-date symlink: /home/mike/turtlebot3_ws/install/turtlebot3_gazebo/share/turtlebot3_gazebo//worlds/turtlebot3_house.world
[0.607s] -- Up-to-date symlink: /home/mike/turtlebot3_ws/install/turtlebot3_gazebo/share/turtlebot3_gazebo//worlds/turtlebot3_world.world
[0.608s] -- Up-to-date symlink: /home/mike/turtlebot3_ws/install/turtlebot3_gazebo/include//turtlebot3_gazebo/turtlebot3_drive.hpp
[0.608s] -- Up-to-date symlink: /home/mike/turtlebot3_ws/install/turtlebot3_gazebo/share/ament_index/resource_index/package_run_dependencies/turtlebot3_gazebo
[0.608s] -- Up-to-date symlink: /home/mike/turtlebot3_ws/install/turtlebot3_gazebo/share/ament_index/resource_index/parent_prefix_path/turtlebot3_gazebo
[0.609s] -- Up-to-date symlink: /home/mike/turtlebot3_ws/install/turtlebot3_gazebo/share/turtlebot3_gazebo/environment/ament_prefix_path.sh
[0.609s] -- Up-to-date symlink: /home/mike/turtlebot3_ws/install/turtlebot3_gazebo/share/turtlebot3_gazebo/environment/ament_prefix_path.dsv
[0.609s] -- Up-to-date symlink: /home/mike/turtlebot3_ws/install/turtlebot3_gazebo/share/turtlebot3_gazebo/environment/path.sh
[0.610s] -- Up-to-date symlink: /home/mike/turtlebot3_ws/install/turtlebot3_gazebo/share/turtlebot3_gazebo/environment/path.dsv
[0.610s] -- Up-to-date symlink: /home/mike/turtlebot3_ws/install/turtlebot3_gazebo/share/turtlebot3_gazebo/local_setup.bash
[0.610s] -- Up-to-date symlink: /home/mike/turtlebot3_ws/install/turtlebot3_gazebo/share/turtlebot3_gazebo/local_setup.sh
[0.611s] -- Up-to-date symlink: /home/mike/turtlebot3_ws/install/turtlebot3_gazebo/share/turtlebot3_gazebo/local_setup.zsh
[0.611s] -- Up-to-date symlink: /home/mike/turtlebot3_ws/install/turtlebot3_gazebo/share/turtlebot3_gazebo/local_setup.dsv
[0.611s] -- Symlinking: /home/mike/turtlebot3_ws/install/turtlebot3_gazebo/share/turtlebot3_gazebo/package.dsv
[0.626s] -- Up-to-date symlink: /home/mike/turtlebot3_ws/install/turtlebot3_gazebo/share/ament_index/resource_index/packages/turtlebot3_gazebo
[0.626s] -- Up-to-date symlink: /home/mike/turtlebot3_ws/install/turtlebot3_gazebo/share/turtlebot3_gazebo/cmake/ament_cmake_export_include_directories-extras.cmake
[0.627s] -- Up-to-date symlink: /home/mike/turtlebot3_ws/install/turtlebot3_gazebo/share/turtlebot3_gazebo/cmake/ament_cmake_export_dependencies-extras.cmake
[0.627s] -- Up-to-date symlink: /home/mike/turtlebot3_ws/install/turtlebot3_gazebo/share/turtlebot3_gazebo/cmake/turtlebot3_gazeboConfig.cmake
[0.627s] -- Up-to-date symlink: /home/mike/turtlebot3_ws/install/turtlebot3_gazebo/share/turtlebot3_gazebo/cmake/turtlebot3_gazeboConfig-version.cmake
[0.630s] -- Up-to-date symlink: /home/mike/turtlebot3_ws/install/turtlebot3_gazebo/share/turtlebot3_gazebo/package.xml
[0.634s] Invoked command in '/home/mike/turtlebot3_ws/build/turtlebot3_gazebo' returned '0': CMAKE_PREFIX_PATH=${CMAKE_PREFIX_PATH}:/home/mike/turtlebot3_ws/install/turtlebot3_teleop:/home/mike/turtlebot3_ws/install/turtlebot3_example:/opt/ros/galactic /usr/bin/cmake --install /home/mike/turtlebot3_ws/build/turtlebot3_gazebo
