[1.386s] Invoking command in '/home/mike/turtlebot3_ws/build/turtlebot3_teleop': PYTHONPATH=/home/mike/turtlebot3_ws/install/turtlebot3_teleop/lib/python3.8/site-packages:${PYTHONPATH} /usr/bin/python3 setup.py develop --prefix /home/mike/turtlebot3_ws/install/turtlebot3_teleop --editable --build-directory /home/mike/turtlebot3_ws/build/turtlebot3_teleop/build --no-deps install_data --install-dir /home/mike/turtlebot3_ws/install/turtlebot3_teleop
[1.756s] running develop
[1.965s] running egg_info
[1.965s] creating turtlebot3_teleop.egg-info
[1.965s] writing turtlebot3_teleop.egg-info/PKG-INFO
[1.965s] writing dependency_links to turtlebot3_teleop.egg-info/dependency_links.txt
[1.965s] writing entry points to turtlebot3_teleop.egg-info/entry_points.txt
[1.966s] writing requirements to turtlebot3_teleop.egg-info/requires.txt
[1.966s] writing top-level names to turtlebot3_teleop.egg-info/top_level.txt
[1.968s] writing manifest file 'turtlebot3_teleop.egg-info/SOURCES.txt'
[2.023s] reading manifest file 'turtlebot3_teleop.egg-info/SOURCES.txt'
[2.024s] writing manifest file 'turtlebot3_teleop.egg-info/SOURCES.txt'
[2.104s] running build_ext
[2.105s] Creating /home/mike/turtlebot3_ws/install/turtlebot3_teleop/lib/python3.8/site-packages/site.py
[2.112s] Creating /home/mike/turtlebot3_ws/install/turtlebot3_teleop/lib/python3.8/site-packages/turtlebot3-teleop.egg-link (link to .)
[2.112s] Installing teleop_keyboard script to /home/mike/turtlebot3_ws/install/turtlebot3_teleop/lib/turtlebot3_teleop
[2.113s] 
[2.113s] Installed /home/mike/turtlebot3_ws/build/turtlebot3_teleop
[2.114s] running install_data
[2.114s] creating /home/mike/turtlebot3_ws/install/turtlebot3_teleop/share/ament_index
[2.114s] creating /home/mike/turtlebot3_ws/install/turtlebot3_teleop/share/ament_index/resource_index
[2.114s] creating /home/mike/turtlebot3_ws/install/turtlebot3_teleop/share/ament_index/resource_index/packages
[2.115s] copying resource/turtlebot3_teleop -> /home/mike/turtlebot3_ws/install/turtlebot3_teleop/share/ament_index/resource_index/packages
[2.115s] copying package.xml -> /home/mike/turtlebot3_ws/install/turtlebot3_teleop/share/turtlebot3_teleop
[2.160s] Invoked command in '/home/mike/turtlebot3_ws/build/turtlebot3_teleop' returned '0': PYTHONPATH=/home/mike/turtlebot3_ws/install/turtlebot3_teleop/lib/python3.8/site-packages:${PYTHONPATH} /usr/bin/python3 setup.py develop --prefix /home/mike/turtlebot3_ws/install/turtlebot3_teleop --editable --build-directory /home/mike/turtlebot3_ws/build/turtlebot3_teleop/build --no-deps install_data --install-dir /home/mike/turtlebot3_ws/install/turtlebot3_teleop
