[0.046s] Invoking command in '/home/mike/turtlebot3_ws/build/turtlebot3_gazebo': AMENT_PREFIX_PATH=/home/mike/turtlebot3_ws/install/turtlebot3_description CMAKE_PREFIX_PATH=/home/mike/turtlebot3_ws/install/turtlebot3_description /usr/bin/cmake /home/mike/turtlebot3_ws/turtlebot3_simulations/turtlebot3_gazebo -DAMENT_CMAKE_SYMLINK_INSTALL=1 -DCMAKE_INSTALL_PREFIX=/home/mike/turtlebot3_ws/install/turtlebot3_gazebo
[0.196s] -- The C compiler identification is GNU 9.4.0
[0.340s] -- The CXX compiler identification is GNU 9.4.0
[0.345s] -- Check for working C compiler: /usr/bin/cc
[0.486s] -- Check for working C compiler: /usr/bin/cc -- works
[0.489s] -- Detecting C compiler ABI info
[0.658s] -- Detecting C compiler ABI info - done
[0.680s] -- Detecting C compile features
[0.680s] -- Detecting C compile features - done
[0.685s] -- Check for working CXX compiler: /usr/bin/c++
[0.856s] -- Check for working CXX compiler: /usr/bin/c++ -- works
[0.858s] -- Detecting CXX compiler ABI info
[1.003s] -- Detecting CXX compiler ABI info - done
[1.027s] -- Detecting CXX compile features
[1.027s] -- Detecting CXX compile features - done
[1.046s] CMake Error at CMakeLists.txt:22 (find_package):
[1.046s]   By not providing "Findament_cmake.cmake" in CMAKE_MODULE_PATH this project
[1.046s]   has asked CMake to find a package configuration file provided by
[1.046s]   "ament_cmake", but CMake did not find one.
[1.046s] 
[1.046s]   Could not find a package configuration file provided by "ament_cmake" with
[1.047s]   any of the following names:
[1.047s] 
[1.047s]     ament_cmakeConfig.cmake
[1.047s]     ament_cmake-config.cmake
[1.047s] 
[1.048s]   Add the installation prefix of "ament_cmake" to CMAKE_PREFIX_PATH or set
[1.048s]   "ament_cmake_DIR" to a directory containing one of the above files.  If
[1.049s]   "ament_cmake" provides a separate development package or SDK, be sure it
[1.049s]   has been installed.
[1.049s] 
[1.049s] 
[1.050s] -- Configuring incomplete, errors occurred!
[1.050s] See also "/home/mike/turtlebot3_ws/build/turtlebot3_gazebo/CMakeFiles/CMakeOutput.log".
