[1.166s] Invoking command in '/home/mike/turtlebot3_ws/src/turtlebot3/turtlebot3_example': PYTHONPATH=/home/mike/turtlebot3_ws/install/turtlebot3_example/lib/python3.8/site-packages:${PYTHONPATH} /usr/bin/python3 setup.py egg_info --egg-base ../../../build/turtlebot3_example build --build-base /home/mike/turtlebot3_ws/build/turtlebot3_example/build install --prefix /home/mike/turtlebot3_ws/install/turtlebot3_example --record /home/mike/turtlebot3_ws/build/turtlebot3_example/install.log --single-version-externally-managed
[1.539s] running egg_info
[1.540s] writing ../../../build/turtlebot3_example/turtlebot3_example.egg-info/PKG-INFO
[1.541s] writing dependency_links to ../../../build/turtlebot3_example/turtlebot3_example.egg-info/dependency_links.txt
[1.541s] writing entry points to ../../../build/turtlebot3_example/turtlebot3_example.egg-info/entry_points.txt
[1.541s] writing requirements to ../../../build/turtlebot3_example/turtlebot3_example.egg-info/requires.txt
[1.541s] writing top-level names to ../../../build/turtlebot3_example/turtlebot3_example.egg-info/top_level.txt
[1.604s] reading manifest file '../../../build/turtlebot3_example/turtlebot3_example.egg-info/SOURCES.txt'
[1.608s] writing manifest file '../../../build/turtlebot3_example/turtlebot3_example.egg-info/SOURCES.txt'
[1.608s] running build
[1.608s] running build_py
[1.610s] running install
[1.611s] running install_lib
[1.614s] running install_data
[1.615s] running install_egg_info
[1.618s] removing '/home/mike/turtlebot3_ws/install/turtlebot3_example/lib/python3.8/site-packages/turtlebot3_example-2.1.4-py3.8.egg-info' (and everything under it)
[1.618s] Copying ../../../build/turtlebot3_example/turtlebot3_example.egg-info to /home/mike/turtlebot3_ws/install/turtlebot3_example/lib/python3.8/site-packages/turtlebot3_example-2.1.4-py3.8.egg-info
[1.619s] running install_scripts
[1.646s] Installing turtlebot3_obstacle_detection script to /home/mike/turtlebot3_ws/install/turtlebot3_example/lib/turtlebot3_example
[1.647s] Installing turtlebot3_patrol_client script to /home/mike/turtlebot3_ws/install/turtlebot3_example/lib/turtlebot3_example
[1.647s] Installing turtlebot3_patrol_server script to /home/mike/turtlebot3_ws/install/turtlebot3_example/lib/turtlebot3_example
[1.648s] Installing turtlebot3_position_control script to /home/mike/turtlebot3_ws/install/turtlebot3_example/lib/turtlebot3_example
[1.649s] writing list of installed files to '/home/mike/turtlebot3_ws/build/turtlebot3_example/install.log'
[1.700s] Invoked command in '/home/mike/turtlebot3_ws/src/turtlebot3/turtlebot3_example' returned '0': PYTHONPATH=/home/mike/turtlebot3_ws/install/turtlebot3_example/lib/python3.8/site-packages:${PYTHONPATH} /usr/bin/python3 setup.py egg_info --egg-base ../../../build/turtlebot3_example build --build-base /home/mike/turtlebot3_ws/build/turtlebot3_example/build install --prefix /home/mike/turtlebot3_ws/install/turtlebot3_example --record /home/mike/turtlebot3_ws/build/turtlebot3_example/install.log --single-version-externally-managed
