[0.058s] Invoking command in '/home/mike/turtlebot3_ws/build/turtlebot3_description': CMAKE_PREFIX_PATH=/opt/ros/galactic /usr/bin/cmake /home/mike/turtlebot3_ws/src/turtlebot3/turtlebot3_description -DCMAKE_INSTALL_PREFIX=/home/mike/turtlebot3_ws/install/turtlebot3_description
[0.156s] -- The C compiler identification is GNU 9.4.0
[0.253s] -- The CXX compiler identification is GNU 9.4.0
[0.260s] -- Check for working C compiler: /usr/bin/cc
[0.369s] -- Check for working C compiler: /usr/bin/cc -- works
[0.371s] -- Detecting C compiler ABI info
[0.478s] -- Detecting C compiler ABI info - done
[0.500s] -- Detecting C compile features
[0.501s] -- Detecting C compile features - done
[0.505s] -- Check for working CXX compiler: /usr/bin/c++
[0.627s] -- Check for working CXX compiler: /usr/bin/c++ -- works
[0.629s] -- Detecting CXX compiler ABI info
[0.751s] -- Detecting CXX compiler ABI info - done
[0.772s] -- Detecting CXX compile features
[0.773s] -- Detecting CXX compile features - done
[0.776s] -- Found ament_cmake: 1.1.5 (/opt/ros/galactic/share/ament_cmake/cmake)
[0.812s] -- Found PythonInterp: /usr/bin/python3 (found suitable version "3.8.10", minimum required is "3") 
[0.812s] -- Using PYTHON_EXECUTABLE: /usr/bin/python3
[0.946s] -- Found urdf: 2.5.2 (/opt/ros/galactic/share/urdf/cmake)
[1.129s] -- Configuring done
[1.133s] -- Generating done
[1.135s] -- Build files have been written to: /home/mike/turtlebot3_ws/build/turtlebot3_description
[1.149s] Invoked command in '/home/mike/turtlebot3_ws/build/turtlebot3_description' returned '0': CMAKE_PREFIX_PATH=/opt/ros/galactic /usr/bin/cmake /home/mike/turtlebot3_ws/src/turtlebot3/turtlebot3_description -DCMAKE_INSTALL_PREFIX=/home/mike/turtlebot3_ws/install/turtlebot3_description
[1.150s] Invoking command in '/home/mike/turtlebot3_ws/build/turtlebot3_description': CMAKE_PREFIX_PATH=/opt/ros/galactic /usr/bin/cmake --build /home/mike/turtlebot3_ws/build/turtlebot3_description -- -j4 -l4
[1.222s] Invoked command in '/home/mike/turtlebot3_ws/build/turtlebot3_description' returned '0': CMAKE_PREFIX_PATH=/opt/ros/galactic /usr/bin/cmake --build /home/mike/turtlebot3_ws/build/turtlebot3_description -- -j4 -l4
[1.279s] Invoking command in '/home/mike/turtlebot3_ws/build/turtlebot3_description': CMAKE_PREFIX_PATH=/opt/ros/galactic /usr/bin/cmake --install /home/mike/turtlebot3_ws/build/turtlebot3_description
[1.294s] -- Install configuration: ""
[1.294s] -- Installing: /home/mike/turtlebot3_ws/install/turtlebot3_description/share/turtlebot3_description/meshes
[1.294s] -- Installing: /home/mike/turtlebot3_ws/install/turtlebot3_description/share/turtlebot3_description/meshes/wheels
[1.295s] -- Installing: /home/mike/turtlebot3_ws/install/turtlebot3_description/share/turtlebot3_description/meshes/wheels/left_tire.stl
[1.298s] -- Installing: /home/mike/turtlebot3_ws/install/turtlebot3_description/share/turtlebot3_description/meshes/wheels/right_tire.stl
[1.302s] -- Installing: /home/mike/turtlebot3_ws/install/turtlebot3_description/share/turtlebot3_description/meshes/bases
[1.303s] -- Installing: /home/mike/turtlebot3_ws/install/turtlebot3_description/share/turtlebot3_description/meshes/bases/waffle_pi_base.stl
[1.321s] -- Installing: /home/mike/turtlebot3_ws/install/turtlebot3_description/share/turtlebot3_description/meshes/bases/burger_base.stl
[1.333s] -- Installing: /home/mike/turtlebot3_ws/install/turtlebot3_description/share/turtlebot3_description/meshes/bases/waffle_base.stl
[1.369s] -- Installing: /home/mike/turtlebot3_ws/install/turtlebot3_description/share/turtlebot3_description/meshes/sensors
[1.370s] -- Installing: /home/mike/turtlebot3_ws/install/turtlebot3_description/share/turtlebot3_description/meshes/sensors/r200.jpg
[1.371s] -- Installing: /home/mike/turtlebot3_ws/install/turtlebot3_description/share/turtlebot3_description/meshes/sensors/r200.dae
[1.372s] -- Installing: /home/mike/turtlebot3_ws/install/turtlebot3_description/share/turtlebot3_description/meshes/sensors/lds.stl
[1.375s] -- Installing: /home/mike/turtlebot3_ws/install/turtlebot3_description/share/turtlebot3_description/meshes/sensors/astra.jpg
[1.376s] -- Installing: /home/mike/turtlebot3_ws/install/turtlebot3_description/share/turtlebot3_description/meshes/sensors/astra.dae
[1.396s] -- Installing: /home/mike/turtlebot3_ws/install/turtlebot3_description/share/turtlebot3_description/rviz
[1.397s] -- Installing: /home/mike/turtlebot3_ws/install/turtlebot3_description/share/turtlebot3_description/rviz/model.rviz
[1.398s] -- Installing: /home/mike/turtlebot3_ws/install/turtlebot3_description/share/turtlebot3_description/urdf
[1.398s] -- Installing: /home/mike/turtlebot3_ws/install/turtlebot3_description/share/turtlebot3_description/urdf/turtlebot3_waffle_pi.urdf
[1.399s] -- Installing: /home/mike/turtlebot3_ws/install/turtlebot3_description/share/turtlebot3_description/urdf/turtlebot3_waffle.urdf
[1.400s] -- Installing: /home/mike/turtlebot3_ws/install/turtlebot3_description/share/turtlebot3_description/urdf/common_properties.urdf
[1.400s] -- Installing: /home/mike/turtlebot3_ws/install/turtlebot3_description/share/turtlebot3_description/urdf/turtlebot3_burger.urdf
[1.401s] -- Installing: /home/mike/turtlebot3_ws/install/turtlebot3_description/share/ament_index/resource_index/package_run_dependencies/turtlebot3_description
[1.402s] -- Installing: /home/mike/turtlebot3_ws/install/turtlebot3_description/share/ament_index/resource_index/parent_prefix_path/turtlebot3_description
[1.402s] -- Installing: /home/mike/turtlebot3_ws/install/turtlebot3_description/share/turtlebot3_description/environment/ament_prefix_path.sh
[1.403s] -- Installing: /home/mike/turtlebot3_ws/install/turtlebot3_description/share/turtlebot3_description/environment/ament_prefix_path.dsv
[1.403s] -- Installing: /home/mike/turtlebot3_ws/install/turtlebot3_description/share/turtlebot3_description/environment/path.sh
[1.404s] -- Installing: /home/mike/turtlebot3_ws/install/turtlebot3_description/share/turtlebot3_description/environment/path.dsv
[1.404s] -- Installing: /home/mike/turtlebot3_ws/install/turtlebot3_description/share/turtlebot3_description/local_setup.bash
[1.405s] -- Installing: /home/mike/turtlebot3_ws/install/turtlebot3_description/share/turtlebot3_description/local_setup.sh
[1.405s] -- Installing: /home/mike/turtlebot3_ws/install/turtlebot3_description/share/turtlebot3_description/local_setup.zsh
[1.406s] -- Installing: /home/mike/turtlebot3_ws/install/turtlebot3_description/share/turtlebot3_description/local_setup.dsv
[1.406s] -- Installing: /home/mike/turtlebot3_ws/install/turtlebot3_description/share/turtlebot3_description/package.dsv
[1.407s] -- Installing: /home/mike/turtlebot3_ws/install/turtlebot3_description/share/ament_index/resource_index/packages/turtlebot3_description
[1.407s] -- Installing: /home/mike/turtlebot3_ws/install/turtlebot3_description/share/turtlebot3_description/cmake/turtlebot3_descriptionConfig.cmake
[1.407s] -- Installing: /home/mike/turtlebot3_ws/install/turtlebot3_description/share/turtlebot3_description/cmake/turtlebot3_descriptionConfig-version.cmake
[1.408s] -- Installing: /home/mike/turtlebot3_ws/install/turtlebot3_description/share/turtlebot3_description/package.xml
[1.413s] Invoked command in '/home/mike/turtlebot3_ws/build/turtlebot3_description' returned '0': CMAKE_PREFIX_PATH=/opt/ros/galactic /usr/bin/cmake --install /home/mike/turtlebot3_ws/build/turtlebot3_description
