[0.022s] Invoking command in '/home/mike/turtlebot3_ws/build/turtlebot3': AMENT_PREFIX_PATH=/home/mike/turtlebot3_ws/install/turtlebot3_bringup:/home/mike/turtlebot3_ws/install/turtlebot3_teleop:/home/mike/turtlebot3_ws/install/turtlebot3_node:/home/mike/turtlebot3_ws/install/turtlebot3_example:/home/mike/turtlebot3_ws/install/turtlebot3_description:${AMENT_PREFIX_PATH} CMAKE_PREFIX_PATH=/home/mike/turtlebot3_ws/install/turtlebot3_bringup:/home/mike/turtlebot3_ws/install/turtlebot3_node:/home/mike/turtlebot3_ws/install/turtlebot3_description:/opt/ros/galactic PYTHONPATH=/home/mike/turtlebot3_ws/install/turtlebot3_teleop/lib/python3.8/site-packages:/home/mike/turtlebot3_ws/install/turtlebot3_example/lib/python3.8/site-packages:${PYTHONPATH} /usr/bin/cmake --build /home/mike/turtlebot3_ws/build/turtlebot3 -- -j4 -l4
[0.079s] Invoked command in '/home/mike/turtlebot3_ws/build/turtlebot3' returned '0': AMENT_PREFIX_PATH=/home/mike/turtlebot3_ws/install/turtlebot3_bringup:/home/mike/turtlebot3_ws/install/turtlebot3_teleop:/home/mike/turtlebot3_ws/install/turtlebot3_node:/home/mike/turtlebot3_ws/install/turtlebot3_example:/home/mike/turtlebot3_ws/install/turtlebot3_description:${AMENT_PREFIX_PATH} CMAKE_PREFIX_PATH=/home/mike/turtlebot3_ws/install/turtlebot3_bringup:/home/mike/turtlebot3_ws/install/turtlebot3_node:/home/mike/turtlebot3_ws/install/turtlebot3_description:/opt/ros/galactic PYTHONPATH=/home/mike/turtlebot3_ws/install/turtlebot3_teleop/lib/python3.8/site-packages:/home/mike/turtlebot3_ws/install/turtlebot3_example/lib/python3.8/site-packages:${PYTHONPATH} /usr/bin/cmake --build /home/mike/turtlebot3_ws/build/turtlebot3 -- -j4 -l4
[0.111s] Invoking command in '/home/mike/turtlebot3_ws/build/turtlebot3': AMENT_PREFIX_PATH=/home/mike/turtlebot3_ws/install/turtlebot3_bringup:/home/mike/turtlebot3_ws/install/turtlebot3_teleop:/home/mike/turtlebot3_ws/install/turtlebot3_node:/home/mike/turtlebot3_ws/install/turtlebot3_example:/home/mike/turtlebot3_ws/install/turtlebot3_description:${AMENT_PREFIX_PATH} CMAKE_PREFIX_PATH=/home/mike/turtlebot3_ws/install/turtlebot3_bringup:/home/mike/turtlebot3_ws/install/turtlebot3_node:/home/mike/turtlebot3_ws/install/turtlebot3_description:/opt/ros/galactic PYTHONPATH=/home/mike/turtlebot3_ws/install/turtlebot3_teleop/lib/python3.8/site-packages:/home/mike/turtlebot3_ws/install/turtlebot3_example/lib/python3.8/site-packages:${PYTHONPATH} /usr/bin/cmake --install /home/mike/turtlebot3_ws/build/turtlebot3
[0.120s] -- Install configuration: ""
[0.120s] -- Up-to-date: /home/mike/turtlebot3_ws/install/turtlebot3/share/ament_index/resource_index/package_run_dependencies/turtlebot3
[0.121s] -- Up-to-date: /home/mike/turtlebot3_ws/install/turtlebot3/share/ament_index/resource_index/parent_prefix_path/turtlebot3
[0.121s] -- Up-to-date: /home/mike/turtlebot3_ws/install/turtlebot3/share/turtlebot3/environment/ament_prefix_path.sh
[0.121s] -- Up-to-date: /home/mike/turtlebot3_ws/install/turtlebot3/share/turtlebot3/environment/ament_prefix_path.dsv
[0.121s] -- Up-to-date: /home/mike/turtlebot3_ws/install/turtlebot3/share/turtlebot3/environment/path.sh
[0.121s] -- Up-to-date: /home/mike/turtlebot3_ws/install/turtlebot3/share/turtlebot3/environment/path.dsv
[0.121s] -- Up-to-date: /home/mike/turtlebot3_ws/install/turtlebot3/share/turtlebot3/local_setup.bash
[0.121s] -- Up-to-date: /home/mike/turtlebot3_ws/install/turtlebot3/share/turtlebot3/local_setup.sh
[0.121s] -- Up-to-date: /home/mike/turtlebot3_ws/install/turtlebot3/share/turtlebot3/local_setup.zsh
[0.122s] -- Up-to-date: /home/mike/turtlebot3_ws/install/turtlebot3/share/turtlebot3/local_setup.dsv
[0.122s] -- Up-to-date: /home/mike/turtlebot3_ws/install/turtlebot3/share/turtlebot3/package.dsv
[0.122s] -- Up-to-date: /home/mike/turtlebot3_ws/install/turtlebot3/share/ament_index/resource_index/packages/turtlebot3
[0.122s] -- Up-to-date: /home/mike/turtlebot3_ws/install/turtlebot3/share/turtlebot3/cmake/turtlebot3Config.cmake
[0.122s] -- Up-to-date: /home/mike/turtlebot3_ws/install/turtlebot3/share/turtlebot3/cmake/turtlebot3Config-version.cmake
[0.122s] -- Up-to-date: /home/mike/turtlebot3_ws/install/turtlebot3/share/turtlebot3/package.xml
[0.126s] Invoked command in '/home/mike/turtlebot3_ws/build/turtlebot3' returned '0': AMENT_PREFIX_PATH=/home/mike/turtlebot3_ws/install/turtlebot3_bringup:/home/mike/turtlebot3_ws/install/turtlebot3_teleop:/home/mike/turtlebot3_ws/install/turtlebot3_node:/home/mike/turtlebot3_ws/install/turtlebot3_example:/home/mike/turtlebot3_ws/install/turtlebot3_description:${AMENT_PREFIX_PATH} CMAKE_PREFIX_PATH=/home/mike/turtlebot3_ws/install/turtlebot3_bringup:/home/mike/turtlebot3_ws/install/turtlebot3_node:/home/mike/turtlebot3_ws/install/turtlebot3_description:/opt/ros/galactic PYTHONPATH=/home/mike/turtlebot3_ws/install/turtlebot3_teleop/lib/python3.8/site-packages:/home/mike/turtlebot3_ws/install/turtlebot3_example/lib/python3.8/site-packages:${PYTHONPATH} /usr/bin/cmake --install /home/mike/turtlebot3_ws/build/turtlebot3
