[0.037s] Invoking command in '/home/mike/turtlebot3_ws/build/turtlebot3_simulations': AMENT_PREFIX_PATH=/home/mike/turtlebot3_ws/install/turtlebot3_gazebo:/home/mike/turtlebot3_ws/install/turtlebot3_fake_node:${AMENT_PREFIX_PATH} CMAKE_PREFIX_PATH=/home/mike/turtlebot3_ws/install/turtlebot3_gazebo:/home/mike/turtlebot3_ws/install/turtlebot3_fake_node:/opt/ros/galactic /usr/bin/cmake /home/mike/turtlebot3_ws/turtlebot3_simulations/turtlebot3_simulations -DCMAKE_INSTALL_PREFIX=/home/mike/turtlebot3_ws/install/turtlebot3_simulations
[0.153s] -- The C compiler identification is GNU 9.4.0
[0.251s] -- The CXX compiler identification is GNU 9.4.0
[0.259s] -- Check for working C compiler: /usr/bin/cc
[0.385s] -- Check for working C compiler: /usr/bin/cc -- works
[0.387s] -- Detecting C compiler ABI info
[0.509s] -- Detecting C compiler ABI info - done
[0.534s] -- Detecting C compile features
[0.535s] -- Detecting C compile features - done
[0.540s] -- Check for working CXX compiler: /usr/bin/c++
[0.681s] -- Check for working CXX compiler: /usr/bin/c++ -- works
[0.683s] -- Detecting CXX compiler ABI info
[0.811s] -- Detecting CXX compiler ABI info - done
[0.832s] -- Detecting CXX compile features
[0.833s] -- Detecting CXX compile features - done
[0.837s] -- Found ament_cmake: 1.1.5 (/opt/ros/galactic/share/ament_cmake/cmake)
[0.875s] -- Found PythonInterp: /usr/bin/python3 (found suitable version "3.8.10", minimum required is "3") 
[0.875s] -- Using PYTHON_EXECUTABLE: /usr/bin/python3
[1.114s] -- Configuring done
[1.117s] -- Generating done
[1.119s] -- Build files have been written to: /home/mike/turtlebot3_ws/build/turtlebot3_simulations
[1.128s] Invoked command in '/home/mike/turtlebot3_ws/build/turtlebot3_simulations' returned '0': AMENT_PREFIX_PATH=/home/mike/turtlebot3_ws/install/turtlebot3_gazebo:/home/mike/turtlebot3_ws/install/turtlebot3_fake_node:${AMENT_PREFIX_PATH} CMAKE_PREFIX_PATH=/home/mike/turtlebot3_ws/install/turtlebot3_gazebo:/home/mike/turtlebot3_ws/install/turtlebot3_fake_node:/opt/ros/galactic /usr/bin/cmake /home/mike/turtlebot3_ws/turtlebot3_simulations/turtlebot3_simulations -DCMAKE_INSTALL_PREFIX=/home/mike/turtlebot3_ws/install/turtlebot3_simulations
[1.130s] Invoking command in '/home/mike/turtlebot3_ws/build/turtlebot3_simulations': AMENT_PREFIX_PATH=/home/mike/turtlebot3_ws/install/turtlebot3_gazebo:/home/mike/turtlebot3_ws/install/turtlebot3_fake_node:${AMENT_PREFIX_PATH} CMAKE_PREFIX_PATH=/home/mike/turtlebot3_ws/install/turtlebot3_gazebo:/home/mike/turtlebot3_ws/install/turtlebot3_fake_node:/opt/ros/galactic /usr/bin/cmake --build /home/mike/turtlebot3_ws/build/turtlebot3_simulations -- -j4 -l4
[1.209s] Invoked command in '/home/mike/turtlebot3_ws/build/turtlebot3_simulations' returned '0': AMENT_PREFIX_PATH=/home/mike/turtlebot3_ws/install/turtlebot3_gazebo:/home/mike/turtlebot3_ws/install/turtlebot3_fake_node:${AMENT_PREFIX_PATH} CMAKE_PREFIX_PATH=/home/mike/turtlebot3_ws/install/turtlebot3_gazebo:/home/mike/turtlebot3_ws/install/turtlebot3_fake_node:/opt/ros/galactic /usr/bin/cmake --build /home/mike/turtlebot3_ws/build/turtlebot3_simulations -- -j4 -l4
[1.250s] Invoking command in '/home/mike/turtlebot3_ws/build/turtlebot3_simulations': AMENT_PREFIX_PATH=/home/mike/turtlebot3_ws/install/turtlebot3_gazebo:/home/mike/turtlebot3_ws/install/turtlebot3_fake_node:${AMENT_PREFIX_PATH} CMAKE_PREFIX_PATH=/home/mike/turtlebot3_ws/install/turtlebot3_gazebo:/home/mike/turtlebot3_ws/install/turtlebot3_fake_node:/opt/ros/galactic /usr/bin/cmake --install /home/mike/turtlebot3_ws/build/turtlebot3_simulations
[1.267s] -- Install configuration: ""
[1.267s] -- Installing: /home/mike/turtlebot3_ws/install/turtlebot3_simulations/share/ament_index/resource_index/package_run_dependencies/turtlebot3_simulations
[1.267s] -- Installing: /home/mike/turtlebot3_ws/install/turtlebot3_simulations/share/ament_index/resource_index/parent_prefix_path/turtlebot3_simulations
[1.268s] -- Installing: /home/mike/turtlebot3_ws/install/turtlebot3_simulations/share/turtlebot3_simulations/environment/ament_prefix_path.sh
[1.268s] -- Installing: /home/mike/turtlebot3_ws/install/turtlebot3_simulations/share/turtlebot3_simulations/environment/ament_prefix_path.dsv
[1.268s] -- Installing: /home/mike/turtlebot3_ws/install/turtlebot3_simulations/share/turtlebot3_simulations/environment/path.sh
[1.268s] -- Installing: /home/mike/turtlebot3_ws/install/turtlebot3_simulations/share/turtlebot3_simulations/environment/path.dsv
[1.268s] -- Installing: /home/mike/turtlebot3_ws/install/turtlebot3_simulations/share/turtlebot3_simulations/local_setup.bash
[1.268s] -- Installing: /home/mike/turtlebot3_ws/install/turtlebot3_simulations/share/turtlebot3_simulations/local_setup.sh
[1.269s] -- Installing: /home/mike/turtlebot3_ws/install/turtlebot3_simulations/share/turtlebot3_simulations/local_setup.zsh
[1.269s] -- Installing: /home/mike/turtlebot3_ws/install/turtlebot3_simulations/share/turtlebot3_simulations/local_setup.dsv
[1.269s] -- Installing: /home/mike/turtlebot3_ws/install/turtlebot3_simulations/share/turtlebot3_simulations/package.dsv
[1.269s] -- Installing: /home/mike/turtlebot3_ws/install/turtlebot3_simulations/share/ament_index/resource_index/packages/turtlebot3_simulations
[1.270s] -- Installing: /home/mike/turtlebot3_ws/install/turtlebot3_simulations/share/turtlebot3_simulations/cmake/turtlebot3_simulationsConfig.cmake
[1.270s] -- Installing: /home/mike/turtlebot3_ws/install/turtlebot3_simulations/share/turtlebot3_simulations/cmake/turtlebot3_simulationsConfig-version.cmake
[1.270s] -- Installing: /home/mike/turtlebot3_ws/install/turtlebot3_simulations/share/turtlebot3_simulations/package.xml
[1.278s] Invoked command in '/home/mike/turtlebot3_ws/build/turtlebot3_simulations' returned '0': AMENT_PREFIX_PATH=/home/mike/turtlebot3_ws/install/turtlebot3_gazebo:/home/mike/turtlebot3_ws/install/turtlebot3_fake_node:${AMENT_PREFIX_PATH} CMAKE_PREFIX_PATH=/home/mike/turtlebot3_ws/install/turtlebot3_gazebo:/home/mike/turtlebot3_ws/install/turtlebot3_fake_node:/opt/ros/galactic /usr/bin/cmake --install /home/mike/turtlebot3_ws/build/turtlebot3_simulations
