[0.158s] Invoking command in '/home/mike/turtlebot3_ws/build/teb_msgs': AMENT_PREFIX_PATH=/home/mike/turtlebot3_ws/install/costmap_converter_msgs:${AMENT_PREFIX_PATH} CMAKE_PREFIX_PATH=/home/mike/turtlebot3_ws/install/costmap_converter_msgs:/opt/ros/galactic LD_LIBRARY_PATH=/home/mike/turtlebot3_ws/install/costmap_converter_msgs/lib:${LD_LIBRARY_PATH} PYTHONPATH=/home/mike/turtlebot3_ws/install/costmap_converter_msgs/lib/python3.8/site-packages:${PYTHONPATH} /usr/bin/cmake /home/mike/turtlebot3_ws/src/turtlebot3/teb_local_planner/teb_msgs -DCMAKE_INSTALL_PREFIX=/home/mike/turtlebot3_ws/install/teb_msgs
[0.547s] -- The C compiler identification is GNU 9.4.0
[0.800s] -- The CXX compiler identification is GNU 9.4.0
[0.820s] -- Check for working C compiler: /usr/bin/cc
[1.218s] -- Check for working C compiler: /usr/bin/cc -- works
[1.221s] -- Detecting C compiler ABI info
[1.661s] -- Detecting C compiler ABI info - done
[1.696s] -- Detecting C compile features
[1.702s] -- Detecting C compile features - done
[1.710s] -- Check for working CXX compiler: /usr/bin/c++
[2.148s] -- Check for working CXX compiler: /usr/bin/c++ -- works
[2.150s] -- Detecting CXX compiler ABI info
[2.618s] -- Detecting CXX compiler ABI info - done
[2.684s] -- Detecting CXX compile features
[2.685s] -- Detecting CXX compile features - done
[2.718s] -- Found ament_cmake: 1.1.5 (/opt/ros/galactic/share/ament_cmake/cmake)
[2.829s] -- Found PythonInterp: /usr/bin/python3 (found suitable version "3.8.10", minimum required is "3") 
[2.829s] -- Using PYTHON_EXECUTABLE: /usr/bin/python3
[3.324s] -- Found builtin_interfaces: 1.0.3 (/opt/ros/galactic/share/builtin_interfaces/cmake)
[3.537s] -- Using all available rosidl_typesupport_c: rosidl_typesupport_fastrtps_c;rosidl_typesupport_introspection_c
[3.578s] -- Found rosidl_adapter: 2.2.2 (/opt/ros/galactic/share/rosidl_adapter/cmake)
[4.162s] -- Found OpenSSL: /usr/lib/x86_64-linux-gnu/libcrypto.so (found version "1.1.1f")  
[4.293s] -- Found FastRTPS: /opt/ros/galactic/include  
[4.700s] -- Using all available rosidl_typesupport_cpp: rosidl_typesupport_fastrtps_cpp;rosidl_typesupport_introspection_cpp
[4.825s] -- Found costmap_converter_msgs: 0.1.2 (/home/mike/turtlebot3_ws/install/costmap_converter_msgs/share/costmap_converter_msgs/cmake)
[5.531s] -- Found rosidl_default_generators: 1.1.1 (/opt/ros/galactic/share/rosidl_default_generators/cmake)
[5.682s] -- Found PythonInterp: /usr/bin/python3 (found version "3.8.10") 
[6.877s] -- Found ament_cmake_ros: 0.9.2 (/opt/ros/galactic/share/ament_cmake_ros/cmake)
[7.829s] -- Using all available rosidl_typesupport_c: rosidl_typesupport_fastrtps_c;rosidl_typesupport_introspection_c
[8.233s] -- Using all available rosidl_typesupport_cpp: rosidl_typesupport_fastrtps_cpp;rosidl_typesupport_introspection_cpp
[8.287s] -- Found PythonInterp: /usr/bin/python3 (found suitable version "3.8.10", minimum required is "3.5") 
[8.289s] -- Found python_cmake_module: 0.8.1 (/opt/ros/galactic/share/python_cmake_module/cmake)
[8.364s] -- Found PythonLibs: /usr/lib/x86_64-linux-gnu/libpython3.8.so (found suitable version "3.8.10", minimum required is "3.5") 
[8.365s] -- Using PYTHON_EXECUTABLE: /usr/bin/python3
[8.365s] -- Using PYTHON_INCLUDE_DIRS: /usr/include/python3.8
[8.365s] -- Using PYTHON_LIBRARIES: /usr/lib/x86_64-linux-gnu/libpython3.8.so
[8.406s] -- Found PythonExtra: .so  
[8.648s] -- Configuring done
[8.937s] -- Generating done
[8.947s] -- Build files have been written to: /home/mike/turtlebot3_ws/build/teb_msgs
[8.966s] Invoked command in '/home/mike/turtlebot3_ws/build/teb_msgs' returned '0': AMENT_PREFIX_PATH=/home/mike/turtlebot3_ws/install/costmap_converter_msgs:${AMENT_PREFIX_PATH} CMAKE_PREFIX_PATH=/home/mike/turtlebot3_ws/install/costmap_converter_msgs:/opt/ros/galactic LD_LIBRARY_PATH=/home/mike/turtlebot3_ws/install/costmap_converter_msgs/lib:${LD_LIBRARY_PATH} PYTHONPATH=/home/mike/turtlebot3_ws/install/costmap_converter_msgs/lib/python3.8/site-packages:${PYTHONPATH} /usr/bin/cmake /home/mike/turtlebot3_ws/src/turtlebot3/teb_local_planner/teb_msgs -DCMAKE_INSTALL_PREFIX=/home/mike/turtlebot3_ws/install/teb_msgs
[8.968s] Invoking command in '/home/mike/turtlebot3_ws/build/teb_msgs': AMENT_PREFIX_PATH=/home/mike/turtlebot3_ws/install/costmap_converter_msgs:${AMENT_PREFIX_PATH} CMAKE_PREFIX_PATH=/home/mike/turtlebot3_ws/install/costmap_converter_msgs:/opt/ros/galactic LD_LIBRARY_PATH=/home/mike/turtlebot3_ws/install/costmap_converter_msgs/lib:${LD_LIBRARY_PATH} PYTHONPATH=/home/mike/turtlebot3_ws/install/costmap_converter_msgs/lib/python3.8/site-packages:${PYTHONPATH} /usr/bin/cmake --build /home/mike/turtlebot3_ws/build/teb_msgs -- -j4 -l4
[9.034s] [35m[1mScanning dependencies of target teb_msgs__cpp[0m
[9.053s] [  2%] [34m[1mGenerating C++ code for ROS interfaces[0m
[9.964s] [  2%] Built target teb_msgs__cpp
[9.983s] [  4%] [34m[1mGenerating C code for ROS interfaces[0m
[10.776s] [35m[1mScanning dependencies of target teb_msgs__rosidl_generator_c[0m
[10.807s] [  6%] [32mBuilding C object CMakeFiles/teb_msgs__rosidl_generator_c.dir/rosidl_generator_c/teb_msgs/msg/detail/feedback_msg__functions.c.o[0m
[10.885s] [  8%] [32mBuilding C object CMakeFiles/teb_msgs__rosidl_generator_c.dir/rosidl_generator_c/teb_msgs/msg/detail/trajectory_msg__functions.c.o[0m
[10.951s] [ 10%] [32mBuilding C object CMakeFiles/teb_msgs__rosidl_generator_c.dir/rosidl_generator_c/teb_msgs/msg/detail/trajectory_point_msg__functions.c.o[0m
[11.018s] [ 12%] [32m[1mLinking C shared library libteb_msgs__rosidl_generator_c.so[0m
[11.087s] [ 12%] Built target teb_msgs__rosidl_generator_c
[11.104s] [ 14%] [34m[1mGenerating C++ type support for eProsima Fast-RTPS[0m
[11.700s] [35m[1mScanning dependencies of target teb_msgs__rosidl_typesupport_fastrtps_cpp[0m
[11.729s] [ 17%] [32mBuilding CXX object CMakeFiles/teb_msgs__rosidl_typesupport_fastrtps_cpp.dir/rosidl_typesupport_fastrtps_cpp/teb_msgs/msg/detail/dds_fastrtps/feedback_msg__type_support.cpp.o[0m
[12.509s] [ 19%] [32mBuilding CXX object CMakeFiles/teb_msgs__rosidl_typesupport_fastrtps_cpp.dir/rosidl_typesupport_fastrtps_cpp/teb_msgs/msg/detail/dds_fastrtps/trajectory_msg__type_support.cpp.o[0m
[13.318s] [ 21%] [32mBuilding CXX object CMakeFiles/teb_msgs__rosidl_typesupport_fastrtps_cpp.dir/rosidl_typesupport_fastrtps_cpp/teb_msgs/msg/detail/dds_fastrtps/trajectory_point_msg__type_support.cpp.o[0m
[14.079s] [ 23%] [32m[1mLinking CXX shared library libteb_msgs__rosidl_typesupport_fastrtps_cpp.so[0m
[14.303s] [ 23%] Built target teb_msgs__rosidl_typesupport_fastrtps_cpp
[14.326s] [ 25%] [34m[1mGenerating C introspection for ROS interfaces[0m
[15.131s] [35m[1mScanning dependencies of target teb_msgs__rosidl_typesupport_introspection_c[0m
[15.165s] [ 27%] [32mBuilding C object CMakeFiles/teb_msgs__rosidl_typesupport_introspection_c.dir/rosidl_typesupport_introspection_c/teb_msgs/msg/detail/feedback_msg__type_support.c.o[0m
[15.228s] [ 29%] [32mBuilding C object CMakeFiles/teb_msgs__rosidl_typesupport_introspection_c.dir/rosidl_typesupport_introspection_c/teb_msgs/msg/detail/trajectory_msg__type_support.c.o[0m
[15.289s] [ 31%] [32mBuilding C object CMakeFiles/teb_msgs__rosidl_typesupport_introspection_c.dir/rosidl_typesupport_introspection_c/teb_msgs/msg/detail/trajectory_point_msg__type_support.c.o[0m
[15.348s] [ 34%] [32m[1mLinking C shared library libteb_msgs__rosidl_typesupport_introspection_c.so[0m
[15.407s] [ 34%] Built target teb_msgs__rosidl_typesupport_introspection_c
[15.424s] [ 36%] [34m[1mGenerating C type support dispatch for ROS interfaces[0m
[16.035s] [35m[1mScanning dependencies of target teb_msgs__rosidl_typesupport_c[0m
[16.062s] [ 38%] [32mBuilding CXX object CMakeFiles/teb_msgs__rosidl_typesupport_c.dir/rosidl_typesupport_c/teb_msgs/msg/feedback_msg__type_support.cpp.o[0m
[16.112s] [ 40%] [32mBuilding CXX object CMakeFiles/teb_msgs__rosidl_typesupport_c.dir/rosidl_typesupport_c/teb_msgs/msg/trajectory_msg__type_support.cpp.o[0m
[16.161s] [ 42%] [32mBuilding CXX object CMakeFiles/teb_msgs__rosidl_typesupport_c.dir/rosidl_typesupport_c/teb_msgs/msg/trajectory_point_msg__type_support.cpp.o[0m
[16.210s] [ 44%] [32m[1mLinking CXX shared library libteb_msgs__rosidl_typesupport_c.so[0m
[16.277s] [ 44%] Built target teb_msgs__rosidl_typesupport_c
[16.294s] [ 46%] [34m[1mGenerating C type support for eProsima Fast-RTPS[0m
[17.194s] [35m[1mScanning dependencies of target teb_msgs__rosidl_typesupport_fastrtps_c[0m
[17.231s] [ 48%] [32mBuilding CXX object CMakeFiles/teb_msgs__rosidl_typesupport_fastrtps_c.dir/rosidl_typesupport_fastrtps_c/teb_msgs/msg/detail/feedback_msg__type_support_c.cpp.o[0m
[17.895s] [ 51%] [32mBuilding CXX object CMakeFiles/teb_msgs__rosidl_typesupport_fastrtps_c.dir/rosidl_typesupport_fastrtps_c/teb_msgs/msg/detail/trajectory_msg__type_support_c.cpp.o[0m
[18.352s] [ 53%] [32mBuilding CXX object CMakeFiles/teb_msgs__rosidl_typesupport_fastrtps_c.dir/rosidl_typesupport_fastrtps_c/teb_msgs/msg/detail/trajectory_point_msg__type_support_c.cpp.o[0m
[18.813s] [ 55%] [32m[1mLinking CXX shared library libteb_msgs__rosidl_typesupport_fastrtps_c.so[0m
[18.969s] [ 55%] Built target teb_msgs__rosidl_typesupport_fastrtps_c
[18.983s] [ 57%] [34m[1mGenerating C++ type support dispatch for ROS interfaces[0m
[19.478s] [35m[1mScanning dependencies of target teb_msgs__rosidl_typesupport_cpp[0m
[19.510s] [ 59%] [32mBuilding CXX object CMakeFiles/teb_msgs__rosidl_typesupport_cpp.dir/rosidl_typesupport_cpp/teb_msgs/msg/feedback_msg__type_support.cpp.o[0m
[20.005s] [ 61%] [32mBuilding CXX object CMakeFiles/teb_msgs__rosidl_typesupport_cpp.dir/rosidl_typesupport_cpp/teb_msgs/msg/trajectory_point_msg__type_support.cpp.o[0m
[20.553s] [ 63%] [32mBuilding CXX object CMakeFiles/teb_msgs__rosidl_typesupport_cpp.dir/rosidl_typesupport_cpp/teb_msgs/msg/trajectory_msg__type_support.cpp.o[0m
[21.073s] [ 65%] [32m[1mLinking CXX shared library libteb_msgs__rosidl_typesupport_cpp.so[0m
[21.140s] [ 65%] Built target teb_msgs__rosidl_typesupport_cpp
[21.162s] [ 68%] [34m[1mGenerating C++ introspection for ROS interfaces[0m
[21.893s] [35m[1mScanning dependencies of target teb_msgs__rosidl_typesupport_introspection_cpp[0m
[21.923s] [ 70%] [32mBuilding CXX object CMakeFiles/teb_msgs__rosidl_typesupport_introspection_cpp.dir/rosidl_typesupport_introspection_cpp/teb_msgs/msg/detail/feedback_msg__type_support.cpp.o[0m
[22.624s] [ 72%] [32mBuilding CXX object CMakeFiles/teb_msgs__rosidl_typesupport_introspection_cpp.dir/rosidl_typesupport_introspection_cpp/teb_msgs/msg/detail/trajectory_point_msg__type_support.cpp.o[0m
[23.170s] [ 74%] [32mBuilding CXX object CMakeFiles/teb_msgs__rosidl_typesupport_introspection_cpp.dir/rosidl_typesupport_introspection_cpp/teb_msgs/msg/detail/trajectory_msg__type_support.cpp.o[0m
[23.770s] [ 76%] [32m[1mLinking CXX shared library libteb_msgs__rosidl_typesupport_introspection_cpp.so[0m
[23.932s] [ 76%] Built target teb_msgs__rosidl_typesupport_introspection_cpp
[23.949s] [35m[1mScanning dependencies of target teb_msgs[0m
[23.966s] [ 76%] Built target teb_msgs
[23.983s] [35m[1mScanning dependencies of target teb_msgs__py[0m
[24.001s] [ 78%] [34m[1mGenerating Python code for ROS interfaces[0m
[25.484s] [ 78%] Built target teb_msgs__py
[25.501s] [35m[1mScanning dependencies of target teb_msgs__python[0m
[25.565s] [ 80%] [32mBuilding C object CMakeFiles/teb_msgs__python.dir/rosidl_generator_py/teb_msgs/msg/_feedback_msg_s.c.o[0m
[25.751s] [ 82%] [32mBuilding C object CMakeFiles/teb_msgs__python.dir/rosidl_generator_py/teb_msgs/msg/_trajectory_point_msg_s.c.o[0m
[25.921s] [ 85%] [32mBuilding C object CMakeFiles/teb_msgs__python.dir/rosidl_generator_py/teb_msgs/msg/_trajectory_msg_s.c.o[0m
[26.104s] [ 87%] [32m[1mLinking C shared library rosidl_generator_py/teb_msgs/libteb_msgs__python.so[0m
[26.191s] [ 87%] Built target teb_msgs__python
[26.209s] [35m[1mScanning dependencies of target teb_msgs__rosidl_typesupport_fastrtps_c__pyext[0m
[26.249s] [ 89%] [32mBuilding C object CMakeFiles/teb_msgs__rosidl_typesupport_fastrtps_c__pyext.dir/rosidl_generator_py/teb_msgs/_teb_msgs_s.ep.rosidl_typesupport_fastrtps_c.c.o[0m
[26.441s] [ 91%] [32m[1mLinking CXX shared library rosidl_generator_py/teb_msgs/teb_msgs_s__rosidl_typesupport_fastrtps_c.cpython-38-x86_64-linux-gnu.so[0m
[26.567s] [ 91%] Built target teb_msgs__rosidl_typesupport_fastrtps_c__pyext
[26.585s] [35m[1mScanning dependencies of target teb_msgs__rosidl_typesupport_introspection_c__pyext[0m
[26.623s] [ 93%] [32mBuilding C object CMakeFiles/teb_msgs__rosidl_typesupport_introspection_c__pyext.dir/rosidl_generator_py/teb_msgs/_teb_msgs_s.ep.rosidl_typesupport_introspection_c.c.o[0m
[26.823s] [ 95%] [32m[1mLinking C shared library rosidl_generator_py/teb_msgs/teb_msgs_s__rosidl_typesupport_introspection_c.cpython-38-x86_64-linux-gnu.so[0m
[26.905s] [ 95%] Built target teb_msgs__rosidl_typesupport_introspection_c__pyext
[26.925s] [35m[1mScanning dependencies of target teb_msgs__rosidl_typesupport_c__pyext[0m
[26.973s] [ 97%] [32mBuilding C object CMakeFiles/teb_msgs__rosidl_typesupport_c__pyext.dir/rosidl_generator_py/teb_msgs/_teb_msgs_s.ep.rosidl_typesupport_c.c.o[0m
[27.150s] [100%] [32m[1mLinking C shared library rosidl_generator_py/teb_msgs/teb_msgs_s__rosidl_typesupport_c.cpython-38-x86_64-linux-gnu.so[0m
[27.217s] [100%] Built target teb_msgs__rosidl_typesupport_c__pyext
[27.246s] Invoked command in '/home/mike/turtlebot3_ws/build/teb_msgs' returned '0': AMENT_PREFIX_PATH=/home/mike/turtlebot3_ws/install/costmap_converter_msgs:${AMENT_PREFIX_PATH} CMAKE_PREFIX_PATH=/home/mike/turtlebot3_ws/install/costmap_converter_msgs:/opt/ros/galactic LD_LIBRARY_PATH=/home/mike/turtlebot3_ws/install/costmap_converter_msgs/lib:${LD_LIBRARY_PATH} PYTHONPATH=/home/mike/turtlebot3_ws/install/costmap_converter_msgs/lib/python3.8/site-packages:${PYTHONPATH} /usr/bin/cmake --build /home/mike/turtlebot3_ws/build/teb_msgs -- -j4 -l4
[27.393s] Invoking command in '/home/mike/turtlebot3_ws/build/teb_msgs': AMENT_PREFIX_PATH=/home/mike/turtlebot3_ws/install/costmap_converter_msgs:${AMENT_PREFIX_PATH} CMAKE_PREFIX_PATH=/home/mike/turtlebot3_ws/install/costmap_converter_msgs:/opt/ros/galactic LD_LIBRARY_PATH=/home/mike/turtlebot3_ws/install/costmap_converter_msgs/lib:${LD_LIBRARY_PATH} PYTHONPATH=/home/mike/turtlebot3_ws/install/costmap_converter_msgs/lib/python3.8/site-packages:${PYTHONPATH} /usr/bin/cmake --install /home/mike/turtlebot3_ws/build/teb_msgs
[27.411s] -- Install configuration: ""
[27.411s] -- Installing: /home/mike/turtlebot3_ws/install/teb_msgs/share/ament_index/resource_index/rosidl_interfaces/teb_msgs
[27.411s] -- Installing: /home/mike/turtlebot3_ws/install/teb_msgs/include/teb_msgs
[27.411s] -- Installing: /home/mike/turtlebot3_ws/install/teb_msgs/include/teb_msgs/msg
[27.412s] -- Installing: /home/mike/turtlebot3_ws/install/teb_msgs/include/teb_msgs/msg/trajectory_point_msg.h
[27.412s] -- Installing: /home/mike/turtlebot3_ws/install/teb_msgs/include/teb_msgs/msg/detail
[27.412s] -- Installing: /home/mike/turtlebot3_ws/install/teb_msgs/include/teb_msgs/msg/detail/trajectory_point_msg__functions.c
[27.412s] -- Installing: /home/mike/turtlebot3_ws/install/teb_msgs/include/teb_msgs/msg/detail/trajectory_msg__struct.h
[27.413s] -- Installing: /home/mike/turtlebot3_ws/install/teb_msgs/include/teb_msgs/msg/detail/trajectory_point_msg__struct.h
[27.413s] -- Installing: /home/mike/turtlebot3_ws/install/teb_msgs/include/teb_msgs/msg/detail/trajectory_msg__functions.c
[27.413s] -- Installing: /home/mike/turtlebot3_ws/install/teb_msgs/include/teb_msgs/msg/detail/feedback_msg__functions.c
[27.413s] -- Installing: /home/mike/turtlebot3_ws/install/teb_msgs/include/teb_msgs/msg/detail/trajectory_msg__type_support.h
[27.413s] -- Installing: /home/mike/turtlebot3_ws/install/teb_msgs/include/teb_msgs/msg/detail/feedback_msg__struct.h
[27.413s] -- Installing: /home/mike/turtlebot3_ws/install/teb_msgs/include/teb_msgs/msg/detail/trajectory_point_msg__functions.h
[27.413s] -- Installing: /home/mike/turtlebot3_ws/install/teb_msgs/include/teb_msgs/msg/detail/trajectory_point_msg__type_support.h
[27.413s] -- Installing: /home/mike/turtlebot3_ws/install/teb_msgs/include/teb_msgs/msg/detail/feedback_msg__functions.h
[27.414s] -- Installing: /home/mike/turtlebot3_ws/install/teb_msgs/include/teb_msgs/msg/detail/trajectory_msg__functions.h
[27.414s] -- Installing: /home/mike/turtlebot3_ws/install/teb_msgs/include/teb_msgs/msg/detail/feedback_msg__type_support.h
[27.414s] -- Installing: /home/mike/turtlebot3_ws/install/teb_msgs/include/teb_msgs/msg/feedback_msg.h
[27.414s] -- Installing: /home/mike/turtlebot3_ws/install/teb_msgs/include/teb_msgs/msg/trajectory_msg.h
[27.414s] -- Installing: /home/mike/turtlebot3_ws/install/teb_msgs/include/teb_msgs/msg/rosidl_generator_c__visibility_control.h
[27.414s] -- Installing: /home/mike/turtlebot3_ws/install/teb_msgs/share/teb_msgs/environment/library_path.sh
[27.415s] -- Installing: /home/mike/turtlebot3_ws/install/teb_msgs/share/teb_msgs/environment/library_path.dsv
[27.415s] -- Installing: /home/mike/turtlebot3_ws/install/teb_msgs/lib/libteb_msgs__rosidl_generator_c.so
[27.416s] -- Set runtime path of "/home/mike/turtlebot3_ws/install/teb_msgs/lib/libteb_msgs__rosidl_generator_c.so" to ""
[27.416s] -- Up-to-date: /home/mike/turtlebot3_ws/install/teb_msgs/include/teb_msgs
[27.416s] -- Up-to-date: /home/mike/turtlebot3_ws/install/teb_msgs/include/teb_msgs/msg
[27.416s] -- Up-to-date: /home/mike/turtlebot3_ws/install/teb_msgs/include/teb_msgs/msg/detail
[27.416s] -- Installing: /home/mike/turtlebot3_ws/install/teb_msgs/include/teb_msgs/msg/detail/feedback_msg__rosidl_typesupport_fastrtps_c.h
[27.416s] -- Installing: /home/mike/turtlebot3_ws/install/teb_msgs/include/teb_msgs/msg/detail/trajectory_msg__rosidl_typesupport_fastrtps_c.h
[27.417s] -- Installing: /home/mike/turtlebot3_ws/install/teb_msgs/include/teb_msgs/msg/detail/trajectory_point_msg__rosidl_typesupport_fastrtps_c.h
[27.417s] -- Installing: /home/mike/turtlebot3_ws/install/teb_msgs/include/teb_msgs/msg/rosidl_typesupport_fastrtps_c__visibility_control.h
[27.417s] -- Installing: /home/mike/turtlebot3_ws/install/teb_msgs/lib/libteb_msgs__rosidl_typesupport_fastrtps_c.so
[27.417s] -- Set runtime path of "/home/mike/turtlebot3_ws/install/teb_msgs/lib/libteb_msgs__rosidl_typesupport_fastrtps_c.so" to ""
[27.418s] -- Up-to-date: /home/mike/turtlebot3_ws/install/teb_msgs/include/teb_msgs
[27.418s] -- Up-to-date: /home/mike/turtlebot3_ws/install/teb_msgs/include/teb_msgs/msg
[27.418s] -- Up-to-date: /home/mike/turtlebot3_ws/install/teb_msgs/include/teb_msgs/msg/detail
[27.418s] -- Installing: /home/mike/turtlebot3_ws/install/teb_msgs/include/teb_msgs/msg/detail/trajectory_point_msg__rosidl_typesupport_fastrtps_cpp.hpp
[27.418s] -- Installing: /home/mike/turtlebot3_ws/install/teb_msgs/include/teb_msgs/msg/detail/trajectory_msg__rosidl_typesupport_fastrtps_cpp.hpp
[27.418s] -- Installing: /home/mike/turtlebot3_ws/install/teb_msgs/include/teb_msgs/msg/detail/dds_fastrtps
[27.419s] -- Installing: /home/mike/turtlebot3_ws/install/teb_msgs/include/teb_msgs/msg/detail/feedback_msg__rosidl_typesupport_fastrtps_cpp.hpp
[27.419s] -- Installing: /home/mike/turtlebot3_ws/install/teb_msgs/include/teb_msgs/msg/rosidl_typesupport_fastrtps_cpp__visibility_control.h
[27.419s] -- Installing: /home/mike/turtlebot3_ws/install/teb_msgs/lib/libteb_msgs__rosidl_typesupport_fastrtps_cpp.so
[27.419s] -- Set runtime path of "/home/mike/turtlebot3_ws/install/teb_msgs/lib/libteb_msgs__rosidl_typesupport_fastrtps_cpp.so" to ""
[27.420s] -- Up-to-date: /home/mike/turtlebot3_ws/install/teb_msgs/include/teb_msgs
[27.420s] -- Up-to-date: /home/mike/turtlebot3_ws/install/teb_msgs/include/teb_msgs/msg
[27.420s] -- Up-to-date: /home/mike/turtlebot3_ws/install/teb_msgs/include/teb_msgs/msg/detail
[27.420s] -- Installing: /home/mike/turtlebot3_ws/install/teb_msgs/include/teb_msgs/msg/detail/trajectory_msg__type_support.c
[27.420s] -- Installing: /home/mike/turtlebot3_ws/install/teb_msgs/include/teb_msgs/msg/detail/trajectory_msg__rosidl_typesupport_introspection_c.h
[27.420s] -- Installing: /home/mike/turtlebot3_ws/install/teb_msgs/include/teb_msgs/msg/detail/trajectory_point_msg__rosidl_typesupport_introspection_c.h
[27.421s] -- Installing: /home/mike/turtlebot3_ws/install/teb_msgs/include/teb_msgs/msg/detail/feedback_msg__type_support.c
[27.421s] -- Installing: /home/mike/turtlebot3_ws/install/teb_msgs/include/teb_msgs/msg/detail/feedback_msg__rosidl_typesupport_introspection_c.h
[27.421s] -- Installing: /home/mike/turtlebot3_ws/install/teb_msgs/include/teb_msgs/msg/detail/trajectory_point_msg__type_support.c
[27.421s] -- Installing: /home/mike/turtlebot3_ws/install/teb_msgs/include/teb_msgs/msg/rosidl_typesupport_introspection_c__visibility_control.h
[27.421s] -- Installing: /home/mike/turtlebot3_ws/install/teb_msgs/lib/libteb_msgs__rosidl_typesupport_introspection_c.so
[27.422s] -- Set runtime path of "/home/mike/turtlebot3_ws/install/teb_msgs/lib/libteb_msgs__rosidl_typesupport_introspection_c.so" to ""
[27.422s] -- Installing: /home/mike/turtlebot3_ws/install/teb_msgs/lib/libteb_msgs__rosidl_typesupport_c.so
[27.423s] -- Set runtime path of "/home/mike/turtlebot3_ws/install/teb_msgs/lib/libteb_msgs__rosidl_typesupport_c.so" to ""
[27.423s] -- Up-to-date: /home/mike/turtlebot3_ws/install/teb_msgs/include/teb_msgs
[27.424s] -- Up-to-date: /home/mike/turtlebot3_ws/install/teb_msgs/include/teb_msgs/msg
[27.424s] -- Installing: /home/mike/turtlebot3_ws/install/teb_msgs/include/teb_msgs/msg/trajectory_msg.hpp
[27.424s] -- Installing: /home/mike/turtlebot3_ws/install/teb_msgs/include/teb_msgs/msg/feedback_msg.hpp
[27.424s] -- Up-to-date: /home/mike/turtlebot3_ws/install/teb_msgs/include/teb_msgs/msg/detail
[27.424s] -- Installing: /home/mike/turtlebot3_ws/install/teb_msgs/include/teb_msgs/msg/detail/trajectory_msg__struct.hpp
[27.424s] -- Installing: /home/mike/turtlebot3_ws/install/teb_msgs/include/teb_msgs/msg/detail/trajectory_point_msg__builder.hpp
[27.425s] -- Installing: /home/mike/turtlebot3_ws/install/teb_msgs/include/teb_msgs/msg/detail/trajectory_msg__traits.hpp
[27.425s] -- Installing: /home/mike/turtlebot3_ws/install/teb_msgs/include/teb_msgs/msg/detail/feedback_msg__builder.hpp
[27.425s] -- Installing: /home/mike/turtlebot3_ws/install/teb_msgs/include/teb_msgs/msg/detail/feedback_msg__traits.hpp
[27.425s] -- Installing: /home/mike/turtlebot3_ws/install/teb_msgs/include/teb_msgs/msg/detail/trajectory_point_msg__traits.hpp
[27.425s] -- Installing: /home/mike/turtlebot3_ws/install/teb_msgs/include/teb_msgs/msg/detail/trajectory_point_msg__struct.hpp
[27.425s] -- Installing: /home/mike/turtlebot3_ws/install/teb_msgs/include/teb_msgs/msg/detail/feedback_msg__struct.hpp
[27.425s] -- Installing: /home/mike/turtlebot3_ws/install/teb_msgs/include/teb_msgs/msg/detail/trajectory_msg__builder.hpp
[27.426s] -- Installing: /home/mike/turtlebot3_ws/install/teb_msgs/include/teb_msgs/msg/trajectory_point_msg.hpp
[27.426s] -- Up-to-date: /home/mike/turtlebot3_ws/install/teb_msgs/include/teb_msgs
[27.426s] -- Up-to-date: /home/mike/turtlebot3_ws/install/teb_msgs/include/teb_msgs/msg
[27.426s] -- Up-to-date: /home/mike/turtlebot3_ws/install/teb_msgs/include/teb_msgs/msg/detail
[27.426s] -- Installing: /home/mike/turtlebot3_ws/install/teb_msgs/include/teb_msgs/msg/detail/feedback_msg__rosidl_typesupport_introspection_cpp.hpp
[27.426s] -- Installing: /home/mike/turtlebot3_ws/install/teb_msgs/include/teb_msgs/msg/detail/trajectory_msg__rosidl_typesupport_introspection_cpp.hpp
[27.426s] -- Installing: /home/mike/turtlebot3_ws/install/teb_msgs/include/teb_msgs/msg/detail/trajectory_msg__type_support.cpp
[27.426s] -- Installing: /home/mike/turtlebot3_ws/install/teb_msgs/include/teb_msgs/msg/detail/trajectory_point_msg__rosidl_typesupport_introspection_cpp.hpp
[27.427s] -- Installing: /home/mike/turtlebot3_ws/install/teb_msgs/include/teb_msgs/msg/detail/feedback_msg__type_support.cpp
[27.427s] -- Installing: /home/mike/turtlebot3_ws/install/teb_msgs/include/teb_msgs/msg/detail/trajectory_point_msg__type_support.cpp
[27.427s] -- Installing: /home/mike/turtlebot3_ws/install/teb_msgs/lib/libteb_msgs__rosidl_typesupport_introspection_cpp.so
[27.427s] -- Set runtime path of "/home/mike/turtlebot3_ws/install/teb_msgs/lib/libteb_msgs__rosidl_typesupport_introspection_cpp.so" to ""
[27.427s] -- Installing: /home/mike/turtlebot3_ws/install/teb_msgs/lib/libteb_msgs__rosidl_typesupport_cpp.so
[27.428s] -- Set runtime path of "/home/mike/turtlebot3_ws/install/teb_msgs/lib/libteb_msgs__rosidl_typesupport_cpp.so" to ""
[27.428s] -- Installing: /home/mike/turtlebot3_ws/install/teb_msgs/share/teb_msgs/environment/pythonpath.sh
[27.428s] -- Installing: /home/mike/turtlebot3_ws/install/teb_msgs/share/teb_msgs/environment/pythonpath.dsv
[27.432s] -- Installing: /home/mike/turtlebot3_ws/install/teb_msgs/lib/python3.8/site-packages/teb_msgs/__init__.py
[27.487s] Compiling '/home/mike/turtlebot3_ws/install/teb_msgs/lib/python3.8/site-packages/teb_msgs/__init__.py'...
[27.497s] -- Installing: /home/mike/turtlebot3_ws/install/teb_msgs/lib/python3.8/site-packages/teb_msgs/msg
[27.497s] -- Installing: /home/mike/turtlebot3_ws/install/teb_msgs/lib/python3.8/site-packages/teb_msgs/msg/_trajectory_msg_s.c
[27.498s] -- Installing: /home/mike/turtlebot3_ws/install/teb_msgs/lib/python3.8/site-packages/teb_msgs/msg/_feedback_msg_s.c
[27.499s] -- Installing: /home/mike/turtlebot3_ws/install/teb_msgs/lib/python3.8/site-packages/teb_msgs/msg/_feedback_msg.py
[27.499s] -- Installing: /home/mike/turtlebot3_ws/install/teb_msgs/lib/python3.8/site-packages/teb_msgs/msg/__init__.py
[27.500s] -- Installing: /home/mike/turtlebot3_ws/install/teb_msgs/lib/python3.8/site-packages/teb_msgs/msg/_trajectory_msg.py
[27.500s] -- Installing: /home/mike/turtlebot3_ws/install/teb_msgs/lib/python3.8/site-packages/teb_msgs/msg/_trajectory_point_msg.py
[27.501s] -- Installing: /home/mike/turtlebot3_ws/install/teb_msgs/lib/python3.8/site-packages/teb_msgs/msg/_trajectory_point_msg_s.c
[27.502s] -- Installing: /home/mike/turtlebot3_ws/install/teb_msgs/lib/python3.8/site-packages/teb_msgs/teb_msgs_s__rosidl_typesupport_fastrtps_c.cpython-38-x86_64-linux-gnu.so
[27.503s] -- Set runtime path of "/home/mike/turtlebot3_ws/install/teb_msgs/lib/python3.8/site-packages/teb_msgs/teb_msgs_s__rosidl_typesupport_fastrtps_c.cpython-38-x86_64-linux-gnu.so" to ""
[27.504s] -- Installing: /home/mike/turtlebot3_ws/install/teb_msgs/lib/python3.8/site-packages/teb_msgs/teb_msgs_s__rosidl_typesupport_introspection_c.cpython-38-x86_64-linux-gnu.so
[27.505s] -- Set runtime path of "/home/mike/turtlebot3_ws/install/teb_msgs/lib/python3.8/site-packages/teb_msgs/teb_msgs_s__rosidl_typesupport_introspection_c.cpython-38-x86_64-linux-gnu.so" to ""
[27.506s] -- Installing: /home/mike/turtlebot3_ws/install/teb_msgs/lib/python3.8/site-packages/teb_msgs/teb_msgs_s__rosidl_typesupport_c.cpython-38-x86_64-linux-gnu.so
[27.507s] -- Set runtime path of "/home/mike/turtlebot3_ws/install/teb_msgs/lib/python3.8/site-packages/teb_msgs/teb_msgs_s__rosidl_typesupport_c.cpython-38-x86_64-linux-gnu.so" to ""
[27.508s] -- Installing: /home/mike/turtlebot3_ws/install/teb_msgs/lib/libteb_msgs__python.so
[27.509s] -- Set runtime path of "/home/mike/turtlebot3_ws/install/teb_msgs/lib/libteb_msgs__python.so" to ""
[27.510s] -- Installing: /home/mike/turtlebot3_ws/install/teb_msgs/share/teb_msgs/msg/FeedbackMsg.idl
[27.510s] -- Installing: /home/mike/turtlebot3_ws/install/teb_msgs/share/teb_msgs/msg/TrajectoryMsg.idl
[27.511s] -- Installing: /home/mike/turtlebot3_ws/install/teb_msgs/share/teb_msgs/msg/TrajectoryPointMsg.idl
[27.512s] -- Installing: /home/mike/turtlebot3_ws/install/teb_msgs/share/teb_msgs/msg/FeedbackMsg.msg
[27.513s] -- Installing: /home/mike/turtlebot3_ws/install/teb_msgs/share/teb_msgs/msg/TrajectoryMsg.msg
[27.514s] -- Installing: /home/mike/turtlebot3_ws/install/teb_msgs/share/teb_msgs/msg/TrajectoryPointMsg.msg
[27.514s] -- Installing: /home/mike/turtlebot3_ws/install/teb_msgs/share/ament_index/resource_index/package_run_dependencies/teb_msgs
[27.515s] -- Installing: /home/mike/turtlebot3_ws/install/teb_msgs/share/ament_index/resource_index/parent_prefix_path/teb_msgs
[27.516s] -- Installing: /home/mike/turtlebot3_ws/install/teb_msgs/share/teb_msgs/environment/ament_prefix_path.sh
[27.517s] -- Installing: /home/mike/turtlebot3_ws/install/teb_msgs/share/teb_msgs/environment/ament_prefix_path.dsv
[27.517s] -- Installing: /home/mike/turtlebot3_ws/install/teb_msgs/share/teb_msgs/environment/path.sh
[27.518s] -- Installing: /home/mike/turtlebot3_ws/install/teb_msgs/share/teb_msgs/environment/path.dsv
[27.519s] -- Installing: /home/mike/turtlebot3_ws/install/teb_msgs/share/teb_msgs/local_setup.bash
[27.519s] -- Installing: /home/mike/turtlebot3_ws/install/teb_msgs/share/teb_msgs/local_setup.sh
[27.520s] -- Installing: /home/mike/turtlebot3_ws/install/teb_msgs/share/teb_msgs/local_setup.zsh
[27.521s] -- Installing: /home/mike/turtlebot3_ws/install/teb_msgs/share/teb_msgs/local_setup.dsv
[27.521s] -- Installing: /home/mike/turtlebot3_ws/install/teb_msgs/share/teb_msgs/package.dsv
[27.522s] -- Installing: /home/mike/turtlebot3_ws/install/teb_msgs/share/ament_index/resource_index/packages/teb_msgs
[27.524s] -- Installing: /home/mike/turtlebot3_ws/install/teb_msgs/share/teb_msgs/cmake/teb_msgs__rosidl_generator_cExport.cmake
[27.525s] -- Installing: /home/mike/turtlebot3_ws/install/teb_msgs/share/teb_msgs/cmake/teb_msgs__rosidl_generator_cExport-noconfig.cmake
[27.526s] -- Installing: /home/mike/turtlebot3_ws/install/teb_msgs/share/teb_msgs/cmake/teb_msgs__rosidl_typesupport_introspection_cExport.cmake
[27.526s] -- Installing: /home/mike/turtlebot3_ws/install/teb_msgs/share/teb_msgs/cmake/teb_msgs__rosidl_typesupport_introspection_cExport-noconfig.cmake
[27.528s] -- Installing: /home/mike/turtlebot3_ws/install/teb_msgs/share/teb_msgs/cmake/teb_msgs__rosidl_typesupport_cExport.cmake
[27.529s] -- Installing: /home/mike/turtlebot3_ws/install/teb_msgs/share/teb_msgs/cmake/teb_msgs__rosidl_typesupport_cExport-noconfig.cmake
[27.529s] -- Installing: /home/mike/turtlebot3_ws/install/teb_msgs/share/teb_msgs/cmake/teb_msgs__rosidl_generator_cppExport.cmake
[27.530s] -- Installing: /home/mike/turtlebot3_ws/install/teb_msgs/share/teb_msgs/cmake/teb_msgs__rosidl_typesupport_introspection_cppExport.cmake
[27.531s] -- Installing: /home/mike/turtlebot3_ws/install/teb_msgs/share/teb_msgs/cmake/teb_msgs__rosidl_typesupport_introspection_cppExport-noconfig.cmake
[27.532s] -- Installing: /home/mike/turtlebot3_ws/install/teb_msgs/share/teb_msgs/cmake/teb_msgs__rosidl_typesupport_cppExport.cmake
[27.532s] -- Installing: /home/mike/turtlebot3_ws/install/teb_msgs/share/teb_msgs/cmake/teb_msgs__rosidl_typesupport_cppExport-noconfig.cmake
[27.533s] -- Installing: /home/mike/turtlebot3_ws/install/teb_msgs/share/teb_msgs/cmake/rosidl_cmake-extras.cmake
[27.534s] -- Installing: /home/mike/turtlebot3_ws/install/teb_msgs/share/teb_msgs/cmake/ament_cmake_export_dependencies-extras.cmake
[27.534s] -- Installing: /home/mike/turtlebot3_ws/install/teb_msgs/share/teb_msgs/cmake/ament_cmake_export_libraries-extras.cmake
[27.535s] -- Installing: /home/mike/turtlebot3_ws/install/teb_msgs/share/teb_msgs/cmake/ament_cmake_export_targets-extras.cmake
[27.536s] -- Installing: /home/mike/turtlebot3_ws/install/teb_msgs/share/teb_msgs/cmake/ament_cmake_export_include_directories-extras.cmake
[27.537s] -- Installing: /home/mike/turtlebot3_ws/install/teb_msgs/share/teb_msgs/cmake/rosidl_cmake_export_typesupport_libraries-extras.cmake
[27.537s] -- Installing: /home/mike/turtlebot3_ws/install/teb_msgs/share/teb_msgs/cmake/rosidl_cmake_export_typesupport_targets-extras.cmake
[27.538s] -- Installing: /home/mike/turtlebot3_ws/install/teb_msgs/share/teb_msgs/cmake/teb_msgsConfig.cmake
[27.539s] -- Installing: /home/mike/turtlebot3_ws/install/teb_msgs/share/teb_msgs/cmake/teb_msgsConfig-version.cmake
[27.540s] -- Installing: /home/mike/turtlebot3_ws/install/teb_msgs/share/teb_msgs/package.xml
[27.551s] Invoked command in '/home/mike/turtlebot3_ws/build/teb_msgs' returned '0': AMENT_PREFIX_PATH=/home/mike/turtlebot3_ws/install/costmap_converter_msgs:${AMENT_PREFIX_PATH} CMAKE_PREFIX_PATH=/home/mike/turtlebot3_ws/install/costmap_converter_msgs:/opt/ros/galactic LD_LIBRARY_PATH=/home/mike/turtlebot3_ws/install/costmap_converter_msgs/lib:${LD_LIBRARY_PATH} PYTHONPATH=/home/mike/turtlebot3_ws/install/costmap_converter_msgs/lib/python3.8/site-packages:${PYTHONPATH} /usr/bin/cmake --install /home/mike/turtlebot3_ws/build/teb_msgs
