[0.053s] Invoking command in '/home/mike/turtlebot3_ws/build/turtlebot3_bringup': AMENT_PREFIX_PATH=/home/mike/turtlebot3_ws/install/turtlebot3_node:/home/mike/turtlebot3_ws/install/turtlebot3_description CMAKE_PREFIX_PATH=/home/mike/turtlebot3_ws/install/turtlebot3_node:/home/mike/turtlebot3_ws/install/turtlebot3_description /usr/bin/cmake --build /home/mike/turtlebot3_ws/build/turtlebot3_bringup -- -j4 -l4
[0.143s] Invoked command in '/home/mike/turtlebot3_ws/build/turtlebot3_bringup' returned '0': AMENT_PREFIX_PATH=/home/mike/turtlebot3_ws/install/turtlebot3_node:/home/mike/turtlebot3_ws/install/turtlebot3_description CMAKE_PREFIX_PATH=/home/mike/turtlebot3_ws/install/turtlebot3_node:/home/mike/turtlebot3_ws/install/turtlebot3_description /usr/bin/cmake --build /home/mike/turtlebot3_ws/build/turtlebot3_bringup -- -j4 -l4
[0.205s] Invoking command in '/home/mike/turtlebot3_ws/build/turtlebot3_bringup': AMENT_PREFIX_PATH=/home/mike/turtlebot3_ws/install/turtlebot3_node:/home/mike/turtlebot3_ws/install/turtlebot3_description CMAKE_PREFIX_PATH=/home/mike/turtlebot3_ws/install/turtlebot3_node:/home/mike/turtlebot3_ws/install/turtlebot3_description /usr/bin/cmake --install /home/mike/turtlebot3_ws/build/turtlebot3_bringup
[0.226s] -- Install configuration: ""
[0.226s] -- Up-to-date: /home/mike/turtlebot3_ws/install/turtlebot3_bringup/share/turtlebot3_bringup/launch
[0.226s] -- Up-to-date: /home/mike/turtlebot3_ws/install/turtlebot3_bringup/share/turtlebot3_bringup/launch/robot.launch.py
[0.226s] -- Up-to-date: /home/mike/turtlebot3_ws/install/turtlebot3_bringup/share/turtlebot3_bringup/launch/rviz2.launch.py
[0.226s] -- Up-to-date: /home/mike/turtlebot3_ws/install/turtlebot3_bringup/share/turtlebot3_bringup/launch/turtlebot3_state_publisher.launch.py
[0.226s] -- Up-to-date: /home/mike/turtlebot3_ws/install/turtlebot3_bringup/share/turtlebot3_bringup/param
[0.226s] -- Up-to-date: /home/mike/turtlebot3_ws/install/turtlebot3_bringup/share/turtlebot3_bringup/param/waffle.yaml
[0.227s] -- Up-to-date: /home/mike/turtlebot3_ws/install/turtlebot3_bringup/share/turtlebot3_bringup/param/waffle_pi.yaml
[0.227s] -- Up-to-date: /home/mike/turtlebot3_ws/install/turtlebot3_bringup/share/turtlebot3_bringup/param/burger.yaml
[0.227s] -- Up-to-date: /home/mike/turtlebot3_ws/install/turtlebot3_bringup/share/ament_index/resource_index/package_run_dependencies/turtlebot3_bringup
[0.227s] -- Up-to-date: /home/mike/turtlebot3_ws/install/turtlebot3_bringup/share/ament_index/resource_index/parent_prefix_path/turtlebot3_bringup
[0.227s] -- Up-to-date: /home/mike/turtlebot3_ws/install/turtlebot3_bringup/share/turtlebot3_bringup/environment/ament_prefix_path.sh
[0.227s] -- Up-to-date: /home/mike/turtlebot3_ws/install/turtlebot3_bringup/share/turtlebot3_bringup/environment/ament_prefix_path.dsv
[0.227s] -- Up-to-date: /home/mike/turtlebot3_ws/install/turtlebot3_bringup/share/turtlebot3_bringup/environment/path.sh
[0.228s] -- Up-to-date: /home/mike/turtlebot3_ws/install/turtlebot3_bringup/share/turtlebot3_bringup/environment/path.dsv
[0.228s] -- Up-to-date: /home/mike/turtlebot3_ws/install/turtlebot3_bringup/share/turtlebot3_bringup/local_setup.bash
[0.228s] -- Up-to-date: /home/mike/turtlebot3_ws/install/turtlebot3_bringup/share/turtlebot3_bringup/local_setup.sh
[0.228s] -- Up-to-date: /home/mike/turtlebot3_ws/install/turtlebot3_bringup/share/turtlebot3_bringup/local_setup.zsh
[0.228s] -- Up-to-date: /home/mike/turtlebot3_ws/install/turtlebot3_bringup/share/turtlebot3_bringup/local_setup.dsv
[0.228s] -- Up-to-date: /home/mike/turtlebot3_ws/install/turtlebot3_bringup/share/turtlebot3_bringup/package.dsv
[0.228s] -- Up-to-date: /home/mike/turtlebot3_ws/install/turtlebot3_bringup/share/ament_index/resource_index/packages/turtlebot3_bringup
[0.228s] -- Up-to-date: /home/mike/turtlebot3_ws/install/turtlebot3_bringup/share/turtlebot3_bringup/cmake/turtlebot3_bringupConfig.cmake
[0.228s] -- Up-to-date: /home/mike/turtlebot3_ws/install/turtlebot3_bringup/share/turtlebot3_bringup/cmake/turtlebot3_bringupConfig-version.cmake
[0.229s] -- Up-to-date: /home/mike/turtlebot3_ws/install/turtlebot3_bringup/share/turtlebot3_bringup/package.xml
[0.242s] Invoked command in '/home/mike/turtlebot3_ws/build/turtlebot3_bringup' returned '0': AMENT_PREFIX_PATH=/home/mike/turtlebot3_ws/install/turtlebot3_node:/home/mike/turtlebot3_ws/install/turtlebot3_description CMAKE_PREFIX_PATH=/home/mike/turtlebot3_ws/install/turtlebot3_node:/home/mike/turtlebot3_ws/install/turtlebot3_description /usr/bin/cmake --install /home/mike/turtlebot3_ws/build/turtlebot3_bringup
