[0.072s] Invoking command in '/home/mike/turtlebot3_ws/build/costmap_converter_msgs': /usr/bin/cmake --build /home/mike/turtlebot3_ws/build/costmap_converter_msgs -- -j4 -l4
[0.414s] [  2%] Built target costmap_converter_msgs__cpp
[0.415s] [ 12%] Built target costmap_converter_msgs__rosidl_generator_c
[0.415s] [ 23%] Built target costmap_converter_msgs__rosidl_typesupport_introspection_cpp
[0.415s] [ 33%] Built target costmap_converter_msgs__rosidl_typesupport_cpp
[0.416s] [ 43%] Built target costmap_converter_msgs__rosidl_typesupport_fastrtps_cpp
[0.416s] [ 53%] Built target costmap_converter_msgs__rosidl_typesupport_introspection_c
[0.418s] [ 64%] Built target costmap_converter_msgs__rosidl_typesupport_c
[0.419s] [ 74%] Built target costmap_converter_msgs__rosidl_typesupport_fastrtps_c
[0.420s] [ 74%] Built target costmap_converter_msgs
[0.420s] [ 76%] Built target costmap_converter_msgs__py
[0.461s] [ 84%] Built target costmap_converter_msgs__python
[0.525s] [ 89%] Built target costmap_converter_msgs__rosidl_typesupport_fastrtps_c__pyext
[0.535s] [ 94%] Built target costmap_converter_msgs__rosidl_typesupport_introspection_c__pyext
[0.547s] [100%] Built target costmap_converter_msgs__rosidl_typesupport_c__pyext
[0.571s] Invoked command in '/home/mike/turtlebot3_ws/build/costmap_converter_msgs' returned '0': /usr/bin/cmake --build /home/mike/turtlebot3_ws/build/costmap_converter_msgs -- -j4 -l4
[0.675s] Invoking command in '/home/mike/turtlebot3_ws/build/costmap_converter_msgs': /usr/bin/cmake --install /home/mike/turtlebot3_ws/build/costmap_converter_msgs
[0.689s] -- Install configuration: ""
[0.691s] -- Up-to-date: /home/mike/turtlebot3_ws/install/costmap_converter_msgs/share/ament_index/resource_index/rosidl_interfaces/costmap_converter_msgs
[0.691s] -- Up-to-date: /home/mike/turtlebot3_ws/install/costmap_converter_msgs/include/costmap_converter_msgs
[0.692s] -- Up-to-date: /home/mike/turtlebot3_ws/install/costmap_converter_msgs/include/costmap_converter_msgs/msg
[0.692s] -- Up-to-date: /home/mike/turtlebot3_ws/install/costmap_converter_msgs/include/costmap_converter_msgs/msg/detail
[0.693s] -- Up-to-date: /home/mike/turtlebot3_ws/install/costmap_converter_msgs/include/costmap_converter_msgs/msg/detail/obstacle_array_msg__struct.h
[0.693s] -- Up-to-date: /home/mike/turtlebot3_ws/install/costmap_converter_msgs/include/costmap_converter_msgs/msg/detail/obstacle_array_msg__type_support.h
[0.693s] -- Up-to-date: /home/mike/turtlebot3_ws/install/costmap_converter_msgs/include/costmap_converter_msgs/msg/detail/obstacle_array_msg__functions.h
[0.693s] -- Up-to-date: /home/mike/turtlebot3_ws/install/costmap_converter_msgs/include/costmap_converter_msgs/msg/detail/obstacle_array_msg__functions.c
[0.693s] -- Up-to-date: /home/mike/turtlebot3_ws/install/costmap_converter_msgs/include/costmap_converter_msgs/msg/detail/obstacle_msg__functions.c
[0.693s] -- Up-to-date: /home/mike/turtlebot3_ws/install/costmap_converter_msgs/include/costmap_converter_msgs/msg/detail/obstacle_msg__functions.h
[0.693s] -- Up-to-date: /home/mike/turtlebot3_ws/install/costmap_converter_msgs/include/costmap_converter_msgs/msg/detail/obstacle_msg__type_support.h
[0.693s] -- Up-to-date: /home/mike/turtlebot3_ws/install/costmap_converter_msgs/include/costmap_converter_msgs/msg/detail/obstacle_msg__struct.h
[0.694s] -- Up-to-date: /home/mike/turtlebot3_ws/install/costmap_converter_msgs/include/costmap_converter_msgs/msg/obstacle_msg.h
[0.694s] -- Up-to-date: /home/mike/turtlebot3_ws/install/costmap_converter_msgs/include/costmap_converter_msgs/msg/rosidl_generator_c__visibility_control.h
[0.694s] -- Up-to-date: /home/mike/turtlebot3_ws/install/costmap_converter_msgs/include/costmap_converter_msgs/msg/obstacle_array_msg.h
[0.695s] -- Up-to-date: /home/mike/turtlebot3_ws/install/costmap_converter_msgs/share/costmap_converter_msgs/environment/library_path.sh
[0.695s] -- Up-to-date: /home/mike/turtlebot3_ws/install/costmap_converter_msgs/share/costmap_converter_msgs/environment/library_path.dsv
[0.696s] -- Up-to-date: /home/mike/turtlebot3_ws/install/costmap_converter_msgs/lib/libcostmap_converter_msgs__rosidl_generator_c.so
[0.696s] -- Up-to-date: /home/mike/turtlebot3_ws/install/costmap_converter_msgs/include/costmap_converter_msgs
[0.697s] -- Up-to-date: /home/mike/turtlebot3_ws/install/costmap_converter_msgs/include/costmap_converter_msgs/msg
[0.697s] -- Up-to-date: /home/mike/turtlebot3_ws/install/costmap_converter_msgs/include/costmap_converter_msgs/msg/detail
[0.697s] -- Up-to-date: /home/mike/turtlebot3_ws/install/costmap_converter_msgs/include/costmap_converter_msgs/msg/detail/obstacle_msg__rosidl_typesupport_fastrtps_c.h
[0.697s] -- Up-to-date: /home/mike/turtlebot3_ws/install/costmap_converter_msgs/include/costmap_converter_msgs/msg/detail/obstacle_array_msg__rosidl_typesupport_fastrtps_c.h
[0.697s] -- Up-to-date: /home/mike/turtlebot3_ws/install/costmap_converter_msgs/include/costmap_converter_msgs/msg/rosidl_typesupport_fastrtps_c__visibility_control.h
[0.697s] -- Up-to-date: /home/mike/turtlebot3_ws/install/costmap_converter_msgs/lib/libcostmap_converter_msgs__rosidl_typesupport_fastrtps_c.so
[0.698s] -- Up-to-date: /home/mike/turtlebot3_ws/install/costmap_converter_msgs/include/costmap_converter_msgs
[0.698s] -- Up-to-date: /home/mike/turtlebot3_ws/install/costmap_converter_msgs/include/costmap_converter_msgs/msg
[0.698s] -- Up-to-date: /home/mike/turtlebot3_ws/install/costmap_converter_msgs/include/costmap_converter_msgs/msg/detail
[0.698s] -- Up-to-date: /home/mike/turtlebot3_ws/install/costmap_converter_msgs/include/costmap_converter_msgs/msg/detail/dds_fastrtps
[0.698s] -- Up-to-date: /home/mike/turtlebot3_ws/install/costmap_converter_msgs/include/costmap_converter_msgs/msg/detail/obstacle_msg__rosidl_typesupport_fastrtps_cpp.hpp
[0.699s] -- Up-to-date: /home/mike/turtlebot3_ws/install/costmap_converter_msgs/include/costmap_converter_msgs/msg/detail/obstacle_array_msg__rosidl_typesupport_fastrtps_cpp.hpp
[0.699s] -- Up-to-date: /home/mike/turtlebot3_ws/install/costmap_converter_msgs/include/costmap_converter_msgs/msg/rosidl_typesupport_fastrtps_cpp__visibility_control.h
[0.700s] -- Up-to-date: /home/mike/turtlebot3_ws/install/costmap_converter_msgs/lib/libcostmap_converter_msgs__rosidl_typesupport_fastrtps_cpp.so
[0.700s] -- Up-to-date: /home/mike/turtlebot3_ws/install/costmap_converter_msgs/include/costmap_converter_msgs
[0.700s] -- Up-to-date: /home/mike/turtlebot3_ws/install/costmap_converter_msgs/include/costmap_converter_msgs/msg
[0.700s] -- Up-to-date: /home/mike/turtlebot3_ws/install/costmap_converter_msgs/include/costmap_converter_msgs/msg/detail
[0.701s] -- Up-to-date: /home/mike/turtlebot3_ws/install/costmap_converter_msgs/include/costmap_converter_msgs/msg/detail/obstacle_msg__type_support.c
[0.701s] -- Up-to-date: /home/mike/turtlebot3_ws/install/costmap_converter_msgs/include/costmap_converter_msgs/msg/detail/obstacle_array_msg__rosidl_typesupport_introspection_c.h
[0.701s] -- Up-to-date: /home/mike/turtlebot3_ws/install/costmap_converter_msgs/include/costmap_converter_msgs/msg/detail/obstacle_msg__rosidl_typesupport_introspection_c.h
[0.701s] -- Up-to-date: /home/mike/turtlebot3_ws/install/costmap_converter_msgs/include/costmap_converter_msgs/msg/detail/obstacle_array_msg__type_support.c
[0.701s] -- Up-to-date: /home/mike/turtlebot3_ws/install/costmap_converter_msgs/include/costmap_converter_msgs/msg/rosidl_typesupport_introspection_c__visibility_control.h
[0.702s] -- Up-to-date: /home/mike/turtlebot3_ws/install/costmap_converter_msgs/lib/libcostmap_converter_msgs__rosidl_typesupport_introspection_c.so
[0.703s] -- Up-to-date: /home/mike/turtlebot3_ws/install/costmap_converter_msgs/lib/libcostmap_converter_msgs__rosidl_typesupport_c.so
[0.703s] -- Up-to-date: /home/mike/turtlebot3_ws/install/costmap_converter_msgs/include/costmap_converter_msgs
[0.704s] -- Up-to-date: /home/mike/turtlebot3_ws/install/costmap_converter_msgs/include/costmap_converter_msgs/msg
[0.704s] -- Up-to-date: /home/mike/turtlebot3_ws/install/costmap_converter_msgs/include/costmap_converter_msgs/msg/obstacle_msg.hpp
[0.704s] -- Up-to-date: /home/mike/turtlebot3_ws/install/costmap_converter_msgs/include/costmap_converter_msgs/msg/obstacle_array_msg.hpp
[0.704s] -- Up-to-date: /home/mike/turtlebot3_ws/install/costmap_converter_msgs/include/costmap_converter_msgs/msg/detail
[0.704s] -- Up-to-date: /home/mike/turtlebot3_ws/install/costmap_converter_msgs/include/costmap_converter_msgs/msg/detail/obstacle_array_msg__struct.hpp
[0.704s] -- Up-to-date: /home/mike/turtlebot3_ws/install/costmap_converter_msgs/include/costmap_converter_msgs/msg/detail/obstacle_array_msg__traits.hpp
[0.705s] -- Up-to-date: /home/mike/turtlebot3_ws/install/costmap_converter_msgs/include/costmap_converter_msgs/msg/detail/obstacle_msg__builder.hpp
[0.705s] -- Up-to-date: /home/mike/turtlebot3_ws/install/costmap_converter_msgs/include/costmap_converter_msgs/msg/detail/obstacle_array_msg__builder.hpp
[0.705s] -- Up-to-date: /home/mike/turtlebot3_ws/install/costmap_converter_msgs/include/costmap_converter_msgs/msg/detail/obstacle_msg__traits.hpp
[0.705s] -- Up-to-date: /home/mike/turtlebot3_ws/install/costmap_converter_msgs/include/costmap_converter_msgs/msg/detail/obstacle_msg__struct.hpp
[0.705s] -- Up-to-date: /home/mike/turtlebot3_ws/install/costmap_converter_msgs/include/costmap_converter_msgs
[0.705s] -- Up-to-date: /home/mike/turtlebot3_ws/install/costmap_converter_msgs/include/costmap_converter_msgs/msg
[0.705s] -- Up-to-date: /home/mike/turtlebot3_ws/install/costmap_converter_msgs/include/costmap_converter_msgs/msg/detail
[0.705s] -- Up-to-date: /home/mike/turtlebot3_ws/install/costmap_converter_msgs/include/costmap_converter_msgs/msg/detail/obstacle_msg__type_support.cpp
[0.705s] -- Up-to-date: /home/mike/turtlebot3_ws/install/costmap_converter_msgs/include/costmap_converter_msgs/msg/detail/obstacle_array_msg__rosidl_typesupport_introspection_cpp.hpp
[0.706s] -- Up-to-date: /home/mike/turtlebot3_ws/install/costmap_converter_msgs/include/costmap_converter_msgs/msg/detail/obstacle_msg__rosidl_typesupport_introspection_cpp.hpp
[0.706s] -- Up-to-date: /home/mike/turtlebot3_ws/install/costmap_converter_msgs/include/costmap_converter_msgs/msg/detail/obstacle_array_msg__type_support.cpp
[0.706s] -- Up-to-date: /home/mike/turtlebot3_ws/install/costmap_converter_msgs/lib/libcostmap_converter_msgs__rosidl_typesupport_introspection_cpp.so
[0.706s] -- Up-to-date: /home/mike/turtlebot3_ws/install/costmap_converter_msgs/lib/libcostmap_converter_msgs__rosidl_typesupport_cpp.so
[0.706s] -- Up-to-date: /home/mike/turtlebot3_ws/install/costmap_converter_msgs/share/costmap_converter_msgs/environment/pythonpath.sh
[0.706s] -- Up-to-date: /home/mike/turtlebot3_ws/install/costmap_converter_msgs/share/costmap_converter_msgs/environment/pythonpath.dsv
[0.707s] -- Up-to-date: /home/mike/turtlebot3_ws/install/costmap_converter_msgs/lib/python3.8/site-packages/costmap_converter_msgs/__init__.py
[0.761s] -- Up-to-date: /home/mike/turtlebot3_ws/install/costmap_converter_msgs/lib/python3.8/site-packages/costmap_converter_msgs/msg
[0.762s] -- Up-to-date: /home/mike/turtlebot3_ws/install/costmap_converter_msgs/lib/python3.8/site-packages/costmap_converter_msgs/msg/__init__.py
[0.763s] -- Up-to-date: /home/mike/turtlebot3_ws/install/costmap_converter_msgs/lib/python3.8/site-packages/costmap_converter_msgs/msg/_obstacle_msg.py
[0.763s] -- Up-to-date: /home/mike/turtlebot3_ws/install/costmap_converter_msgs/lib/python3.8/site-packages/costmap_converter_msgs/msg/_obstacle_array_msg_s.c
[0.763s] -- Up-to-date: /home/mike/turtlebot3_ws/install/costmap_converter_msgs/lib/python3.8/site-packages/costmap_converter_msgs/msg/_obstacle_array_msg.py
[0.763s] -- Up-to-date: /home/mike/turtlebot3_ws/install/costmap_converter_msgs/lib/python3.8/site-packages/costmap_converter_msgs/msg/_obstacle_msg_s.c
[0.764s] -- Up-to-date: /home/mike/turtlebot3_ws/install/costmap_converter_msgs/lib/python3.8/site-packages/costmap_converter_msgs/costmap_converter_msgs_s__rosidl_typesupport_fastrtps_c.cpython-38-x86_64-linux-gnu.so
[0.764s] -- Up-to-date: /home/mike/turtlebot3_ws/install/costmap_converter_msgs/lib/python3.8/site-packages/costmap_converter_msgs/costmap_converter_msgs_s__rosidl_typesupport_introspection_c.cpython-38-x86_64-linux-gnu.so
[0.766s] -- Up-to-date: /home/mike/turtlebot3_ws/install/costmap_converter_msgs/lib/python3.8/site-packages/costmap_converter_msgs/costmap_converter_msgs_s__rosidl_typesupport_c.cpython-38-x86_64-linux-gnu.so
[0.767s] -- Up-to-date: /home/mike/turtlebot3_ws/install/costmap_converter_msgs/lib/libcostmap_converter_msgs__python.so
[0.768s] -- Up-to-date: /home/mike/turtlebot3_ws/install/costmap_converter_msgs/share/costmap_converter_msgs/msg/ObstacleMsg.idl
[0.768s] -- Up-to-date: /home/mike/turtlebot3_ws/install/costmap_converter_msgs/share/costmap_converter_msgs/msg/ObstacleArrayMsg.idl
[0.768s] -- Up-to-date: /home/mike/turtlebot3_ws/install/costmap_converter_msgs/share/costmap_converter_msgs/msg/ObstacleMsg.msg
[0.768s] -- Up-to-date: /home/mike/turtlebot3_ws/install/costmap_converter_msgs/share/costmap_converter_msgs/msg/ObstacleArrayMsg.msg
[0.768s] -- Up-to-date: /home/mike/turtlebot3_ws/install/costmap_converter_msgs/share/ament_index/resource_index/package_run_dependencies/costmap_converter_msgs
[0.769s] -- Up-to-date: /home/mike/turtlebot3_ws/install/costmap_converter_msgs/share/ament_index/resource_index/parent_prefix_path/costmap_converter_msgs
[0.769s] -- Up-to-date: /home/mike/turtlebot3_ws/install/costmap_converter_msgs/share/costmap_converter_msgs/environment/ament_prefix_path.sh
[0.769s] -- Up-to-date: /home/mike/turtlebot3_ws/install/costmap_converter_msgs/share/costmap_converter_msgs/environment/ament_prefix_path.dsv
[0.769s] -- Up-to-date: /home/mike/turtlebot3_ws/install/costmap_converter_msgs/share/costmap_converter_msgs/environment/path.sh
[0.769s] -- Up-to-date: /home/mike/turtlebot3_ws/install/costmap_converter_msgs/share/costmap_converter_msgs/environment/path.dsv
[0.769s] -- Up-to-date: /home/mike/turtlebot3_ws/install/costmap_converter_msgs/share/costmap_converter_msgs/local_setup.bash
[0.770s] -- Up-to-date: /home/mike/turtlebot3_ws/install/costmap_converter_msgs/share/costmap_converter_msgs/local_setup.sh
[0.770s] -- Up-to-date: /home/mike/turtlebot3_ws/install/costmap_converter_msgs/share/costmap_converter_msgs/local_setup.zsh
[0.770s] -- Up-to-date: /home/mike/turtlebot3_ws/install/costmap_converter_msgs/share/costmap_converter_msgs/local_setup.dsv
[0.770s] -- Installing: /home/mike/turtlebot3_ws/install/costmap_converter_msgs/share/costmap_converter_msgs/package.dsv
[0.771s] -- Up-to-date: /home/mike/turtlebot3_ws/install/costmap_converter_msgs/share/ament_index/resource_index/packages/costmap_converter_msgs
[0.773s] -- Up-to-date: /home/mike/turtlebot3_ws/install/costmap_converter_msgs/share/costmap_converter_msgs/cmake/costmap_converter_msgs__rosidl_generator_cExport.cmake
[0.773s] -- Up-to-date: /home/mike/turtlebot3_ws/install/costmap_converter_msgs/share/costmap_converter_msgs/cmake/costmap_converter_msgs__rosidl_generator_cExport-noconfig.cmake
[0.774s] -- Up-to-date: /home/mike/turtlebot3_ws/install/costmap_converter_msgs/share/costmap_converter_msgs/cmake/costmap_converter_msgs__rosidl_typesupport_introspection_cExport.cmake
[0.774s] -- Up-to-date: /home/mike/turtlebot3_ws/install/costmap_converter_msgs/share/costmap_converter_msgs/cmake/costmap_converter_msgs__rosidl_typesupport_introspection_cExport-noconfig.cmake
[0.775s] -- Up-to-date: /home/mike/turtlebot3_ws/install/costmap_converter_msgs/share/costmap_converter_msgs/cmake/costmap_converter_msgs__rosidl_typesupport_cExport.cmake
[0.775s] -- Up-to-date: /home/mike/turtlebot3_ws/install/costmap_converter_msgs/share/costmap_converter_msgs/cmake/costmap_converter_msgs__rosidl_typesupport_cExport-noconfig.cmake
[0.776s] -- Up-to-date: /home/mike/turtlebot3_ws/install/costmap_converter_msgs/share/costmap_converter_msgs/cmake/costmap_converter_msgs__rosidl_generator_cppExport.cmake
[0.777s] -- Up-to-date: /home/mike/turtlebot3_ws/install/costmap_converter_msgs/share/costmap_converter_msgs/cmake/costmap_converter_msgs__rosidl_typesupport_introspection_cppExport.cmake
[0.777s] -- Up-to-date: /home/mike/turtlebot3_ws/install/costmap_converter_msgs/share/costmap_converter_msgs/cmake/costmap_converter_msgs__rosidl_typesupport_introspection_cppExport-noconfig.cmake
[0.778s] -- Up-to-date: /home/mike/turtlebot3_ws/install/costmap_converter_msgs/share/costmap_converter_msgs/cmake/costmap_converter_msgs__rosidl_typesupport_cppExport.cmake
[0.778s] -- Up-to-date: /home/mike/turtlebot3_ws/install/costmap_converter_msgs/share/costmap_converter_msgs/cmake/costmap_converter_msgs__rosidl_typesupport_cppExport-noconfig.cmake
[0.778s] -- Up-to-date: /home/mike/turtlebot3_ws/install/costmap_converter_msgs/share/costmap_converter_msgs/cmake/rosidl_cmake-extras.cmake
[0.778s] -- Up-to-date: /home/mike/turtlebot3_ws/install/costmap_converter_msgs/share/costmap_converter_msgs/cmake/ament_cmake_export_dependencies-extras.cmake
[0.779s] -- Up-to-date: /home/mike/turtlebot3_ws/install/costmap_converter_msgs/share/costmap_converter_msgs/cmake/ament_cmake_export_libraries-extras.cmake
[0.779s] -- Up-to-date: /home/mike/turtlebot3_ws/install/costmap_converter_msgs/share/costmap_converter_msgs/cmake/ament_cmake_export_targets-extras.cmake
[0.779s] -- Up-to-date: /home/mike/turtlebot3_ws/install/costmap_converter_msgs/share/costmap_converter_msgs/cmake/ament_cmake_export_include_directories-extras.cmake
[0.779s] -- Up-to-date: /home/mike/turtlebot3_ws/install/costmap_converter_msgs/share/costmap_converter_msgs/cmake/rosidl_cmake_export_typesupport_libraries-extras.cmake
[0.779s] -- Up-to-date: /home/mike/turtlebot3_ws/install/costmap_converter_msgs/share/costmap_converter_msgs/cmake/rosidl_cmake_export_typesupport_targets-extras.cmake
[0.779s] -- Up-to-date: /home/mike/turtlebot3_ws/install/costmap_converter_msgs/share/costmap_converter_msgs/cmake/costmap_converter_msgsConfig.cmake
[0.779s] -- Up-to-date: /home/mike/turtlebot3_ws/install/costmap_converter_msgs/share/costmap_converter_msgs/cmake/costmap_converter_msgsConfig-version.cmake
[0.780s] -- Up-to-date: /home/mike/turtlebot3_ws/install/costmap_converter_msgs/share/costmap_converter_msgs/package.xml
[0.788s] Invoked command in '/home/mike/turtlebot3_ws/build/costmap_converter_msgs' returned '0': /usr/bin/cmake --install /home/mike/turtlebot3_ws/build/costmap_converter_msgs
