[0.036s] Invoking command in '/home/mike/turtlebot3_ws/build/teb_local_planner': AMENT_PREFIX_PATH=/home/mike/turtlebot3_ws/install/teb_msgs:/home/mike/turtlebot3_ws/install/costmap_converter:/home/mike/turtlebot3_ws/install/costmap_converter_msgs:${AMENT_PREFIX_PATH} CMAKE_PREFIX_PATH=/home/mike/turtlebot3_ws/install/teb_msgs:/home/mike/turtlebot3_ws/install/costmap_converter:/home/mike/turtlebot3_ws/install/costmap_converter_msgs:/opt/ros/galactic LD_LIBRARY_PATH=/home/mike/turtlebot3_ws/install/teb_msgs/lib:/home/mike/turtlebot3_ws/install/costmap_converter/lib:/home/mike/turtlebot3_ws/install/costmap_converter_msgs/lib:${LD_LIBRARY_PATH} PATH=/home/mike/turtlebot3_ws/install/costmap_converter/bin:${PATH} PYTHONPATH=/home/mike/turtlebot3_ws/install/teb_msgs/lib/python3.8/site-packages:/home/mike/turtlebot3_ws/install/costmap_converter_msgs/lib/python3.8/site-packages:${PYTHONPATH} /usr/bin/cmake /home/mike/turtlebot3_ws/src/turtlebot3/teb_local_planner/teb_local_planner -DCMAKE_INSTALL_PREFIX=/home/mike/turtlebot3_ws/install/teb_local_planner
[0.062s] -- Found ament_cmake: 1.1.5 (/opt/ros/galactic/share/ament_cmake/cmake)
[0.096s] -- Using PYTHON_EXECUTABLE: /usr/bin/python3
[0.194s] -- Found costmap_converter: 0.1.2 (/home/mike/turtlebot3_ws/install/costmap_converter/share/costmap_converter/cmake)
[0.241s] -- Using all available rosidl_typesupport_c: rosidl_typesupport_fastrtps_c;rosidl_typesupport_introspection_c
[0.244s] -- Found rosidl_adapter: 2.2.2 (/opt/ros/galactic/share/rosidl_adapter/cmake)
[0.390s] -- Using all available rosidl_typesupport_cpp: rosidl_typesupport_fastrtps_cpp;rosidl_typesupport_introspection_cpp
[1.137s] -- Found rmw_implementation_cmake: 3.3.1 (/opt/ros/galactic/share/rmw_implementation_cmake/cmake)
[1.139s] -- Found rmw_cyclonedds_cpp: 0.22.5 (/opt/ros/galactic/share/rmw_cyclonedds_cpp/cmake)
[1.162s] -- Using RMW implementation 'rmw_cyclonedds_cpp' as default
[3.622s] -- Found dwb_critics: 1.0.12 (/opt/ros/galactic/share/dwb_critics/cmake)
[9.802s] -- Found teb_msgs: 0.0.1 (/home/mike/turtlebot3_ws/install/teb_msgs/share/teb_msgs/cmake)
[9.957s] -- Found tf2_eigen: 0.17.4 (/opt/ros/galactic/share/tf2_eigen/cmake)
[9.961s] -- System: Linux-5.15.0-50-generic
[9.962s] -- /opt/ros/galactic/share/tinyxml2_vendor/cmake/Modules;/opt/ros/galactic/share/eigen3_cmake_module/cmake/Modules;/opt/ros/galactic/share/fastrtps_cmake_module/cmake/Modules;/home/mike/turtlebot3_ws/src/turtlebot3/teb_local_planner/teb_local_planner/cmake_modules
[9.964s] -- Found SuiteSparse
[9.964s] -- Searching for g2o ...
[9.964s] -- Found g2o headers in: /usr/local/include/g2o
[9.969s] -- Found libg2o: /usr/local/lib/libg2o_csparse_extension.so;/usr/local/lib/libg2o_core.so;/usr/local/lib/libg2o_stuff.so;/usr/local/lib/libg2o_types_slam2d.so;/usr/local/lib/libg2o_types_slam3d.so;/usr/local/lib/libg2o_solver_cholmod.so;/usr/local/lib/libg2o_solver_pcg.so;/usr/local/lib/libg2o_solver_csparse.so;/usr/local/lib/libg2o_incremental.so
[9.981s] -- Found Boost: /usr/lib/x86_64-linux-gnu/cmake/Boost-1.71.0/BoostConfig.cmake (found version "1.71.0")  
[27.684s] -- Found ament_cmake_gtest: 1.1.5 (/opt/ros/galactic/share/ament_cmake_gtest/cmake)
[27.766s] -- Configuring done
[27.862s] -- Generating done
[27.864s] -- Build files have been written to: /home/mike/turtlebot3_ws/build/teb_local_planner
[27.878s] Invoked command in '/home/mike/turtlebot3_ws/build/teb_local_planner' returned '0': AMENT_PREFIX_PATH=/home/mike/turtlebot3_ws/install/teb_msgs:/home/mike/turtlebot3_ws/install/costmap_converter:/home/mike/turtlebot3_ws/install/costmap_converter_msgs:${AMENT_PREFIX_PATH} CMAKE_PREFIX_PATH=/home/mike/turtlebot3_ws/install/teb_msgs:/home/mike/turtlebot3_ws/install/costmap_converter:/home/mike/turtlebot3_ws/install/costmap_converter_msgs:/opt/ros/galactic LD_LIBRARY_PATH=/home/mike/turtlebot3_ws/install/teb_msgs/lib:/home/mike/turtlebot3_ws/install/costmap_converter/lib:/home/mike/turtlebot3_ws/install/costmap_converter_msgs/lib:${LD_LIBRARY_PATH} PATH=/home/mike/turtlebot3_ws/install/costmap_converter/bin:${PATH} PYTHONPATH=/home/mike/turtlebot3_ws/install/teb_msgs/lib/python3.8/site-packages:/home/mike/turtlebot3_ws/install/costmap_converter_msgs/lib/python3.8/site-packages:${PYTHONPATH} /usr/bin/cmake /home/mike/turtlebot3_ws/src/turtlebot3/teb_local_planner/teb_local_planner -DCMAKE_INSTALL_PREFIX=/home/mike/turtlebot3_ws/install/teb_local_planner
[27.883s] Invoking command in '/home/mike/turtlebot3_ws/build/teb_local_planner': AMENT_PREFIX_PATH=/home/mike/turtlebot3_ws/install/teb_msgs:/home/mike/turtlebot3_ws/install/costmap_converter:/home/mike/turtlebot3_ws/install/costmap_converter_msgs:${AMENT_PREFIX_PATH} CMAKE_PREFIX_PATH=/home/mike/turtlebot3_ws/install/teb_msgs:/home/mike/turtlebot3_ws/install/costmap_converter:/home/mike/turtlebot3_ws/install/costmap_converter_msgs:/opt/ros/galactic LD_LIBRARY_PATH=/home/mike/turtlebot3_ws/install/teb_msgs/lib:/home/mike/turtlebot3_ws/install/costmap_converter/lib:/home/mike/turtlebot3_ws/install/costmap_converter_msgs/lib:${LD_LIBRARY_PATH} PATH=/home/mike/turtlebot3_ws/install/costmap_converter/bin:${PATH} PYTHONPATH=/home/mike/turtlebot3_ws/install/teb_msgs/lib/python3.8/site-packages:/home/mike/turtlebot3_ws/install/costmap_converter_msgs/lib/python3.8/site-packages:${PYTHONPATH} /usr/bin/cmake --build /home/mike/turtlebot3_ws/build/teb_local_planner -- -j4 -l4
[27.947s] [35m[1mScanning dependencies of target teb_local_planner[0m
[28.192s] [ 10%] [32mBuilding CXX object CMakeFiles/teb_local_planner.dir/src/optimal_planner.cpp.o[0m
[28.193s] [ 20%] [32mBuilding CXX object CMakeFiles/teb_local_planner.dir/src/visualization.cpp.o[0m
[28.193s] [ 30%] [32mBuilding CXX object CMakeFiles/teb_local_planner.dir/src/timed_elastic_band.cpp.o[0m
[28.197s] [ 40%] [32mBuilding CXX object CMakeFiles/teb_local_planner.dir/src/obstacles.cpp.o[0m
[33.583s] [ 50%] [32mBuilding CXX object CMakeFiles/teb_local_planner.dir/src/recovery_behaviors.cpp.o[0m
[39.034s] [ 60%] [32mBuilding CXX object CMakeFiles/teb_local_planner.dir/src/teb_config.cpp.o[0m
[39.720s] In file included from [01m[K/usr/local/include/g2o/core/base_variable_sized_edge.h:115[m[K,
[39.720s]                  from [01m[K/usr/local/include/g2o/core/base_multi_edge.h:30[m[K,
[39.720s]                  from [01m[K/home/mike/turtlebot3_ws/src/turtlebot3/teb_local_planner/teb_local_planner/include/teb_local_planner/g2o_types/base_teb_edges.h:51[m[K,
[39.721s]                  from [01m[K/home/mike/turtlebot3_ws/src/turtlebot3/teb_local_planner/teb_local_planner/include/teb_local_planner/g2o_types/edge_velocity.h:49[m[K,
[39.721s]                  from [01m[K/home/mike/turtlebot3_ws/src/turtlebot3/teb_local_planner/teb_local_planner/include/teb_local_planner/optimal_planner.h:63[m[K,
[39.721s]                  from [01m[K/home/mike/turtlebot3_ws/src/turtlebot3/teb_local_planner/teb_local_planner/src/optimal_planner.cpp:42[m[K:
[39.721s] [01m[K/usr/local/include/g2o/core/base_variable_sized_edge.hpp:[m[K In member function ‘[01m[Kvirtual void g2o::BaseVariableSizedEdge<D, E>::linearizeOplus()[m[K’:
[39.721s] [01m[K/usr/local/include/g2o/core/base_variable_sized_edge.hpp:90:12:[m[K [01;31m[Kerror: [m[K‘[01m[Kclass ceres::internal::FixedArray<double>[m[K’ has no member named ‘[01m[Kfill[m[K’
[39.721s]    90 |     add_vi.[01;31m[Kfill[m[K(0.);
[39.721s]       |            [01;31m[K^~~~[m[K
[39.721s] [01m[K/usr/local/include/g2o/core/base_variable_sized_edge.hpp:94:24:[m[K [01;31m[Kerror: [m[K‘[01m[Kclass ceres::internal::FixedArray<double>[m[K’ has no member named ‘[01m[Kdata[m[K’
[39.722s]    94 |       vi->oplus(add_vi.[01;31m[Kdata[m[K());
[39.722s]       |                        [01;31m[K^~~~[m[K
[39.722s] [01m[K/usr/local/include/g2o/core/base_variable_sized_edge.hpp:100:24:[m[K [01;31m[Kerror: [m[K‘[01m[Kclass ceres::internal::FixedArray<double>[m[K’ has no member named ‘[01m[Kdata[m[K’
[39.722s]   100 |       vi->oplus(add_vi.[01;31m[Kdata[m[K());
[39.722s]       |                        [01;31m[K^~~~[m[K
[40.329s] In file included from [01m[K/usr/local/include/g2o/core/base_variable_sized_edge.h:115[m[K,
[40.329s]                  from [01m[K/usr/local/include/g2o/core/base_multi_edge.h:30[m[K,
[40.329s]                  from [01m[K/home/mike/turtlebot3_ws/src/turtlebot3/teb_local_planner/teb_local_planner/include/teb_local_planner/g2o_types/base_teb_edges.h:51[m[K,
[40.329s]                  from [01m[K/home/mike/turtlebot3_ws/src/turtlebot3/teb_local_planner/teb_local_planner/include/teb_local_planner/g2o_types/edge_velocity.h:49[m[K,
[40.329s]                  from [01m[K/home/mike/turtlebot3_ws/src/turtlebot3/teb_local_planner/teb_local_planner/include/teb_local_planner/optimal_planner.h:63[m[K,
[40.329s]                  from [01m[K/home/mike/turtlebot3_ws/src/turtlebot3/teb_local_planner/teb_local_planner/src/visualization.cpp:41[m[K:
[40.329s] [01m[K/usr/local/include/g2o/core/base_variable_sized_edge.hpp:[m[K In member function ‘[01m[Kvirtual void g2o::BaseVariableSizedEdge<D, E>::linearizeOplus()[m[K’:
[40.329s] [01m[K/usr/local/include/g2o/core/base_variable_sized_edge.hpp:90:12:[m[K [01;31m[Kerror: [m[K‘[01m[Kclass ceres::internal::FixedArray<double>[m[K’ has no member named ‘[01m[Kfill[m[K’
[40.330s]    90 |     add_vi.[01;31m[Kfill[m[K(0.);
[40.330s]       |            [01;31m[K^~~~[m[K
[40.330s] [01m[K/usr/local/include/g2o/core/base_variable_sized_edge.hpp:94:24:[m[K [01;31m[Kerror: [m[K‘[01m[Kclass ceres::internal::FixedArray<double>[m[K’ has no member named ‘[01m[Kdata[m[K’
[40.330s]    94 |       vi->oplus(add_vi.[01;31m[Kdata[m[K());
[40.330s]       |                        [01;31m[K^~~~[m[K
[40.330s] [01m[K/usr/local/include/g2o/core/base_variable_sized_edge.hpp:100:24:[m[K [01;31m[Kerror: [m[K‘[01m[Kclass ceres::internal::FixedArray<double>[m[K’ has no member named ‘[01m[Kdata[m[K’
[40.330s]   100 |       vi->oplus(add_vi.[01;31m[Kdata[m[K());
[40.331s]       |                        [01;31m[K^~~~[m[K
[45.841s] [ 70%] [32mBuilding CXX object CMakeFiles/teb_local_planner.dir/src/homotopy_class_planner.cpp.o[0m
[47.304s] In file included from [01m[K/usr/local/include/g2o/core/base_fixed_sized_edge.h:311[m[K,
[47.304s]                  from [01m[K/usr/local/include/g2o/core/base_binary_edge.h:30[m[K,
[47.304s]                  from [01m[K/home/mike/turtlebot3_ws/src/turtlebot3/teb_local_planner/teb_local_planner/include/teb_local_planner/g2o_types/base_teb_edges.h:49[m[K,
[47.305s]                  from [01m[K/home/mike/turtlebot3_ws/src/turtlebot3/teb_local_planner/teb_local_planner/include/teb_local_planner/g2o_types/edge_velocity.h:49[m[K,
[47.305s]                  from [01m[K/home/mike/turtlebot3_ws/src/turtlebot3/teb_local_planner/teb_local_planner/include/teb_local_planner/optimal_planner.h:63[m[K,
[47.305s]                  from [01m[K/home/mike/turtlebot3_ws/src/turtlebot3/teb_local_planner/teb_local_planner/src/optimal_planner.cpp:42[m[K:
[47.305s] /usr/local/include/g2o/core/base_fixed_sized_edge.hpp: In instantiation of ‘[01m[Kvoid g2o::BaseFixedSizedEdge<D, E, VertexTypes>::linearizeOplusN() [with int N = 0; int D = 1; E = double; VertexTypes = {teb_local_planner::VertexPose, teb_local_planner::VertexPose}][m[K’:
[47.306s] [01m[K/usr/local/include/g2o/core/base_fixed_sized_edge.hpp:206:43:[m[K   required from ‘[01m[Kvoid g2o::BaseFixedSizedEdge<D, E, VertexTypes>::linearizeOplusNs(std::index_sequence<__var_indices ...>) [with long unsigned int ...Ints = {0, 1}; int D = 1; E = double; VertexTypes = {teb_local_planner::VertexPose, teb_local_planner::VertexPose}; std::index_sequence<__var_indices ...> = std::integer_sequence<long unsigned int, 0, 1>][m[K’
[47.306s] [01m[K/usr/local/include/g2o/core/base_fixed_sized_edge.hpp:214:3:[m[K   required from ‘[01m[Kvoid g2o::BaseFixedSizedEdge<D, E, VertexTypes>::linearizeOplus() [with int D = 1; E = double; VertexTypes = {teb_local_planner::VertexPose, teb_local_planner::VertexPose}][m[K’
[47.306s] [01m[K/usr/local/include/g2o/core/base_fixed_sized_edge.hpp:211:6:[m[K   required from here
[47.307s] [01m[K/usr/local/include/g2o/core/base_fixed_sized_edge.hpp:179:14:[m[K [01;31m[Kerror: [m[K‘[01m[KFixedArray[m[K’ {aka ‘[01m[Kclass ceres::internal::FixedArray<double, 3>[m[K’} has no member named ‘[01m[Kfill[m[K’
[47.308s]   179 |   [01;31m[Kadd_vertex.fill[m[K(0.);
[47.308s]       |   [01;31m[K~~~~~~~~~~~^~~~[m[K
[47.308s] [01m[K/usr/local/include/g2o/core/base_fixed_sized_edge.hpp:186:30:[m[K [01;31m[Kerror: [m[K‘[01m[KFixedArray[m[K’ {aka ‘[01m[Kclass ceres::internal::FixedArray<double, 3>[m[K’} has no member named ‘[01m[Kdata[m[K’
[47.309s]   186 |     vertex->oplus([01;31m[Kadd_vertex.data[m[K());
[47.309s]       |                   [01;31m[K~~~~~~~~~~~^~~~[m[K
[47.309s] [01m[K/usr/local/include/g2o/core/base_fixed_sized_edge.hpp:192:30:[m[K [01;31m[Kerror: [m[K‘[01m[KFixedArray[m[K’ {aka ‘[01m[Kclass ceres::internal::FixedArray<double, 3>[m[K’} has no member named ‘[01m[Kdata[m[K’
[47.310s]   192 |     vertex->oplus([01;31m[Kadd_vertex.data[m[K());
[47.310s]       |                   [01;31m[K~~~~~~~~~~~^~~~[m[K
[47.366s] /usr/local/include/g2o/core/base_fixed_sized_edge.hpp: In instantiation of ‘[01m[Kvoid g2o::BaseFixedSizedEdge<D, E, VertexTypes>::linearizeOplusN() [with int N = 1; int D = 1; E = double; VertexTypes = {teb_local_planner::VertexPose, teb_local_planner::VertexPose}][m[K’:
[47.367s] [01m[K/usr/local/include/g2o/core/base_fixed_sized_edge.hpp:206:43:[m[K   required from ‘[01m[Kvoid g2o::BaseFixedSizedEdge<D, E, VertexTypes>::linearizeOplusNs(std::index_sequence<__var_indices ...>) [with long unsigned int ...Ints = {0, 1}; int D = 1; E = double; VertexTypes = {teb_local_planner::VertexPose, teb_local_planner::VertexPose}; std::index_sequence<__var_indices ...> = std::integer_sequence<long unsigned int, 0, 1>][m[K’
[47.367s] [01m[K/usr/local/include/g2o/core/base_fixed_sized_edge.hpp:214:3:[m[K   required from ‘[01m[Kvoid g2o::BaseFixedSizedEdge<D, E, VertexTypes>::linearizeOplus() [with int D = 1; E = double; VertexTypes = {teb_local_planner::VertexPose, teb_local_planner::VertexPose}][m[K’
[47.367s] [01m[K/usr/local/include/g2o/core/base_fixed_sized_edge.hpp:211:6:[m[K   required from here
[47.367s] [01m[K/usr/local/include/g2o/core/base_fixed_sized_edge.hpp:179:14:[m[K [01;31m[Kerror: [m[K‘[01m[KFixedArray[m[K’ {aka ‘[01m[Kclass ceres::internal::FixedArray<double, 3>[m[K’} has no member named ‘[01m[Kfill[m[K’
[47.368s]   179 |   [01;31m[Kadd_vertex.fill[m[K(0.);
[47.368s]       |   [01;31m[K~~~~~~~~~~~^~~~[m[K
[47.369s] [01m[K/usr/local/include/g2o/core/base_fixed_sized_edge.hpp:186:30:[m[K [01;31m[Kerror: [m[K‘[01m[KFixedArray[m[K’ {aka ‘[01m[Kclass ceres::internal::FixedArray<double, 3>[m[K’} has no member named ‘[01m[Kdata[m[K’
[47.369s]   186 |     vertex->oplus([01;31m[Kadd_vertex.data[m[K());
[47.369s]       |                   [01;31m[K~~~~~~~~~~~^~~~[m[K
[47.371s] [01m[K/usr/local/include/g2o/core/base_fixed_sized_edge.hpp:192:30:[m[K [01;31m[Kerror: [m[K‘[01m[KFixedArray[m[K’ {aka ‘[01m[Kclass ceres::internal::FixedArray<double, 3>[m[K’} has no member named ‘[01m[Kdata[m[K’
[47.371s]   192 |     vertex->oplus([01;31m[Kadd_vertex.data[m[K());
[47.371s]       |                   [01;31m[K~~~~~~~~~~~^~~~[m[K
[47.376s] /usr/local/include/g2o/core/base_fixed_sized_edge.hpp: In instantiation of ‘[01m[Kvoid g2o::BaseFixedSizedEdge<D, E, VertexTypes>::linearizeOplusN() [with int N = 0; int D = 1; E = const Eigen::Matrix<double, 2, 1>*; VertexTypes = {teb_local_planner::VertexPose}][m[K’:
[47.376s] [01m[K/usr/local/include/g2o/core/base_fixed_sized_edge.hpp:206:43:[m[K   required from ‘[01m[Kvoid g2o::BaseFixedSizedEdge<D, E, VertexTypes>::linearizeOplusNs(std::index_sequence<__var_indices ...>) [with long unsigned int ...Ints = {0}; int D = 1; E = const Eigen::Matrix<double, 2, 1>*; VertexTypes = {teb_local_planner::VertexPose}; std::index_sequence<__var_indices ...> = std::integer_sequence<long unsigned int, 0>][m[K’
[47.376s] [01m[K/usr/local/include/g2o/core/base_fixed_sized_edge.hpp:214:3:[m[K   required from ‘[01m[Kvoid g2o::BaseFixedSizedEdge<D, E, VertexTypes>::linearizeOplus() [with int D = 1; E = const Eigen::Matrix<double, 2, 1>*; VertexTypes = {teb_local_planner::VertexPose}][m[K’
[47.377s] [01m[K/usr/local/include/g2o/core/base_fixed_sized_edge.hpp:211:6:[m[K   required from here
[47.377s] [01m[K/usr/local/include/g2o/core/base_fixed_sized_edge.hpp:179:14:[m[K [01;31m[Kerror: [m[K‘[01m[KFixedArray[m[K’ {aka ‘[01m[Kclass ceres::internal::FixedArray<double, 3>[m[K’} has no member named ‘[01m[Kfill[m[K’
[47.377s]   179 |   [01;31m[Kadd_vertex.fill[m[K(0.);
[47.377s]       |   [01;31m[K~~~~~~~~~~~^~~~[m[K
[47.378s] [01m[K/usr/local/include/g2o/core/base_fixed_sized_edge.hpp:186:30:[m[K [01;31m[Kerror: [m[K‘[01m[KFixedArray[m[K’ {aka ‘[01m[Kclass ceres::internal::FixedArray<double, 3>[m[K’} has no member named ‘[01m[Kdata[m[K’
[47.378s]   186 |     vertex->oplus([01;31m[Kadd_vertex.data[m[K());
[47.378s]       |                   [01;31m[K~~~~~~~~~~~^~~~[m[K
[47.379s] [01m[K/usr/local/include/g2o/core/base_fixed_sized_edge.hpp:192:30:[m[K [01;31m[Kerror: [m[K‘[01m[KFixedArray[m[K’ {aka ‘[01m[Kclass ceres::internal::FixedArray<double, 3>[m[K’} has no member named ‘[01m[Kdata[m[K’
[47.379s]   192 |     vertex->oplus([01;31m[Kadd_vertex.data[m[K());
[47.379s]       |                   [01;31m[K~~~~~~~~~~~^~~~[m[K
[47.492s] /usr/local/include/g2o/core/base_fixed_sized_edge.hpp: In instantiation of ‘[01m[Kvoid g2o::BaseFixedSizedEdge<D, E, VertexTypes>::linearizeOplusN() [with int N = 0; int D = 2; E = const teb_local_planner::Obstacle*; VertexTypes = {teb_local_planner::VertexPose}][m[K’:
[47.492s] [01m[K/usr/local/include/g2o/core/base_fixed_sized_edge.hpp:206:43:[m[K   required from ‘[01m[Kvoid g2o::BaseFixedSizedEdge<D, E, VertexTypes>::linearizeOplusNs(std::index_sequence<__var_indices ...>) [with long unsigned int ...Ints = {0}; int D = 2; E = const teb_local_planner::Obstacle*; VertexTypes = {teb_local_planner::VertexPose}; std::index_sequence<__var_indices ...> = std::integer_sequence<long unsigned int, 0>][m[K’
[47.492s] [01m[K/usr/local/include/g2o/core/base_fixed_sized_edge.hpp:214:3:[m[K   required from ‘[01m[Kvoid g2o::BaseFixedSizedEdge<D, E, VertexTypes>::linearizeOplus() [with int D = 2; E = const teb_local_planner::Obstacle*; VertexTypes = {teb_local_planner::VertexPose}][m[K’
[47.493s] [01m[K/usr/local/include/g2o/core/base_fixed_sized_edge.hpp:211:6:[m[K   required from here
[47.493s] [01m[K/usr/local/include/g2o/core/base_fixed_sized_edge.hpp:179:14:[m[K [01;31m[Kerror: [m[K‘[01m[KFixedArray[m[K’ {aka ‘[01m[Kclass ceres::internal::FixedArray<double, 3>[m[K’} has no member named ‘[01m[Kfill[m[K’
[47.493s]   179 |   [01;31m[Kadd_vertex.fill[m[K(0.);
[47.493s]       |   [01;31m[K~~~~~~~~~~~^~~~[m[K
[47.494s] [01m[K/usr/local/include/g2o/core/base_fixed_sized_edge.hpp:186:30:[m[K [01;31m[Kerror: [m[K‘[01m[KFixedArray[m[K’ {aka ‘[01m[Kclass ceres::internal::FixedArray<double, 3>[m[K’} has no member named ‘[01m[Kdata[m[K’
[47.494s]   186 |     vertex->oplus([01;31m[Kadd_vertex.data[m[K());
[47.494s]       |                   [01;31m[K~~~~~~~~~~~^~~~[m[K
[47.495s] [01m[K/usr/local/include/g2o/core/base_fixed_sized_edge.hpp:192:30:[m[K [01;31m[Kerror: [m[K‘[01m[KFixedArray[m[K’ {aka ‘[01m[Kclass ceres::internal::FixedArray<double, 3>[m[K’} has no member named ‘[01m[Kdata[m[K’
[47.495s]   192 |     vertex->oplus([01;31m[Kadd_vertex.data[m[K());
[47.496s]       |                   [01;31m[K~~~~~~~~~~~^~~~[m[K
[47.534s] /usr/local/include/g2o/core/base_fixed_sized_edge.hpp: In instantiation of ‘[01m[Kvoid g2o::BaseFixedSizedEdge<D, E, VertexTypes>::linearizeOplusN() [with int N = 0; int D = 1; E = const teb_local_planner::Obstacle*; VertexTypes = {teb_local_planner::VertexPose}][m[K’:
[47.535s] [01m[K/usr/local/include/g2o/core/base_fixed_sized_edge.hpp:206:43:[m[K   required from ‘[01m[Kvoid g2o::BaseFixedSizedEdge<D, E, VertexTypes>::linearizeOplusNs(std::index_sequence<__var_indices ...>) [with long unsigned int ...Ints = {0}; int D = 1; E = const teb_local_planner::Obstacle*; VertexTypes = {teb_local_planner::VertexPose}; std::index_sequence<__var_indices ...> = std::integer_sequence<long unsigned int, 0>][m[K’
[47.535s] [01m[K/usr/local/include/g2o/core/base_fixed_sized_edge.hpp:214:3:[m[K   required from ‘[01m[Kvoid g2o::BaseFixedSizedEdge<D, E, VertexTypes>::linearizeOplus() [with int D = 1; E = const teb_local_planner::Obstacle*; VertexTypes = {teb_local_planner::VertexPose}][m[K’
[47.535s] [01m[K/usr/local/include/g2o/core/base_fixed_sized_edge.hpp:211:6:[m[K   required from here
[47.535s] [01m[K/usr/local/include/g2o/core/base_fixed_sized_edge.hpp:179:14:[m[K [01;31m[Kerror: [m[K‘[01m[KFixedArray[m[K’ {aka ‘[01m[Kclass ceres::internal::FixedArray<double, 3>[m[K’} has no member named ‘[01m[Kfill[m[K’
[47.536s]   179 |   [01;31m[Kadd_vertex.fill[m[K(0.);
[47.536s]       |   [01;31m[K~~~~~~~~~~~^~~~[m[K
[47.536s] [01m[K/usr/local/include/g2o/core/base_fixed_sized_edge.hpp:186:30:[m[K [01;31m[Kerror: [m[K‘[01m[KFixedArray[m[K’ {aka ‘[01m[Kclass ceres::internal::FixedArray<double, 3>[m[K’} has no member named ‘[01m[Kdata[m[K’
[47.537s]   186 |     vertex->oplus([01;31m[Kadd_vertex.data[m[K());
[47.537s]       |                   [01;31m[K~~~~~~~~~~~^~~~[m[K
[47.538s] [01m[K/usr/local/include/g2o/core/base_fixed_sized_edge.hpp:192:30:[m[K [01;31m[Kerror: [m[K‘[01m[KFixedArray[m[K’ {aka ‘[01m[Kclass ceres::internal::FixedArray<double, 3>[m[K’} has no member named ‘[01m[Kdata[m[K’
[47.538s]   192 |     vertex->oplus([01;31m[Kadd_vertex.data[m[K());
[47.538s]       |                   [01;31m[K~~~~~~~~~~~^~~~[m[K
[47.645s] /usr/local/include/g2o/core/base_fixed_sized_edge.hpp: In instantiation of ‘[01m[Kvoid g2o::BaseFixedSizedEdge<D, E, VertexTypes>::linearizeOplusN() [with int N = 0; int D = 1; E = double; VertexTypes = {teb_local_planner::VertexTimeDiff}][m[K’:
[47.645s] [01m[K/usr/local/include/g2o/core/base_fixed_sized_edge.hpp:206:43:[m[K   required from ‘[01m[Kvoid g2o::BaseFixedSizedEdge<D, E, VertexTypes>::linearizeOplusNs(std::index_sequence<__var_indices ...>) [with long unsigned int ...Ints = {0}; int D = 1; E = double; VertexTypes = {teb_local_planner::VertexTimeDiff}; std::index_sequence<__var_indices ...> = std::integer_sequence<long unsigned int, 0>][m[K’
[47.646s] [01m[K/usr/local/include/g2o/core/base_fixed_sized_edge.hpp:214:3:[m[K   required from ‘[01m[Kvoid g2o::BaseFixedSizedEdge<D, E, VertexTypes>::linearizeOplus() [with int D = 1; E = double; VertexTypes = {teb_local_planner::VertexTimeDiff}][m[K’
[47.646s] [01m[K/usr/local/include/g2o/core/base_fixed_sized_edge.hpp:211:6:[m[K   required from here
[47.646s] [01m[K/usr/local/include/g2o/core/base_fixed_sized_edge.hpp:179:14:[m[K [01;31m[Kerror: [m[K‘[01m[KFixedArray[m[K’ {aka ‘[01m[Kclass ceres::internal::FixedArray<double, 1>[m[K’} has no member named ‘[01m[Kfill[m[K’
[47.646s]   179 |   [01;31m[Kadd_vertex.fill[m[K(0.);
[47.646s]       |   [01;31m[K~~~~~~~~~~~^~~~[m[K
[47.647s] [01m[K/usr/local/include/g2o/core/base_fixed_sized_edge.hpp:186:30:[m[K [01;31m[Kerror: [m[K‘[01m[KFixedArray[m[K’ {aka ‘[01m[Kclass ceres::internal::FixedArray<double, 1>[m[K’} has no member named ‘[01m[Kdata[m[K’
[47.647s]   186 |     vertex->oplus([01;31m[Kadd_vertex.data[m[K());
[47.647s]       |                   [01;31m[K~~~~~~~~~~~^~~~[m[K
[47.648s] [01m[K/usr/local/include/g2o/core/base_fixed_sized_edge.hpp:192:30:[m[K [01;31m[Kerror: [m[K‘[01m[KFixedArray[m[K’ {aka ‘[01m[Kclass ceres::internal::FixedArray<double, 1>[m[K’} has no member named ‘[01m[Kdata[m[K’
[47.649s]   192 |     vertex->oplus([01;31m[Kadd_vertex.data[m[K());
[47.649s]       |                   [01;31m[K~~~~~~~~~~~^~~~[m[K
[47.687s] /usr/local/include/g2o/core/base_fixed_sized_edge.hpp: In instantiation of ‘[01m[Kvoid g2o::BaseFixedSizedEdge<D, E, VertexTypes>::linearizeOplusN() [with int N = 0; int D = 2; E = double; VertexTypes = {teb_local_planner::VertexPose, teb_local_planner::VertexPose}][m[K’:
[47.687s] [01m[K/usr/local/include/g2o/core/base_fixed_sized_edge.hpp:206:43:[m[K   required from ‘[01m[Kvoid g2o::BaseFixedSizedEdge<D, E, VertexTypes>::linearizeOplusNs(std::index_sequence<__var_indices ...>) [with long unsigned int ...Ints = {0, 1}; int D = 2; E = double; VertexTypes = {teb_local_planner::VertexPose, teb_local_planner::VertexPose}; std::index_sequence<__var_indices ...> = std::integer_sequence<long unsigned int, 0, 1>][m[K’
[47.687s] [01m[K/usr/local/include/g2o/core/base_fixed_sized_edge.hpp:214:3:[m[K   required from ‘[01m[Kvoid g2o::BaseFixedSizedEdge<D, E, VertexTypes>::linearizeOplus() [with int D = 2; E = double; VertexTypes = {teb_local_planner::VertexPose, teb_local_planner::VertexPose}][m[K’
[47.687s] [01m[K/usr/local/include/g2o/core/base_fixed_sized_edge.hpp:211:6:[m[K   required from here
[47.688s] [01m[K/usr/local/include/g2o/core/base_fixed_sized_edge.hpp:179:14:[m[K [01;31m[Kerror: [m[K‘[01m[KFixedArray[m[K’ {aka ‘[01m[Kclass ceres::internal::FixedArray<double, 3>[m[K’} has no member named ‘[01m[Kfill[m[K’
[47.688s]   179 |   [01;31m[Kadd_vertex.fill[m[K(0.);
[47.688s]       |   [01;31m[K~~~~~~~~~~~^~~~[m[K
[47.689s] [01m[K/usr/local/include/g2o/core/base_fixed_sized_edge.hpp:186:30:[m[K [01;31m[Kerror: [m[K‘[01m[KFixedArray[m[K’ {aka ‘[01m[Kclass ceres::internal::FixedArray<double, 3>[m[K’} has no member named ‘[01m[Kdata[m[K’
[47.689s]   186 |     vertex->oplus([01;31m[Kadd_vertex.data[m[K());
[47.689s]       |                   [01;31m[K~~~~~~~~~~~^~~~[m[K
[47.690s] [01m[K/usr/local/include/g2o/core/base_fixed_sized_edge.hpp:192:30:[m[K [01;31m[Kerror: [m[K‘[01m[KFixedArray[m[K’ {aka ‘[01m[Kclass ceres::internal::FixedArray<double, 3>[m[K’} has no member named ‘[01m[Kdata[m[K’
[47.690s]   192 |     vertex->oplus([01;31m[Kadd_vertex.data[m[K());
[47.691s]       |                   [01;31m[K~~~~~~~~~~~^~~~[m[K
[47.693s] /usr/local/include/g2o/core/base_fixed_sized_edge.hpp: In instantiation of ‘[01m[Kvoid g2o::BaseFixedSizedEdge<D, E, VertexTypes>::linearizeOplusN() [with int N = 1; int D = 2; E = double; VertexTypes = {teb_local_planner::VertexPose, teb_local_planner::VertexPose}][m[K’:
[47.693s] [01m[K/usr/local/include/g2o/core/base_fixed_sized_edge.hpp:206:43:[m[K   required from ‘[01m[Kvoid g2o::BaseFixedSizedEdge<D, E, VertexTypes>::linearizeOplusNs(std::index_sequence<__var_indices ...>) [with long unsigned int ...Ints = {0, 1}; int D = 2; E = double; VertexTypes = {teb_local_planner::VertexPose, teb_local_planner::VertexPose}; std::index_sequence<__var_indices ...> = std::integer_sequence<long unsigned int, 0, 1>][m[K’
[47.693s] [01m[K/usr/local/include/g2o/core/base_fixed_sized_edge.hpp:214:3:[m[K   required from ‘[01m[Kvoid g2o::BaseFixedSizedEdge<D, E, VertexTypes>::linearizeOplus() [with int D = 2; E = double; VertexTypes = {teb_local_planner::VertexPose, teb_local_planner::VertexPose}][m[K’
[47.694s] [01m[K/usr/local/include/g2o/core/base_fixed_sized_edge.hpp:211:6:[m[K   required from here
[47.694s] [01m[K/usr/local/include/g2o/core/base_fixed_sized_edge.hpp:179:14:[m[K [01;31m[Kerror: [m[K‘[01m[KFixedArray[m[K’ {aka ‘[01m[Kclass ceres::internal::FixedArray<double, 3>[m[K’} has no member named ‘[01m[Kfill[m[K’
[47.694s]   179 |   [01;31m[Kadd_vertex.fill[m[K(0.);
[47.694s]       |   [01;31m[K~~~~~~~~~~~^~~~[m[K
[47.695s] [01m[K/usr/local/include/g2o/core/base_fixed_sized_edge.hpp:186:30:[m[K [01;31m[Kerror: [m[K‘[01m[KFixedArray[m[K’ {aka ‘[01m[Kclass ceres::internal::FixedArray<double, 3>[m[K’} has no member named ‘[01m[Kdata[m[K’
[47.695s]   186 |     vertex->oplus([01;31m[Kadd_vertex.data[m[K());
[47.695s]       |                   [01;31m[K~~~~~~~~~~~^~~~[m[K
[47.696s] [01m[K/usr/local/include/g2o/core/base_fixed_sized_edge.hpp:192:30:[m[K [01;31m[Kerror: [m[K‘[01m[KFixedArray[m[K’ {aka ‘[01m[Kclass ceres::internal::FixedArray<double, 3>[m[K’} has no member named ‘[01m[Kdata[m[K’
[47.696s]   192 |     vertex->oplus([01;31m[Kadd_vertex.data[m[K());
[47.696s]       |                   [01;31m[K~~~~~~~~~~~^~~~[m[K
[48.147s] In file included from [01m[K/usr/local/include/g2o/core/base_fixed_sized_edge.h:311[m[K,
[48.147s]                  from [01m[K/usr/local/include/g2o/core/base_binary_edge.h:30[m[K,
[48.147s]                  from [01m[K/home/mike/turtlebot3_ws/src/turtlebot3/teb_local_planner/teb_local_planner/include/teb_local_planner/g2o_types/base_teb_edges.h:49[m[K,
[48.148s]                  from [01m[K/home/mike/turtlebot3_ws/src/turtlebot3/teb_local_planner/teb_local_planner/include/teb_local_planner/g2o_types/edge_velocity.h:49[m[K,
[48.148s]                  from [01m[K/home/mike/turtlebot3_ws/src/turtlebot3/teb_local_planner/teb_local_planner/include/teb_local_planner/optimal_planner.h:63[m[K,
[48.148s]                  from [01m[K/home/mike/turtlebot3_ws/src/turtlebot3/teb_local_planner/teb_local_planner/src/visualization.cpp:41[m[K:
[48.148s] /usr/local/include/g2o/core/base_fixed_sized_edge.hpp: In instantiation of ‘[01m[Kvoid g2o::BaseFixedSizedEdge<D, E, VertexTypes>::linearizeOplusN() [with int N = 0; int D = 1; E = double; VertexTypes = {teb_local_planner::VertexPose, teb_local_planner::VertexPose}][m[K’:
[48.148s] [01m[K/usr/local/include/g2o/core/base_fixed_sized_edge.hpp:206:43:[m[K   required from ‘[01m[Kvoid g2o::BaseFixedSizedEdge<D, E, VertexTypes>::linearizeOplusNs(std::index_sequence<__var_indices ...>) [with long unsigned int ...Ints = {0, 1}; int D = 1; E = double; VertexTypes = {teb_local_planner::VertexPose, teb_local_planner::VertexPose}; std::index_sequence<__var_indices ...> = std::integer_sequence<long unsigned int, 0, 1>][m[K’
[48.148s] [01m[K/usr/local/include/g2o/core/base_fixed_sized_edge.hpp:214:3:[m[K   required from ‘[01m[Kvoid g2o::BaseFixedSizedEdge<D, E, VertexTypes>::linearizeOplus() [with int D = 1; E = double; VertexTypes = {teb_local_planner::VertexPose, teb_local_planner::VertexPose}][m[K’
[48.149s] [01m[K/usr/local/include/g2o/core/base_fixed_sized_edge.hpp:211:6:[m[K   required from here
[48.149s] [01m[K/usr/local/include/g2o/core/base_fixed_sized_edge.hpp:179:14:[m[K [01;31m[Kerror: [m[K‘[01m[KFixedArray[m[K’ {aka ‘[01m[Kclass ceres::internal::FixedArray<double, 3>[m[K’} has no member named ‘[01m[Kfill[m[K’
[48.149s]   179 |   [01;31m[Kadd_vertex.fill[m[K(0.);
[48.149s]       |   [01;31m[K~~~~~~~~~~~^~~~[m[K
[48.149s] [01m[K/usr/local/include/g2o/core/base_fixed_sized_edge.hpp:186:30:[m[K [01;31m[Kerror: [m[K‘[01m[KFixedArray[m[K’ {aka ‘[01m[Kclass ceres::internal::FixedArray<double, 3>[m[K’} has no member named ‘[01m[Kdata[m[K’
[48.149s]   186 |     vertex->oplus([01;31m[Kadd_vertex.data[m[K());
[48.149s]       |                   [01;31m[K~~~~~~~~~~~^~~~[m[K
[48.150s] [01m[K/usr/local/include/g2o/core/base_fixed_sized_edge.hpp:192:30:[m[K [01;31m[Kerror: [m[K‘[01m[KFixedArray[m[K’ {aka ‘[01m[Kclass ceres::internal::FixedArray<double, 3>[m[K’} has no member named ‘[01m[Kdata[m[K’
[48.150s]   192 |     vertex->oplus([01;31m[Kadd_vertex.data[m[K());
[48.150s]       |                   [01;31m[K~~~~~~~~~~~^~~~[m[K
[48.210s] /usr/local/include/g2o/core/base_fixed_sized_edge.hpp: In instantiation of ‘[01m[Kvoid g2o::BaseFixedSizedEdge<D, E, VertexTypes>::linearizeOplusN() [with int N = 1; int D = 1; E = double; VertexTypes = {teb_local_planner::VertexPose, teb_local_planner::VertexPose}][m[K’:
[48.211s] [01m[K/usr/local/include/g2o/core/base_fixed_sized_edge.hpp:206:43:[m[K   required from ‘[01m[Kvoid g2o::BaseFixedSizedEdge<D, E, VertexTypes>::linearizeOplusNs(std::index_sequence<__var_indices ...>) [with long unsigned int ...Ints = {0, 1}; int D = 1; E = double; VertexTypes = {teb_local_planner::VertexPose, teb_local_planner::VertexPose}; std::index_sequence<__var_indices ...> = std::integer_sequence<long unsigned int, 0, 1>][m[K’
[48.211s] [01m[K/usr/local/include/g2o/core/base_fixed_sized_edge.hpp:214:3:[m[K   required from ‘[01m[Kvoid g2o::BaseFixedSizedEdge<D, E, VertexTypes>::linearizeOplus() [with int D = 1; E = double; VertexTypes = {teb_local_planner::VertexPose, teb_local_planner::VertexPose}][m[K’
[48.211s] [01m[K/usr/local/include/g2o/core/base_fixed_sized_edge.hpp:211:6:[m[K   required from here
[48.211s] [01m[K/usr/local/include/g2o/core/base_fixed_sized_edge.hpp:179:14:[m[K [01;31m[Kerror: [m[K‘[01m[KFixedArray[m[K’ {aka ‘[01m[Kclass ceres::internal::FixedArray<double, 3>[m[K’} has no member named ‘[01m[Kfill[m[K’
[48.211s]   179 |   [01;31m[Kadd_vertex.fill[m[K(0.);
[48.211s]       |   [01;31m[K~~~~~~~~~~~^~~~[m[K
[48.212s] [01m[K/usr/local/include/g2o/core/base_fixed_sized_edge.hpp:186:30:[m[K [01;31m[Kerror: [m[K‘[01m[KFixedArray[m[K’ {aka ‘[01m[Kclass ceres::internal::FixedArray<double, 3>[m[K’} has no member named ‘[01m[Kdata[m[K’
[48.212s]   186 |     vertex->oplus([01;31m[Kadd_vertex.data[m[K());
[48.212s]       |                   [01;31m[K~~~~~~~~~~~^~~~[m[K
[48.212s] [01m[K/usr/local/include/g2o/core/base_fixed_sized_edge.hpp:192:30:[m[K [01;31m[Kerror: [m[K‘[01m[KFixedArray[m[K’ {aka ‘[01m[Kclass ceres::internal::FixedArray<double, 3>[m[K’} has no member named ‘[01m[Kdata[m[K’
[48.212s]   192 |     vertex->oplus([01;31m[Kadd_vertex.data[m[K());
[48.213s]       |                   [01;31m[K~~~~~~~~~~~^~~~[m[K
[48.218s] /usr/local/include/g2o/core/base_fixed_sized_edge.hpp: In instantiation of ‘[01m[Kvoid g2o::BaseFixedSizedEdge<D, E, VertexTypes>::linearizeOplusN() [with int N = 0; int D = 1; E = const Eigen::Matrix<double, 2, 1>*; VertexTypes = {teb_local_planner::VertexPose}][m[K’:
[48.219s] [01m[K/usr/local/include/g2o/core/base_fixed_sized_edge.hpp:206:43:[m[K   required from ‘[01m[Kvoid g2o::BaseFixedSizedEdge<D, E, VertexTypes>::linearizeOplusNs(std::index_sequence<__var_indices ...>) [with long unsigned int ...Ints = {0}; int D = 1; E = const Eigen::Matrix<double, 2, 1>*; VertexTypes = {teb_local_planner::VertexPose}; std::index_sequence<__var_indices ...> = std::integer_sequence<long unsigned int, 0>][m[K’
[48.219s] [01m[K/usr/local/include/g2o/core/base_fixed_sized_edge.hpp:214:3:[m[K   required from ‘[01m[Kvoid g2o::BaseFixedSizedEdge<D, E, VertexTypes>::linearizeOplus() [with int D = 1; E = const Eigen::Matrix<double, 2, 1>*; VertexTypes = {teb_local_planner::VertexPose}][m[K’
[48.220s] [01m[K/usr/local/include/g2o/core/base_fixed_sized_edge.hpp:211:6:[m[K   required from here
[48.220s] [01m[K/usr/local/include/g2o/core/base_fixed_sized_edge.hpp:179:14:[m[K [01;31m[Kerror: [m[K‘[01m[KFixedArray[m[K’ {aka ‘[01m[Kclass ceres::internal::FixedArray<double, 3>[m[K’} has no member named ‘[01m[Kfill[m[K’
[48.220s]   179 |   [01;31m[Kadd_vertex.fill[m[K(0.);
[48.221s]       |   [01;31m[K~~~~~~~~~~~^~~~[m[K
[48.221s] [01m[K/usr/local/include/g2o/core/base_fixed_sized_edge.hpp:186:30:[m[K [01;31m[Kerror: [m[K‘[01m[KFixedArray[m[K’ {aka ‘[01m[Kclass ceres::internal::FixedArray<double, 3>[m[K’} has no member named ‘[01m[Kdata[m[K’
[48.222s]   186 |     vertex->oplus([01;31m[Kadd_vertex.data[m[K());
[48.222s]       |                   [01;31m[K~~~~~~~~~~~^~~~[m[K
[48.222s] [01m[K/usr/local/include/g2o/core/base_fixed_sized_edge.hpp:192:30:[m[K [01;31m[Kerror: [m[K‘[01m[KFixedArray[m[K’ {aka ‘[01m[Kclass ceres::internal::FixedArray<double, 3>[m[K’} has no member named ‘[01m[Kdata[m[K’
[48.223s]   192 |     vertex->oplus([01;31m[Kadd_vertex.data[m[K());
[48.223s]       |                   [01;31m[K~~~~~~~~~~~^~~~[m[K
[48.357s] /usr/local/include/g2o/core/base_fixed_sized_edge.hpp: In instantiation of ‘[01m[Kvoid g2o::BaseFixedSizedEdge<D, E, VertexTypes>::linearizeOplusN() [with int N = 0; int D = 2; E = const teb_local_planner::Obstacle*; VertexTypes = {teb_local_planner::VertexPose}][m[K’:
[48.358s] [01m[K/usr/local/include/g2o/core/base_fixed_sized_edge.hpp:206:43:[m[K   required from ‘[01m[Kvoid g2o::BaseFixedSizedEdge<D, E, VertexTypes>::linearizeOplusNs(std::index_sequence<__var_indices ...>) [with long unsigned int ...Ints = {0}; int D = 2; E = const teb_local_planner::Obstacle*; VertexTypes = {teb_local_planner::VertexPose}; std::index_sequence<__var_indices ...> = std::integer_sequence<long unsigned int, 0>][m[K’
[48.359s] [01m[K/usr/local/include/g2o/core/base_fixed_sized_edge.hpp:214:3:[m[K   required from ‘[01m[Kvoid g2o::BaseFixedSizedEdge<D, E, VertexTypes>::linearizeOplus() [with int D = 2; E = const teb_local_planner::Obstacle*; VertexTypes = {teb_local_planner::VertexPose}][m[K’
[48.359s] [01m[K/usr/local/include/g2o/core/base_fixed_sized_edge.hpp:211:6:[m[K   required from here
[48.359s] [01m[K/usr/local/include/g2o/core/base_fixed_sized_edge.hpp:179:14:[m[K [01;31m[Kerror: [m[K‘[01m[KFixedArray[m[K’ {aka ‘[01m[Kclass ceres::internal::FixedArray<double, 3>[m[K’} has no member named ‘[01m[Kfill[m[K’
[48.359s]   179 |   [01;31m[Kadd_vertex.fill[m[K(0.);
[48.360s]       |   [01;31m[K~~~~~~~~~~~^~~~[m[K
[48.361s] [01m[K/usr/local/include/g2o/core/base_fixed_sized_edge.hpp:186:30:[m[K [01;31m[Kerror: [m[K‘[01m[KFixedArray[m[K’ {aka ‘[01m[Kclass ceres::internal::FixedArray<double, 3>[m[K’} has no member named ‘[01m[Kdata[m[K’
[48.361s]   186 |     vertex->oplus([01;31m[Kadd_vertex.data[m[K());
[48.361s]       |                   [01;31m[K~~~~~~~~~~~^~~~[m[K
[48.362s] [01m[K/usr/local/include/g2o/core/base_fixed_sized_edge.hpp:192:30:[m[K [01;31m[Kerror: [m[K‘[01m[KFixedArray[m[K’ {aka ‘[01m[Kclass ceres::internal::FixedArray<double, 3>[m[K’} has no member named ‘[01m[Kdata[m[K’
[48.362s]   192 |     vertex->oplus([01;31m[Kadd_vertex.data[m[K());
[48.362s]       |                   [01;31m[K~~~~~~~~~~~^~~~[m[K
[48.393s] /usr/local/include/g2o/core/base_fixed_sized_edge.hpp: In instantiation of ‘[01m[Kvoid g2o::BaseFixedSizedEdge<D, E, VertexTypes>::linearizeOplusN() [with int N = 0; int D = 1; E = const teb_local_planner::Obstacle*; VertexTypes = {teb_local_planner::VertexPose}][m[K’:
[48.393s] [01m[K/usr/local/include/g2o/core/base_fixed_sized_edge.hpp:206:43:[m[K   required from ‘[01m[Kvoid g2o::BaseFixedSizedEdge<D, E, VertexTypes>::linearizeOplusNs(std::index_sequence<__var_indices ...>) [with long unsigned int ...Ints = {0}; int D = 1; E = const teb_local_planner::Obstacle*; VertexTypes = {teb_local_planner::VertexPose}; std::index_sequence<__var_indices ...> = std::integer_sequence<long unsigned int, 0>][m[K’
[48.394s] [01m[K/usr/local/include/g2o/core/base_fixed_sized_edge.hpp:214:3:[m[K   required from ‘[01m[Kvoid g2o::BaseFixedSizedEdge<D, E, VertexTypes>::linearizeOplus() [with int D = 1; E = const teb_local_planner::Obstacle*; VertexTypes = {teb_local_planner::VertexPose}][m[K’
[48.394s] [01m[K/usr/local/include/g2o/core/base_fixed_sized_edge.hpp:211:6:[m[K   required from here
[48.394s] [01m[K/usr/local/include/g2o/core/base_fixed_sized_edge.hpp:179:14:[m[K [01;31m[Kerror: [m[K‘[01m[KFixedArray[m[K’ {aka ‘[01m[Kclass ceres::internal::FixedArray<double, 3>[m[K’} has no member named ‘[01m[Kfill[m[K’
[48.394s]   179 |   [01;31m[Kadd_vertex.fill[m[K(0.);
[48.394s]       |   [01;31m[K~~~~~~~~~~~^~~~[m[K
[48.395s] [01m[K/usr/local/include/g2o/core/base_fixed_sized_edge.hpp:186:30:[m[K [01;31m[Kerror: [m[K‘[01m[KFixedArray[m[K’ {aka ‘[01m[Kclass ceres::internal::FixedArray<double, 3>[m[K’} has no member named ‘[01m[Kdata[m[K’
[48.395s]   186 |     vertex->oplus([01;31m[Kadd_vertex.data[m[K());
[48.396s]       |                   [01;31m[K~~~~~~~~~~~^~~~[m[K
[48.396s] [01m[K/usr/local/include/g2o/core/base_fixed_sized_edge.hpp:192:30:[m[K [01;31m[Kerror: [m[K‘[01m[KFixedArray[m[K’ {aka ‘[01m[Kclass ceres::internal::FixedArray<double, 3>[m[K’} has no member named ‘[01m[Kdata[m[K’
[48.397s]   192 |     vertex->oplus([01;31m[Kadd_vertex.data[m[K());
[48.397s]       |                   [01;31m[K~~~~~~~~~~~^~~~[m[K
[48.486s] /usr/local/include/g2o/core/base_fixed_sized_edge.hpp: In instantiation of ‘[01m[Kvoid g2o::BaseFixedSizedEdge<D, E, VertexTypes>::linearizeOplusN() [with int N = 0; int D = 1; E = double; VertexTypes = {teb_local_planner::VertexTimeDiff}][m[K’:
[48.487s] [01m[K/usr/local/include/g2o/core/base_fixed_sized_edge.hpp:206:43:[m[K   required from ‘[01m[Kvoid g2o::BaseFixedSizedEdge<D, E, VertexTypes>::linearizeOplusNs(std::index_sequence<__var_indices ...>) [with long unsigned int ...Ints = {0}; int D = 1; E = double; VertexTypes = {teb_local_planner::VertexTimeDiff}; std::index_sequence<__var_indices ...> = std::integer_sequence<long unsigned int, 0>][m[K’
[48.487s] [01m[K/usr/local/include/g2o/core/base_fixed_sized_edge.hpp:214:3:[m[K   required from ‘[01m[Kvoid g2o::BaseFixedSizedEdge<D, E, VertexTypes>::linearizeOplus() [with int D = 1; E = double; VertexTypes = {teb_local_planner::VertexTimeDiff}][m[K’
[48.487s] [01m[K/usr/local/include/g2o/core/base_fixed_sized_edge.hpp:211:6:[m[K   required from here
[48.488s] [01m[K/usr/local/include/g2o/core/base_fixed_sized_edge.hpp:179:14:[m[K [01;31m[Kerror: [m[K‘[01m[KFixedArray[m[K’ {aka ‘[01m[Kclass ceres::internal::FixedArray<double, 1>[m[K’} has no member named ‘[01m[Kfill[m[K’
[48.488s]   179 |   [01;31m[Kadd_vertex.fill[m[K(0.);
[48.489s]       |   [01;31m[K~~~~~~~~~~~^~~~[m[K
[48.489s] [01m[K/usr/local/include/g2o/core/base_fixed_sized_edge.hpp:186:30:[m[K [01;31m[Kerror: [m[K‘[01m[KFixedArray[m[K’ {aka ‘[01m[Kclass ceres::internal::FixedArray<double, 1>[m[K’} has no member named ‘[01m[Kdata[m[K’
[48.489s]   186 |     vertex->oplus([01;31m[Kadd_vertex.data[m[K());
[48.489s]       |                   [01;31m[K~~~~~~~~~~~^~~~[m[K
[48.491s] [01m[K/usr/local/include/g2o/core/base_fixed_sized_edge.hpp:192:30:[m[K [01;31m[Kerror: [m[K‘[01m[KFixedArray[m[K’ {aka ‘[01m[Kclass ceres::internal::FixedArray<double, 1>[m[K’} has no member named ‘[01m[Kdata[m[K’
[48.491s]   192 |     vertex->oplus([01;31m[Kadd_vertex.data[m[K());
[48.491s]       |                   [01;31m[K~~~~~~~~~~~^~~~[m[K
[48.523s] /usr/local/include/g2o/core/base_fixed_sized_edge.hpp: In instantiation of ‘[01m[Kvoid g2o::BaseFixedSizedEdge<D, E, VertexTypes>::linearizeOplusN() [with int N = 0; int D = 2; E = double; VertexTypes = {teb_local_planner::VertexPose, teb_local_planner::VertexPose}][m[K’:
[48.524s] [01m[K/usr/local/include/g2o/core/base_fixed_sized_edge.hpp:206:43:[m[K   required from ‘[01m[Kvoid g2o::BaseFixedSizedEdge<D, E, VertexTypes>::linearizeOplusNs(std::index_sequence<__var_indices ...>) [with long unsigned int ...Ints = {0, 1}; int D = 2; E = double; VertexTypes = {teb_local_planner::VertexPose, teb_local_planner::VertexPose}; std::index_sequence<__var_indices ...> = std::integer_sequence<long unsigned int, 0, 1>][m[K’
[48.524s] [01m[K/usr/local/include/g2o/core/base_fixed_sized_edge.hpp:214:3:[m[K   required from ‘[01m[Kvoid g2o::BaseFixedSizedEdge<D, E, VertexTypes>::linearizeOplus() [with int D = 2; E = double; VertexTypes = {teb_local_planner::VertexPose, teb_local_planner::VertexPose}][m[K’
[48.524s] [01m[K/usr/local/include/g2o/core/base_fixed_sized_edge.hpp:211:6:[m[K   required from here
[48.525s] [01m[K/usr/local/include/g2o/core/base_fixed_sized_edge.hpp:179:14:[m[K [01;31m[Kerror: [m[K‘[01m[KFixedArray[m[K’ {aka ‘[01m[Kclass ceres::internal::FixedArray<double, 3>[m[K’} has no member named ‘[01m[Kfill[m[K’
[48.525s]   179 |   [01;31m[Kadd_vertex.fill[m[K(0.);
[48.525s]       |   [01;31m[K~~~~~~~~~~~^~~~[m[K
[48.526s] [01m[K/usr/local/include/g2o/core/base_fixed_sized_edge.hpp:186:30:[m[K [01;31m[Kerror: [m[K‘[01m[KFixedArray[m[K’ {aka ‘[01m[Kclass ceres::internal::FixedArray<double, 3>[m[K’} has no member named ‘[01m[Kdata[m[K’
[48.526s]   186 |     vertex->oplus([01;31m[Kadd_vertex.data[m[K());
[48.526s]       |                   [01;31m[K~~~~~~~~~~~^~~~[m[K
[48.527s] [01m[K/usr/local/include/g2o/core/base_fixed_sized_edge.hpp:192:30:[m[K [01;31m[Kerror: [m[K‘[01m[KFixedArray[m[K’ {aka ‘[01m[Kclass ceres::internal::FixedArray<double, 3>[m[K’} has no member named ‘[01m[Kdata[m[K’
[48.527s]   192 |     vertex->oplus([01;31m[Kadd_vertex.data[m[K());
[48.527s]       |                   [01;31m[K~~~~~~~~~~~^~~~[m[K
[48.529s] /usr/local/include/g2o/core/base_fixed_sized_edge.hpp: In instantiation of ‘[01m[Kvoid g2o::BaseFixedSizedEdge<D, E, VertexTypes>::linearizeOplusN() [with int N = 1; int D = 2; E = double; VertexTypes = {teb_local_planner::VertexPose, teb_local_planner::VertexPose}][m[K’:
[48.529s] [01m[K/usr/local/include/g2o/core/base_fixed_sized_edge.hpp:206:43:[m[K   required from ‘[01m[Kvoid g2o::BaseFixedSizedEdge<D, E, VertexTypes>::linearizeOplusNs(std::index_sequence<__var_indices ...>) [with long unsigned int ...Ints = {0, 1}; int D = 2; E = double; VertexTypes = {teb_local_planner::VertexPose, teb_local_planner::VertexPose}; std::index_sequence<__var_indices ...> = std::integer_sequence<long unsigned int, 0, 1>][m[K’
[48.530s] [01m[K/usr/local/include/g2o/core/base_fixed_sized_edge.hpp:214:3:[m[K   required from ‘[01m[Kvoid g2o::BaseFixedSizedEdge<D, E, VertexTypes>::linearizeOplus() [with int D = 2; E = double; VertexTypes = {teb_local_planner::VertexPose, teb_local_planner::VertexPose}][m[K’
[48.530s] [01m[K/usr/local/include/g2o/core/base_fixed_sized_edge.hpp:211:6:[m[K   required from here
[48.531s] [01m[K/usr/local/include/g2o/core/base_fixed_sized_edge.hpp:179:14:[m[K [01;31m[Kerror: [m[K‘[01m[KFixedArray[m[K’ {aka ‘[01m[Kclass ceres::internal::FixedArray<double, 3>[m[K’} has no member named ‘[01m[Kfill[m[K’
[48.531s]   179 |   [01;31m[Kadd_vertex.fill[m[K(0.);
[48.531s]       |   [01;31m[K~~~~~~~~~~~^~~~[m[K
[48.532s] [01m[K/usr/local/include/g2o/core/base_fixed_sized_edge.hpp:186:30:[m[K [01;31m[Kerror: [m[K‘[01m[KFixedArray[m[K’ {aka ‘[01m[Kclass ceres::internal::FixedArray<double, 3>[m[K’} has no member named ‘[01m[Kdata[m[K’
[48.532s]   186 |     vertex->oplus([01;31m[Kadd_vertex.data[m[K());
[48.533s]       |                   [01;31m[K~~~~~~~~~~~^~~~[m[K
[48.533s] [01m[K/usr/local/include/g2o/core/base_fixed_sized_edge.hpp:192:30:[m[K [01;31m[Kerror: [m[K‘[01m[KFixedArray[m[K’ {aka ‘[01m[Kclass ceres::internal::FixedArray<double, 3>[m[K’} has no member named ‘[01m[Kdata[m[K’
[48.533s]   192 |     vertex->oplus([01;31m[Kadd_vertex.data[m[K());
[48.533s]       |                   [01;31m[K~~~~~~~~~~~^~~~[m[K
[54.556s] [ 80%] [32mBuilding CXX object CMakeFiles/teb_local_planner.dir/src/teb_local_planner_ros.cpp.o[0m
[58.349s] make[2]: *** [CMakeFiles/teb_local_planner.dir/build.make:102: CMakeFiles/teb_local_planner.dir/src/visualization.cpp.o] Error 1
[58.349s] make[2]: *** Waiting for unfinished jobs....
[58.703s] In file included from [01m[K/usr/local/include/g2o/core/base_variable_sized_edge.h:115[m[K,
[58.703s]                  from [01m[K/usr/local/include/g2o/core/base_multi_edge.h:30[m[K,
[58.703s]                  from [01m[K/home/mike/turtlebot3_ws/src/turtlebot3/teb_local_planner/teb_local_planner/include/teb_local_planner/g2o_types/base_teb_edges.h:51[m[K,
[58.704s]                  from [01m[K/home/mike/turtlebot3_ws/src/turtlebot3/teb_local_planner/teb_local_planner/include/teb_local_planner/g2o_types/edge_velocity.h:49[m[K,
[58.704s]                  from [01m[K/home/mike/turtlebot3_ws/src/turtlebot3/teb_local_planner/teb_local_planner/include/teb_local_planner/optimal_planner.h:63[m[K,
[58.704s]                  from [01m[K/home/mike/turtlebot3_ws/src/turtlebot3/teb_local_planner/teb_local_planner/include/teb_local_planner/homotopy_class_planner.h:61[m[K,
[58.704s]                  from [01m[K/home/mike/turtlebot3_ws/src/turtlebot3/teb_local_planner/teb_local_planner/src/homotopy_class_planner.cpp:39[m[K:
[58.705s] [01m[K/usr/local/include/g2o/core/base_variable_sized_edge.hpp:[m[K In member function ‘[01m[Kvirtual void g2o::BaseVariableSizedEdge<D, E>::linearizeOplus()[m[K’:
[58.705s] [01m[K/usr/local/include/g2o/core/base_variable_sized_edge.hpp:90:12:[m[K [01;31m[Kerror: [m[K‘[01m[Kclass ceres::internal::FixedArray<double>[m[K’ has no member named ‘[01m[Kfill[m[K’
[58.705s]    90 |     add_vi.[01;31m[Kfill[m[K(0.);
[58.706s]       |            [01;31m[K^~~~[m[K
[58.706s] [01m[K/usr/local/include/g2o/core/base_variable_sized_edge.hpp:94:24:[m[K [01;31m[Kerror: [m[K‘[01m[Kclass ceres::internal::FixedArray<double>[m[K’ has no member named ‘[01m[Kdata[m[K’
[58.706s]    94 |       vi->oplus(add_vi.[01;31m[Kdata[m[K());
[58.706s]       |                        [01;31m[K^~~~[m[K
[58.706s] [01m[K/usr/local/include/g2o/core/base_variable_sized_edge.hpp:100:24:[m[K [01;31m[Kerror: [m[K‘[01m[Kclass ceres::internal::FixedArray<double>[m[K’ has no member named ‘[01m[Kdata[m[K’
[58.706s]   100 |       vi->oplus(add_vi.[01;31m[Kdata[m[K());
[58.707s]       |                        [01;31m[K^~~~[m[K
[60.155s] make[2]: *** [CMakeFiles/teb_local_planner.dir/build.make:76: CMakeFiles/teb_local_planner.dir/src/optimal_planner.cpp.o] Error 1
[64.923s] In file included from [01m[K/usr/local/include/g2o/core/base_variable_sized_edge.h:115[m[K,
[64.924s]                  from [01m[K/usr/local/include/g2o/core/base_multi_edge.h:30[m[K,
[64.924s]                  from [01m[K/home/mike/turtlebot3_ws/src/turtlebot3/teb_local_planner/teb_local_planner/include/teb_local_planner/g2o_types/base_teb_edges.h:51[m[K,
[64.924s]                  from [01m[K/home/mike/turtlebot3_ws/src/turtlebot3/teb_local_planner/teb_local_planner/include/teb_local_planner/g2o_types/edge_velocity.h:49[m[K,
[64.924s]                  from [01m[K/home/mike/turtlebot3_ws/src/turtlebot3/teb_local_planner/teb_local_planner/include/teb_local_planner/optimal_planner.h:63[m[K,
[64.924s]                  from [01m[K/home/mike/turtlebot3_ws/src/turtlebot3/teb_local_planner/teb_local_planner/include/teb_local_planner/teb_local_planner_ros.h:50[m[K,
[64.924s]                  from [01m[K/home/mike/turtlebot3_ws/src/turtlebot3/teb_local_planner/teb_local_planner/src/teb_local_planner_ros.cpp:39[m[K:
[64.924s] [01m[K/usr/local/include/g2o/core/base_variable_sized_edge.hpp:[m[K In member function ‘[01m[Kvirtual void g2o::BaseVariableSizedEdge<D, E>::linearizeOplus()[m[K’:
[64.925s] [01m[K/usr/local/include/g2o/core/base_variable_sized_edge.hpp:90:12:[m[K [01;31m[Kerror: [m[K‘[01m[Kclass ceres::internal::FixedArray<double>[m[K’ has no member named ‘[01m[Kfill[m[K’
[64.925s]    90 |     add_vi.[01;31m[Kfill[m[K(0.);
[64.925s]       |            [01;31m[K^~~~[m[K
[64.925s] [01m[K/usr/local/include/g2o/core/base_variable_sized_edge.hpp:94:24:[m[K [01;31m[Kerror: [m[K‘[01m[Kclass ceres::internal::FixedArray<double>[m[K’ has no member named ‘[01m[Kdata[m[K’
[64.925s]    94 |       vi->oplus(add_vi.[01;31m[Kdata[m[K());
[64.925s]       |                        [01;31m[K^~~~[m[K
[64.925s] [01m[K/usr/local/include/g2o/core/base_variable_sized_edge.hpp:100:24:[m[K [01;31m[Kerror: [m[K‘[01m[Kclass ceres::internal::FixedArray<double>[m[K’ has no member named ‘[01m[Kdata[m[K’
[64.925s]   100 |       vi->oplus(add_vi.[01;31m[Kdata[m[K());
[64.926s]       |                        [01;31m[K^~~~[m[K
[65.604s] In file included from [01m[K/usr/local/include/g2o/core/base_fixed_sized_edge.h:311[m[K,
[65.604s]                  from [01m[K/usr/local/include/g2o/core/base_binary_edge.h:30[m[K,
[65.604s]                  from [01m[K/home/mike/turtlebot3_ws/src/turtlebot3/teb_local_planner/teb_local_planner/include/teb_local_planner/g2o_types/base_teb_edges.h:49[m[K,
[65.604s]                  from [01m[K/home/mike/turtlebot3_ws/src/turtlebot3/teb_local_planner/teb_local_planner/include/teb_local_planner/g2o_types/edge_velocity.h:49[m[K,
[65.605s]                  from [01m[K/home/mike/turtlebot3_ws/src/turtlebot3/teb_local_planner/teb_local_planner/include/teb_local_planner/optimal_planner.h:63[m[K,
[65.605s]                  from [01m[K/home/mike/turtlebot3_ws/src/turtlebot3/teb_local_planner/teb_local_planner/include/teb_local_planner/homotopy_class_planner.h:61[m[K,
[65.605s]                  from [01m[K/home/mike/turtlebot3_ws/src/turtlebot3/teb_local_planner/teb_local_planner/src/homotopy_class_planner.cpp:39[m[K:
[65.605s] /usr/local/include/g2o/core/base_fixed_sized_edge.hpp: In instantiation of ‘[01m[Kvoid g2o::BaseFixedSizedEdge<D, E, VertexTypes>::linearizeOplusN() [with int N = 0; int D = 1; E = double; VertexTypes = {teb_local_planner::VertexPose, teb_local_planner::VertexPose}][m[K’:
[65.607s] [01m[K/usr/local/include/g2o/core/base_fixed_sized_edge.hpp:206:43:[m[K   required from ‘[01m[Kvoid g2o::BaseFixedSizedEdge<D, E, VertexTypes>::linearizeOplusNs(std::index_sequence<__var_indices ...>) [with long unsigned int ...Ints = {0, 1}; int D = 1; E = double; VertexTypes = {teb_local_planner::VertexPose, teb_local_planner::VertexPose}; std::index_sequence<__var_indices ...> = std::integer_sequence<long unsigned int, 0, 1>][m[K’
[65.607s] [01m[K/usr/local/include/g2o/core/base_fixed_sized_edge.hpp:214:3:[m[K   required from ‘[01m[Kvoid g2o::BaseFixedSizedEdge<D, E, VertexTypes>::linearizeOplus() [with int D = 1; E = double; VertexTypes = {teb_local_planner::VertexPose, teb_local_planner::VertexPose}][m[K’
[65.607s] [01m[K/usr/local/include/g2o/core/base_fixed_sized_edge.hpp:211:6:[m[K   required from here
[65.607s] [01m[K/usr/local/include/g2o/core/base_fixed_sized_edge.hpp:179:14:[m[K [01;31m[Kerror: [m[K‘[01m[KFixedArray[m[K’ {aka ‘[01m[Kclass ceres::internal::FixedArray<double, 3>[m[K’} has no member named ‘[01m[Kfill[m[K’
[65.607s]   179 |   [01;31m[Kadd_vertex.fill[m[K(0.);
[65.608s]       |   [01;31m[K~~~~~~~~~~~^~~~[m[K
[65.608s] [01m[K/usr/local/include/g2o/core/base_fixed_sized_edge.hpp:186:30:[m[K [01;31m[Kerror: [m[K‘[01m[KFixedArray[m[K’ {aka ‘[01m[Kclass ceres::internal::FixedArray<double, 3>[m[K’} has no member named ‘[01m[Kdata[m[K’
[65.608s]   186 |     vertex->oplus([01;31m[Kadd_vertex.data[m[K());
[65.608s]       |                   [01;31m[K~~~~~~~~~~~^~~~[m[K
[65.608s] [01m[K/usr/local/include/g2o/core/base_fixed_sized_edge.hpp:192:30:[m[K [01;31m[Kerror: [m[K‘[01m[KFixedArray[m[K’ {aka ‘[01m[Kclass ceres::internal::FixedArray<double, 3>[m[K’} has no member named ‘[01m[Kdata[m[K’
[65.609s]   192 |     vertex->oplus([01;31m[Kadd_vertex.data[m[K());
[65.609s]       |                   [01;31m[K~~~~~~~~~~~^~~~[m[K
[65.640s] /usr/local/include/g2o/core/base_fixed_sized_edge.hpp: In instantiation of ‘[01m[Kvoid g2o::BaseFixedSizedEdge<D, E, VertexTypes>::linearizeOplusN() [with int N = 1; int D = 1; E = double; VertexTypes = {teb_local_planner::VertexPose, teb_local_planner::VertexPose}][m[K’:
[65.640s] [01m[K/usr/local/include/g2o/core/base_fixed_sized_edge.hpp:206:43:[m[K   required from ‘[01m[Kvoid g2o::BaseFixedSizedEdge<D, E, VertexTypes>::linearizeOplusNs(std::index_sequence<__var_indices ...>) [with long unsigned int ...Ints = {0, 1}; int D = 1; E = double; VertexTypes = {teb_local_planner::VertexPose, teb_local_planner::VertexPose}; std::index_sequence<__var_indices ...> = std::integer_sequence<long unsigned int, 0, 1>][m[K’
[65.641s] [01m[K/usr/local/include/g2o/core/base_fixed_sized_edge.hpp:214:3:[m[K   required from ‘[01m[Kvoid g2o::BaseFixedSizedEdge<D, E, VertexTypes>::linearizeOplus() [with int D = 1; E = double; VertexTypes = {teb_local_planner::VertexPose, teb_local_planner::VertexPose}][m[K’
[65.641s] [01m[K/usr/local/include/g2o/core/base_fixed_sized_edge.hpp:211:6:[m[K   required from here
[65.641s] [01m[K/usr/local/include/g2o/core/base_fixed_sized_edge.hpp:179:14:[m[K [01;31m[Kerror: [m[K‘[01m[KFixedArray[m[K’ {aka ‘[01m[Kclass ceres::internal::FixedArray<double, 3>[m[K’} has no member named ‘[01m[Kfill[m[K’
[65.641s]   179 |   [01;31m[Kadd_vertex.fill[m[K(0.);
[65.641s]       |   [01;31m[K~~~~~~~~~~~^~~~[m[K
[65.642s] [01m[K/usr/local/include/g2o/core/base_fixed_sized_edge.hpp:186:30:[m[K [01;31m[Kerror: [m[K‘[01m[KFixedArray[m[K’ {aka ‘[01m[Kclass ceres::internal::FixedArray<double, 3>[m[K’} has no member named ‘[01m[Kdata[m[K’
[65.642s]   186 |     vertex->oplus([01;31m[Kadd_vertex.data[m[K());
[65.642s]       |                   [01;31m[K~~~~~~~~~~~^~~~[m[K
[65.642s] [01m[K/usr/local/include/g2o/core/base_fixed_sized_edge.hpp:192:30:[m[K [01;31m[Kerror: [m[K‘[01m[KFixedArray[m[K’ {aka ‘[01m[Kclass ceres::internal::FixedArray<double, 3>[m[K’} has no member named ‘[01m[Kdata[m[K’
[65.643s]   192 |     vertex->oplus([01;31m[Kadd_vertex.data[m[K());
[65.643s]       |                   [01;31m[K~~~~~~~~~~~^~~~[m[K
[65.645s] /usr/local/include/g2o/core/base_fixed_sized_edge.hpp: In instantiation of ‘[01m[Kvoid g2o::BaseFixedSizedEdge<D, E, VertexTypes>::linearizeOplusN() [with int N = 0; int D = 1; E = const Eigen::Matrix<double, 2, 1>*; VertexTypes = {teb_local_planner::VertexPose}][m[K’:
[65.645s] [01m[K/usr/local/include/g2o/core/base_fixed_sized_edge.hpp:206:43:[m[K   required from ‘[01m[Kvoid g2o::BaseFixedSizedEdge<D, E, VertexTypes>::linearizeOplusNs(std::index_sequence<__var_indices ...>) [with long unsigned int ...Ints = {0}; int D = 1; E = const Eigen::Matrix<double, 2, 1>*; VertexTypes = {teb_local_planner::VertexPose}; std::index_sequence<__var_indices ...> = std::integer_sequence<long unsigned int, 0>][m[K’
[65.645s] [01m[K/usr/local/include/g2o/core/base_fixed_sized_edge.hpp:214:3:[m[K   required from ‘[01m[Kvoid g2o::BaseFixedSizedEdge<D, E, VertexTypes>::linearizeOplus() [with int D = 1; E = const Eigen::Matrix<double, 2, 1>*; VertexTypes = {teb_local_planner::VertexPose}][m[K’
[65.646s] [01m[K/usr/local/include/g2o/core/base_fixed_sized_edge.hpp:211:6:[m[K   required from here
[65.646s] [01m[K/usr/local/include/g2o/core/base_fixed_sized_edge.hpp:179:14:[m[K [01;31m[Kerror: [m[K‘[01m[KFixedArray[m[K’ {aka ‘[01m[Kclass ceres::internal::FixedArray<double, 3>[m[K’} has no member named ‘[01m[Kfill[m[K’
[65.646s]   179 |   [01;31m[Kadd_vertex.fill[m[K(0.);
[65.646s]       |   [01;31m[K~~~~~~~~~~~^~~~[m[K
[65.647s] [01m[K/usr/local/include/g2o/core/base_fixed_sized_edge.hpp:186:30:[m[K [01;31m[Kerror: [m[K‘[01m[KFixedArray[m[K’ {aka ‘[01m[Kclass ceres::internal::FixedArray<double, 3>[m[K’} has no member named ‘[01m[Kdata[m[K’
[65.647s]   186 |     vertex->oplus([01;31m[Kadd_vertex.data[m[K());
[65.647s]       |                   [01;31m[K~~~~~~~~~~~^~~~[m[K
[65.647s] [01m[K/usr/local/include/g2o/core/base_fixed_sized_edge.hpp:192:30:[m[K [01;31m[Kerror: [m[K‘[01m[KFixedArray[m[K’ {aka ‘[01m[Kclass ceres::internal::FixedArray<double, 3>[m[K’} has no member named ‘[01m[Kdata[m[K’
[65.648s]   192 |     vertex->oplus([01;31m[Kadd_vertex.data[m[K());
[65.651s]       |                   [01;31m[K~~~~~~~~~~~^~~~[m[K
[65.776s] /usr/local/include/g2o/core/base_fixed_sized_edge.hpp: In instantiation of ‘[01m[Kvoid g2o::BaseFixedSizedEdge<D, E, VertexTypes>::linearizeOplusN() [with int N = 0; int D = 2; E = const teb_local_planner::Obstacle*; VertexTypes = {teb_local_planner::VertexPose}][m[K’:
[65.777s] [01m[K/usr/local/include/g2o/core/base_fixed_sized_edge.hpp:206:43:[m[K   required from ‘[01m[Kvoid g2o::BaseFixedSizedEdge<D, E, VertexTypes>::linearizeOplusNs(std::index_sequence<__var_indices ...>) [with long unsigned int ...Ints = {0}; int D = 2; E = const teb_local_planner::Obstacle*; VertexTypes = {teb_local_planner::VertexPose}; std::index_sequence<__var_indices ...> = std::integer_sequence<long unsigned int, 0>][m[K’
[65.777s] [01m[K/usr/local/include/g2o/core/base_fixed_sized_edge.hpp:214:3:[m[K   required from ‘[01m[Kvoid g2o::BaseFixedSizedEdge<D, E, VertexTypes>::linearizeOplus() [with int D = 2; E = const teb_local_planner::Obstacle*; VertexTypes = {teb_local_planner::VertexPose}][m[K’
[65.777s] [01m[K/usr/local/include/g2o/core/base_fixed_sized_edge.hpp:211:6:[m[K   required from here
[65.777s] [01m[K/usr/local/include/g2o/core/base_fixed_sized_edge.hpp:179:14:[m[K [01;31m[Kerror: [m[K‘[01m[KFixedArray[m[K’ {aka ‘[01m[Kclass ceres::internal::FixedArray<double, 3>[m[K’} has no member named ‘[01m[Kfill[m[K’
[65.778s]   179 |   [01;31m[Kadd_vertex.fill[m[K(0.);
[65.778s]       |   [01;31m[K~~~~~~~~~~~^~~~[m[K
[65.778s] [01m[K/usr/local/include/g2o/core/base_fixed_sized_edge.hpp:186:30:[m[K [01;31m[Kerror: [m[K‘[01m[KFixedArray[m[K’ {aka ‘[01m[Kclass ceres::internal::FixedArray<double, 3>[m[K’} has no member named ‘[01m[Kdata[m[K’
[65.778s]   186 |     vertex->oplus([01;31m[Kadd_vertex.data[m[K());
[65.778s]       |                   [01;31m[K~~~~~~~~~~~^~~~[m[K
[65.779s] [01m[K/usr/local/include/g2o/core/base_fixed_sized_edge.hpp:192:30:[m[K [01;31m[Kerror: [m[K‘[01m[KFixedArray[m[K’ {aka ‘[01m[Kclass ceres::internal::FixedArray<double, 3>[m[K’} has no member named ‘[01m[Kdata[m[K’
[65.779s]   192 |     vertex->oplus([01;31m[Kadd_vertex.data[m[K());
[65.779s]       |                   [01;31m[K~~~~~~~~~~~^~~~[m[K
[65.808s] /usr/local/include/g2o/core/base_fixed_sized_edge.hpp: In instantiation of ‘[01m[Kvoid g2o::BaseFixedSizedEdge<D, E, VertexTypes>::linearizeOplusN() [with int N = 0; int D = 1; E = const teb_local_planner::Obstacle*; VertexTypes = {teb_local_planner::VertexPose}][m[K’:
[65.808s] [01m[K/usr/local/include/g2o/core/base_fixed_sized_edge.hpp:206:43:[m[K   required from ‘[01m[Kvoid g2o::BaseFixedSizedEdge<D, E, VertexTypes>::linearizeOplusNs(std::index_sequence<__var_indices ...>) [with long unsigned int ...Ints = {0}; int D = 1; E = const teb_local_planner::Obstacle*; VertexTypes = {teb_local_planner::VertexPose}; std::index_sequence<__var_indices ...> = std::integer_sequence<long unsigned int, 0>][m[K’
[65.808s] [01m[K/usr/local/include/g2o/core/base_fixed_sized_edge.hpp:214:3:[m[K   required from ‘[01m[Kvoid g2o::BaseFixedSizedEdge<D, E, VertexTypes>::linearizeOplus() [with int D = 1; E = const teb_local_planner::Obstacle*; VertexTypes = {teb_local_planner::VertexPose}][m[K’
[65.809s] [01m[K/usr/local/include/g2o/core/base_fixed_sized_edge.hpp:211:6:[m[K   required from here
[65.809s] [01m[K/usr/local/include/g2o/core/base_fixed_sized_edge.hpp:179:14:[m[K [01;31m[Kerror: [m[K‘[01m[KFixedArray[m[K’ {aka ‘[01m[Kclass ceres::internal::FixedArray<double, 3>[m[K’} has no member named ‘[01m[Kfill[m[K’
[65.809s]   179 |   [01;31m[Kadd_vertex.fill[m[K(0.);
[65.809s]       |   [01;31m[K~~~~~~~~~~~^~~~[m[K
[65.809s] [01m[K/usr/local/include/g2o/core/base_fixed_sized_edge.hpp:186:30:[m[K [01;31m[Kerror: [m[K‘[01m[KFixedArray[m[K’ {aka ‘[01m[Kclass ceres::internal::FixedArray<double, 3>[m[K’} has no member named ‘[01m[Kdata[m[K’
[65.809s]   186 |     vertex->oplus([01;31m[Kadd_vertex.data[m[K());
[65.809s]       |                   [01;31m[K~~~~~~~~~~~^~~~[m[K
[65.810s] [01m[K/usr/local/include/g2o/core/base_fixed_sized_edge.hpp:192:30:[m[K [01;31m[Kerror: [m[K‘[01m[KFixedArray[m[K’ {aka ‘[01m[Kclass ceres::internal::FixedArray<double, 3>[m[K’} has no member named ‘[01m[Kdata[m[K’
[65.810s]   192 |     vertex->oplus([01;31m[Kadd_vertex.data[m[K());
[65.810s]       |                   [01;31m[K~~~~~~~~~~~^~~~[m[K
[65.892s] /usr/local/include/g2o/core/base_fixed_sized_edge.hpp: In instantiation of ‘[01m[Kvoid g2o::BaseFixedSizedEdge<D, E, VertexTypes>::linearizeOplusN() [with int N = 0; int D = 1; E = double; VertexTypes = {teb_local_planner::VertexTimeDiff}][m[K’:
[65.892s] [01m[K/usr/local/include/g2o/core/base_fixed_sized_edge.hpp:206:43:[m[K   required from ‘[01m[Kvoid g2o::BaseFixedSizedEdge<D, E, VertexTypes>::linearizeOplusNs(std::index_sequence<__var_indices ...>) [with long unsigned int ...Ints = {0}; int D = 1; E = double; VertexTypes = {teb_local_planner::VertexTimeDiff}; std::index_sequence<__var_indices ...> = std::integer_sequence<long unsigned int, 0>][m[K’
[65.892s] [01m[K/usr/local/include/g2o/core/base_fixed_sized_edge.hpp:214:3:[m[K   required from ‘[01m[Kvoid g2o::BaseFixedSizedEdge<D, E, VertexTypes>::linearizeOplus() [with int D = 1; E = double; VertexTypes = {teb_local_planner::VertexTimeDiff}][m[K’
[65.892s] [01m[K/usr/local/include/g2o/core/base_fixed_sized_edge.hpp:211:6:[m[K   required from here
[65.892s] [01m[K/usr/local/include/g2o/core/base_fixed_sized_edge.hpp:179:14:[m[K [01;31m[Kerror: [m[K‘[01m[KFixedArray[m[K’ {aka ‘[01m[Kclass ceres::internal::FixedArray<double, 1>[m[K’} has no member named ‘[01m[Kfill[m[K’
[65.893s]   179 |   [01;31m[Kadd_vertex.fill[m[K(0.);
[65.893s]       |   [01;31m[K~~~~~~~~~~~^~~~[m[K
[65.893s] [01m[K/usr/local/include/g2o/core/base_fixed_sized_edge.hpp:186:30:[m[K [01;31m[Kerror: [m[K‘[01m[KFixedArray[m[K’ {aka ‘[01m[Kclass ceres::internal::FixedArray<double, 1>[m[K’} has no member named ‘[01m[Kdata[m[K’
[65.893s]   186 |     vertex->oplus([01;31m[Kadd_vertex.data[m[K());
[65.894s]       |                   [01;31m[K~~~~~~~~~~~^~~~[m[K
[65.894s] [01m[K/usr/local/include/g2o/core/base_fixed_sized_edge.hpp:192:30:[m[K [01;31m[Kerror: [m[K‘[01m[KFixedArray[m[K’ {aka ‘[01m[Kclass ceres::internal::FixedArray<double, 1>[m[K’} has no member named ‘[01m[Kdata[m[K’
[65.894s]   192 |     vertex->oplus([01;31m[Kadd_vertex.data[m[K());
[65.894s]       |                   [01;31m[K~~~~~~~~~~~^~~~[m[K
[65.919s] /usr/local/include/g2o/core/base_fixed_sized_edge.hpp: In instantiation of ‘[01m[Kvoid g2o::BaseFixedSizedEdge<D, E, VertexTypes>::linearizeOplusN() [with int N = 0; int D = 2; E = double; VertexTypes = {teb_local_planner::VertexPose, teb_local_planner::VertexPose}][m[K’:
[65.920s] [01m[K/usr/local/include/g2o/core/base_fixed_sized_edge.hpp:206:43:[m[K   required from ‘[01m[Kvoid g2o::BaseFixedSizedEdge<D, E, VertexTypes>::linearizeOplusNs(std::index_sequence<__var_indices ...>) [with long unsigned int ...Ints = {0, 1}; int D = 2; E = double; VertexTypes = {teb_local_planner::VertexPose, teb_local_planner::VertexPose}; std::index_sequence<__var_indices ...> = std::integer_sequence<long unsigned int, 0, 1>][m[K’
[65.920s] [01m[K/usr/local/include/g2o/core/base_fixed_sized_edge.hpp:214:3:[m[K   required from ‘[01m[Kvoid g2o::BaseFixedSizedEdge<D, E, VertexTypes>::linearizeOplus() [with int D = 2; E = double; VertexTypes = {teb_local_planner::VertexPose, teb_local_planner::VertexPose}][m[K’
[65.920s] [01m[K/usr/local/include/g2o/core/base_fixed_sized_edge.hpp:211:6:[m[K   required from here
[65.920s] [01m[K/usr/local/include/g2o/core/base_fixed_sized_edge.hpp:179:14:[m[K [01;31m[Kerror: [m[K‘[01m[KFixedArray[m[K’ {aka ‘[01m[Kclass ceres::internal::FixedArray<double, 3>[m[K’} has no member named ‘[01m[Kfill[m[K’
[65.920s]   179 |   [01;31m[Kadd_vertex.fill[m[K(0.);
[65.920s]       |   [01;31m[K~~~~~~~~~~~^~~~[m[K
[65.921s] [01m[K/usr/local/include/g2o/core/base_fixed_sized_edge.hpp:186:30:[m[K [01;31m[Kerror: [m[K‘[01m[KFixedArray[m[K’ {aka ‘[01m[Kclass ceres::internal::FixedArray<double, 3>[m[K’} has no member named ‘[01m[Kdata[m[K’
[65.921s]   186 |     vertex->oplus([01;31m[Kadd_vertex.data[m[K());
[65.921s]       |                   [01;31m[K~~~~~~~~~~~^~~~[m[K
[65.921s] [01m[K/usr/local/include/g2o/core/base_fixed_sized_edge.hpp:192:30:[m[K [01;31m[Kerror: [m[K‘[01m[KFixedArray[m[K’ {aka ‘[01m[Kclass ceres::internal::FixedArray<double, 3>[m[K’} has no member named ‘[01m[Kdata[m[K’
[65.922s]   192 |     vertex->oplus([01;31m[Kadd_vertex.data[m[K());
[65.922s]       |                   [01;31m[K~~~~~~~~~~~^~~~[m[K
[65.922s] /usr/local/include/g2o/core/base_fixed_sized_edge.hpp: In instantiation of ‘[01m[Kvoid g2o::BaseFixedSizedEdge<D, E, VertexTypes>::linearizeOplusN() [with int N = 1; int D = 2; E = double; VertexTypes = {teb_local_planner::VertexPose, teb_local_planner::VertexPose}][m[K’:
[65.922s] [01m[K/usr/local/include/g2o/core/base_fixed_sized_edge.hpp:206:43:[m[K   required from ‘[01m[Kvoid g2o::BaseFixedSizedEdge<D, E, VertexTypes>::linearizeOplusNs(std::index_sequence<__var_indices ...>) [with long unsigned int ...Ints = {0, 1}; int D = 2; E = double; VertexTypes = {teb_local_planner::VertexPose, teb_local_planner::VertexPose}; std::index_sequence<__var_indices ...> = std::integer_sequence<long unsigned int, 0, 1>][m[K’
[65.922s] [01m[K/usr/local/include/g2o/core/base_fixed_sized_edge.hpp:214:3:[m[K   required from ‘[01m[Kvoid g2o::BaseFixedSizedEdge<D, E, VertexTypes>::linearizeOplus() [with int D = 2; E = double; VertexTypes = {teb_local_planner::VertexPose, teb_local_planner::VertexPose}][m[K’
[65.922s] [01m[K/usr/local/include/g2o/core/base_fixed_sized_edge.hpp:211:6:[m[K   required from here
[65.922s] [01m[K/usr/local/include/g2o/core/base_fixed_sized_edge.hpp:179:14:[m[K [01;31m[Kerror: [m[K‘[01m[KFixedArray[m[K’ {aka ‘[01m[Kclass ceres::internal::FixedArray<double, 3>[m[K’} has no member named ‘[01m[Kfill[m[K’
[65.923s]   179 |   [01;31m[Kadd_vertex.fill[m[K(0.);
[65.923s]       |   [01;31m[K~~~~~~~~~~~^~~~[m[K
[65.923s] [01m[K/usr/local/include/g2o/core/base_fixed_sized_edge.hpp:186:30:[m[K [01;31m[Kerror: [m[K‘[01m[KFixedArray[m[K’ {aka ‘[01m[Kclass ceres::internal::FixedArray<double, 3>[m[K’} has no member named ‘[01m[Kdata[m[K’
[65.924s]   186 |     vertex->oplus([01;31m[Kadd_vertex.data[m[K());
[65.924s]       |                   [01;31m[K~~~~~~~~~~~^~~~[m[K
[65.924s] [01m[K/usr/local/include/g2o/core/base_fixed_sized_edge.hpp:192:30:[m[K [01;31m[Kerror: [m[K‘[01m[KFixedArray[m[K’ {aka ‘[01m[Kclass ceres::internal::FixedArray<double, 3>[m[K’} has no member named ‘[01m[Kdata[m[K’
[65.924s]   192 |     vertex->oplus([01;31m[Kadd_vertex.data[m[K());
[65.925s]       |                   [01;31m[K~~~~~~~~~~~^~~~[m[K
[67.492s] In file included from [01m[K/opt/ros/galactic/include/pluginlib/class_loader_imp.hpp:73[m[K,
[67.492s]                  from [01m[K/opt/ros/galactic/include/pluginlib/class_loader.hpp:356[m[K,
[67.492s]                  from [01m[K/home/mike/turtlebot3_ws/src/turtlebot3/teb_local_planner/teb_local_planner/include/teb_local_planner/teb_local_planner_ros.h:42[m[K,
[67.492s]                  from [01m[K/home/mike/turtlebot3_ws/src/turtlebot3/teb_local_planner/teb_local_planner/src/teb_local_planner_ros.cpp:39[m[K:
[67.492s] [01m[K/home/mike/turtlebot3_ws/install/costmap_converter/include/costmap_converter/costmap_converter_interface.h:[m[K In member function ‘[01m[Kvoid costmap_converter::BaseCostmapToPolygons::startWorker(rclcpp::GenericRate<std::chrono::_V2::system_clock>::SharedPtr, nav2_costmap_2d::Costmap2D*, bool)[m[K’:
[67.493s] [01m[K/home/mike/turtlebot3_ws/install/costmap_converter/include/costmap_converter/costmap_converter_interface.h:197:41:[m[K [01;35m[Kwarning: [m[Ktoo many arguments for format [[01;35m[K-Wformat-extra-args[m[K]
[67.493s]   197 |         RCLCPP_DEBUG(nh_->get_logger(), [01;35m[K"costmap_converter"[m[K, "Spinning up a thread for the CostmapToPolygons plugin");
[67.493s]       |                                         [01;35m[K^~~~~~~~~~~~~~~~~~~[m[K
[67.528s] [01m[K/home/mike/turtlebot3_ws/install/costmap_converter/include/costmap_converter/costmap_converter_interface.h:[m[K In member function ‘[01m[Kvoid costmap_converter::BaseCostmapToDynamicObstacles::loadStaticCostmapConverterPlugin(const string&, rclcpp::Node::SharedPtr)[m[K’:
[67.528s] [01m[K/home/mike/turtlebot3_ws/install/costmap_converter/include/costmap_converter/costmap_converter_interface.h:313:32:[m[K [01;35m[Kwarning: [m[Kformat ‘[01m[K%s[m[K’ expects argument of type ‘[01m[Kchar*[m[K’, but argument 5 has type ‘[01m[Kconst string[m[K’ {aka ‘[01m[Kconst std::__cxx11::basic_string<char>[m[K’} [[01;35m[K-Wformat=[m[K]
[67.528s]   313 |       RCLCPP_INFO(getLogger(), [01;35m[K"CostmapToDynamicObstacles: underlying costmap conversion plugin for static obstacles %s loaded."[m[K, plugin_name);
[67.528s]       |                                [01;35m[K^~~~~~~~~~~~~~~~~~~~~~~~~~~~~~~~~~~~~~~~~~~~~~~~~~~~~~~~~~~~~~~~~~~~~~~~~~~~~~~~~~~~~~~~~~~~~~~~~[m[K
[67.528s] In file included from [01m[K/home/mike/turtlebot3_ws/src/turtlebot3/teb_local_planner/teb_local_planner/include/teb_local_planner/teb_local_planner_ros.h:68[m[K,
[67.528s]                  from [01m[K/home/mike/turtlebot3_ws/src/turtlebot3/teb_local_planner/teb_local_planner/src/teb_local_planner_ros.cpp:39[m[K:
[67.529s] [01m[K/home/mike/turtlebot3_ws/install/costmap_converter/include/costmap_converter/costmap_converter_interface.h:313:119:[m[K [01;36m[Knote: [m[Kformat string is defined here
[67.529s]   313 |       RCLCPP_INFO(getLogger(), "CostmapToDynamicObstacles: underlying costmap conversion plugin for static obstacles [01;36m[K%s[m[K loaded.", plugin_name);
[67.529s]       |                                                                                                                      [01;36m[K~^[m[K
[67.530s]       |                                                                                                                       [01;36m[K|[m[K
[67.530s]       |                                                                                                                       [01;36m[Kchar*[m[K
[71.908s] make[2]: *** [CMakeFiles/teb_local_planner.dir/build.make:141: CMakeFiles/teb_local_planner.dir/src/homotopy_class_planner.cpp.o] Error 1
[76.307s] In file included from [01m[K/usr/local/include/g2o/core/base_fixed_sized_edge.h:311[m[K,
[76.307s]                  from [01m[K/usr/local/include/g2o/core/base_binary_edge.h:30[m[K,
[76.308s]                  from [01m[K/home/mike/turtlebot3_ws/src/turtlebot3/teb_local_planner/teb_local_planner/include/teb_local_planner/g2o_types/base_teb_edges.h:49[m[K,
[76.308s]                  from [01m[K/home/mike/turtlebot3_ws/src/turtlebot3/teb_local_planner/teb_local_planner/include/teb_local_planner/g2o_types/edge_velocity.h:49[m[K,
[76.308s]                  from [01m[K/home/mike/turtlebot3_ws/src/turtlebot3/teb_local_planner/teb_local_planner/include/teb_local_planner/optimal_planner.h:63[m[K,
[76.308s]                  from [01m[K/home/mike/turtlebot3_ws/src/turtlebot3/teb_local_planner/teb_local_planner/include/teb_local_planner/teb_local_planner_ros.h:50[m[K,
[76.308s]                  from [01m[K/home/mike/turtlebot3_ws/src/turtlebot3/teb_local_planner/teb_local_planner/src/teb_local_planner_ros.cpp:39[m[K:
[76.308s] /usr/local/include/g2o/core/base_fixed_sized_edge.hpp: In instantiation of ‘[01m[Kvoid g2o::BaseFixedSizedEdge<D, E, VertexTypes>::linearizeOplusN() [with int N = 0; int D = 1; E = double; VertexTypes = {teb_local_planner::VertexPose, teb_local_planner::VertexPose}][m[K’:
[76.309s] [01m[K/usr/local/include/g2o/core/base_fixed_sized_edge.hpp:206:43:[m[K   required from ‘[01m[Kvoid g2o::BaseFixedSizedEdge<D, E, VertexTypes>::linearizeOplusNs(std::index_sequence<_Ind ...>) [with long unsigned int ...Ints = {0, 1}; int D = 1; E = double; VertexTypes = {teb_local_planner::VertexPose, teb_local_planner::VertexPose}; std::index_sequence<_Ind ...> = std::integer_sequence<long unsigned int, 0, 1>][m[K’
[76.309s] [01m[K/usr/local/include/g2o/core/base_fixed_sized_edge.hpp:214:3:[m[K   required from ‘[01m[Kvoid g2o::BaseFixedSizedEdge<D, E, VertexTypes>::linearizeOplus() [with int D = 1; E = double; VertexTypes = {teb_local_planner::VertexPose, teb_local_planner::VertexPose}][m[K’
[76.309s] [01m[K/usr/local/include/g2o/core/base_fixed_sized_edge.hpp:211:6:[m[K   required from here
[76.309s] [01m[K/usr/local/include/g2o/core/base_fixed_sized_edge.hpp:179:14:[m[K [01;31m[Kerror: [m[K‘[01m[KFixedArray[m[K’ {aka ‘[01m[Kclass ceres::internal::FixedArray<double, 3>[m[K’} has no member named ‘[01m[Kfill[m[K’
[76.309s]   179 |   [01;31m[Kadd_vertex.fill[m[K(0.);
[76.309s]       |   [01;31m[K~~~~~~~~~~~^~~~[m[K
[76.310s] [01m[K/usr/local/include/g2o/core/base_fixed_sized_edge.hpp:186:30:[m[K [01;31m[Kerror: [m[K‘[01m[KFixedArray[m[K’ {aka ‘[01m[Kclass ceres::internal::FixedArray<double, 3>[m[K’} has no member named ‘[01m[Kdata[m[K’
[76.310s]   186 |     vertex->oplus([01;31m[Kadd_vertex.data[m[K());
[76.310s]       |                   [01;31m[K~~~~~~~~~~~^~~~[m[K
[76.310s] [01m[K/usr/local/include/g2o/core/base_fixed_sized_edge.hpp:192:30:[m[K [01;31m[Kerror: [m[K‘[01m[KFixedArray[m[K’ {aka ‘[01m[Kclass ceres::internal::FixedArray<double, 3>[m[K’} has no member named ‘[01m[Kdata[m[K’
[76.310s]   192 |     vertex->oplus([01;31m[Kadd_vertex.data[m[K());
[76.310s]       |                   [01;31m[K~~~~~~~~~~~^~~~[m[K
[76.327s] /usr/local/include/g2o/core/base_fixed_sized_edge.hpp: In instantiation of ‘[01m[Kvoid g2o::BaseFixedSizedEdge<D, E, VertexTypes>::linearizeOplusN() [with int N = 1; int D = 1; E = double; VertexTypes = {teb_local_planner::VertexPose, teb_local_planner::VertexPose}][m[K’:
[76.327s] [01m[K/usr/local/include/g2o/core/base_fixed_sized_edge.hpp:206:43:[m[K   required from ‘[01m[Kvoid g2o::BaseFixedSizedEdge<D, E, VertexTypes>::linearizeOplusNs(std::index_sequence<_Ind ...>) [with long unsigned int ...Ints = {0, 1}; int D = 1; E = double; VertexTypes = {teb_local_planner::VertexPose, teb_local_planner::VertexPose}; std::index_sequence<_Ind ...> = std::integer_sequence<long unsigned int, 0, 1>][m[K’
[76.327s] [01m[K/usr/local/include/g2o/core/base_fixed_sized_edge.hpp:214:3:[m[K   required from ‘[01m[Kvoid g2o::BaseFixedSizedEdge<D, E, VertexTypes>::linearizeOplus() [with int D = 1; E = double; VertexTypes = {teb_local_planner::VertexPose, teb_local_planner::VertexPose}][m[K’
[76.328s] [01m[K/usr/local/include/g2o/core/base_fixed_sized_edge.hpp:211:6:[m[K   required from here
[76.328s] [01m[K/usr/local/include/g2o/core/base_fixed_sized_edge.hpp:179:14:[m[K [01;31m[Kerror: [m[K‘[01m[KFixedArray[m[K’ {aka ‘[01m[Kclass ceres::internal::FixedArray<double, 3>[m[K’} has no member named ‘[01m[Kfill[m[K’
[76.328s]   179 |   [01;31m[Kadd_vertex.fill[m[K(0.);
[76.328s]       |   [01;31m[K~~~~~~~~~~~^~~~[m[K
[76.329s] [01m[K/usr/local/include/g2o/core/base_fixed_sized_edge.hpp:186:30:[m[K [01;31m[Kerror: [m[K‘[01m[KFixedArray[m[K’ {aka ‘[01m[Kclass ceres::internal::FixedArray<double, 3>[m[K’} has no member named ‘[01m[Kdata[m[K’
[76.329s]   186 |     vertex->oplus([01;31m[Kadd_vertex.data[m[K());
[76.329s]       |                   [01;31m[K~~~~~~~~~~~^~~~[m[K
[76.329s] [01m[K/usr/local/include/g2o/core/base_fixed_sized_edge.hpp:192:30:[m[K [01;31m[Kerror: [m[K‘[01m[KFixedArray[m[K’ {aka ‘[01m[Kclass ceres::internal::FixedArray<double, 3>[m[K’} has no member named ‘[01m[Kdata[m[K’
[76.330s]   192 |     vertex->oplus([01;31m[Kadd_vertex.data[m[K());
[76.330s]       |                   [01;31m[K~~~~~~~~~~~^~~~[m[K
[76.330s] /usr/local/include/g2o/core/base_fixed_sized_edge.hpp: In instantiation of ‘[01m[Kvoid g2o::BaseFixedSizedEdge<D, E, VertexTypes>::linearizeOplusN() [with int N = 0; int D = 1; E = const Eigen::Matrix<double, 2, 1>*; VertexTypes = {teb_local_planner::VertexPose}][m[K’:
[76.330s] [01m[K/usr/local/include/g2o/core/base_fixed_sized_edge.hpp:206:43:[m[K   required from ‘[01m[Kvoid g2o::BaseFixedSizedEdge<D, E, VertexTypes>::linearizeOplusNs(std::index_sequence<_Ind ...>) [with long unsigned int ...Ints = {0}; int D = 1; E = const Eigen::Matrix<double, 2, 1>*; VertexTypes = {teb_local_planner::VertexPose}; std::index_sequence<_Ind ...> = std::integer_sequence<long unsigned int, 0>][m[K’
[76.330s] [01m[K/usr/local/include/g2o/core/base_fixed_sized_edge.hpp:214:3:[m[K   required from ‘[01m[Kvoid g2o::BaseFixedSizedEdge<D, E, VertexTypes>::linearizeOplus() [with int D = 1; E = const Eigen::Matrix<double, 2, 1>*; VertexTypes = {teb_local_planner::VertexPose}][m[K’
[76.331s] [01m[K/usr/local/include/g2o/core/base_fixed_sized_edge.hpp:211:6:[m[K   required from here
[76.331s] [01m[K/usr/local/include/g2o/core/base_fixed_sized_edge.hpp:179:14:[m[K [01;31m[Kerror: [m[K‘[01m[KFixedArray[m[K’ {aka ‘[01m[Kclass ceres::internal::FixedArray<double, 3>[m[K’} has no member named ‘[01m[Kfill[m[K’
[76.331s]   179 |   [01;31m[Kadd_vertex.fill[m[K(0.);
[76.331s]       |   [01;31m[K~~~~~~~~~~~^~~~[m[K
[76.331s] [01m[K/usr/local/include/g2o/core/base_fixed_sized_edge.hpp:186:30:[m[K [01;31m[Kerror: [m[K‘[01m[KFixedArray[m[K’ {aka ‘[01m[Kclass ceres::internal::FixedArray<double, 3>[m[K’} has no member named ‘[01m[Kdata[m[K’
[76.332s]   186 |     vertex->oplus([01;31m[Kadd_vertex.data[m[K());
[76.332s]       |                   [01;31m[K~~~~~~~~~~~^~~~[m[K
[76.332s] [01m[K/usr/local/include/g2o/core/base_fixed_sized_edge.hpp:192:30:[m[K [01;31m[Kerror: [m[K‘[01m[KFixedArray[m[K’ {aka ‘[01m[Kclass ceres::internal::FixedArray<double, 3>[m[K’} has no member named ‘[01m[Kdata[m[K’
[76.332s]   192 |     vertex->oplus([01;31m[Kadd_vertex.data[m[K());
[76.333s]       |                   [01;31m[K~~~~~~~~~~~^~~~[m[K
[76.412s] /usr/local/include/g2o/core/base_fixed_sized_edge.hpp: In instantiation of ‘[01m[Kvoid g2o::BaseFixedSizedEdge<D, E, VertexTypes>::linearizeOplusN() [with int N = 0; int D = 2; E = const teb_local_planner::Obstacle*; VertexTypes = {teb_local_planner::VertexPose}][m[K’:
[76.412s] [01m[K/usr/local/include/g2o/core/base_fixed_sized_edge.hpp:206:43:[m[K   required from ‘[01m[Kvoid g2o::BaseFixedSizedEdge<D, E, VertexTypes>::linearizeOplusNs(std::index_sequence<_Ind ...>) [with long unsigned int ...Ints = {0}; int D = 2; E = const teb_local_planner::Obstacle*; VertexTypes = {teb_local_planner::VertexPose}; std::index_sequence<_Ind ...> = std::integer_sequence<long unsigned int, 0>][m[K’
[76.413s] [01m[K/usr/local/include/g2o/core/base_fixed_sized_edge.hpp:214:3:[m[K   required from ‘[01m[Kvoid g2o::BaseFixedSizedEdge<D, E, VertexTypes>::linearizeOplus() [with int D = 2; E = const teb_local_planner::Obstacle*; VertexTypes = {teb_local_planner::VertexPose}][m[K’
[76.413s] [01m[K/usr/local/include/g2o/core/base_fixed_sized_edge.hpp:211:6:[m[K   required from here
[76.413s] [01m[K/usr/local/include/g2o/core/base_fixed_sized_edge.hpp:179:14:[m[K [01;31m[Kerror: [m[K‘[01m[KFixedArray[m[K’ {aka ‘[01m[Kclass ceres::internal::FixedArray<double, 3>[m[K’} has no member named ‘[01m[Kfill[m[K’
[76.413s]   179 |   [01;31m[Kadd_vertex.fill[m[K(0.);
[76.413s]       |   [01;31m[K~~~~~~~~~~~^~~~[m[K
[76.414s] [01m[K/usr/local/include/g2o/core/base_fixed_sized_edge.hpp:186:30:[m[K [01;31m[Kerror: [m[K‘[01m[KFixedArray[m[K’ {aka ‘[01m[Kclass ceres::internal::FixedArray<double, 3>[m[K’} has no member named ‘[01m[Kdata[m[K’
[76.414s]   186 |     vertex->oplus([01;31m[Kadd_vertex.data[m[K());
[76.414s]       |                   [01;31m[K~~~~~~~~~~~^~~~[m[K
[76.414s] [01m[K/usr/local/include/g2o/core/base_fixed_sized_edge.hpp:192:30:[m[K [01;31m[Kerror: [m[K‘[01m[KFixedArray[m[K’ {aka ‘[01m[Kclass ceres::internal::FixedArray<double, 3>[m[K’} has no member named ‘[01m[Kdata[m[K’
[76.414s]   192 |     vertex->oplus([01;31m[Kadd_vertex.data[m[K());
[76.415s]       |                   [01;31m[K~~~~~~~~~~~^~~~[m[K
[76.433s] /usr/local/include/g2o/core/base_fixed_sized_edge.hpp: In instantiation of ‘[01m[Kvoid g2o::BaseFixedSizedEdge<D, E, VertexTypes>::linearizeOplusN() [with int N = 0; int D = 1; E = const teb_local_planner::Obstacle*; VertexTypes = {teb_local_planner::VertexPose}][m[K’:
[76.434s] [01m[K/usr/local/include/g2o/core/base_fixed_sized_edge.hpp:206:43:[m[K   required from ‘[01m[Kvoid g2o::BaseFixedSizedEdge<D, E, VertexTypes>::linearizeOplusNs(std::index_sequence<_Ind ...>) [with long unsigned int ...Ints = {0}; int D = 1; E = const teb_local_planner::Obstacle*; VertexTypes = {teb_local_planner::VertexPose}; std::index_sequence<_Ind ...> = std::integer_sequence<long unsigned int, 0>][m[K’
[76.434s] [01m[K/usr/local/include/g2o/core/base_fixed_sized_edge.hpp:214:3:[m[K   required from ‘[01m[Kvoid g2o::BaseFixedSizedEdge<D, E, VertexTypes>::linearizeOplus() [with int D = 1; E = const teb_local_planner::Obstacle*; VertexTypes = {teb_local_planner::VertexPose}][m[K’
[76.434s] [01m[K/usr/local/include/g2o/core/base_fixed_sized_edge.hpp:211:6:[m[K   required from here
[76.434s] [01m[K/usr/local/include/g2o/core/base_fixed_sized_edge.hpp:179:14:[m[K [01;31m[Kerror: [m[K‘[01m[KFixedArray[m[K’ {aka ‘[01m[Kclass ceres::internal::FixedArray<double, 3>[m[K’} has no member named ‘[01m[Kfill[m[K’
[76.434s]   179 |   [01;31m[Kadd_vertex.fill[m[K(0.);
[76.434s]       |   [01;31m[K~~~~~~~~~~~^~~~[m[K
[76.435s] [01m[K/usr/local/include/g2o/core/base_fixed_sized_edge.hpp:186:30:[m[K [01;31m[Kerror: [m[K‘[01m[KFixedArray[m[K’ {aka ‘[01m[Kclass ceres::internal::FixedArray<double, 3>[m[K’} has no member named ‘[01m[Kdata[m[K’
[76.435s]   186 |     vertex->oplus([01;31m[Kadd_vertex.data[m[K());
[76.435s]       |                   [01;31m[K~~~~~~~~~~~^~~~[m[K
[76.435s] [01m[K/usr/local/include/g2o/core/base_fixed_sized_edge.hpp:192:30:[m[K [01;31m[Kerror: [m[K‘[01m[KFixedArray[m[K’ {aka ‘[01m[Kclass ceres::internal::FixedArray<double, 3>[m[K’} has no member named ‘[01m[Kdata[m[K’
[76.435s]   192 |     vertex->oplus([01;31m[Kadd_vertex.data[m[K());
[76.435s]       |                   [01;31m[K~~~~~~~~~~~^~~~[m[K
[76.503s] /usr/local/include/g2o/core/base_fixed_sized_edge.hpp: In instantiation of ‘[01m[Kvoid g2o::BaseFixedSizedEdge<D, E, VertexTypes>::linearizeOplusN() [with int N = 0; int D = 1; E = double; VertexTypes = {teb_local_planner::VertexTimeDiff}][m[K’:
[76.503s] [01m[K/usr/local/include/g2o/core/base_fixed_sized_edge.hpp:206:43:[m[K   required from ‘[01m[Kvoid g2o::BaseFixedSizedEdge<D, E, VertexTypes>::linearizeOplusNs(std::index_sequence<_Ind ...>) [with long unsigned int ...Ints = {0}; int D = 1; E = double; VertexTypes = {teb_local_planner::VertexTimeDiff}; std::index_sequence<_Ind ...> = std::integer_sequence<long unsigned int, 0>][m[K’
[76.504s] [01m[K/usr/local/include/g2o/core/base_fixed_sized_edge.hpp:214:3:[m[K   required from ‘[01m[Kvoid g2o::BaseFixedSizedEdge<D, E, VertexTypes>::linearizeOplus() [with int D = 1; E = double; VertexTypes = {teb_local_planner::VertexTimeDiff}][m[K’
[76.504s] [01m[K/usr/local/include/g2o/core/base_fixed_sized_edge.hpp:211:6:[m[K   required from here
[76.504s] [01m[K/usr/local/include/g2o/core/base_fixed_sized_edge.hpp:179:14:[m[K [01;31m[Kerror: [m[K‘[01m[KFixedArray[m[K’ {aka ‘[01m[Kclass ceres::internal::FixedArray<double, 1>[m[K’} has no member named ‘[01m[Kfill[m[K’
[76.504s]   179 |   [01;31m[Kadd_vertex.fill[m[K(0.);
[76.504s]       |   [01;31m[K~~~~~~~~~~~^~~~[m[K
[76.505s] [01m[K/usr/local/include/g2o/core/base_fixed_sized_edge.hpp:186:30:[m[K [01;31m[Kerror: [m[K‘[01m[KFixedArray[m[K’ {aka ‘[01m[Kclass ceres::internal::FixedArray<double, 1>[m[K’} has no member named ‘[01m[Kdata[m[K’
[76.505s]   186 |     vertex->oplus([01;31m[Kadd_vertex.data[m[K());
[76.505s]       |                   [01;31m[K~~~~~~~~~~~^~~~[m[K
[76.505s] [01m[K/usr/local/include/g2o/core/base_fixed_sized_edge.hpp:192:30:[m[K [01;31m[Kerror: [m[K‘[01m[KFixedArray[m[K’ {aka ‘[01m[Kclass ceres::internal::FixedArray<double, 1>[m[K’} has no member named ‘[01m[Kdata[m[K’
[76.505s]   192 |     vertex->oplus([01;31m[Kadd_vertex.data[m[K());
[76.505s]       |                   [01;31m[K~~~~~~~~~~~^~~~[m[K
[76.529s] /usr/local/include/g2o/core/base_fixed_sized_edge.hpp: In instantiation of ‘[01m[Kvoid g2o::BaseFixedSizedEdge<D, E, VertexTypes>::linearizeOplusN() [with int N = 0; int D = 2; E = double; VertexTypes = {teb_local_planner::VertexPose, teb_local_planner::VertexPose}][m[K’:
[76.529s] [01m[K/usr/local/include/g2o/core/base_fixed_sized_edge.hpp:206:43:[m[K   required from ‘[01m[Kvoid g2o::BaseFixedSizedEdge<D, E, VertexTypes>::linearizeOplusNs(std::index_sequence<_Ind ...>) [with long unsigned int ...Ints = {0, 1}; int D = 2; E = double; VertexTypes = {teb_local_planner::VertexPose, teb_local_planner::VertexPose}; std::index_sequence<_Ind ...> = std::integer_sequence<long unsigned int, 0, 1>][m[K’
[76.529s] [01m[K/usr/local/include/g2o/core/base_fixed_sized_edge.hpp:214:3:[m[K   required from ‘[01m[Kvoid g2o::BaseFixedSizedEdge<D, E, VertexTypes>::linearizeOplus() [with int D = 2; E = double; VertexTypes = {teb_local_planner::VertexPose, teb_local_planner::VertexPose}][m[K’
[76.530s] [01m[K/usr/local/include/g2o/core/base_fixed_sized_edge.hpp:211:6:[m[K   required from here
[76.530s] [01m[K/usr/local/include/g2o/core/base_fixed_sized_edge.hpp:179:14:[m[K [01;31m[Kerror: [m[K‘[01m[KFixedArray[m[K’ {aka ‘[01m[Kclass ceres::internal::FixedArray<double, 3>[m[K’} has no member named ‘[01m[Kfill[m[K’
[76.530s]   179 |   [01;31m[Kadd_vertex.fill[m[K(0.);
[76.530s]       |   [01;31m[K~~~~~~~~~~~^~~~[m[K
[76.531s] [01m[K/usr/local/include/g2o/core/base_fixed_sized_edge.hpp:186:30:[m[K [01;31m[Kerror: [m[K‘[01m[KFixedArray[m[K’ {aka ‘[01m[Kclass ceres::internal::FixedArray<double, 3>[m[K’} has no member named ‘[01m[Kdata[m[K’
[76.531s]   186 |     vertex->oplus([01;31m[Kadd_vertex.data[m[K());
[76.531s]       |                   [01;31m[K~~~~~~~~~~~^~~~[m[K
[76.531s] [01m[K/usr/local/include/g2o/core/base_fixed_sized_edge.hpp:192:30:[m[K [01;31m[Kerror: [m[K‘[01m[KFixedArray[m[K’ {aka ‘[01m[Kclass ceres::internal::FixedArray<double, 3>[m[K’} has no member named ‘[01m[Kdata[m[K’
[76.531s]   192 |     vertex->oplus([01;31m[Kadd_vertex.data[m[K());
[76.531s]       |                   [01;31m[K~~~~~~~~~~~^~~~[m[K
[76.532s] /usr/local/include/g2o/core/base_fixed_sized_edge.hpp: In instantiation of ‘[01m[Kvoid g2o::BaseFixedSizedEdge<D, E, VertexTypes>::linearizeOplusN() [with int N = 1; int D = 2; E = double; VertexTypes = {teb_local_planner::VertexPose, teb_local_planner::VertexPose}][m[K’:
[76.532s] [01m[K/usr/local/include/g2o/core/base_fixed_sized_edge.hpp:206:43:[m[K   required from ‘[01m[Kvoid g2o::BaseFixedSizedEdge<D, E, VertexTypes>::linearizeOplusNs(std::index_sequence<_Ind ...>) [with long unsigned int ...Ints = {0, 1}; int D = 2; E = double; VertexTypes = {teb_local_planner::VertexPose, teb_local_planner::VertexPose}; std::index_sequence<_Ind ...> = std::integer_sequence<long unsigned int, 0, 1>][m[K’
[76.532s] [01m[K/usr/local/include/g2o/core/base_fixed_sized_edge.hpp:214:3:[m[K   required from ‘[01m[Kvoid g2o::BaseFixedSizedEdge<D, E, VertexTypes>::linearizeOplus() [with int D = 2; E = double; VertexTypes = {teb_local_planner::VertexPose, teb_local_planner::VertexPose}][m[K’
[76.532s] [01m[K/usr/local/include/g2o/core/base_fixed_sized_edge.hpp:211:6:[m[K   required from here
[76.533s] [01m[K/usr/local/include/g2o/core/base_fixed_sized_edge.hpp:179:14:[m[K [01;31m[Kerror: [m[K‘[01m[KFixedArray[m[K’ {aka ‘[01m[Kclass ceres::internal::FixedArray<double, 3>[m[K’} has no member named ‘[01m[Kfill[m[K’
[76.533s]   179 |   [01;31m[Kadd_vertex.fill[m[K(0.);
[76.533s]       |   [01;31m[K~~~~~~~~~~~^~~~[m[K
[76.533s] [01m[K/usr/local/include/g2o/core/base_fixed_sized_edge.hpp:186:30:[m[K [01;31m[Kerror: [m[K‘[01m[KFixedArray[m[K’ {aka ‘[01m[Kclass ceres::internal::FixedArray<double, 3>[m[K’} has no member named ‘[01m[Kdata[m[K’
[76.533s]   186 |     vertex->oplus([01;31m[Kadd_vertex.data[m[K());
[76.534s]       |                   [01;31m[K~~~~~~~~~~~^~~~[m[K
[76.534s] [01m[K/usr/local/include/g2o/core/base_fixed_sized_edge.hpp:192:30:[m[K [01;31m[Kerror: [m[K‘[01m[KFixedArray[m[K’ {aka ‘[01m[Kclass ceres::internal::FixedArray<double, 3>[m[K’} has no member named ‘[01m[Kdata[m[K’
[76.534s]   192 |     vertex->oplus([01;31m[Kadd_vertex.data[m[K());
[76.534s]       |                   [01;31m[K~~~~~~~~~~~^~~~[m[K
[84.856s] make[2]: *** [CMakeFiles/teb_local_planner.dir/build.make:154: CMakeFiles/teb_local_planner.dir/src/teb_local_planner_ros.cpp.o] Error 1
[84.857s] make[1]: *** [CMakeFiles/Makefile2:78: CMakeFiles/teb_local_planner.dir/all] Error 2
[84.857s] make: *** [Makefile:141: all] Error 2
[84.860s] Invoked command in '/home/mike/turtlebot3_ws/build/teb_local_planner' returned '2': AMENT_PREFIX_PATH=/home/mike/turtlebot3_ws/install/teb_msgs:/home/mike/turtlebot3_ws/install/costmap_converter:/home/mike/turtlebot3_ws/install/costmap_converter_msgs:${AMENT_PREFIX_PATH} CMAKE_PREFIX_PATH=/home/mike/turtlebot3_ws/install/teb_msgs:/home/mike/turtlebot3_ws/install/costmap_converter:/home/mike/turtlebot3_ws/install/costmap_converter_msgs:/opt/ros/galactic LD_LIBRARY_PATH=/home/mike/turtlebot3_ws/install/teb_msgs/lib:/home/mike/turtlebot3_ws/install/costmap_converter/lib:/home/mike/turtlebot3_ws/install/costmap_converter_msgs/lib:${LD_LIBRARY_PATH} PATH=/home/mike/turtlebot3_ws/install/costmap_converter/bin:${PATH} PYTHONPATH=/home/mike/turtlebot3_ws/install/teb_msgs/lib/python3.8/site-packages:/home/mike/turtlebot3_ws/install/costmap_converter_msgs/lib/python3.8/site-packages:${PYTHONPATH} /usr/bin/cmake --build /home/mike/turtlebot3_ws/build/teb_local_planner -- -j4 -l4
