[0.471s] Invoking command in '/home/mike/turtlebot3_ws/build/turtlebot3_fake_node': /usr/bin/cmake /home/mike/turtlebot3_ws/turtlebot3_simulations/turtlebot3_fake_node -DAMENT_CMAKE_SYMLINK_INSTALL=1 -DCMAKE_INSTALL_PREFIX=/home/mike/turtlebot3_ws/install/turtlebot3_fake_node
[0.822s] -- The C compiler identification is GNU 9.4.0
[1.128s] -- The CXX compiler identification is GNU 9.4.0
[1.142s] -- Check for working C compiler: /usr/bin/cc
[1.308s] -- Check for working C compiler: /usr/bin/cc -- works
[1.313s] -- Detecting C compiler ABI info
[1.519s] -- Detecting C compiler ABI info - done
[1.572s] -- Detecting C compile features
[1.579s] -- Detecting C compile features - done
[1.594s] -- Check for working CXX compiler: /usr/bin/c++
[1.834s] -- Check for working CXX compiler: /usr/bin/c++ -- works
[1.837s] -- Detecting CXX compiler ABI info
[2.059s] -- Detecting CXX compiler ABI info - done
[2.092s] -- Detecting CXX compile features
[2.094s] -- Detecting CXX compile features - done
[2.125s] CMake Error at CMakeLists.txt:18 (find_package):
[2.126s]   By not providing "Findament_cmake.cmake" in CMAKE_MODULE_PATH this project
[2.126s]   has asked CMake to find a package configuration file provided by
[2.126s]   "ament_cmake", but CMake did not find one.
[2.126s] 
[2.126s]   Could not find a package configuration file provided by "ament_cmake" with
[2.127s]   any of the following names:
[2.127s] 
[2.127s]     ament_cmakeConfig.cmake
[2.127s]     ament_cmake-config.cmake
[2.127s] 
[2.127s]   Add the installation prefix of "ament_cmake" to CMAKE_PREFIX_PATH or set
[2.127s]   "ament_cmake_DIR" to a directory containing one of the above files.  If
[2.128s]   "ament_cmake" provides a separate development package or SDK, be sure it
[2.128s]   has been installed.
[2.128s] 
[2.128s] 
[2.130s] -- Configuring incomplete, errors occurred!
[2.130s] See also "/home/mike/turtlebot3_ws/build/turtlebot3_fake_node/CMakeFiles/CMakeOutput.log".
[2.145s] Invoked command in '/home/mike/turtlebot3_ws/build/turtlebot3_fake_node' returned '1': /usr/bin/cmake /home/mike/turtlebot3_ws/turtlebot3_simulations/turtlebot3_fake_node -DAMENT_CMAKE_SYMLINK_INSTALL=1 -DCMAKE_INSTALL_PREFIX=/home/mike/turtlebot3_ws/install/turtlebot3_fake_node
