[0.055s] Invoking command in '/home/mike/turtlebot3_ws/build/costmap_converter': AMENT_PREFIX_PATH=/home/mike/turtlebot3_ws/install/costmap_converter_msgs:${AMENT_PREFIX_PATH} CMAKE_PREFIX_PATH=/home/mike/turtlebot3_ws/install/costmap_converter_msgs:/home/mike/turtlebot3_ws/install/turtlebot3:/home/mike/turtlebot3_ws/install/turtlebot3_simulations:/home/mike/turtlebot3_ws/install/turtlebot3_bringup:/home/mike/turtlebot3_ws/install/turtlebot3_node:/home/mike/turtlebot3_ws/install/turtlebot3_gazebo:/home/mike/turtlebot3_ws/install/turtlebot3_fake_node:/home/mike/turtlebot3_ws/install/turtlebot3_description:/home/mike/turtlebot3_ws/install/turtlebot3_teleop:/home/mike/turtlebot3_ws/install/turtlebot3_example:/opt/ros/galactic LD_LIBRARY_PATH=/home/mike/turtlebot3_ws/install/costmap_converter_msgs/lib:${LD_LIBRARY_PATH} PYTHONPATH=/home/mike/turtlebot3_ws/install/costmap_converter_msgs/lib/python3.8/site-packages:${PYTHONPATH} /usr/bin/cmake /home/mike/turtlebot3_ws/src/turtlebot3/costmap_converter/costmap_converter -DCMAKE_INSTALL_PREFIX=/home/mike/turtlebot3_ws/install/costmap_converter
[0.162s] -- The C compiler identification is GNU 9.4.0
[0.266s] -- The CXX compiler identification is GNU 9.4.0
[0.275s] -- Check for working C compiler: /usr/bin/cc
[0.399s] -- Check for working C compiler: /usr/bin/cc -- works
[0.400s] -- Detecting C compiler ABI info
[0.525s] -- Detecting C compiler ABI info - done
[0.546s] -- Detecting C compile features
[0.547s] -- Detecting C compile features - done
[0.551s] -- Check for working CXX compiler: /usr/bin/c++
[0.696s] -- Check for working CXX compiler: /usr/bin/c++ -- works
[0.698s] -- Detecting CXX compiler ABI info
[0.848s] -- Detecting CXX compiler ABI info - done
[0.877s] -- Detecting CXX compile features
[0.878s] -- Detecting CXX compile features - done
[0.885s] -- Found ament_cmake: 1.1.5 (/opt/ros/galactic/share/ament_cmake/cmake)
[0.950s] -- Found PythonInterp: /usr/bin/python3 (found suitable version "3.8.10", minimum required is "3") 
[0.955s] -- Using PYTHON_EXECUTABLE: /usr/bin/python3
[1.135s] -- Found class_loader: 2.1.2 (/opt/ros/galactic/share/class_loader/cmake)
[1.177s] -- Found costmap_converter_msgs: 0.1.2 (/home/mike/turtlebot3_ws/install/costmap_converter_msgs/share/costmap_converter_msgs/cmake)
[1.217s] -- Using all available rosidl_typesupport_c: rosidl_typesupport_fastrtps_c;rosidl_typesupport_introspection_c
[1.234s] -- Found rosidl_adapter: 2.2.2 (/opt/ros/galactic/share/rosidl_adapter/cmake)
[1.416s] -- Found OpenSSL: /usr/lib/x86_64-linux-gnu/libcrypto.so (found version "1.1.1f")  
[1.482s] -- Found FastRTPS: /opt/ros/galactic/include  
[1.629s] -- Using all available rosidl_typesupport_cpp: rosidl_typesupport_fastrtps_cpp;rosidl_typesupport_introspection_cpp
[1.937s] -- Found cv_bridge: 2.2.1 (/opt/ros/galactic/share/cv_bridge/cmake)
[1.981s] -- Found nav2_costmap_2d: 1.0.12 (/opt/ros/galactic/share/nav2_costmap_2d/cmake)
[2.886s] -- Found rmw_implementation_cmake: 3.3.1 (/opt/ros/galactic/share/rmw_implementation_cmake/cmake)
[2.894s] -- Found rmw_cyclonedds_cpp: 0.22.5 (/opt/ros/galactic/share/rmw_cyclonedds_cpp/cmake)
[2.935s] -- Using RMW implementation 'rmw_cyclonedds_cpp' as default
[2.940s] -- Looking for pthread.h
[3.082s] -- Looking for pthread.h - found
[3.083s] -- Performing Test CMAKE_HAVE_LIBC_PTHREAD
[3.225s] -- Performing Test CMAKE_HAVE_LIBC_PTHREAD - Failed
[3.226s] -- Looking for pthread_create in pthreads
[3.343s] -- Looking for pthread_create in pthreads - not found
[3.344s] -- Looking for pthread_create in pthread
[3.483s] -- Looking for pthread_create in pthread - found
[3.485s] -- Found Threads: TRUE  
[6.097s] -- Found Eigen3: TRUE (found version "3.3.7") 
[8.457s] -- Found OpenCV: /usr (found version "4.2.0") 
[9.691s] -- Found ament_cmake_gtest: 1.1.5 (/opt/ros/galactic/share/ament_cmake_gtest/cmake)
[9.699s] -- Found gtest sources under '/opt/ros/galactic/src/gtest_vendor': C++ tests using 'Google Test' will be built
[9.703s] -- Check if compiler accepts -pthread
[9.813s] -- Check if compiler accepts -pthread - yes
[10.691s] -- Configuring done
[11.157s] -- Generating done
[11.161s] -- Build files have been written to: /home/mike/turtlebot3_ws/build/costmap_converter
[11.201s] Invoked command in '/home/mike/turtlebot3_ws/build/costmap_converter' returned '0': AMENT_PREFIX_PATH=/home/mike/turtlebot3_ws/install/costmap_converter_msgs:${AMENT_PREFIX_PATH} CMAKE_PREFIX_PATH=/home/mike/turtlebot3_ws/install/costmap_converter_msgs:/home/mike/turtlebot3_ws/install/turtlebot3:/home/mike/turtlebot3_ws/install/turtlebot3_simulations:/home/mike/turtlebot3_ws/install/turtlebot3_bringup:/home/mike/turtlebot3_ws/install/turtlebot3_node:/home/mike/turtlebot3_ws/install/turtlebot3_gazebo:/home/mike/turtlebot3_ws/install/turtlebot3_fake_node:/home/mike/turtlebot3_ws/install/turtlebot3_description:/home/mike/turtlebot3_ws/install/turtlebot3_teleop:/home/mike/turtlebot3_ws/install/turtlebot3_example:/opt/ros/galactic LD_LIBRARY_PATH=/home/mike/turtlebot3_ws/install/costmap_converter_msgs/lib:${LD_LIBRARY_PATH} PYTHONPATH=/home/mike/turtlebot3_ws/install/costmap_converter_msgs/lib/python3.8/site-packages:${PYTHONPATH} /usr/bin/cmake /home/mike/turtlebot3_ws/src/turtlebot3/costmap_converter/costmap_converter -DCMAKE_INSTALL_PREFIX=/home/mike/turtlebot3_ws/install/costmap_converter
[11.207s] Invoking command in '/home/mike/turtlebot3_ws/build/costmap_converter': AMENT_PREFIX_PATH=/home/mike/turtlebot3_ws/install/costmap_converter_msgs:${AMENT_PREFIX_PATH} CMAKE_PREFIX_PATH=/home/mike/turtlebot3_ws/install/costmap_converter_msgs:/home/mike/turtlebot3_ws/install/turtlebot3:/home/mike/turtlebot3_ws/install/turtlebot3_simulations:/home/mike/turtlebot3_ws/install/turtlebot3_bringup:/home/mike/turtlebot3_ws/install/turtlebot3_node:/home/mike/turtlebot3_ws/install/turtlebot3_gazebo:/home/mike/turtlebot3_ws/install/turtlebot3_fake_node:/home/mike/turtlebot3_ws/install/turtlebot3_description:/home/mike/turtlebot3_ws/install/turtlebot3_teleop:/home/mike/turtlebot3_ws/install/turtlebot3_example:/opt/ros/galactic LD_LIBRARY_PATH=/home/mike/turtlebot3_ws/install/costmap_converter_msgs/lib:${LD_LIBRARY_PATH} PYTHONPATH=/home/mike/turtlebot3_ws/install/costmap_converter_msgs/lib/python3.8/site-packages:${PYTHONPATH} /usr/bin/cmake --build /home/mike/turtlebot3_ws/build/costmap_converter -- -j4 -l4
[11.303s] [35m[1mScanning dependencies of target gtest[0m
[11.307s] [35m[1mScanning dependencies of target gtest_main[0m
[11.311s] [35m[1mScanning dependencies of target costmap_converter[0m
[11.343s] [  5%] [32mBuilding CXX object gtest/CMakeFiles/gtest_main.dir/src/gtest_main.cc.o[0m
[11.348s] [ 10%] [32mBuilding CXX object gtest/CMakeFiles/gtest.dir/src/gtest-all.cc.o[0m
[11.900s] [ 15%] [32mBuilding CXX object CMakeFiles/costmap_converter.dir/src/costmap_to_polygons.cpp.o[0m
[11.925s] [ 21%] [32mBuilding CXX object CMakeFiles/costmap_converter.dir/src/costmap_to_polygons_concave.cpp.o[0m
[13.310s] [ 26%] [32m[1mLinking CXX static library libgtest_main.a[0m
[13.431s] [ 26%] Built target gtest_main
[13.531s] [ 31%] [32mBuilding CXX object CMakeFiles/costmap_converter.dir/src/costmap_to_lines_convex_hull.cpp.o[0m
[21.220s] In file included from [01m[K/opt/ros/galactic/include/rclcpp/client.hpp:40[m[K,
[21.221s]                  from [01m[K/opt/ros/galactic/include/rclcpp/callback_group.hpp:23[m[K,
[21.221s]                  from [01m[K/opt/ros/galactic/include/rclcpp/any_executable.hpp:20[m[K,
[21.221s]                  from [01m[K/opt/ros/galactic/include/rclcpp/memory_strategy.hpp:25[m[K,
[21.221s]                  from [01m[K/opt/ros/galactic/include/rclcpp/memory_strategies.hpp:18[m[K,
[21.221s]                  from [01m[K/opt/ros/galactic/include/rclcpp/executor_options.hpp:20[m[K,
[21.221s]                  from [01m[K/opt/ros/galactic/include/rclcpp/executor.hpp:36[m[K,
[21.221s]                  from [01m[K/opt/ros/galactic/include/rclcpp/executors/multi_threaded_executor.hpp:26[m[K,
[21.222s]                  from [01m[K/opt/ros/galactic/include/rclcpp/executors.hpp:21[m[K,
[21.222s]                  from [01m[K/opt/ros/galactic/include/rclcpp/rclcpp.hpp:156[m[K,
[21.222s]                  from [01m[K/home/mike/turtlebot3_ws/src/turtlebot3/costmap_converter/costmap_converter/include/costmap_converter/costmap_to_polygons.h:42[m[K,
[21.222s]                  from [01m[K/home/mike/turtlebot3_ws/src/turtlebot3/costmap_converter/costmap_converter/src/costmap_to_polygons.cpp:39[m[K:
[21.224s] [01m[K/home/mike/turtlebot3_ws/src/turtlebot3/costmap_converter/costmap_converter/include/costmap_converter/costmap_converter_interface.h:[m[K In member function ‘[01m[Kvoid costmap_converter::BaseCostmapToPolygons::startWorker(rclcpp::GenericRate<std::chrono::_V2::system_clock>::SharedPtr, nav2_costmap_2d::Costmap2D*, bool)[m[K’:
[21.224s] [01m[K/home/mike/turtlebot3_ws/src/turtlebot3/costmap_converter/costmap_converter/include/costmap_converter/costmap_converter_interface.h:197:41:[m[K [01;35m[Kwarning: [m[Ktoo many arguments for format [[01;35m[K-Wformat-extra-args[m[K]
[21.224s]   197 |         RCLCPP_DEBUG(nh_->get_logger(), [01;35m[K"costmap_converter"[m[K, "Spinning up a thread for the CostmapToPolygons plugin");
[21.224s]       |                                         [01;35m[K^~~~~~~~~~~~~~~~~~~[m[K
[21.278s] [01m[K/home/mike/turtlebot3_ws/src/turtlebot3/costmap_converter/costmap_converter/include/costmap_converter/costmap_converter_interface.h:[m[K In member function ‘[01m[Kvoid costmap_converter::BaseCostmapToDynamicObstacles::loadStaticCostmapConverterPlugin(const string&, rclcpp::Node::SharedPtr)[m[K’:
[21.278s] [01m[K/home/mike/turtlebot3_ws/src/turtlebot3/costmap_converter/costmap_converter/include/costmap_converter/costmap_converter_interface.h:313:32:[m[K [01;35m[Kwarning: [m[Kformat ‘[01m[K%s[m[K’ expects argument of type ‘[01m[Kchar*[m[K’, but argument 5 has type ‘[01m[Kconst string[m[K’ {aka ‘[01m[Kconst std::__cxx11::basic_string<char>[m[K’} [[01;35m[K-Wformat=[m[K]
[21.278s]   313 |       RCLCPP_INFO(getLogger(), [01;35m[K"CostmapToDynamicObstacles: underlying costmap conversion plugin for static obstacles %s loaded."[m[K, plugin_name);
[21.279s]       |                                [01;35m[K^~~~~~~~~~~~~~~~~~~~~~~~~~~~~~~~~~~~~~~~~~~~~~~~~~~~~~~~~~~~~~~~~~~~~~~~~~~~~~~~~~~~~~~~~~~~~~~~~[m[K
[21.279s] In file included from [01m[K/home/mike/turtlebot3_ws/src/turtlebot3/costmap_converter/costmap_converter/include/costmap_converter/costmap_to_polygons.h:43[m[K,
[21.279s]                  from [01m[K/home/mike/turtlebot3_ws/src/turtlebot3/costmap_converter/costmap_converter/src/costmap_to_polygons.cpp:39[m[K:
[21.279s] [01m[K/home/mike/turtlebot3_ws/src/turtlebot3/costmap_converter/costmap_converter/include/costmap_converter/costmap_converter_interface.h:313:119:[m[K [01;36m[Knote: [m[Kformat string is defined here
[21.279s]   313 |       RCLCPP_INFO(getLogger(), "CostmapToDynamicObstacles: underlying costmap conversion plugin for static obstacles [01;36m[K%s[m[K loaded.", plugin_name);
[21.279s]       |                                                                                                                      [01;36m[K~^[m[K
[21.279s]       |                                                                                                                       [01;36m[K|[m[K
[21.279s]       |                                                                                                                       [01;36m[Kchar*[m[K
[21.604s] In file included from [01m[K/opt/ros/galactic/include/rclcpp/client.hpp:40[m[K,
[21.604s]                  from [01m[K/opt/ros/galactic/include/rclcpp/callback_group.hpp:23[m[K,
[21.604s]                  from [01m[K/opt/ros/galactic/include/rclcpp/any_executable.hpp:20[m[K,
[21.604s]                  from [01m[K/opt/ros/galactic/include/rclcpp/memory_strategy.hpp:25[m[K,
[21.604s]                  from [01m[K/opt/ros/galactic/include/rclcpp/memory_strategies.hpp:18[m[K,
[21.605s]                  from [01m[K/opt/ros/galactic/include/rclcpp/executor_options.hpp:20[m[K,
[21.605s]                  from [01m[K/opt/ros/galactic/include/rclcpp/executor.hpp:36[m[K,
[21.605s]                  from [01m[K/opt/ros/galactic/include/rclcpp/executors/multi_threaded_executor.hpp:26[m[K,
[21.605s]                  from [01m[K/opt/ros/galactic/include/rclcpp/executors.hpp:21[m[K,
[21.605s]                  from [01m[K/opt/ros/galactic/include/rclcpp/rclcpp.hpp:156[m[K,
[21.605s]                  from [01m[K/home/mike/turtlebot3_ws/src/turtlebot3/costmap_converter/costmap_converter/include/costmap_converter/costmap_to_polygons.h:42[m[K,
[21.605s]                  from [01m[K/home/mike/turtlebot3_ws/src/turtlebot3/costmap_converter/costmap_converter/include/costmap_converter/costmap_to_polygons_concave.h:42[m[K,
[21.605s]                  from [01m[K/home/mike/turtlebot3_ws/src/turtlebot3/costmap_converter/costmap_converter/src/costmap_to_polygons_concave.cpp:39[m[K:
[21.606s] [01m[K/home/mike/turtlebot3_ws/src/turtlebot3/costmap_converter/costmap_converter/include/costmap_converter/costmap_converter_interface.h:[m[K In member function ‘[01m[Kvoid costmap_converter::BaseCostmapToPolygons::startWorker(rclcpp::GenericRate<std::chrono::_V2::system_clock>::SharedPtr, nav2_costmap_2d::Costmap2D*, bool)[m[K’:
[21.606s] [01m[K/home/mike/turtlebot3_ws/src/turtlebot3/costmap_converter/costmap_converter/include/costmap_converter/costmap_converter_interface.h:197:41:[m[K [01;35m[Kwarning: [m[Ktoo many arguments for format [[01;35m[K-Wformat-extra-args[m[K]
[21.606s]   197 |         RCLCPP_DEBUG(nh_->get_logger(), [01;35m[K"costmap_converter"[m[K, "Spinning up a thread for the CostmapToPolygons plugin");
[21.606s]       |                                         [01;35m[K^~~~~~~~~~~~~~~~~~~[m[K
[21.696s] [01m[K/home/mike/turtlebot3_ws/src/turtlebot3/costmap_converter/costmap_converter/include/costmap_converter/costmap_converter_interface.h:[m[K In member function ‘[01m[Kvoid costmap_converter::BaseCostmapToDynamicObstacles::loadStaticCostmapConverterPlugin(const string&, rclcpp::Node::SharedPtr)[m[K’:
[21.696s] [01m[K/home/mike/turtlebot3_ws/src/turtlebot3/costmap_converter/costmap_converter/include/costmap_converter/costmap_converter_interface.h:313:32:[m[K [01;35m[Kwarning: [m[Kformat ‘[01m[K%s[m[K’ expects argument of type ‘[01m[Kchar*[m[K’, but argument 5 has type ‘[01m[Kconst string[m[K’ {aka ‘[01m[Kconst std::__cxx11::basic_string<char>[m[K’} [[01;35m[K-Wformat=[m[K]
[21.696s]   313 |       RCLCPP_INFO(getLogger(), [01;35m[K"CostmapToDynamicObstacles: underlying costmap conversion plugin for static obstacles %s loaded."[m[K, plugin_name);
[21.696s]       |                                [01;35m[K^~~~~~~~~~~~~~~~~~~~~~~~~~~~~~~~~~~~~~~~~~~~~~~~~~~~~~~~~~~~~~~~~~~~~~~~~~~~~~~~~~~~~~~~~~~~~~~~~[m[K
[21.697s] In file included from [01m[K/home/mike/turtlebot3_ws/src/turtlebot3/costmap_converter/costmap_converter/include/costmap_converter/costmap_to_polygons.h:43[m[K,
[21.697s]                  from [01m[K/home/mike/turtlebot3_ws/src/turtlebot3/costmap_converter/costmap_converter/include/costmap_converter/costmap_to_polygons_concave.h:42[m[K,
[21.697s]                  from [01m[K/home/mike/turtlebot3_ws/src/turtlebot3/costmap_converter/costmap_converter/src/costmap_to_polygons_concave.cpp:39[m[K:
[21.697s] [01m[K/home/mike/turtlebot3_ws/src/turtlebot3/costmap_converter/costmap_converter/include/costmap_converter/costmap_converter_interface.h:313:119:[m[K [01;36m[Knote: [m[Kformat string is defined here
[21.697s]   313 |       RCLCPP_INFO(getLogger(), "CostmapToDynamicObstacles: underlying costmap conversion plugin for static obstacles [01;36m[K%s[m[K loaded.", plugin_name);
[21.697s]       |                                                                                                                      [01;36m[K~^[m[K
[21.697s]       |                                                                                                                       [01;36m[K|[m[K
[21.698s]       |                                                                                                                       [01;36m[Kchar*[m[K
[22.705s] In file included from [01m[K/opt/ros/galactic/include/rclcpp/client.hpp:40[m[K,
[22.705s]                  from [01m[K/opt/ros/galactic/include/rclcpp/callback_group.hpp:23[m[K,
[22.705s]                  from [01m[K/opt/ros/galactic/include/rclcpp/any_executable.hpp:20[m[K,
[22.705s]                  from [01m[K/opt/ros/galactic/include/rclcpp/memory_strategy.hpp:25[m[K,
[22.705s]                  from [01m[K/opt/ros/galactic/include/rclcpp/memory_strategies.hpp:18[m[K,
[22.706s]                  from [01m[K/opt/ros/galactic/include/rclcpp/executor_options.hpp:20[m[K,
[22.706s]                  from [01m[K/opt/ros/galactic/include/rclcpp/executor.hpp:36[m[K,
[22.706s]                  from [01m[K/opt/ros/galactic/include/rclcpp/executors/multi_threaded_executor.hpp:26[m[K,
[22.706s]                  from [01m[K/opt/ros/galactic/include/rclcpp/executors.hpp:21[m[K,
[22.706s]                  from [01m[K/opt/ros/galactic/include/rclcpp/rclcpp.hpp:156[m[K,
[22.706s]                  from [01m[K/home/mike/turtlebot3_ws/src/turtlebot3/costmap_converter/costmap_converter/include/costmap_converter/costmap_converter_interface.h:46[m[K,
[22.707s]                  from [01m[K/home/mike/turtlebot3_ws/src/turtlebot3/costmap_converter/costmap_converter/include/costmap_converter/costmap_to_lines_convex_hull.h:42[m[K,
[22.707s]                  from [01m[K/home/mike/turtlebot3_ws/src/turtlebot3/costmap_converter/costmap_converter/src/costmap_to_lines_convex_hull.cpp:39[m[K:
[22.707s] [01m[K/home/mike/turtlebot3_ws/src/turtlebot3/costmap_converter/costmap_converter/include/costmap_converter/costmap_converter_interface.h:[m[K In member function ‘[01m[Kvoid costmap_converter::BaseCostmapToPolygons::startWorker(rclcpp::GenericRate<std::chrono::_V2::system_clock>::SharedPtr, nav2_costmap_2d::Costmap2D*, bool)[m[K’:
[22.707s] [01m[K/home/mike/turtlebot3_ws/src/turtlebot3/costmap_converter/costmap_converter/include/costmap_converter/costmap_converter_interface.h:197:41:[m[K [01;35m[Kwarning: [m[Ktoo many arguments for format [[01;35m[K-Wformat-extra-args[m[K]
[22.707s]   197 |         RCLCPP_DEBUG(nh_->get_logger(), [01;35m[K"costmap_converter"[m[K, "Spinning up a thread for the CostmapToPolygons plugin");
[22.707s]       |                                         [01;35m[K^~~~~~~~~~~~~~~~~~~[m[K
[22.762s] [01m[K/home/mike/turtlebot3_ws/src/turtlebot3/costmap_converter/costmap_converter/include/costmap_converter/costmap_converter_interface.h:[m[K In member function ‘[01m[Kvoid costmap_converter::BaseCostmapToDynamicObstacles::loadStaticCostmapConverterPlugin(const string&, rclcpp::Node::SharedPtr)[m[K’:
[22.762s] [01m[K/home/mike/turtlebot3_ws/src/turtlebot3/costmap_converter/costmap_converter/include/costmap_converter/costmap_converter_interface.h:313:32:[m[K [01;35m[Kwarning: [m[Kformat ‘[01m[K%s[m[K’ expects argument of type ‘[01m[Kchar*[m[K’, but argument 5 has type ‘[01m[Kconst string[m[K’ {aka ‘[01m[Kconst std::__cxx11::basic_string<char>[m[K’} [[01;35m[K-Wformat=[m[K]
[22.762s]   313 |       RCLCPP_INFO(getLogger(), [01;35m[K"CostmapToDynamicObstacles: underlying costmap conversion plugin for static obstacles %s loaded."[m[K, plugin_name);
[22.763s]       |                                [01;35m[K^~~~~~~~~~~~~~~~~~~~~~~~~~~~~~~~~~~~~~~~~~~~~~~~~~~~~~~~~~~~~~~~~~~~~~~~~~~~~~~~~~~~~~~~~~~~~~~~~[m[K
[22.763s] In file included from [01m[K/home/mike/turtlebot3_ws/src/turtlebot3/costmap_converter/costmap_converter/include/costmap_converter/costmap_to_lines_convex_hull.h:42[m[K,
[22.763s]                  from [01m[K/home/mike/turtlebot3_ws/src/turtlebot3/costmap_converter/costmap_converter/src/costmap_to_lines_convex_hull.cpp:39[m[K:
[22.763s] [01m[K/home/mike/turtlebot3_ws/src/turtlebot3/costmap_converter/costmap_converter/include/costmap_converter/costmap_converter_interface.h:313:119:[m[K [01;36m[Knote: [m[Kformat string is defined here
[22.763s]   313 |       RCLCPP_INFO(getLogger(), "CostmapToDynamicObstacles: underlying costmap conversion plugin for static obstacles [01;36m[K%s[m[K loaded.", plugin_name);
[22.763s]       |                                                                                                                      [01;36m[K~^[m[K
[22.763s]       |                                                                                                                       [01;36m[K|[m[K
[22.764s]       |                                                                                                                       [01;36m[Kchar*[m[K
[29.207s] [ 36%] [32mBuilding CXX object CMakeFiles/costmap_converter.dir/src/costmap_to_lines_ransac.cpp.o[0m
[29.656s] [ 42%] [32mBuilding CXX object CMakeFiles/costmap_converter.dir/src/costmap_to_dynamic_obstacles/costmap_to_dynamic_obstacles.cpp.o[0m
[30.715s] [ 47%] [32mBuilding CXX object CMakeFiles/costmap_converter.dir/src/costmap_to_dynamic_obstacles/background_subtractor.cpp.o[0m
[33.101s] [ 52%] [32m[1mLinking CXX static library libgtest.a[0m
[33.202s] [ 52%] Built target gtest
[33.228s] [ 57%] [32mBuilding CXX object CMakeFiles/costmap_converter.dir/src/costmap_to_dynamic_obstacles/blob_detector.cpp.o[0m
[34.617s] [ 63%] [32mBuilding CXX object CMakeFiles/costmap_converter.dir/src/costmap_to_dynamic_obstacles/multitarget_tracker/Ctracker.cpp.o[0m
[36.958s] In file included from [01m[K/opt/ros/galactic/include/rclcpp/client.hpp:40[m[K,
[36.958s]                  from [01m[K/opt/ros/galactic/include/rclcpp/callback_group.hpp:23[m[K,
[36.958s]                  from [01m[K/opt/ros/galactic/include/rclcpp/any_executable.hpp:20[m[K,
[36.959s]                  from [01m[K/opt/ros/galactic/include/rclcpp/memory_strategy.hpp:25[m[K,
[36.959s]                  from [01m[K/opt/ros/galactic/include/rclcpp/memory_strategies.hpp:18[m[K,
[36.959s]                  from [01m[K/opt/ros/galactic/include/rclcpp/executor_options.hpp:20[m[K,
[36.959s]                  from [01m[K/opt/ros/galactic/include/rclcpp/executor.hpp:36[m[K,
[36.960s]                  from [01m[K/opt/ros/galactic/include/rclcpp/executors/multi_threaded_executor.hpp:26[m[K,
[36.960s]                  from [01m[K/opt/ros/galactic/include/rclcpp/executors.hpp:21[m[K,
[36.960s]                  from [01m[K/opt/ros/galactic/include/rclcpp/rclcpp.hpp:156[m[K,
[36.960s]                  from [01m[K/home/mike/turtlebot3_ws/src/turtlebot3/costmap_converter/costmap_converter/include/costmap_converter/costmap_converter_interface.h:46[m[K,
[36.960s]                  from [01m[K/home/mike/turtlebot3_ws/src/turtlebot3/costmap_converter/costmap_converter/include/costmap_converter/costmap_to_lines_ransac.h:42[m[K,
[36.961s]                  from [01m[K/home/mike/turtlebot3_ws/src/turtlebot3/costmap_converter/costmap_converter/src/costmap_to_lines_ransac.cpp:39[m[K:
[36.961s] [01m[K/home/mike/turtlebot3_ws/src/turtlebot3/costmap_converter/costmap_converter/include/costmap_converter/costmap_converter_interface.h:[m[K In member function ‘[01m[Kvoid costmap_converter::BaseCostmapToPolygons::startWorker(rclcpp::GenericRate<std::chrono::_V2::system_clock>::SharedPtr, nav2_costmap_2d::Costmap2D*, bool)[m[K’:
[36.961s] [01m[K/home/mike/turtlebot3_ws/src/turtlebot3/costmap_converter/costmap_converter/include/costmap_converter/costmap_converter_interface.h:197:41:[m[K [01;35m[Kwarning: [m[Ktoo many arguments for format [[01;35m[K-Wformat-extra-args[m[K]
[36.961s]   197 |         RCLCPP_DEBUG(nh_->get_logger(), [01;35m[K"costmap_converter"[m[K, "Spinning up a thread for the CostmapToPolygons plugin");
[36.961s]       |                                         [01;35m[K^~~~~~~~~~~~~~~~~~~[m[K
[37.016s] [01m[K/home/mike/turtlebot3_ws/src/turtlebot3/costmap_converter/costmap_converter/include/costmap_converter/costmap_converter_interface.h:[m[K In member function ‘[01m[Kvoid costmap_converter::BaseCostmapToDynamicObstacles::loadStaticCostmapConverterPlugin(const string&, rclcpp::Node::SharedPtr)[m[K’:
[37.017s] [01m[K/home/mike/turtlebot3_ws/src/turtlebot3/costmap_converter/costmap_converter/include/costmap_converter/costmap_converter_interface.h:313:32:[m[K [01;35m[Kwarning: [m[Kformat ‘[01m[K%s[m[K’ expects argument of type ‘[01m[Kchar*[m[K’, but argument 5 has type ‘[01m[Kconst string[m[K’ {aka ‘[01m[Kconst std::__cxx11::basic_string<char>[m[K’} [[01;35m[K-Wformat=[m[K]
[37.017s]   313 |       RCLCPP_INFO(getLogger(), [01;35m[K"CostmapToDynamicObstacles: underlying costmap conversion plugin for static obstacles %s loaded."[m[K, plugin_name);
[37.017s]       |                                [01;35m[K^~~~~~~~~~~~~~~~~~~~~~~~~~~~~~~~~~~~~~~~~~~~~~~~~~~~~~~~~~~~~~~~~~~~~~~~~~~~~~~~~~~~~~~~~~~~~~~~~[m[K
[37.017s] In file included from [01m[K/home/mike/turtlebot3_ws/src/turtlebot3/costmap_converter/costmap_converter/include/costmap_converter/costmap_to_lines_ransac.h:42[m[K,
[37.017s]                  from [01m[K/home/mike/turtlebot3_ws/src/turtlebot3/costmap_converter/costmap_converter/src/costmap_to_lines_ransac.cpp:39[m[K:
[37.017s] [01m[K/home/mike/turtlebot3_ws/src/turtlebot3/costmap_converter/costmap_converter/include/costmap_converter/costmap_converter_interface.h:313:119:[m[K [01;36m[Knote: [m[Kformat string is defined here
[37.018s]   313 |       RCLCPP_INFO(getLogger(), "CostmapToDynamicObstacles: underlying costmap conversion plugin for static obstacles [01;36m[K%s[m[K loaded.", plugin_name);
[37.018s]       |                                                                                                                      [01;36m[K~^[m[K
[37.018s]       |                                                                                                                       [01;36m[K|[m[K
[37.018s]       |                                                                                                                       [01;36m[Kchar*[m[K
[37.694s] In file included from [01m[K/opt/ros/galactic/include/rclcpp/client.hpp:40[m[K,
[37.695s]                  from [01m[K/opt/ros/galactic/include/rclcpp/callback_group.hpp:23[m[K,
[37.695s]                  from [01m[K/opt/ros/galactic/include/rclcpp/any_executable.hpp:20[m[K,
[37.695s]                  from [01m[K/opt/ros/galactic/include/rclcpp/memory_strategy.hpp:25[m[K,
[37.695s]                  from [01m[K/opt/ros/galactic/include/rclcpp/memory_strategies.hpp:18[m[K,
[37.695s]                  from [01m[K/opt/ros/galactic/include/rclcpp/executor_options.hpp:20[m[K,
[37.695s]                  from [01m[K/opt/ros/galactic/include/rclcpp/executor.hpp:36[m[K,
[37.696s]                  from [01m[K/opt/ros/galactic/include/rclcpp/executors/multi_threaded_executor.hpp:26[m[K,
[37.696s]                  from [01m[K/opt/ros/galactic/include/rclcpp/executors.hpp:21[m[K,
[37.696s]                  from [01m[K/opt/ros/galactic/include/rclcpp/rclcpp.hpp:156[m[K,
[37.696s]                  from [01m[K/home/mike/turtlebot3_ws/src/turtlebot3/costmap_converter/costmap_converter/include/costmap_converter/costmap_converter_interface.h:46[m[K,
[37.696s]                  from [01m[K/home/mike/turtlebot3_ws/src/turtlebot3/costmap_converter/costmap_converter/include/costmap_converter/costmap_to_dynamic_obstacles/costmap_to_dynamic_obstacles.h:47[m[K,
[37.696s]                  from [01m[K/home/mike/turtlebot3_ws/src/turtlebot3/costmap_converter/costmap_converter/src/costmap_to_dynamic_obstacles/costmap_to_dynamic_obstacles.cpp:1[m[K:
[37.697s] [01m[K/home/mike/turtlebot3_ws/src/turtlebot3/costmap_converter/costmap_converter/include/costmap_converter/costmap_converter_interface.h:[m[K In member function ‘[01m[Kvoid costmap_converter::BaseCostmapToPolygons::startWorker(rclcpp::GenericRate<std::chrono::_V2::system_clock>::SharedPtr, nav2_costmap_2d::Costmap2D*, bool)[m[K’:
[37.697s] [01m[K/home/mike/turtlebot3_ws/src/turtlebot3/costmap_converter/costmap_converter/include/costmap_converter/costmap_converter_interface.h:197:41:[m[K [01;35m[Kwarning: [m[Ktoo many arguments for format [[01;35m[K-Wformat-extra-args[m[K]
[37.697s]   197 |         RCLCPP_DEBUG(nh_->get_logger(), [01;35m[K"costmap_converter"[m[K, "Spinning up a thread for the CostmapToPolygons plugin");
[37.697s]       |                                         [01;35m[K^~~~~~~~~~~~~~~~~~~[m[K
[37.753s] [01m[K/home/mike/turtlebot3_ws/src/turtlebot3/costmap_converter/costmap_converter/include/costmap_converter/costmap_converter_interface.h:[m[K In member function ‘[01m[Kvoid costmap_converter::BaseCostmapToDynamicObstacles::loadStaticCostmapConverterPlugin(const string&, rclcpp::Node::SharedPtr)[m[K’:
[37.753s] [01m[K/home/mike/turtlebot3_ws/src/turtlebot3/costmap_converter/costmap_converter/include/costmap_converter/costmap_converter_interface.h:313:32:[m[K [01;35m[Kwarning: [m[Kformat ‘[01m[K%s[m[K’ expects argument of type ‘[01m[Kchar*[m[K’, but argument 5 has type ‘[01m[Kconst string[m[K’ {aka ‘[01m[Kconst std::__cxx11::basic_string<char>[m[K’} [[01;35m[K-Wformat=[m[K]
[37.753s]   313 |       RCLCPP_INFO(getLogger(), [01;35m[K"CostmapToDynamicObstacles: underlying costmap conversion plugin for static obstacles %s loaded."[m[K, plugin_name);
[37.753s]       |                                [01;35m[K^~~~~~~~~~~~~~~~~~~~~~~~~~~~~~~~~~~~~~~~~~~~~~~~~~~~~~~~~~~~~~~~~~~~~~~~~~~~~~~~~~~~~~~~~~~~~~~~~[m[K
[37.753s] In file included from [01m[K/home/mike/turtlebot3_ws/src/turtlebot3/costmap_converter/costmap_converter/include/costmap_converter/costmap_to_dynamic_obstacles/costmap_to_dynamic_obstacles.h:47[m[K,
[37.754s]                  from [01m[K/home/mike/turtlebot3_ws/src/turtlebot3/costmap_converter/costmap_converter/src/costmap_to_dynamic_obstacles/costmap_to_dynamic_obstacles.cpp:1[m[K:
[37.754s] [01m[K/home/mike/turtlebot3_ws/src/turtlebot3/costmap_converter/costmap_converter/include/costmap_converter/costmap_converter_interface.h:313:119:[m[K [01;36m[Knote: [m[Kformat string is defined here
[37.754s]   313 |       RCLCPP_INFO(getLogger(), "CostmapToDynamicObstacles: underlying costmap conversion plugin for static obstacles [01;36m[K%s[m[K loaded.", plugin_name);
[37.754s]       |                                                                                                                      [01;36m[K~^[m[K
[37.754s]       |                                                                                                                       [01;36m[K|[m[K
[37.754s]       |                                                                                                                       [01;36m[Kchar*[m[K
[41.146s] [ 68%] [32mBuilding CXX object CMakeFiles/costmap_converter.dir/src/costmap_to_dynamic_obstacles/multitarget_tracker/Kalman.cpp.o[0m
[42.028s] [ 73%] [32mBuilding CXX object CMakeFiles/costmap_converter.dir/src/costmap_to_dynamic_obstacles/multitarget_tracker/HungarianAlg.cpp.o[0m
[67.123s] [ 78%] [32m[1mLinking CXX shared library libcostmap_converter.so[0m
[67.951s] [ 78%] Built target costmap_converter
[67.976s] [35m[1mScanning dependencies of target test_costmap_polygons[0m
[67.976s] [35m[1mScanning dependencies of target standalone_converter[0m
[68.079s] [ 84%] [32mBuilding CXX object CMakeFiles/standalone_converter.dir/src/costmap_converter_node.cpp.o[0m
[68.121s] [ 89%] [32mBuilding CXX object CMakeFiles/test_costmap_polygons.dir/test/costmap_polygons.cpp.o[0m
[74.191s] In file included from [01m[K/opt/ros/galactic/include/rclcpp/client.hpp:40[m[K,
[74.191s]                  from [01m[K/opt/ros/galactic/include/rclcpp/callback_group.hpp:23[m[K,
[74.191s]                  from [01m[K/opt/ros/galactic/include/rclcpp/any_executable.hpp:20[m[K,
[74.191s]                  from [01m[K/opt/ros/galactic/include/rclcpp/memory_strategy.hpp:25[m[K,
[74.191s]                  from [01m[K/opt/ros/galactic/include/rclcpp/memory_strategies.hpp:18[m[K,
[74.192s]                  from [01m[K/opt/ros/galactic/include/rclcpp/executor_options.hpp:20[m[K,
[74.192s]                  from [01m[K/opt/ros/galactic/include/rclcpp/executor.hpp:36[m[K,
[74.192s]                  from [01m[K/opt/ros/galactic/include/rclcpp/executors/multi_threaded_executor.hpp:26[m[K,
[74.192s]                  from [01m[K/opt/ros/galactic/include/rclcpp/executors.hpp:21[m[K,
[74.192s]                  from [01m[K/opt/ros/galactic/include/rclcpp/rclcpp.hpp:156[m[K,
[74.193s]                  from [01m[K/home/mike/turtlebot3_ws/src/turtlebot3/costmap_converter/costmap_converter/src/costmap_converter_node.cpp:40[m[K:
[74.193s] [01m[K/home/mike/turtlebot3_ws/src/turtlebot3/costmap_converter/costmap_converter/include/costmap_converter/costmap_converter_interface.h:[m[K In member function ‘[01m[Kvoid costmap_converter::BaseCostmapToPolygons::startWorker(rclcpp::GenericRate<std::chrono::_V2::system_clock>::SharedPtr, nav2_costmap_2d::Costmap2D*, bool)[m[K’:
[74.193s] [01m[K/home/mike/turtlebot3_ws/src/turtlebot3/costmap_converter/costmap_converter/include/costmap_converter/costmap_converter_interface.h:197:41:[m[K [01;35m[Kwarning: [m[Ktoo many arguments for format [[01;35m[K-Wformat-extra-args[m[K]
[74.193s]   197 |         RCLCPP_DEBUG(nh_->get_logger(), [01;35m[K"costmap_converter"[m[K, "Spinning up a thread for the CostmapToPolygons plugin");
[74.193s]       |                                         [01;35m[K^~~~~~~~~~~~~~~~~~~[m[K
[74.238s] [01m[K/home/mike/turtlebot3_ws/src/turtlebot3/costmap_converter/costmap_converter/include/costmap_converter/costmap_converter_interface.h:[m[K In member function ‘[01m[Kvoid costmap_converter::BaseCostmapToDynamicObstacles::loadStaticCostmapConverterPlugin(const string&, rclcpp::Node::SharedPtr)[m[K’:
[74.238s] [01m[K/home/mike/turtlebot3_ws/src/turtlebot3/costmap_converter/costmap_converter/include/costmap_converter/costmap_converter_interface.h:313:32:[m[K [01;35m[Kwarning: [m[Kformat ‘[01m[K%s[m[K’ expects argument of type ‘[01m[Kchar*[m[K’, but argument 5 has type ‘[01m[Kconst string[m[K’ {aka ‘[01m[Kconst std::__cxx11::basic_string<char>[m[K’} [[01;35m[K-Wformat=[m[K]
[74.239s]   313 |       RCLCPP_INFO(getLogger(), [01;35m[K"CostmapToDynamicObstacles: underlying costmap conversion plugin for static obstacles %s loaded."[m[K, plugin_name);
[74.239s]       |                                [01;35m[K^~~~~~~~~~~~~~~~~~~~~~~~~~~~~~~~~~~~~~~~~~~~~~~~~~~~~~~~~~~~~~~~~~~~~~~~~~~~~~~~~~~~~~~~~~~~~~~~~[m[K
[74.239s] In file included from [01m[K/home/mike/turtlebot3_ws/src/turtlebot3/costmap_converter/costmap_converter/src/costmap_converter_node.cpp:47[m[K:
[74.239s] [01m[K/home/mike/turtlebot3_ws/src/turtlebot3/costmap_converter/costmap_converter/include/costmap_converter/costmap_converter_interface.h:313:119:[m[K [01;36m[Knote: [m[Kformat string is defined here
[74.239s]   313 |       RCLCPP_INFO(getLogger(), "CostmapToDynamicObstacles: underlying costmap conversion plugin for static obstacles [01;36m[K%s[m[K loaded.", plugin_name);
[74.239s]       |                                                                                                                      [01;36m[K~^[m[K
[74.240s]       |                                                                                                                       [01;36m[K|[m[K
[74.240s]       |                                                                                                                       [01;36m[Kchar*[m[K
[75.862s] In file included from [01m[K/opt/ros/galactic/include/rclcpp/client.hpp:40[m[K,
[75.862s]                  from [01m[K/opt/ros/galactic/include/rclcpp/callback_group.hpp:23[m[K,
[75.862s]                  from [01m[K/opt/ros/galactic/include/rclcpp/any_executable.hpp:20[m[K,
[75.862s]                  from [01m[K/opt/ros/galactic/include/rclcpp/memory_strategy.hpp:25[m[K,
[75.863s]                  from [01m[K/opt/ros/galactic/include/rclcpp/memory_strategies.hpp:18[m[K,
[75.863s]                  from [01m[K/opt/ros/galactic/include/rclcpp/executor_options.hpp:20[m[K,
[75.863s]                  from [01m[K/opt/ros/galactic/include/rclcpp/executor.hpp:36[m[K,
[75.863s]                  from [01m[K/opt/ros/galactic/include/rclcpp/executors/multi_threaded_executor.hpp:26[m[K,
[75.863s]                  from [01m[K/opt/ros/galactic/include/rclcpp/executors.hpp:21[m[K,
[75.863s]                  from [01m[K/opt/ros/galactic/include/rclcpp/rclcpp.hpp:156[m[K,
[75.864s]                  from [01m[K/home/mike/turtlebot3_ws/src/turtlebot3/costmap_converter/costmap_converter/include/costmap_converter/costmap_to_polygons.h:42[m[K,
[75.864s]                  from [01m[K/home/mike/turtlebot3_ws/src/turtlebot3/costmap_converter/costmap_converter/test/costmap_polygons.cpp:5[m[K:
[75.864s] [01m[K/home/mike/turtlebot3_ws/src/turtlebot3/costmap_converter/costmap_converter/include/costmap_converter/costmap_converter_interface.h:[m[K In member function ‘[01m[Kvoid costmap_converter::BaseCostmapToPolygons::startWorker(rclcpp::GenericRate<std::chrono::_V2::system_clock>::SharedPtr, nav2_costmap_2d::Costmap2D*, bool)[m[K’:
[75.864s] [01m[K/home/mike/turtlebot3_ws/src/turtlebot3/costmap_converter/costmap_converter/include/costmap_converter/costmap_converter_interface.h:197:41:[m[K [01;35m[Kwarning: [m[Ktoo many arguments for format [[01;35m[K-Wformat-extra-args[m[K]
[75.864s]   197 |         RCLCPP_DEBUG(nh_->get_logger(), [01;35m[K"costmap_converter"[m[K, "Spinning up a thread for the CostmapToPolygons plugin");
[75.865s]       |                                         [01;35m[K^~~~~~~~~~~~~~~~~~~[m[K
[75.912s] [01m[K/home/mike/turtlebot3_ws/src/turtlebot3/costmap_converter/costmap_converter/include/costmap_converter/costmap_converter_interface.h:[m[K In member function ‘[01m[Kvoid costmap_converter::BaseCostmapToDynamicObstacles::loadStaticCostmapConverterPlugin(const string&, rclcpp::Node::SharedPtr)[m[K’:
[75.912s] [01m[K/home/mike/turtlebot3_ws/src/turtlebot3/costmap_converter/costmap_converter/include/costmap_converter/costmap_converter_interface.h:313:32:[m[K [01;35m[Kwarning: [m[Kformat ‘[01m[K%s[m[K’ expects argument of type ‘[01m[Kchar*[m[K’, but argument 5 has type ‘[01m[Kconst string[m[K’ {aka ‘[01m[Kconst std::__cxx11::basic_string<char>[m[K’} [[01;35m[K-Wformat=[m[K]
[75.913s]   313 |       RCLCPP_INFO(getLogger(), [01;35m[K"CostmapToDynamicObstacles: underlying costmap conversion plugin for static obstacles %s loaded."[m[K, plugin_name);
[75.913s]       |                                [01;35m[K^~~~~~~~~~~~~~~~~~~~~~~~~~~~~~~~~~~~~~~~~~~~~~~~~~~~~~~~~~~~~~~~~~~~~~~~~~~~~~~~~~~~~~~~~~~~~~~~~[m[K
[75.913s] In file included from [01m[K/home/mike/turtlebot3_ws/src/turtlebot3/costmap_converter/costmap_converter/include/costmap_converter/costmap_to_polygons.h:43[m[K,
[75.914s]                  from [01m[K/home/mike/turtlebot3_ws/src/turtlebot3/costmap_converter/costmap_converter/test/costmap_polygons.cpp:5[m[K:
[75.914s] [01m[K/home/mike/turtlebot3_ws/src/turtlebot3/costmap_converter/costmap_converter/include/costmap_converter/costmap_converter_interface.h:313:119:[m[K [01;36m[Knote: [m[Kformat string is defined here
[75.914s]   313 |       RCLCPP_INFO(getLogger(), "CostmapToDynamicObstacles: underlying costmap conversion plugin for static obstacles [01;36m[K%s[m[K loaded.", plugin_name);
[75.914s]       |                                                                                                                      [01;36m[K~^[m[K
[75.915s]       |                                                                                                                       [01;36m[K|[m[K
[75.915s]       |                                                                                                                       [01;36m[Kchar*[m[K
[78.315s] In file included from [01m[K/home/mike/turtlebot3_ws/src/turtlebot3/costmap_converter/costmap_converter/test/costmap_polygons.cpp:3[m[K:
[78.315s] /opt/ros/galactic/src/gtest_vendor/include/gtest/gtest.h: In instantiation of ‘[01m[Ktesting::AssertionResult testing::internal::CmpHelperEQ(const char*, const char*, const T1&, const T2&) [with T1 = int; T2 = long unsigned int][m[K’:
[78.316s] [01m[K/opt/ros/galactic/src/gtest_vendor/include/gtest/gtest.h:1554:23:[m[K   required from ‘[01m[Kstatic testing::AssertionResult testing::internal::EqHelper::Compare(const char*, const char*, const T1&, const T2&) [with T1 = int; T2 = long unsigned int; typename std::enable_if<((! std::is_integral<_Tp>::value) || (! std::is_pointer<_Dp>::value))>::type* <anonymous> = 0][m[K’
[78.316s] [01m[K/home/mike/turtlebot3_ws/src/turtlebot3/costmap_converter/costmap_converter/test/costmap_polygons.cpp:125:3:[m[K   required from here
[78.316s] [01m[K/opt/ros/galactic/src/gtest_vendor/include/gtest/gtest.h:1527:11:[m[K [01;35m[Kwarning: [m[Kcomparison of integer expressions of different signedness: ‘[01m[Kconst int[m[K’ and ‘[01m[Kconst long unsigned int[m[K’ [[01;35m[K-Wsign-compare[m[K]
[78.316s]  1527 |   if ([01;35m[Klhs == rhs[m[K) {
[78.316s]       |       [01;35m[K~~~~^~~~~~[m[K
[81.992s] [ 94%] [32m[1mLinking CXX executable test_costmap_polygons[0m
[83.327s] [ 94%] Built target test_costmap_polygons
[90.549s] [100%] [32m[1mLinking CXX executable standalone_converter[0m
[91.170s] [100%] Built target standalone_converter
[91.195s] Invoked command in '/home/mike/turtlebot3_ws/build/costmap_converter' returned '0': AMENT_PREFIX_PATH=/home/mike/turtlebot3_ws/install/costmap_converter_msgs:${AMENT_PREFIX_PATH} CMAKE_PREFIX_PATH=/home/mike/turtlebot3_ws/install/costmap_converter_msgs:/home/mike/turtlebot3_ws/install/turtlebot3:/home/mike/turtlebot3_ws/install/turtlebot3_simulations:/home/mike/turtlebot3_ws/install/turtlebot3_bringup:/home/mike/turtlebot3_ws/install/turtlebot3_node:/home/mike/turtlebot3_ws/install/turtlebot3_gazebo:/home/mike/turtlebot3_ws/install/turtlebot3_fake_node:/home/mike/turtlebot3_ws/install/turtlebot3_description:/home/mike/turtlebot3_ws/install/turtlebot3_teleop:/home/mike/turtlebot3_ws/install/turtlebot3_example:/opt/ros/galactic LD_LIBRARY_PATH=/home/mike/turtlebot3_ws/install/costmap_converter_msgs/lib:${LD_LIBRARY_PATH} PYTHONPATH=/home/mike/turtlebot3_ws/install/costmap_converter_msgs/lib/python3.8/site-packages:${PYTHONPATH} /usr/bin/cmake --build /home/mike/turtlebot3_ws/build/costmap_converter -- -j4 -l4
[91.277s] Invoking command in '/home/mike/turtlebot3_ws/build/costmap_converter': AMENT_PREFIX_PATH=/home/mike/turtlebot3_ws/install/costmap_converter_msgs:${AMENT_PREFIX_PATH} CMAKE_PREFIX_PATH=/home/mike/turtlebot3_ws/install/costmap_converter_msgs:/home/mike/turtlebot3_ws/install/turtlebot3:/home/mike/turtlebot3_ws/install/turtlebot3_simulations:/home/mike/turtlebot3_ws/install/turtlebot3_bringup:/home/mike/turtlebot3_ws/install/turtlebot3_node:/home/mike/turtlebot3_ws/install/turtlebot3_gazebo:/home/mike/turtlebot3_ws/install/turtlebot3_fake_node:/home/mike/turtlebot3_ws/install/turtlebot3_description:/home/mike/turtlebot3_ws/install/turtlebot3_teleop:/home/mike/turtlebot3_ws/install/turtlebot3_example:/opt/ros/galactic LD_LIBRARY_PATH=/home/mike/turtlebot3_ws/install/costmap_converter_msgs/lib:${LD_LIBRARY_PATH} PYTHONPATH=/home/mike/turtlebot3_ws/install/costmap_converter_msgs/lib/python3.8/site-packages:${PYTHONPATH} /usr/bin/cmake --install /home/mike/turtlebot3_ws/build/costmap_converter
[91.298s] -- Install configuration: "Release"
[91.298s] -- Installing: /home/mike/turtlebot3_ws/install/costmap_converter/lib/libcostmap_converter.so
[91.303s] -- Set runtime path of "/home/mike/turtlebot3_ws/install/costmap_converter/lib/libcostmap_converter.so" to ""
[91.304s] -- Installing: /home/mike/turtlebot3_ws/install/costmap_converter/bin/standalone_converter
[91.306s] -- Set runtime path of "/home/mike/turtlebot3_ws/install/costmap_converter/bin/standalone_converter" to ""
[91.306s] -- Installing: /home/mike/turtlebot3_ws/install/costmap_converter/include/
[91.306s] -- Installing: /home/mike/turtlebot3_ws/install/costmap_converter/include//costmap_converter
[91.307s] -- Installing: /home/mike/turtlebot3_ws/install/costmap_converter/include//costmap_converter/costmap_to_polygons_concave.h
[91.307s] -- Installing: /home/mike/turtlebot3_ws/install/costmap_converter/include//costmap_converter/costmap_to_lines_ransac.h
[91.307s] -- Installing: /home/mike/turtlebot3_ws/install/costmap_converter/include//costmap_converter/costmap_converter_interface.h
[91.307s] -- Installing: /home/mike/turtlebot3_ws/install/costmap_converter/include//costmap_converter/misc.h
[91.307s] -- Installing: /home/mike/turtlebot3_ws/install/costmap_converter/include//costmap_converter/costmap_to_lines_convex_hull.h
[91.308s] -- Installing: /home/mike/turtlebot3_ws/install/costmap_converter/include//costmap_converter/costmap_to_polygons.h
[91.308s] -- Installing: /home/mike/turtlebot3_ws/install/costmap_converter/include//costmap_converter/costmap_to_dynamic_obstacles
[91.308s] -- Installing: /home/mike/turtlebot3_ws/install/costmap_converter/include//costmap_converter/costmap_to_dynamic_obstacles/multitarget_tracker
[91.308s] -- Installing: /home/mike/turtlebot3_ws/install/costmap_converter/include//costmap_converter/costmap_to_dynamic_obstacles/multitarget_tracker/Ctracker.h
[91.308s] -- Installing: /home/mike/turtlebot3_ws/install/costmap_converter/include//costmap_converter/costmap_to_dynamic_obstacles/multitarget_tracker/Kalman.h
[91.308s] -- Installing: /home/mike/turtlebot3_ws/install/costmap_converter/include//costmap_converter/costmap_to_dynamic_obstacles/multitarget_tracker/HungarianAlg.h
[91.309s] -- Installing: /home/mike/turtlebot3_ws/install/costmap_converter/include//costmap_converter/costmap_to_dynamic_obstacles/multitarget_tracker/defines.h
[91.309s] -- Installing: /home/mike/turtlebot3_ws/install/costmap_converter/include//costmap_converter/costmap_to_dynamic_obstacles/multitarget_tracker/README.md
[91.309s] -- Installing: /home/mike/turtlebot3_ws/install/costmap_converter/include//costmap_converter/costmap_to_dynamic_obstacles/blob_detector.h
[91.309s] -- Installing: /home/mike/turtlebot3_ws/install/costmap_converter/include//costmap_converter/costmap_to_dynamic_obstacles/costmap_to_dynamic_obstacles.h
[91.309s] -- Installing: /home/mike/turtlebot3_ws/install/costmap_converter/include//costmap_converter/costmap_to_dynamic_obstacles/background_subtractor.h
[91.310s] -- Installing: /home/mike/turtlebot3_ws/install/costmap_converter/share/costmap_converter/environment/library_path.sh
[91.310s] -- Installing: /home/mike/turtlebot3_ws/install/costmap_converter/share/costmap_converter/environment/library_path.dsv
[91.311s] -- Installing: /home/mike/turtlebot3_ws/install/costmap_converter/share/costmap_converter/costmap_converter_plugins.xml
[91.311s] -- Installing: /home/mike/turtlebot3_ws/install/costmap_converter/share/ament_index/resource_index/package_run_dependencies/costmap_converter
[91.312s] -- Installing: /home/mike/turtlebot3_ws/install/costmap_converter/share/ament_index/resource_index/parent_prefix_path/costmap_converter
[91.313s] -- Installing: /home/mike/turtlebot3_ws/install/costmap_converter/share/costmap_converter/environment/ament_prefix_path.sh
[91.313s] -- Installing: /home/mike/turtlebot3_ws/install/costmap_converter/share/costmap_converter/environment/ament_prefix_path.dsv
[91.313s] -- Installing: /home/mike/turtlebot3_ws/install/costmap_converter/share/costmap_converter/environment/path.sh
[91.314s] -- Installing: /home/mike/turtlebot3_ws/install/costmap_converter/share/costmap_converter/environment/path.dsv
[91.314s] -- Installing: /home/mike/turtlebot3_ws/install/costmap_converter/share/costmap_converter/local_setup.bash
[91.314s] -- Installing: /home/mike/turtlebot3_ws/install/costmap_converter/share/costmap_converter/local_setup.sh
[91.315s] -- Installing: /home/mike/turtlebot3_ws/install/costmap_converter/share/costmap_converter/local_setup.zsh
[91.315s] -- Installing: /home/mike/turtlebot3_ws/install/costmap_converter/share/costmap_converter/local_setup.dsv
[91.315s] -- Installing: /home/mike/turtlebot3_ws/install/costmap_converter/share/costmap_converter/package.dsv
[91.316s] -- Installing: /home/mike/turtlebot3_ws/install/costmap_converter/share/ament_index/resource_index/packages/costmap_converter
[91.316s] -- Installing: /home/mike/turtlebot3_ws/install/costmap_converter/share/ament_index/resource_index/costmap_converter__pluginlib__plugin/costmap_converter
[91.316s] -- Installing: /home/mike/turtlebot3_ws/install/costmap_converter/share/costmap_converter/cmake/ament_cmake_export_include_directories-extras.cmake
[91.317s] -- Installing: /home/mike/turtlebot3_ws/install/costmap_converter/share/costmap_converter/cmake/ament_cmake_export_libraries-extras.cmake
[91.317s] -- Installing: /home/mike/turtlebot3_ws/install/costmap_converter/share/costmap_converter/cmake/ament_cmake_export_dependencies-extras.cmake
[91.317s] -- Installing: /home/mike/turtlebot3_ws/install/costmap_converter/share/costmap_converter/cmake/costmap_converterConfig.cmake
[91.318s] -- Installing: /home/mike/turtlebot3_ws/install/costmap_converter/share/costmap_converter/cmake/costmap_converterConfig-version.cmake
[91.318s] -- Installing: /home/mike/turtlebot3_ws/install/costmap_converter/share/costmap_converter/package.xml
[91.327s] Invoked command in '/home/mike/turtlebot3_ws/build/costmap_converter' returned '0': AMENT_PREFIX_PATH=/home/mike/turtlebot3_ws/install/costmap_converter_msgs:${AMENT_PREFIX_PATH} CMAKE_PREFIX_PATH=/home/mike/turtlebot3_ws/install/costmap_converter_msgs:/home/mike/turtlebot3_ws/install/turtlebot3:/home/mike/turtlebot3_ws/install/turtlebot3_simulations:/home/mike/turtlebot3_ws/install/turtlebot3_bringup:/home/mike/turtlebot3_ws/install/turtlebot3_node:/home/mike/turtlebot3_ws/install/turtlebot3_gazebo:/home/mike/turtlebot3_ws/install/turtlebot3_fake_node:/home/mike/turtlebot3_ws/install/turtlebot3_description:/home/mike/turtlebot3_ws/install/turtlebot3_teleop:/home/mike/turtlebot3_ws/install/turtlebot3_example:/opt/ros/galactic LD_LIBRARY_PATH=/home/mike/turtlebot3_ws/install/costmap_converter_msgs/lib:${LD_LIBRARY_PATH} PYTHONPATH=/home/mike/turtlebot3_ws/install/costmap_converter_msgs/lib/python3.8/site-packages:${PYTHONPATH} /usr/bin/cmake --install /home/mike/turtlebot3_ws/build/costmap_converter
