[0.032s] Invoking command in '/home/mike/turtlebot3_ws/build/teb_local_planner': AMENT_PREFIX_PATH=/home/mike/turtlebot3_ws/install/teb_msgs:/home/mike/turtlebot3_ws/install/costmap_converter:/home/mike/turtlebot3_ws/install/costmap_converter_msgs:${AMENT_PREFIX_PATH} CMAKE_PREFIX_PATH=/home/mike/turtlebot3_ws/install/teb_msgs:/home/mike/turtlebot3_ws/install/costmap_converter:/home/mike/turtlebot3_ws/install/costmap_converter_msgs:/opt/ros/galactic LD_LIBRARY_PATH=/home/mike/turtlebot3_ws/install/teb_msgs/lib:/home/mike/turtlebot3_ws/install/costmap_converter/lib:/home/mike/turtlebot3_ws/install/costmap_converter_msgs/lib:${LD_LIBRARY_PATH} PATH=/home/mike/turtlebot3_ws/install/costmap_converter/bin:${PATH} PYTHONPATH=/home/mike/turtlebot3_ws/install/teb_msgs/lib/python3.8/site-packages:/home/mike/turtlebot3_ws/install/costmap_converter_msgs/lib/python3.8/site-packages:${PYTHONPATH} /usr/bin/cmake /home/mike/turtlebot3_ws/src/turtlebot3/teb_local_planner/teb_local_planner -DCMAKE_INSTALL_PREFIX=/home/mike/turtlebot3_ws/install/teb_local_planner
[0.109s] -- The C compiler identification is GNU 9.4.0
[0.187s] -- The CXX compiler identification is GNU 9.4.0
[0.192s] -- Check for working C compiler: /usr/bin/cc
[0.295s] -- Check for working C compiler: /usr/bin/cc -- works
[0.296s] -- Detecting C compiler ABI info
[0.392s] -- Detecting C compiler ABI info - done
[0.412s] -- Detecting C compile features
[0.412s] -- Detecting C compile features - done
[0.416s] -- Check for working CXX compiler: /usr/bin/c++
[0.521s] -- Check for working CXX compiler: /usr/bin/c++ -- works
[0.524s] -- Detecting CXX compiler ABI info
[0.632s] -- Detecting CXX compiler ABI info - done
[0.647s] -- Detecting CXX compile features
[0.647s] -- Detecting CXX compile features - done
[0.650s] -- Found ament_cmake: 1.1.5 (/opt/ros/galactic/share/ament_cmake/cmake)
[0.683s] -- Found PythonInterp: /usr/bin/python3 (found suitable version "3.8.10", minimum required is "3") 
[0.683s] -- Using PYTHON_EXECUTABLE: /usr/bin/python3
[0.785s] -- Found costmap_converter: 0.1.2 (/home/mike/turtlebot3_ws/install/costmap_converter/share/costmap_converter/cmake)
[0.843s] -- Using all available rosidl_typesupport_c: rosidl_typesupport_fastrtps_c;rosidl_typesupport_introspection_c
[0.852s] -- Found rosidl_adapter: 2.2.2 (/opt/ros/galactic/share/rosidl_adapter/cmake)
[0.978s] -- Found OpenSSL: /usr/lib/x86_64-linux-gnu/libcrypto.so (found version "1.1.1f")  
[1.013s] -- Found FastRTPS: /opt/ros/galactic/include  
[1.105s] -- Using all available rosidl_typesupport_cpp: rosidl_typesupport_fastrtps_cpp;rosidl_typesupport_introspection_cpp
[2.080s] -- Found rmw_implementation_cmake: 3.3.1 (/opt/ros/galactic/share/rmw_implementation_cmake/cmake)
[2.093s] -- Found rmw_cyclonedds_cpp: 0.22.5 (/opt/ros/galactic/share/rmw_cyclonedds_cpp/cmake)
[2.126s] -- Using RMW implementation 'rmw_cyclonedds_cpp' as default
[2.129s] -- Looking for pthread.h
[2.239s] -- Looking for pthread.h - found
[2.240s] -- Performing Test CMAKE_HAVE_LIBC_PTHREAD
[2.358s] -- Performing Test CMAKE_HAVE_LIBC_PTHREAD - Failed
[2.358s] -- Looking for pthread_create in pthreads
[2.446s] -- Looking for pthread_create in pthreads - not found
[2.446s] -- Looking for pthread_create in pthread
[2.543s] -- Looking for pthread_create in pthread - found
[2.546s] -- Found Threads: TRUE  
[3.555s] -- Found Eigen3: TRUE (found version "3.3.7") 
[5.025s] -- Found dwb_critics: 1.0.12 (/opt/ros/galactic/share/dwb_critics/cmake)
[11.307s] -- Found teb_msgs: 0.0.1 (/home/mike/turtlebot3_ws/install/teb_msgs/share/teb_msgs/cmake)
[11.489s] -- Found tf2_eigen: 0.17.4 (/opt/ros/galactic/share/tf2_eigen/cmake)
[11.494s] -- System: Linux-5.15.0-50-generic
[11.494s] -- /opt/ros/galactic/share/tinyxml2_vendor/cmake/Modules;/opt/ros/galactic/share/eigen3_cmake_module/cmake/Modules;/opt/ros/galactic/share/fastrtps_cmake_module/cmake/Modules;/home/mike/turtlebot3_ws/src/turtlebot3/teb_local_planner/teb_local_planner/cmake_modules
[11.499s] -- Found SuiteSparse
[11.500s] -- Searching for g2o ...
[11.501s] -- Found g2o headers in: /usr/local/include/g2o
[11.506s] -- Found libg2o: /usr/local/lib/libg2o_csparse_extension.so;/usr/local/lib/libg2o_core.so;/usr/local/lib/libg2o_stuff.so;/usr/local/lib/libg2o_types_slam2d.so;/usr/local/lib/libg2o_types_slam3d.so;/usr/local/lib/libg2o_solver_cholmod.so;/usr/local/lib/libg2o_solver_pcg.so;/usr/local/lib/libg2o_solver_csparse.so;/usr/local/lib/libg2o_incremental.so
[11.523s] -- Found Boost: /usr/lib/x86_64-linux-gnu/cmake/Boost-1.71.0/BoostConfig.cmake (found version "1.71.0")  
[28.830s] -- Found ament_cmake_gtest: 1.1.5 (/opt/ros/galactic/share/ament_cmake_gtest/cmake)
[28.927s] -- Configuring done
[29.063s] -- Generating done
[29.067s] -- Build files have been written to: /home/mike/turtlebot3_ws/build/teb_local_planner
[29.087s] Invoked command in '/home/mike/turtlebot3_ws/build/teb_local_planner' returned '0': AMENT_PREFIX_PATH=/home/mike/turtlebot3_ws/install/teb_msgs:/home/mike/turtlebot3_ws/install/costmap_converter:/home/mike/turtlebot3_ws/install/costmap_converter_msgs:${AMENT_PREFIX_PATH} CMAKE_PREFIX_PATH=/home/mike/turtlebot3_ws/install/teb_msgs:/home/mike/turtlebot3_ws/install/costmap_converter:/home/mike/turtlebot3_ws/install/costmap_converter_msgs:/opt/ros/galactic LD_LIBRARY_PATH=/home/mike/turtlebot3_ws/install/teb_msgs/lib:/home/mike/turtlebot3_ws/install/costmap_converter/lib:/home/mike/turtlebot3_ws/install/costmap_converter_msgs/lib:${LD_LIBRARY_PATH} PATH=/home/mike/turtlebot3_ws/install/costmap_converter/bin:${PATH} PYTHONPATH=/home/mike/turtlebot3_ws/install/teb_msgs/lib/python3.8/site-packages:/home/mike/turtlebot3_ws/install/costmap_converter_msgs/lib/python3.8/site-packages:${PYTHONPATH} /usr/bin/cmake /home/mike/turtlebot3_ws/src/turtlebot3/teb_local_planner/teb_local_planner -DCMAKE_INSTALL_PREFIX=/home/mike/turtlebot3_ws/install/teb_local_planner
[29.092s] Invoking command in '/home/mike/turtlebot3_ws/build/teb_local_planner': AMENT_PREFIX_PATH=/home/mike/turtlebot3_ws/install/teb_msgs:/home/mike/turtlebot3_ws/install/costmap_converter:/home/mike/turtlebot3_ws/install/costmap_converter_msgs:${AMENT_PREFIX_PATH} CMAKE_PREFIX_PATH=/home/mike/turtlebot3_ws/install/teb_msgs:/home/mike/turtlebot3_ws/install/costmap_converter:/home/mike/turtlebot3_ws/install/costmap_converter_msgs:/opt/ros/galactic LD_LIBRARY_PATH=/home/mike/turtlebot3_ws/install/teb_msgs/lib:/home/mike/turtlebot3_ws/install/costmap_converter/lib:/home/mike/turtlebot3_ws/install/costmap_converter_msgs/lib:${LD_LIBRARY_PATH} PATH=/home/mike/turtlebot3_ws/install/costmap_converter/bin:${PATH} PYTHONPATH=/home/mike/turtlebot3_ws/install/teb_msgs/lib/python3.8/site-packages:/home/mike/turtlebot3_ws/install/costmap_converter_msgs/lib/python3.8/site-packages:${PYTHONPATH} /usr/bin/cmake --build /home/mike/turtlebot3_ws/build/teb_local_planner -- -j4 -l4
[29.150s] [35m[1mScanning dependencies of target teb_local_planner[0m
[29.420s] [ 10%] [32mBuilding CXX object CMakeFiles/teb_local_planner.dir/src/timed_elastic_band.cpp.o[0m
[29.426s] [ 20%] [32mBuilding CXX object CMakeFiles/teb_local_planner.dir/src/optimal_planner.cpp.o[0m
[29.429s] [ 30%] [32mBuilding CXX object CMakeFiles/teb_local_planner.dir/src/obstacles.cpp.o[0m
[29.431s] [ 40%] [32mBuilding CXX object CMakeFiles/teb_local_planner.dir/src/visualization.cpp.o[0m
[34.574s] [ 50%] [32mBuilding CXX object CMakeFiles/teb_local_planner.dir/src/recovery_behaviors.cpp.o[0m
[39.900s] [ 60%] [32mBuilding CXX object CMakeFiles/teb_local_planner.dir/src/teb_config.cpp.o[0m
[41.266s] In file included from [01m[K/usr/local/include/g2o/core/base_variable_sized_edge.h:115[m[K,
[41.267s]                  from [01m[K/usr/local/include/g2o/core/base_multi_edge.h:30[m[K,
[41.267s]                  from [01m[K/home/mike/turtlebot3_ws/src/turtlebot3/teb_local_planner/teb_local_planner/include/teb_local_planner/g2o_types/base_teb_edges.h:51[m[K,
[41.267s]                  from [01m[K/home/mike/turtlebot3_ws/src/turtlebot3/teb_local_planner/teb_local_planner/include/teb_local_planner/g2o_types/edge_velocity.h:49[m[K,
[41.268s]                  from [01m[K/home/mike/turtlebot3_ws/src/turtlebot3/teb_local_planner/teb_local_planner/include/teb_local_planner/optimal_planner.h:63[m[K,
[41.268s]                  from [01m[K/home/mike/turtlebot3_ws/src/turtlebot3/teb_local_planner/teb_local_planner/src/optimal_planner.cpp:42[m[K:
[41.268s] [01m[K/usr/local/include/g2o/core/base_variable_sized_edge.hpp:[m[K In member function ‘[01m[Kvirtual void g2o::BaseVariableSizedEdge<D, E>::linearizeOplus()[m[K’:
[41.268s] [01m[K/usr/local/include/g2o/core/base_variable_sized_edge.hpp:90:12:[m[K [01;31m[Kerror: [m[K‘[01m[Kclass ceres::internal::FixedArray<double>[m[K’ has no member named ‘[01m[Kfill[m[K’
[41.268s]    90 |     add_vi.[01;31m[Kfill[m[K(0.);
[41.269s]       |            [01;31m[K^~~~[m[K
[41.269s] [01m[K/usr/local/include/g2o/core/base_variable_sized_edge.hpp:94:24:[m[K [01;31m[Kerror: [m[K‘[01m[Kclass ceres::internal::FixedArray<double>[m[K’ has no member named ‘[01m[Kdata[m[K’
[41.269s]    94 |       vi->oplus(add_vi.[01;31m[Kdata[m[K());
[41.269s]       |                        [01;31m[K^~~~[m[K
[41.270s] [01m[K/usr/local/include/g2o/core/base_variable_sized_edge.hpp:100:24:[m[K [01;31m[Kerror: [m[K‘[01m[Kclass ceres::internal::FixedArray<double>[m[K’ has no member named ‘[01m[Kdata[m[K’
[41.270s]   100 |       vi->oplus(add_vi.[01;31m[Kdata[m[K());
[41.270s]       |                        [01;31m[K^~~~[m[K
[41.330s] In file included from [01m[K/usr/local/include/g2o/core/base_variable_sized_edge.h:115[m[K,
[41.331s]                  from [01m[K/usr/local/include/g2o/core/base_multi_edge.h:30[m[K,
[41.331s]                  from [01m[K/home/mike/turtlebot3_ws/src/turtlebot3/teb_local_planner/teb_local_planner/include/teb_local_planner/g2o_types/base_teb_edges.h:51[m[K,
[41.331s]                  from [01m[K/home/mike/turtlebot3_ws/src/turtlebot3/teb_local_planner/teb_local_planner/include/teb_local_planner/g2o_types/edge_velocity.h:49[m[K,
[41.331s]                  from [01m[K/home/mike/turtlebot3_ws/src/turtlebot3/teb_local_planner/teb_local_planner/include/teb_local_planner/optimal_planner.h:63[m[K,
[41.332s]                  from [01m[K/home/mike/turtlebot3_ws/src/turtlebot3/teb_local_planner/teb_local_planner/src/visualization.cpp:41[m[K:
[41.332s] [01m[K/usr/local/include/g2o/core/base_variable_sized_edge.hpp:[m[K In member function ‘[01m[Kvirtual void g2o::BaseVariableSizedEdge<D, E>::linearizeOplus()[m[K’:
[41.332s] [01m[K/usr/local/include/g2o/core/base_variable_sized_edge.hpp:90:12:[m[K [01;31m[Kerror: [m[K‘[01m[Kclass ceres::internal::FixedArray<double>[m[K’ has no member named ‘[01m[Kfill[m[K’
[41.332s]    90 |     add_vi.[01;31m[Kfill[m[K(0.);
[41.332s]       |            [01;31m[K^~~~[m[K
[41.333s] [01m[K/usr/local/include/g2o/core/base_variable_sized_edge.hpp:94:24:[m[K [01;31m[Kerror: [m[K‘[01m[Kclass ceres::internal::FixedArray<double>[m[K’ has no member named ‘[01m[Kdata[m[K’
[41.333s]    94 |       vi->oplus(add_vi.[01;31m[Kdata[m[K());
[41.333s]       |                        [01;31m[K^~~~[m[K
[41.334s] [01m[K/usr/local/include/g2o/core/base_variable_sized_edge.hpp:100:24:[m[K [01;31m[Kerror: [m[K‘[01m[Kclass ceres::internal::FixedArray<double>[m[K’ has no member named ‘[01m[Kdata[m[K’
[41.334s]   100 |       vi->oplus(add_vi.[01;31m[Kdata[m[K());
[41.334s]       |                        [01;31m[K^~~~[m[K
[47.520s] [ 70%] [32mBuilding CXX object CMakeFiles/teb_local_planner.dir/src/homotopy_class_planner.cpp.o[0m
[48.803s] In file included from [01m[K/usr/local/include/g2o/core/base_fixed_sized_edge.h:311[m[K,
[48.803s]                  from [01m[K/usr/local/include/g2o/core/base_binary_edge.h:30[m[K,
[48.803s]                  from [01m[K/home/mike/turtlebot3_ws/src/turtlebot3/teb_local_planner/teb_local_planner/include/teb_local_planner/g2o_types/base_teb_edges.h:49[m[K,
[48.803s]                  from [01m[K/home/mike/turtlebot3_ws/src/turtlebot3/teb_local_planner/teb_local_planner/include/teb_local_planner/g2o_types/edge_velocity.h:49[m[K,
[48.804s]                  from [01m[K/home/mike/turtlebot3_ws/src/turtlebot3/teb_local_planner/teb_local_planner/include/teb_local_planner/optimal_planner.h:63[m[K,
[48.804s]                  from [01m[K/home/mike/turtlebot3_ws/src/turtlebot3/teb_local_planner/teb_local_planner/src/visualization.cpp:41[m[K:
[48.804s] /usr/local/include/g2o/core/base_fixed_sized_edge.hpp: In instantiation of ‘[01m[Kvoid g2o::BaseFixedSizedEdge<D, E, VertexTypes>::linearizeOplusN() [with int N = 0; int D = 1; E = double; VertexTypes = {teb_local_planner::VertexPose, teb_local_planner::VertexPose}][m[K’:
[48.804s] [01m[K/usr/local/include/g2o/core/base_fixed_sized_edge.hpp:206:43:[m[K   required from ‘[01m[Kvoid g2o::BaseFixedSizedEdge<D, E, VertexTypes>::linearizeOplusNs(std::index_sequence<__var_indices ...>) [with long unsigned int ...Ints = {0, 1}; int D = 1; E = double; VertexTypes = {teb_local_planner::VertexPose, teb_local_planner::VertexPose}; std::index_sequence<__var_indices ...> = std::integer_sequence<long unsigned int, 0, 1>][m[K’
[48.804s] [01m[K/usr/local/include/g2o/core/base_fixed_sized_edge.hpp:214:3:[m[K   required from ‘[01m[Kvoid g2o::BaseFixedSizedEdge<D, E, VertexTypes>::linearizeOplus() [with int D = 1; E = double; VertexTypes = {teb_local_planner::VertexPose, teb_local_planner::VertexPose}][m[K’
[48.805s] [01m[K/usr/local/include/g2o/core/base_fixed_sized_edge.hpp:211:6:[m[K   required from here
[48.805s] [01m[K/usr/local/include/g2o/core/base_fixed_sized_edge.hpp:179:14:[m[K [01;31m[Kerror: [m[K‘[01m[KFixedArray[m[K’ {aka ‘[01m[Kclass ceres::internal::FixedArray<double, 3>[m[K’} has no member named ‘[01m[Kfill[m[K’
[48.805s]   179 |   [01;31m[Kadd_vertex.fill[m[K(0.);
[48.805s]       |   [01;31m[K~~~~~~~~~~~^~~~[m[K
[48.805s] [01m[K/usr/local/include/g2o/core/base_fixed_sized_edge.hpp:186:30:[m[K [01;31m[Kerror: [m[K‘[01m[KFixedArray[m[K’ {aka ‘[01m[Kclass ceres::internal::FixedArray<double, 3>[m[K’} has no member named ‘[01m[Kdata[m[K’
[48.805s]   186 |     vertex->oplus([01;31m[Kadd_vertex.data[m[K());
[48.805s]       |                   [01;31m[K~~~~~~~~~~~^~~~[m[K
[48.805s] [01m[K/usr/local/include/g2o/core/base_fixed_sized_edge.hpp:192:30:[m[K [01;31m[Kerror: [m[K‘[01m[KFixedArray[m[K’ {aka ‘[01m[Kclass ceres::internal::FixedArray<double, 3>[m[K’} has no member named ‘[01m[Kdata[m[K’
[48.806s]   192 |     vertex->oplus([01;31m[Kadd_vertex.data[m[K());
[48.806s]       |                   [01;31m[K~~~~~~~~~~~^~~~[m[K
[48.828s] /usr/local/include/g2o/core/base_fixed_sized_edge.hpp: In instantiation of ‘[01m[Kvoid g2o::BaseFixedSizedEdge<D, E, VertexTypes>::linearizeOplusN() [with int N = 1; int D = 1; E = double; VertexTypes = {teb_local_planner::VertexPose, teb_local_planner::VertexPose}][m[K’:
[48.828s] [01m[K/usr/local/include/g2o/core/base_fixed_sized_edge.hpp:206:43:[m[K   required from ‘[01m[Kvoid g2o::BaseFixedSizedEdge<D, E, VertexTypes>::linearizeOplusNs(std::index_sequence<__var_indices ...>) [with long unsigned int ...Ints = {0, 1}; int D = 1; E = double; VertexTypes = {teb_local_planner::VertexPose, teb_local_planner::VertexPose}; std::index_sequence<__var_indices ...> = std::integer_sequence<long unsigned int, 0, 1>][m[K’
[48.828s] [01m[K/usr/local/include/g2o/core/base_fixed_sized_edge.hpp:214:3:[m[K   required from ‘[01m[Kvoid g2o::BaseFixedSizedEdge<D, E, VertexTypes>::linearizeOplus() [with int D = 1; E = double; VertexTypes = {teb_local_planner::VertexPose, teb_local_planner::VertexPose}][m[K’
[48.828s] [01m[K/usr/local/include/g2o/core/base_fixed_sized_edge.hpp:211:6:[m[K   required from here
[48.829s] [01m[K/usr/local/include/g2o/core/base_fixed_sized_edge.hpp:179:14:[m[K [01;31m[Kerror: [m[K‘[01m[KFixedArray[m[K’ {aka ‘[01m[Kclass ceres::internal::FixedArray<double, 3>[m[K’} has no member named ‘[01m[Kfill[m[K’
[48.829s]   179 |   [01;31m[Kadd_vertex.fill[m[K(0.);
[48.829s]       |   [01;31m[K~~~~~~~~~~~^~~~[m[K
[48.829s] [01m[K/usr/local/include/g2o/core/base_fixed_sized_edge.hpp:186:30:[m[K [01;31m[Kerror: [m[K‘[01m[KFixedArray[m[K’ {aka ‘[01m[Kclass ceres::internal::FixedArray<double, 3>[m[K’} has no member named ‘[01m[Kdata[m[K’
[48.829s]   186 |     vertex->oplus([01;31m[Kadd_vertex.data[m[K());
[48.829s]       |                   [01;31m[K~~~~~~~~~~~^~~~[m[K
[48.829s] [01m[K/usr/local/include/g2o/core/base_fixed_sized_edge.hpp:192:30:[m[K [01;31m[Kerror: [m[K‘[01m[KFixedArray[m[K’ {aka ‘[01m[Kclass ceres::internal::FixedArray<double, 3>[m[K’} has no member named ‘[01m[Kdata[m[K’
[48.829s]   192 |     vertex->oplus([01;31m[Kadd_vertex.data[m[K());
[48.830s]       |                   [01;31m[K~~~~~~~~~~~^~~~[m[K
[48.832s] /usr/local/include/g2o/core/base_fixed_sized_edge.hpp: In instantiation of ‘[01m[Kvoid g2o::BaseFixedSizedEdge<D, E, VertexTypes>::linearizeOplusN() [with int N = 0; int D = 1; E = const Eigen::Matrix<double, 2, 1>*; VertexTypes = {teb_local_planner::VertexPose}][m[K’:
[48.833s] [01m[K/usr/local/include/g2o/core/base_fixed_sized_edge.hpp:206:43:[m[K   required from ‘[01m[Kvoid g2o::BaseFixedSizedEdge<D, E, VertexTypes>::linearizeOplusNs(std::index_sequence<__var_indices ...>) [with long unsigned int ...Ints = {0}; int D = 1; E = const Eigen::Matrix<double, 2, 1>*; VertexTypes = {teb_local_planner::VertexPose}; std::index_sequence<__var_indices ...> = std::integer_sequence<long unsigned int, 0>][m[K’
[48.833s] [01m[K/usr/local/include/g2o/core/base_fixed_sized_edge.hpp:214:3:[m[K   required from ‘[01m[Kvoid g2o::BaseFixedSizedEdge<D, E, VertexTypes>::linearizeOplus() [with int D = 1; E = const Eigen::Matrix<double, 2, 1>*; VertexTypes = {teb_local_planner::VertexPose}][m[K’
[48.833s] [01m[K/usr/local/include/g2o/core/base_fixed_sized_edge.hpp:211:6:[m[K   required from here
[48.833s] [01m[K/usr/local/include/g2o/core/base_fixed_sized_edge.hpp:179:14:[m[K [01;31m[Kerror: [m[K‘[01m[KFixedArray[m[K’ {aka ‘[01m[Kclass ceres::internal::FixedArray<double, 3>[m[K’} has no member named ‘[01m[Kfill[m[K’
[48.833s]   179 |   [01;31m[Kadd_vertex.fill[m[K(0.);
[48.833s]       |   [01;31m[K~~~~~~~~~~~^~~~[m[K
[48.834s] [01m[K/usr/local/include/g2o/core/base_fixed_sized_edge.hpp:186:30:[m[K [01;31m[Kerror: [m[K‘[01m[KFixedArray[m[K’ {aka ‘[01m[Kclass ceres::internal::FixedArray<double, 3>[m[K’} has no member named ‘[01m[Kdata[m[K’
[48.834s]   186 |     vertex->oplus([01;31m[Kadd_vertex.data[m[K());
[48.834s]       |                   [01;31m[K~~~~~~~~~~~^~~~[m[K
[48.834s] [01m[K/usr/local/include/g2o/core/base_fixed_sized_edge.hpp:192:30:[m[K [01;31m[Kerror: [m[K‘[01m[KFixedArray[m[K’ {aka ‘[01m[Kclass ceres::internal::FixedArray<double, 3>[m[K’} has no member named ‘[01m[Kdata[m[K’
[48.834s]   192 |     vertex->oplus([01;31m[Kadd_vertex.data[m[K());
[48.834s]       |                   [01;31m[K~~~~~~~~~~~^~~~[m[K
[48.918s] In file included from [01m[K/usr/local/include/g2o/core/base_fixed_sized_edge.h:311[m[K,
[48.918s]                  from [01m[K/usr/local/include/g2o/core/base_binary_edge.h:30[m[K,
[48.918s]                  from [01m[K/home/mike/turtlebot3_ws/src/turtlebot3/teb_local_planner/teb_local_planner/include/teb_local_planner/g2o_types/base_teb_edges.h:49[m[K,
[48.918s]                  from [01m[K/home/mike/turtlebot3_ws/src/turtlebot3/teb_local_planner/teb_local_planner/include/teb_local_planner/g2o_types/edge_velocity.h:49[m[K,
[48.918s]                  from [01m[K/home/mike/turtlebot3_ws/src/turtlebot3/teb_local_planner/teb_local_planner/include/teb_local_planner/optimal_planner.h:63[m[K,
[48.918s]                  from [01m[K/home/mike/turtlebot3_ws/src/turtlebot3/teb_local_planner/teb_local_planner/src/optimal_planner.cpp:42[m[K:
[48.919s] /usr/local/include/g2o/core/base_fixed_sized_edge.hpp: In instantiation of ‘[01m[Kvoid g2o::BaseFixedSizedEdge<D, E, VertexTypes>::linearizeOplusN() [with int N = 0; int D = 1; E = double; VertexTypes = {teb_local_planner::VertexPose, teb_local_planner::VertexPose}][m[K’:
[48.919s] [01m[K/usr/local/include/g2o/core/base_fixed_sized_edge.hpp:206:43:[m[K   required from ‘[01m[Kvoid g2o::BaseFixedSizedEdge<D, E, VertexTypes>::linearizeOplusNs(std::index_sequence<__var_indices ...>) [with long unsigned int ...Ints = {0, 1}; int D = 1; E = double; VertexTypes = {teb_local_planner::VertexPose, teb_local_planner::VertexPose}; std::index_sequence<__var_indices ...> = std::integer_sequence<long unsigned int, 0, 1>][m[K’
[48.919s] [01m[K/usr/local/include/g2o/core/base_fixed_sized_edge.hpp:214:3:[m[K   required from ‘[01m[Kvoid g2o::BaseFixedSizedEdge<D, E, VertexTypes>::linearizeOplus() [with int D = 1; E = double; VertexTypes = {teb_local_planner::VertexPose, teb_local_planner::VertexPose}][m[K’
[48.919s] [01m[K/usr/local/include/g2o/core/base_fixed_sized_edge.hpp:211:6:[m[K   required from here
[48.919s] [01m[K/usr/local/include/g2o/core/base_fixed_sized_edge.hpp:179:14:[m[K [01;31m[Kerror: [m[K‘[01m[KFixedArray[m[K’ {aka ‘[01m[Kclass ceres::internal::FixedArray<double, 3>[m[K’} has no member named ‘[01m[Kfill[m[K’
[48.920s]   179 |   [01;31m[Kadd_vertex.fill[m[K(0.);
[48.920s]       |   [01;31m[K~~~~~~~~~~~^~~~[m[K
[48.920s] [01m[K/usr/local/include/g2o/core/base_fixed_sized_edge.hpp:186:30:[m[K [01;31m[Kerror: [m[K‘[01m[KFixedArray[m[K’ {aka ‘[01m[Kclass ceres::internal::FixedArray<double, 3>[m[K’} has no member named ‘[01m[Kdata[m[K’
[48.921s]   186 |     vertex->oplus([01;31m[Kadd_vertex.data[m[K());
[48.921s]       |                   [01;31m[K~~~~~~~~~~~^~~~[m[K
[48.922s] [01m[K/usr/local/include/g2o/core/base_fixed_sized_edge.hpp:192:30:[m[K [01;31m[Kerror: [m[K‘[01m[KFixedArray[m[K’ {aka ‘[01m[Kclass ceres::internal::FixedArray<double, 3>[m[K’} has no member named ‘[01m[Kdata[m[K’
[48.922s]   192 |     vertex->oplus([01;31m[Kadd_vertex.data[m[K());
[48.922s]       |                   [01;31m[K~~~~~~~~~~~^~~~[m[K
[48.940s] /usr/local/include/g2o/core/base_fixed_sized_edge.hpp: In instantiation of ‘[01m[Kvoid g2o::BaseFixedSizedEdge<D, E, VertexTypes>::linearizeOplusN() [with int N = 0; int D = 2; E = const teb_local_planner::Obstacle*; VertexTypes = {teb_local_planner::VertexPose}][m[K’:
[48.940s] [01m[K/usr/local/include/g2o/core/base_fixed_sized_edge.hpp:206:43:[m[K   required from ‘[01m[Kvoid g2o::BaseFixedSizedEdge<D, E, VertexTypes>::linearizeOplusNs(std::index_sequence<__var_indices ...>) [with long unsigned int ...Ints = {0}; int D = 2; E = const teb_local_planner::Obstacle*; VertexTypes = {teb_local_planner::VertexPose}; std::index_sequence<__var_indices ...> = std::integer_sequence<long unsigned int, 0>][m[K’
[48.940s] [01m[K/usr/local/include/g2o/core/base_fixed_sized_edge.hpp:214:3:[m[K   required from ‘[01m[Kvoid g2o::BaseFixedSizedEdge<D, E, VertexTypes>::linearizeOplus() [with int D = 2; E = const teb_local_planner::Obstacle*; VertexTypes = {teb_local_planner::VertexPose}][m[K’
[48.940s] [01m[K/usr/local/include/g2o/core/base_fixed_sized_edge.hpp:211:6:[m[K   required from here
[48.941s] [01m[K/usr/local/include/g2o/core/base_fixed_sized_edge.hpp:179:14:[m[K [01;31m[Kerror: [m[K‘[01m[KFixedArray[m[K’ {aka ‘[01m[Kclass ceres::internal::FixedArray<double, 3>[m[K’} has no member named ‘[01m[Kfill[m[K’
[48.941s]   179 |   [01;31m[Kadd_vertex.fill[m[K(0.);
[48.941s]       |   [01;31m[K~~~~~~~~~~~^~~~[m[K
[48.941s] [01m[K/usr/local/include/g2o/core/base_fixed_sized_edge.hpp:186:30:[m[K [01;31m[Kerror: [m[K‘[01m[KFixedArray[m[K’ {aka ‘[01m[Kclass ceres::internal::FixedArray<double, 3>[m[K’} has no member named ‘[01m[Kdata[m[K’
[48.943s]   186 |     vertex->oplus([01;31m[Kadd_vertex.data[m[K());
[48.943s]       |                   [01;31m[K~~~~~~~~~~~^~~~[m[K
[48.943s] [01m[K/usr/local/include/g2o/core/base_fixed_sized_edge.hpp:192:30:[m[K [01;31m[Kerror: [m[K‘[01m[KFixedArray[m[K’ {aka ‘[01m[Kclass ceres::internal::FixedArray<double, 3>[m[K’} has no member named ‘[01m[Kdata[m[K’
[48.943s]   192 |     vertex->oplus([01;31m[Kadd_vertex.data[m[K());
[48.944s]       |                   [01;31m[K~~~~~~~~~~~^~~~[m[K
[48.968s] /usr/local/include/g2o/core/base_fixed_sized_edge.hpp: In instantiation of ‘[01m[Kvoid g2o::BaseFixedSizedEdge<D, E, VertexTypes>::linearizeOplusN() [with int N = 0; int D = 1; E = const teb_local_planner::Obstacle*; VertexTypes = {teb_local_planner::VertexPose}][m[K’:
[48.968s] [01m[K/usr/local/include/g2o/core/base_fixed_sized_edge.hpp:206:43:[m[K   required from ‘[01m[Kvoid g2o::BaseFixedSizedEdge<D, E, VertexTypes>::linearizeOplusNs(std::index_sequence<__var_indices ...>) [with long unsigned int ...Ints = {0}; int D = 1; E = const teb_local_planner::Obstacle*; VertexTypes = {teb_local_planner::VertexPose}; std::index_sequence<__var_indices ...> = std::integer_sequence<long unsigned int, 0>][m[K’
[48.969s] [01m[K/usr/local/include/g2o/core/base_fixed_sized_edge.hpp:214:3:[m[K   required from ‘[01m[Kvoid g2o::BaseFixedSizedEdge<D, E, VertexTypes>::linearizeOplus() [with int D = 1; E = const teb_local_planner::Obstacle*; VertexTypes = {teb_local_planner::VertexPose}][m[K’
[48.969s] [01m[K/usr/local/include/g2o/core/base_fixed_sized_edge.hpp:211:6:[m[K   required from here
[48.969s] [01m[K/usr/local/include/g2o/core/base_fixed_sized_edge.hpp:179:14:[m[K [01;31m[Kerror: [m[K‘[01m[KFixedArray[m[K’ {aka ‘[01m[Kclass ceres::internal::FixedArray<double, 3>[m[K’} has no member named ‘[01m[Kfill[m[K’
[48.969s]   179 |   [01;31m[Kadd_vertex.fill[m[K(0.);
[48.969s]       |   [01;31m[K~~~~~~~~~~~^~~~[m[K
[48.969s] [01m[K/usr/local/include/g2o/core/base_fixed_sized_edge.hpp:186:30:[m[K [01;31m[Kerror: [m[K‘[01m[KFixedArray[m[K’ {aka ‘[01m[Kclass ceres::internal::FixedArray<double, 3>[m[K’} has no member named ‘[01m[Kdata[m[K’
[48.969s]   186 |     vertex->oplus([01;31m[Kadd_vertex.data[m[K());
[48.970s]       |                   [01;31m[K~~~~~~~~~~~^~~~[m[K
[48.970s] [01m[K/usr/local/include/g2o/core/base_fixed_sized_edge.hpp:192:30:[m[K [01;31m[Kerror: [m[K‘[01m[KFixedArray[m[K’ {aka ‘[01m[Kclass ceres::internal::FixedArray<double, 3>[m[K’} has no member named ‘[01m[Kdata[m[K’
[48.970s]   192 |     vertex->oplus([01;31m[Kadd_vertex.data[m[K());
[48.970s]       |                   [01;31m[K~~~~~~~~~~~^~~~[m[K
[48.980s] /usr/local/include/g2o/core/base_fixed_sized_edge.hpp: In instantiation of ‘[01m[Kvoid g2o::BaseFixedSizedEdge<D, E, VertexTypes>::linearizeOplusN() [with int N = 1; int D = 1; E = double; VertexTypes = {teb_local_planner::VertexPose, teb_local_planner::VertexPose}][m[K’:
[48.980s] [01m[K/usr/local/include/g2o/core/base_fixed_sized_edge.hpp:206:43:[m[K   required from ‘[01m[Kvoid g2o::BaseFixedSizedEdge<D, E, VertexTypes>::linearizeOplusNs(std::index_sequence<__var_indices ...>) [with long unsigned int ...Ints = {0, 1}; int D = 1; E = double; VertexTypes = {teb_local_planner::VertexPose, teb_local_planner::VertexPose}; std::index_sequence<__var_indices ...> = std::integer_sequence<long unsigned int, 0, 1>][m[K’
[48.980s] [01m[K/usr/local/include/g2o/core/base_fixed_sized_edge.hpp:214:3:[m[K   required from ‘[01m[Kvoid g2o::BaseFixedSizedEdge<D, E, VertexTypes>::linearizeOplus() [with int D = 1; E = double; VertexTypes = {teb_local_planner::VertexPose, teb_local_planner::VertexPose}][m[K’
[48.981s] [01m[K/usr/local/include/g2o/core/base_fixed_sized_edge.hpp:211:6:[m[K   required from here
[48.981s] [01m[K/usr/local/include/g2o/core/base_fixed_sized_edge.hpp:179:14:[m[K [01;31m[Kerror: [m[K‘[01m[KFixedArray[m[K’ {aka ‘[01m[Kclass ceres::internal::FixedArray<double, 3>[m[K’} has no member named ‘[01m[Kfill[m[K’
[48.981s]   179 |   [01;31m[Kadd_vertex.fill[m[K(0.);
[48.981s]       |   [01;31m[K~~~~~~~~~~~^~~~[m[K
[48.982s] [01m[K/usr/local/include/g2o/core/base_fixed_sized_edge.hpp:186:30:[m[K [01;31m[Kerror: [m[K‘[01m[KFixedArray[m[K’ {aka ‘[01m[Kclass ceres::internal::FixedArray<double, 3>[m[K’} has no member named ‘[01m[Kdata[m[K’
[48.982s]   186 |     vertex->oplus([01;31m[Kadd_vertex.data[m[K());
[48.982s]       |                   [01;31m[K~~~~~~~~~~~^~~~[m[K
[48.983s] [01m[K/usr/local/include/g2o/core/base_fixed_sized_edge.hpp:192:30:[m[K [01;31m[Kerror: [m[K‘[01m[KFixedArray[m[K’ {aka ‘[01m[Kclass ceres::internal::FixedArray<double, 3>[m[K’} has no member named ‘[01m[Kdata[m[K’
[48.983s]   192 |     vertex->oplus([01;31m[Kadd_vertex.data[m[K());
[48.983s]       |                   [01;31m[K~~~~~~~~~~~^~~~[m[K
[48.986s] /usr/local/include/g2o/core/base_fixed_sized_edge.hpp: In instantiation of ‘[01m[Kvoid g2o::BaseFixedSizedEdge<D, E, VertexTypes>::linearizeOplusN() [with int N = 0; int D = 1; E = const Eigen::Matrix<double, 2, 1>*; VertexTypes = {teb_local_planner::VertexPose}][m[K’:
[48.987s] [01m[K/usr/local/include/g2o/core/base_fixed_sized_edge.hpp:206:43:[m[K   required from ‘[01m[Kvoid g2o::BaseFixedSizedEdge<D, E, VertexTypes>::linearizeOplusNs(std::index_sequence<__var_indices ...>) [with long unsigned int ...Ints = {0}; int D = 1; E = const Eigen::Matrix<double, 2, 1>*; VertexTypes = {teb_local_planner::VertexPose}; std::index_sequence<__var_indices ...> = std::integer_sequence<long unsigned int, 0>][m[K’
[48.987s] [01m[K/usr/local/include/g2o/core/base_fixed_sized_edge.hpp:214:3:[m[K   required from ‘[01m[Kvoid g2o::BaseFixedSizedEdge<D, E, VertexTypes>::linearizeOplus() [with int D = 1; E = const Eigen::Matrix<double, 2, 1>*; VertexTypes = {teb_local_planner::VertexPose}][m[K’
[48.987s] [01m[K/usr/local/include/g2o/core/base_fixed_sized_edge.hpp:211:6:[m[K   required from here
[48.987s] [01m[K/usr/local/include/g2o/core/base_fixed_sized_edge.hpp:179:14:[m[K [01;31m[Kerror: [m[K‘[01m[KFixedArray[m[K’ {aka ‘[01m[Kclass ceres::internal::FixedArray<double, 3>[m[K’} has no member named ‘[01m[Kfill[m[K’
[48.987s]   179 |   [01;31m[Kadd_vertex.fill[m[K(0.);
[48.987s]       |   [01;31m[K~~~~~~~~~~~^~~~[m[K
[48.988s] [01m[K/usr/local/include/g2o/core/base_fixed_sized_edge.hpp:186:30:[m[K [01;31m[Kerror: [m[K‘[01m[KFixedArray[m[K’ {aka ‘[01m[Kclass ceres::internal::FixedArray<double, 3>[m[K’} has no member named ‘[01m[Kdata[m[K’
[48.988s]   186 |     vertex->oplus([01;31m[Kadd_vertex.data[m[K());
[48.988s]       |                   [01;31m[K~~~~~~~~~~~^~~~[m[K
[48.988s] [01m[K/usr/local/include/g2o/core/base_fixed_sized_edge.hpp:192:30:[m[K [01;31m[Kerror: [m[K‘[01m[KFixedArray[m[K’ {aka ‘[01m[Kclass ceres::internal::FixedArray<double, 3>[m[K’} has no member named ‘[01m[Kdata[m[K’
[48.988s]   192 |     vertex->oplus([01;31m[Kadd_vertex.data[m[K());
[48.988s]       |                   [01;31m[K~~~~~~~~~~~^~~~[m[K
[49.058s] /usr/local/include/g2o/core/base_fixed_sized_edge.hpp: In instantiation of ‘[01m[Kvoid g2o::BaseFixedSizedEdge<D, E, VertexTypes>::linearizeOplusN() [with int N = 0; int D = 1; E = double; VertexTypes = {teb_local_planner::VertexTimeDiff}][m[K’:
[49.058s] [01m[K/usr/local/include/g2o/core/base_fixed_sized_edge.hpp:206:43:[m[K   required from ‘[01m[Kvoid g2o::BaseFixedSizedEdge<D, E, VertexTypes>::linearizeOplusNs(std::index_sequence<__var_indices ...>) [with long unsigned int ...Ints = {0}; int D = 1; E = double; VertexTypes = {teb_local_planner::VertexTimeDiff}; std::index_sequence<__var_indices ...> = std::integer_sequence<long unsigned int, 0>][m[K’
[49.059s] [01m[K/usr/local/include/g2o/core/base_fixed_sized_edge.hpp:214:3:[m[K   required from ‘[01m[Kvoid g2o::BaseFixedSizedEdge<D, E, VertexTypes>::linearizeOplus() [with int D = 1; E = double; VertexTypes = {teb_local_planner::VertexTimeDiff}][m[K’
[49.059s] [01m[K/usr/local/include/g2o/core/base_fixed_sized_edge.hpp:211:6:[m[K   required from here
[49.059s] [01m[K/usr/local/include/g2o/core/base_fixed_sized_edge.hpp:179:14:[m[K [01;31m[Kerror: [m[K‘[01m[KFixedArray[m[K’ {aka ‘[01m[Kclass ceres::internal::FixedArray<double, 1>[m[K’} has no member named ‘[01m[Kfill[m[K’
[49.059s]   179 |   [01;31m[Kadd_vertex.fill[m[K(0.);
[49.059s]       |   [01;31m[K~~~~~~~~~~~^~~~[m[K
[49.059s] [01m[K/usr/local/include/g2o/core/base_fixed_sized_edge.hpp:186:30:[m[K [01;31m[Kerror: [m[K‘[01m[KFixedArray[m[K’ {aka ‘[01m[Kclass ceres::internal::FixedArray<double, 1>[m[K’} has no member named ‘[01m[Kdata[m[K’
[49.059s]   186 |     vertex->oplus([01;31m[Kadd_vertex.data[m[K());
[49.060s]       |                   [01;31m[K~~~~~~~~~~~^~~~[m[K
[49.060s] [01m[K/usr/local/include/g2o/core/base_fixed_sized_edge.hpp:192:30:[m[K [01;31m[Kerror: [m[K‘[01m[KFixedArray[m[K’ {aka ‘[01m[Kclass ceres::internal::FixedArray<double, 1>[m[K’} has no member named ‘[01m[Kdata[m[K’
[49.060s]   192 |     vertex->oplus([01;31m[Kadd_vertex.data[m[K());
[49.060s]       |                   [01;31m[K~~~~~~~~~~~^~~~[m[K
[49.085s] /usr/local/include/g2o/core/base_fixed_sized_edge.hpp: In instantiation of ‘[01m[Kvoid g2o::BaseFixedSizedEdge<D, E, VertexTypes>::linearizeOplusN() [with int N = 0; int D = 2; E = const teb_local_planner::Obstacle*; VertexTypes = {teb_local_planner::VertexPose}][m[K’:
[49.085s] [01m[K/usr/local/include/g2o/core/base_fixed_sized_edge.hpp:206:43:[m[K   required from ‘[01m[Kvoid g2o::BaseFixedSizedEdge<D, E, VertexTypes>::linearizeOplusNs(std::index_sequence<__var_indices ...>) [with long unsigned int ...Ints = {0}; int D = 2; E = const teb_local_planner::Obstacle*; VertexTypes = {teb_local_planner::VertexPose}; std::index_sequence<__var_indices ...> = std::integer_sequence<long unsigned int, 0>][m[K’
[49.085s] [01m[K/usr/local/include/g2o/core/base_fixed_sized_edge.hpp:214:3:[m[K   required from ‘[01m[Kvoid g2o::BaseFixedSizedEdge<D, E, VertexTypes>::linearizeOplus() [with int D = 2; E = const teb_local_planner::Obstacle*; VertexTypes = {teb_local_planner::VertexPose}][m[K’
[49.085s] [01m[K/usr/local/include/g2o/core/base_fixed_sized_edge.hpp:211:6:[m[K   required from here
[49.085s] [01m[K/usr/local/include/g2o/core/base_fixed_sized_edge.hpp:179:14:[m[K [01;31m[Kerror: [m[K‘[01m[KFixedArray[m[K’ {aka ‘[01m[Kclass ceres::internal::FixedArray<double, 3>[m[K’} has no member named ‘[01m[Kfill[m[K’
[49.086s]   179 |   [01;31m[Kadd_vertex.fill[m[K(0.);
[49.086s]       |   [01;31m[K~~~~~~~~~~~^~~~[m[K
[49.086s] [01m[K/usr/local/include/g2o/core/base_fixed_sized_edge.hpp:186:30:[m[K [01;31m[Kerror: [m[K‘[01m[KFixedArray[m[K’ {aka ‘[01m[Kclass ceres::internal::FixedArray<double, 3>[m[K’} has no member named ‘[01m[Kdata[m[K’
[49.086s]   186 |     vertex->oplus([01;31m[Kadd_vertex.data[m[K());
[49.086s]       |                   [01;31m[K~~~~~~~~~~~^~~~[m[K
[49.087s] [01m[K/usr/local/include/g2o/core/base_fixed_sized_edge.hpp:192:30:[m[K [01;31m[Kerror: [m[K‘[01m[KFixedArray[m[K’ {aka ‘[01m[Kclass ceres::internal::FixedArray<double, 3>[m[K’} has no member named ‘[01m[Kdata[m[K’
[49.087s]   192 |     vertex->oplus([01;31m[Kadd_vertex.data[m[K());
[49.087s]       |                   [01;31m[K~~~~~~~~~~~^~~~[m[K
[49.090s] /usr/local/include/g2o/core/base_fixed_sized_edge.hpp: In instantiation of ‘[01m[Kvoid g2o::BaseFixedSizedEdge<D, E, VertexTypes>::linearizeOplusN() [with int N = 0; int D = 2; E = double; VertexTypes = {teb_local_planner::VertexPose, teb_local_planner::VertexPose}][m[K’:
[49.090s] [01m[K/usr/local/include/g2o/core/base_fixed_sized_edge.hpp:206:43:[m[K   required from ‘[01m[Kvoid g2o::BaseFixedSizedEdge<D, E, VertexTypes>::linearizeOplusNs(std::index_sequence<__var_indices ...>) [with long unsigned int ...Ints = {0, 1}; int D = 2; E = double; VertexTypes = {teb_local_planner::VertexPose, teb_local_planner::VertexPose}; std::index_sequence<__var_indices ...> = std::integer_sequence<long unsigned int, 0, 1>][m[K’
[49.091s] [01m[K/usr/local/include/g2o/core/base_fixed_sized_edge.hpp:214:3:[m[K   required from ‘[01m[Kvoid g2o::BaseFixedSizedEdge<D, E, VertexTypes>::linearizeOplus() [with int D = 2; E = double; VertexTypes = {teb_local_planner::VertexPose, teb_local_planner::VertexPose}][m[K’
[49.091s] [01m[K/usr/local/include/g2o/core/base_fixed_sized_edge.hpp:211:6:[m[K   required from here
[49.091s] [01m[K/usr/local/include/g2o/core/base_fixed_sized_edge.hpp:179:14:[m[K [01;31m[Kerror: [m[K‘[01m[KFixedArray[m[K’ {aka ‘[01m[Kclass ceres::internal::FixedArray<double, 3>[m[K’} has no member named ‘[01m[Kfill[m[K’
[49.091s]   179 |   [01;31m[Kadd_vertex.fill[m[K(0.);
[49.092s]       |   [01;31m[K~~~~~~~~~~~^~~~[m[K
[49.092s] [01m[K/usr/local/include/g2o/core/base_fixed_sized_edge.hpp:186:30:[m[K [01;31m[Kerror: [m[K‘[01m[KFixedArray[m[K’ {aka ‘[01m[Kclass ceres::internal::FixedArray<double, 3>[m[K’} has no member named ‘[01m[Kdata[m[K’
[49.092s]   186 |     vertex->oplus([01;31m[Kadd_vertex.data[m[K());
[49.092s]       |                   [01;31m[K~~~~~~~~~~~^~~~[m[K
[49.092s] [01m[K/usr/local/include/g2o/core/base_fixed_sized_edge.hpp:192:30:[m[K [01;31m[Kerror: [m[K‘[01m[KFixedArray[m[K’ {aka ‘[01m[Kclass ceres::internal::FixedArray<double, 3>[m[K’} has no member named ‘[01m[Kdata[m[K’
[49.093s]   192 |     vertex->oplus([01;31m[Kadd_vertex.data[m[K());
[49.093s]       |                   [01;31m[K~~~~~~~~~~~^~~~[m[K
[49.093s] /usr/local/include/g2o/core/base_fixed_sized_edge.hpp: In instantiation of ‘[01m[Kvoid g2o::BaseFixedSizedEdge<D, E, VertexTypes>::linearizeOplusN() [with int N = 1; int D = 2; E = double; VertexTypes = {teb_local_planner::VertexPose, teb_local_planner::VertexPose}][m[K’:
[49.093s] [01m[K/usr/local/include/g2o/core/base_fixed_sized_edge.hpp:206:43:[m[K   required from ‘[01m[Kvoid g2o::BaseFixedSizedEdge<D, E, VertexTypes>::linearizeOplusNs(std::index_sequence<__var_indices ...>) [with long unsigned int ...Ints = {0, 1}; int D = 2; E = double; VertexTypes = {teb_local_planner::VertexPose, teb_local_planner::VertexPose}; std::index_sequence<__var_indices ...> = std::integer_sequence<long unsigned int, 0, 1>][m[K’
[49.094s] [01m[K/usr/local/include/g2o/core/base_fixed_sized_edge.hpp:214:3:[m[K   required from ‘[01m[Kvoid g2o::BaseFixedSizedEdge<D, E, VertexTypes>::linearizeOplus() [with int D = 2; E = double; VertexTypes = {teb_local_planner::VertexPose, teb_local_planner::VertexPose}][m[K’
[49.094s] [01m[K/usr/local/include/g2o/core/base_fixed_sized_edge.hpp:211:6:[m[K   required from here
[49.094s] [01m[K/usr/local/include/g2o/core/base_fixed_sized_edge.hpp:179:14:[m[K [01;31m[Kerror: [m[K‘[01m[KFixedArray[m[K’ {aka ‘[01m[Kclass ceres::internal::FixedArray<double, 3>[m[K’} has no member named ‘[01m[Kfill[m[K’
[49.094s]   179 |   [01;31m[Kadd_vertex.fill[m[K(0.);
[49.094s]       |   [01;31m[K~~~~~~~~~~~^~~~[m[K
[49.094s] [01m[K/usr/local/include/g2o/core/base_fixed_sized_edge.hpp:186:30:[m[K [01;31m[Kerror: [m[K‘[01m[KFixedArray[m[K’ {aka ‘[01m[Kclass ceres::internal::FixedArray<double, 3>[m[K’} has no member named ‘[01m[Kdata[m[K’
[49.095s]   186 |     vertex->oplus([01;31m[Kadd_vertex.data[m[K());
[49.095s]       |                   [01;31m[K~~~~~~~~~~~^~~~[m[K
[49.095s] [01m[K/usr/local/include/g2o/core/base_fixed_sized_edge.hpp:192:30:[m[K [01;31m[Kerror: [m[K‘[01m[KFixedArray[m[K’ {aka ‘[01m[Kclass ceres::internal::FixedArray<double, 3>[m[K’} has no member named ‘[01m[Kdata[m[K’
[49.095s]   192 |     vertex->oplus([01;31m[Kadd_vertex.data[m[K());
[49.095s]       |                   [01;31m[K~~~~~~~~~~~^~~~[m[K
[49.136s] /usr/local/include/g2o/core/base_fixed_sized_edge.hpp: In instantiation of ‘[01m[Kvoid g2o::BaseFixedSizedEdge<D, E, VertexTypes>::linearizeOplusN() [with int N = 0; int D = 1; E = const teb_local_planner::Obstacle*; VertexTypes = {teb_local_planner::VertexPose}][m[K’:
[49.136s] [01m[K/usr/local/include/g2o/core/base_fixed_sized_edge.hpp:206:43:[m[K   required from ‘[01m[Kvoid g2o::BaseFixedSizedEdge<D, E, VertexTypes>::linearizeOplusNs(std::index_sequence<__var_indices ...>) [with long unsigned int ...Ints = {0}; int D = 1; E = const teb_local_planner::Obstacle*; VertexTypes = {teb_local_planner::VertexPose}; std::index_sequence<__var_indices ...> = std::integer_sequence<long unsigned int, 0>][m[K’
[49.136s] [01m[K/usr/local/include/g2o/core/base_fixed_sized_edge.hpp:214:3:[m[K   required from ‘[01m[Kvoid g2o::BaseFixedSizedEdge<D, E, VertexTypes>::linearizeOplus() [with int D = 1; E = const teb_local_planner::Obstacle*; VertexTypes = {teb_local_planner::VertexPose}][m[K’
[49.137s] [01m[K/usr/local/include/g2o/core/base_fixed_sized_edge.hpp:211:6:[m[K   required from here
[49.137s] [01m[K/usr/local/include/g2o/core/base_fixed_sized_edge.hpp:179:14:[m[K [01;31m[Kerror: [m[K‘[01m[KFixedArray[m[K’ {aka ‘[01m[Kclass ceres::internal::FixedArray<double, 3>[m[K’} has no member named ‘[01m[Kfill[m[K’
[49.137s]   179 |   [01;31m[Kadd_vertex.fill[m[K(0.);
[49.137s]       |   [01;31m[K~~~~~~~~~~~^~~~[m[K
[49.137s] [01m[K/usr/local/include/g2o/core/base_fixed_sized_edge.hpp:186:30:[m[K [01;31m[Kerror: [m[K‘[01m[KFixedArray[m[K’ {aka ‘[01m[Kclass ceres::internal::FixedArray<double, 3>[m[K’} has no member named ‘[01m[Kdata[m[K’
[49.137s]   186 |     vertex->oplus([01;31m[Kadd_vertex.data[m[K());
[49.137s]       |                   [01;31m[K~~~~~~~~~~~^~~~[m[K
[49.138s] [01m[K/usr/local/include/g2o/core/base_fixed_sized_edge.hpp:192:30:[m[K [01;31m[Kerror: [m[K‘[01m[KFixedArray[m[K’ {aka ‘[01m[Kclass ceres::internal::FixedArray<double, 3>[m[K’} has no member named ‘[01m[Kdata[m[K’
[49.138s]   192 |     vertex->oplus([01;31m[Kadd_vertex.data[m[K());
[49.138s]       |                   [01;31m[K~~~~~~~~~~~^~~~[m[K
[49.273s] /usr/local/include/g2o/core/base_fixed_sized_edge.hpp: In instantiation of ‘[01m[Kvoid g2o::BaseFixedSizedEdge<D, E, VertexTypes>::linearizeOplusN() [with int N = 0; int D = 1; E = double; VertexTypes = {teb_local_planner::VertexTimeDiff}][m[K’:
[49.273s] [01m[K/usr/local/include/g2o/core/base_fixed_sized_edge.hpp:206:43:[m[K   required from ‘[01m[Kvoid g2o::BaseFixedSizedEdge<D, E, VertexTypes>::linearizeOplusNs(std::index_sequence<__var_indices ...>) [with long unsigned int ...Ints = {0}; int D = 1; E = double; VertexTypes = {teb_local_planner::VertexTimeDiff}; std::index_sequence<__var_indices ...> = std::integer_sequence<long unsigned int, 0>][m[K’
[49.273s] [01m[K/usr/local/include/g2o/core/base_fixed_sized_edge.hpp:214:3:[m[K   required from ‘[01m[Kvoid g2o::BaseFixedSizedEdge<D, E, VertexTypes>::linearizeOplus() [with int D = 1; E = double; VertexTypes = {teb_local_planner::VertexTimeDiff}][m[K’
[49.273s] [01m[K/usr/local/include/g2o/core/base_fixed_sized_edge.hpp:211:6:[m[K   required from here
[49.273s] [01m[K/usr/local/include/g2o/core/base_fixed_sized_edge.hpp:179:14:[m[K [01;31m[Kerror: [m[K‘[01m[KFixedArray[m[K’ {aka ‘[01m[Kclass ceres::internal::FixedArray<double, 1>[m[K’} has no member named ‘[01m[Kfill[m[K’
[49.273s]   179 |   [01;31m[Kadd_vertex.fill[m[K(0.);
[49.274s]       |   [01;31m[K~~~~~~~~~~~^~~~[m[K
[49.274s] [01m[K/usr/local/include/g2o/core/base_fixed_sized_edge.hpp:186:30:[m[K [01;31m[Kerror: [m[K‘[01m[KFixedArray[m[K’ {aka ‘[01m[Kclass ceres::internal::FixedArray<double, 1>[m[K’} has no member named ‘[01m[Kdata[m[K’
[49.274s]   186 |     vertex->oplus([01;31m[Kadd_vertex.data[m[K());
[49.274s]       |                   [01;31m[K~~~~~~~~~~~^~~~[m[K
[49.274s] [01m[K/usr/local/include/g2o/core/base_fixed_sized_edge.hpp:192:30:[m[K [01;31m[Kerror: [m[K‘[01m[KFixedArray[m[K’ {aka ‘[01m[Kclass ceres::internal::FixedArray<double, 1>[m[K’} has no member named ‘[01m[Kdata[m[K’
[49.274s]   192 |     vertex->oplus([01;31m[Kadd_vertex.data[m[K());
[49.275s]       |                   [01;31m[K~~~~~~~~~~~^~~~[m[K
[49.322s] /usr/local/include/g2o/core/base_fixed_sized_edge.hpp: In instantiation of ‘[01m[Kvoid g2o::BaseFixedSizedEdge<D, E, VertexTypes>::linearizeOplusN() [with int N = 0; int D = 2; E = double; VertexTypes = {teb_local_planner::VertexPose, teb_local_planner::VertexPose}][m[K’:
[49.323s] [01m[K/usr/local/include/g2o/core/base_fixed_sized_edge.hpp:206:43:[m[K   required from ‘[01m[Kvoid g2o::BaseFixedSizedEdge<D, E, VertexTypes>::linearizeOplusNs(std::index_sequence<__var_indices ...>) [with long unsigned int ...Ints = {0, 1}; int D = 2; E = double; VertexTypes = {teb_local_planner::VertexPose, teb_local_planner::VertexPose}; std::index_sequence<__var_indices ...> = std::integer_sequence<long unsigned int, 0, 1>][m[K’
[49.323s] [01m[K/usr/local/include/g2o/core/base_fixed_sized_edge.hpp:214:3:[m[K   required from ‘[01m[Kvoid g2o::BaseFixedSizedEdge<D, E, VertexTypes>::linearizeOplus() [with int D = 2; E = double; VertexTypes = {teb_local_planner::VertexPose, teb_local_planner::VertexPose}][m[K’
[49.323s] [01m[K/usr/local/include/g2o/core/base_fixed_sized_edge.hpp:211:6:[m[K   required from here
[49.323s] [01m[K/usr/local/include/g2o/core/base_fixed_sized_edge.hpp:179:14:[m[K [01;31m[Kerror: [m[K‘[01m[KFixedArray[m[K’ {aka ‘[01m[Kclass ceres::internal::FixedArray<double, 3>[m[K’} has no member named ‘[01m[Kfill[m[K’
[49.323s]   179 |   [01;31m[Kadd_vertex.fill[m[K(0.);
[49.323s]       |   [01;31m[K~~~~~~~~~~~^~~~[m[K
[49.324s] [01m[K/usr/local/include/g2o/core/base_fixed_sized_edge.hpp:186:30:[m[K [01;31m[Kerror: [m[K‘[01m[KFixedArray[m[K’ {aka ‘[01m[Kclass ceres::internal::FixedArray<double, 3>[m[K’} has no member named ‘[01m[Kdata[m[K’
[49.324s]   186 |     vertex->oplus([01;31m[Kadd_vertex.data[m[K());
[49.324s]       |                   [01;31m[K~~~~~~~~~~~^~~~[m[K
[49.324s] [01m[K/usr/local/include/g2o/core/base_fixed_sized_edge.hpp:192:30:[m[K [01;31m[Kerror: [m[K‘[01m[KFixedArray[m[K’ {aka ‘[01m[Kclass ceres::internal::FixedArray<double, 3>[m[K’} has no member named ‘[01m[Kdata[m[K’
[49.324s]   192 |     vertex->oplus([01;31m[Kadd_vertex.data[m[K());
[49.324s]       |                   [01;31m[K~~~~~~~~~~~^~~~[m[K
[49.325s] /usr/local/include/g2o/core/base_fixed_sized_edge.hpp: In instantiation of ‘[01m[Kvoid g2o::BaseFixedSizedEdge<D, E, VertexTypes>::linearizeOplusN() [with int N = 1; int D = 2; E = double; VertexTypes = {teb_local_planner::VertexPose, teb_local_planner::VertexPose}][m[K’:
[49.325s] [01m[K/usr/local/include/g2o/core/base_fixed_sized_edge.hpp:206:43:[m[K   required from ‘[01m[Kvoid g2o::BaseFixedSizedEdge<D, E, VertexTypes>::linearizeOplusNs(std::index_sequence<__var_indices ...>) [with long unsigned int ...Ints = {0, 1}; int D = 2; E = double; VertexTypes = {teb_local_planner::VertexPose, teb_local_planner::VertexPose}; std::index_sequence<__var_indices ...> = std::integer_sequence<long unsigned int, 0, 1>][m[K’
[49.325s] [01m[K/usr/local/include/g2o/core/base_fixed_sized_edge.hpp:214:3:[m[K   required from ‘[01m[Kvoid g2o::BaseFixedSizedEdge<D, E, VertexTypes>::linearizeOplus() [with int D = 2; E = double; VertexTypes = {teb_local_planner::VertexPose, teb_local_planner::VertexPose}][m[K’
[49.325s] [01m[K/usr/local/include/g2o/core/base_fixed_sized_edge.hpp:211:6:[m[K   required from here
[49.325s] [01m[K/usr/local/include/g2o/core/base_fixed_sized_edge.hpp:179:14:[m[K [01;31m[Kerror: [m[K‘[01m[KFixedArray[m[K’ {aka ‘[01m[Kclass ceres::internal::FixedArray<double, 3>[m[K’} has no member named ‘[01m[Kfill[m[K’
[49.325s]   179 |   [01;31m[Kadd_vertex.fill[m[K(0.);
[49.325s]       |   [01;31m[K~~~~~~~~~~~^~~~[m[K
[49.326s] [01m[K/usr/local/include/g2o/core/base_fixed_sized_edge.hpp:186:30:[m[K [01;31m[Kerror: [m[K‘[01m[KFixedArray[m[K’ {aka ‘[01m[Kclass ceres::internal::FixedArray<double, 3>[m[K’} has no member named ‘[01m[Kdata[m[K’
[49.326s]   186 |     vertex->oplus([01;31m[Kadd_vertex.data[m[K());
[49.326s]       |                   [01;31m[K~~~~~~~~~~~^~~~[m[K
[49.326s] [01m[K/usr/local/include/g2o/core/base_fixed_sized_edge.hpp:192:30:[m[K [01;31m[Kerror: [m[K‘[01m[KFixedArray[m[K’ {aka ‘[01m[Kclass ceres::internal::FixedArray<double, 3>[m[K’} has no member named ‘[01m[Kdata[m[K’
[49.327s]   192 |     vertex->oplus([01;31m[Kadd_vertex.data[m[K());
[49.327s]       |                   [01;31m[K~~~~~~~~~~~^~~~[m[K
[56.152s] [ 80%] [32mBuilding CXX object CMakeFiles/teb_local_planner.dir/src/teb_local_planner_ros.cpp.o[0m
[59.243s] make[2]: *** [CMakeFiles/teb_local_planner.dir/build.make:102: CMakeFiles/teb_local_planner.dir/src/visualization.cpp.o] Error 1
[59.244s] make[2]: *** Waiting for unfinished jobs....
[61.475s] In file included from [01m[K/usr/local/include/g2o/core/base_variable_sized_edge.h:115[m[K,
[61.475s]                  from [01m[K/usr/local/include/g2o/core/base_multi_edge.h:30[m[K,
[61.476s]                  from [01m[K/home/mike/turtlebot3_ws/src/turtlebot3/teb_local_planner/teb_local_planner/include/teb_local_planner/g2o_types/base_teb_edges.h:51[m[K,
[61.476s]                  from [01m[K/home/mike/turtlebot3_ws/src/turtlebot3/teb_local_planner/teb_local_planner/include/teb_local_planner/g2o_types/edge_velocity.h:49[m[K,
[61.476s]                  from [01m[K/home/mike/turtlebot3_ws/src/turtlebot3/teb_local_planner/teb_local_planner/include/teb_local_planner/optimal_planner.h:63[m[K,
[61.476s]                  from [01m[K/home/mike/turtlebot3_ws/src/turtlebot3/teb_local_planner/teb_local_planner/include/teb_local_planner/homotopy_class_planner.h:61[m[K,
[61.476s]                  from [01m[K/home/mike/turtlebot3_ws/src/turtlebot3/teb_local_planner/teb_local_planner/src/homotopy_class_planner.cpp:39[m[K:
[61.476s] [01m[K/usr/local/include/g2o/core/base_variable_sized_edge.hpp:[m[K In member function ‘[01m[Kvirtual void g2o::BaseVariableSizedEdge<D, E>::linearizeOplus()[m[K’:
[61.476s] [01m[K/usr/local/include/g2o/core/base_variable_sized_edge.hpp:90:12:[m[K [01;31m[Kerror: [m[K‘[01m[Kclass ceres::internal::FixedArray<double>[m[K’ has no member named ‘[01m[Kfill[m[K’
[61.477s]    90 |     add_vi.[01;31m[Kfill[m[K(0.);
[61.477s]       |            [01;31m[K^~~~[m[K
[61.477s] [01m[K/usr/local/include/g2o/core/base_variable_sized_edge.hpp:94:24:[m[K [01;31m[Kerror: [m[K‘[01m[Kclass ceres::internal::FixedArray<double>[m[K’ has no member named ‘[01m[Kdata[m[K’
[61.477s]    94 |       vi->oplus(add_vi.[01;31m[Kdata[m[K());
[61.477s]       |                        [01;31m[K^~~~[m[K
[61.477s] [01m[K/usr/local/include/g2o/core/base_variable_sized_edge.hpp:100:24:[m[K [01;31m[Kerror: [m[K‘[01m[Kclass ceres::internal::FixedArray<double>[m[K’ has no member named ‘[01m[Kdata[m[K’
[61.477s]   100 |       vi->oplus(add_vi.[01;31m[Kdata[m[K());
[61.478s]       |                        [01;31m[K^~~~[m[K
[61.634s] make[2]: *** [CMakeFiles/teb_local_planner.dir/build.make:76: CMakeFiles/teb_local_planner.dir/src/optimal_planner.cpp.o] Error 1
[66.454s] In file included from [01m[K/usr/local/include/g2o/core/base_variable_sized_edge.h:115[m[K,
[66.454s]                  from [01m[K/usr/local/include/g2o/core/base_multi_edge.h:30[m[K,
[66.455s]                  from [01m[K/home/mike/turtlebot3_ws/src/turtlebot3/teb_local_planner/teb_local_planner/include/teb_local_planner/g2o_types/base_teb_edges.h:51[m[K,
[66.455s]                  from [01m[K/home/mike/turtlebot3_ws/src/turtlebot3/teb_local_planner/teb_local_planner/include/teb_local_planner/g2o_types/edge_velocity.h:49[m[K,
[66.455s]                  from [01m[K/home/mike/turtlebot3_ws/src/turtlebot3/teb_local_planner/teb_local_planner/include/teb_local_planner/optimal_planner.h:63[m[K,
[66.455s]                  from [01m[K/home/mike/turtlebot3_ws/src/turtlebot3/teb_local_planner/teb_local_planner/include/teb_local_planner/teb_local_planner_ros.h:50[m[K,
[66.455s]                  from [01m[K/home/mike/turtlebot3_ws/src/turtlebot3/teb_local_planner/teb_local_planner/src/teb_local_planner_ros.cpp:39[m[K:
[66.455s] [01m[K/usr/local/include/g2o/core/base_variable_sized_edge.hpp:[m[K In member function ‘[01m[Kvirtual void g2o::BaseVariableSizedEdge<D, E>::linearizeOplus()[m[K’:
[66.455s] [01m[K/usr/local/include/g2o/core/base_variable_sized_edge.hpp:90:12:[m[K [01;31m[Kerror: [m[K‘[01m[Kclass ceres::internal::FixedArray<double>[m[K’ has no member named ‘[01m[Kfill[m[K’
[66.456s]    90 |     add_vi.[01;31m[Kfill[m[K(0.);
[66.456s]       |            [01;31m[K^~~~[m[K
[66.456s] [01m[K/usr/local/include/g2o/core/base_variable_sized_edge.hpp:94:24:[m[K [01;31m[Kerror: [m[K‘[01m[Kclass ceres::internal::FixedArray<double>[m[K’ has no member named ‘[01m[Kdata[m[K’
[66.456s]    94 |       vi->oplus(add_vi.[01;31m[Kdata[m[K());
[66.456s]       |                        [01;31m[K^~~~[m[K
[66.457s] [01m[K/usr/local/include/g2o/core/base_variable_sized_edge.hpp:100:24:[m[K [01;31m[Kerror: [m[K‘[01m[Kclass ceres::internal::FixedArray<double>[m[K’ has no member named ‘[01m[Kdata[m[K’
[66.457s]   100 |       vi->oplus(add_vi.[01;31m[Kdata[m[K());
[66.457s]       |                        [01;31m[K^~~~[m[K
[68.341s] In file included from [01m[K/usr/local/include/g2o/core/base_fixed_sized_edge.h:311[m[K,
[68.342s]                  from [01m[K/usr/local/include/g2o/core/base_binary_edge.h:30[m[K,
[68.342s]                  from [01m[K/home/mike/turtlebot3_ws/src/turtlebot3/teb_local_planner/teb_local_planner/include/teb_local_planner/g2o_types/base_teb_edges.h:49[m[K,
[68.342s]                  from [01m[K/home/mike/turtlebot3_ws/src/turtlebot3/teb_local_planner/teb_local_planner/include/teb_local_planner/g2o_types/edge_velocity.h:49[m[K,
[68.342s]                  from [01m[K/home/mike/turtlebot3_ws/src/turtlebot3/teb_local_planner/teb_local_planner/include/teb_local_planner/optimal_planner.h:63[m[K,
[68.342s]                  from [01m[K/home/mike/turtlebot3_ws/src/turtlebot3/teb_local_planner/teb_local_planner/include/teb_local_planner/homotopy_class_planner.h:61[m[K,
[68.342s]                  from [01m[K/home/mike/turtlebot3_ws/src/turtlebot3/teb_local_planner/teb_local_planner/src/homotopy_class_planner.cpp:39[m[K:
[68.342s] /usr/local/include/g2o/core/base_fixed_sized_edge.hpp: In instantiation of ‘[01m[Kvoid g2o::BaseFixedSizedEdge<D, E, VertexTypes>::linearizeOplusN() [with int N = 0; int D = 1; E = double; VertexTypes = {teb_local_planner::VertexPose, teb_local_planner::VertexPose}][m[K’:
[68.343s] [01m[K/usr/local/include/g2o/core/base_fixed_sized_edge.hpp:206:43:[m[K   required from ‘[01m[Kvoid g2o::BaseFixedSizedEdge<D, E, VertexTypes>::linearizeOplusNs(std::index_sequence<__var_indices ...>) [with long unsigned int ...Ints = {0, 1}; int D = 1; E = double; VertexTypes = {teb_local_planner::VertexPose, teb_local_planner::VertexPose}; std::index_sequence<__var_indices ...> = std::integer_sequence<long unsigned int, 0, 1>][m[K’
[68.343s] [01m[K/usr/local/include/g2o/core/base_fixed_sized_edge.hpp:214:3:[m[K   required from ‘[01m[Kvoid g2o::BaseFixedSizedEdge<D, E, VertexTypes>::linearizeOplus() [with int D = 1; E = double; VertexTypes = {teb_local_planner::VertexPose, teb_local_planner::VertexPose}][m[K’
[68.343s] [01m[K/usr/local/include/g2o/core/base_fixed_sized_edge.hpp:211:6:[m[K   required from here
[68.343s] [01m[K/usr/local/include/g2o/core/base_fixed_sized_edge.hpp:179:14:[m[K [01;31m[Kerror: [m[K‘[01m[KFixedArray[m[K’ {aka ‘[01m[Kclass ceres::internal::FixedArray<double, 3>[m[K’} has no member named ‘[01m[Kfill[m[K’
[68.344s]   179 |   [01;31m[Kadd_vertex.fill[m[K(0.);
[68.344s]       |   [01;31m[K~~~~~~~~~~~^~~~[m[K
[68.344s] [01m[K/usr/local/include/g2o/core/base_fixed_sized_edge.hpp:186:30:[m[K [01;31m[Kerror: [m[K‘[01m[KFixedArray[m[K’ {aka ‘[01m[Kclass ceres::internal::FixedArray<double, 3>[m[K’} has no member named ‘[01m[Kdata[m[K’
[68.344s]   186 |     vertex->oplus([01;31m[Kadd_vertex.data[m[K());
[68.344s]       |                   [01;31m[K~~~~~~~~~~~^~~~[m[K
[68.344s] [01m[K/usr/local/include/g2o/core/base_fixed_sized_edge.hpp:192:30:[m[K [01;31m[Kerror: [m[K‘[01m[KFixedArray[m[K’ {aka ‘[01m[Kclass ceres::internal::FixedArray<double, 3>[m[K’} has no member named ‘[01m[Kdata[m[K’
[68.344s]   192 |     vertex->oplus([01;31m[Kadd_vertex.data[m[K());
[68.344s]       |                   [01;31m[K~~~~~~~~~~~^~~~[m[K
[68.366s] /usr/local/include/g2o/core/base_fixed_sized_edge.hpp: In instantiation of ‘[01m[Kvoid g2o::BaseFixedSizedEdge<D, E, VertexTypes>::linearizeOplusN() [with int N = 1; int D = 1; E = double; VertexTypes = {teb_local_planner::VertexPose, teb_local_planner::VertexPose}][m[K’:
[68.366s] [01m[K/usr/local/include/g2o/core/base_fixed_sized_edge.hpp:206:43:[m[K   required from ‘[01m[Kvoid g2o::BaseFixedSizedEdge<D, E, VertexTypes>::linearizeOplusNs(std::index_sequence<__var_indices ...>) [with long unsigned int ...Ints = {0, 1}; int D = 1; E = double; VertexTypes = {teb_local_planner::VertexPose, teb_local_planner::VertexPose}; std::index_sequence<__var_indices ...> = std::integer_sequence<long unsigned int, 0, 1>][m[K’
[68.366s] [01m[K/usr/local/include/g2o/core/base_fixed_sized_edge.hpp:214:3:[m[K   required from ‘[01m[Kvoid g2o::BaseFixedSizedEdge<D, E, VertexTypes>::linearizeOplus() [with int D = 1; E = double; VertexTypes = {teb_local_planner::VertexPose, teb_local_planner::VertexPose}][m[K’
[68.366s] [01m[K/usr/local/include/g2o/core/base_fixed_sized_edge.hpp:211:6:[m[K   required from here
[68.367s] [01m[K/usr/local/include/g2o/core/base_fixed_sized_edge.hpp:179:14:[m[K [01;31m[Kerror: [m[K‘[01m[KFixedArray[m[K’ {aka ‘[01m[Kclass ceres::internal::FixedArray<double, 3>[m[K’} has no member named ‘[01m[Kfill[m[K’
[68.367s]   179 |   [01;31m[Kadd_vertex.fill[m[K(0.);
[68.367s]       |   [01;31m[K~~~~~~~~~~~^~~~[m[K
[68.368s] [01m[K/usr/local/include/g2o/core/base_fixed_sized_edge.hpp:186:30:[m[K [01;31m[Kerror: [m[K‘[01m[KFixedArray[m[K’ {aka ‘[01m[Kclass ceres::internal::FixedArray<double, 3>[m[K’} has no member named ‘[01m[Kdata[m[K’
[68.368s]   186 |     vertex->oplus([01;31m[Kadd_vertex.data[m[K());
[68.368s]       |                   [01;31m[K~~~~~~~~~~~^~~~[m[K
[68.369s] [01m[K/usr/local/include/g2o/core/base_fixed_sized_edge.hpp:192:30:[m[K [01;31m[Kerror: [m[K‘[01m[KFixedArray[m[K’ {aka ‘[01m[Kclass ceres::internal::FixedArray<double, 3>[m[K’} has no member named ‘[01m[Kdata[m[K’
[68.369s]   192 |     vertex->oplus([01;31m[Kadd_vertex.data[m[K());
[68.369s]       |                   [01;31m[K~~~~~~~~~~~^~~~[m[K
[68.370s] /usr/local/include/g2o/core/base_fixed_sized_edge.hpp: In instantiation of ‘[01m[Kvoid g2o::BaseFixedSizedEdge<D, E, VertexTypes>::linearizeOplusN() [with int N = 0; int D = 1; E = const Eigen::Matrix<double, 2, 1>*; VertexTypes = {teb_local_planner::VertexPose}][m[K’:
[68.371s] [01m[K/usr/local/include/g2o/core/base_fixed_sized_edge.hpp:206:43:[m[K   required from ‘[01m[Kvoid g2o::BaseFixedSizedEdge<D, E, VertexTypes>::linearizeOplusNs(std::index_sequence<__var_indices ...>) [with long unsigned int ...Ints = {0}; int D = 1; E = const Eigen::Matrix<double, 2, 1>*; VertexTypes = {teb_local_planner::VertexPose}; std::index_sequence<__var_indices ...> = std::integer_sequence<long unsigned int, 0>][m[K’
[68.373s] [01m[K/usr/local/include/g2o/core/base_fixed_sized_edge.hpp:214:3:[m[K   required from ‘[01m[Kvoid g2o::BaseFixedSizedEdge<D, E, VertexTypes>::linearizeOplus() [with int D = 1; E = const Eigen::Matrix<double, 2, 1>*; VertexTypes = {teb_local_planner::VertexPose}][m[K’
[68.373s] [01m[K/usr/local/include/g2o/core/base_fixed_sized_edge.hpp:211:6:[m[K   required from here
[68.374s] [01m[K/usr/local/include/g2o/core/base_fixed_sized_edge.hpp:179:14:[m[K [01;31m[Kerror: [m[K‘[01m[KFixedArray[m[K’ {aka ‘[01m[Kclass ceres::internal::FixedArray<double, 3>[m[K’} has no member named ‘[01m[Kfill[m[K’
[68.374s]   179 |   [01;31m[Kadd_vertex.fill[m[K(0.);
[68.374s]       |   [01;31m[K~~~~~~~~~~~^~~~[m[K
[68.374s] [01m[K/usr/local/include/g2o/core/base_fixed_sized_edge.hpp:186:30:[m[K [01;31m[Kerror: [m[K‘[01m[KFixedArray[m[K’ {aka ‘[01m[Kclass ceres::internal::FixedArray<double, 3>[m[K’} has no member named ‘[01m[Kdata[m[K’
[68.374s]   186 |     vertex->oplus([01;31m[Kadd_vertex.data[m[K());
[68.375s]       |                   [01;31m[K~~~~~~~~~~~^~~~[m[K
[68.375s] [01m[K/usr/local/include/g2o/core/base_fixed_sized_edge.hpp:192:30:[m[K [01;31m[Kerror: [m[K‘[01m[KFixedArray[m[K’ {aka ‘[01m[Kclass ceres::internal::FixedArray<double, 3>[m[K’} has no member named ‘[01m[Kdata[m[K’
[68.375s]   192 |     vertex->oplus([01;31m[Kadd_vertex.data[m[K());
[68.375s]       |                   [01;31m[K~~~~~~~~~~~^~~~[m[K
[68.462s] /usr/local/include/g2o/core/base_fixed_sized_edge.hpp: In instantiation of ‘[01m[Kvoid g2o::BaseFixedSizedEdge<D, E, VertexTypes>::linearizeOplusN() [with int N = 0; int D = 2; E = const teb_local_planner::Obstacle*; VertexTypes = {teb_local_planner::VertexPose}][m[K’:
[68.462s] [01m[K/usr/local/include/g2o/core/base_fixed_sized_edge.hpp:206:43:[m[K   required from ‘[01m[Kvoid g2o::BaseFixedSizedEdge<D, E, VertexTypes>::linearizeOplusNs(std::index_sequence<__var_indices ...>) [with long unsigned int ...Ints = {0}; int D = 2; E = const teb_local_planner::Obstacle*; VertexTypes = {teb_local_planner::VertexPose}; std::index_sequence<__var_indices ...> = std::integer_sequence<long unsigned int, 0>][m[K’
[68.462s] [01m[K/usr/local/include/g2o/core/base_fixed_sized_edge.hpp:214:3:[m[K   required from ‘[01m[Kvoid g2o::BaseFixedSizedEdge<D, E, VertexTypes>::linearizeOplus() [with int D = 2; E = const teb_local_planner::Obstacle*; VertexTypes = {teb_local_planner::VertexPose}][m[K’
[68.462s] [01m[K/usr/local/include/g2o/core/base_fixed_sized_edge.hpp:211:6:[m[K   required from here
[68.462s] [01m[K/usr/local/include/g2o/core/base_fixed_sized_edge.hpp:179:14:[m[K [01;31m[Kerror: [m[K‘[01m[KFixedArray[m[K’ {aka ‘[01m[Kclass ceres::internal::FixedArray<double, 3>[m[K’} has no member named ‘[01m[Kfill[m[K’
[68.462s]   179 |   [01;31m[Kadd_vertex.fill[m[K(0.);
[68.463s]       |   [01;31m[K~~~~~~~~~~~^~~~[m[K
[68.463s] [01m[K/usr/local/include/g2o/core/base_fixed_sized_edge.hpp:186:30:[m[K [01;31m[Kerror: [m[K‘[01m[KFixedArray[m[K’ {aka ‘[01m[Kclass ceres::internal::FixedArray<double, 3>[m[K’} has no member named ‘[01m[Kdata[m[K’
[68.463s]   186 |     vertex->oplus([01;31m[Kadd_vertex.data[m[K());
[68.463s]       |                   [01;31m[K~~~~~~~~~~~^~~~[m[K
[68.464s] [01m[K/usr/local/include/g2o/core/base_fixed_sized_edge.hpp:192:30:[m[K [01;31m[Kerror: [m[K‘[01m[KFixedArray[m[K’ {aka ‘[01m[Kclass ceres::internal::FixedArray<double, 3>[m[K’} has no member named ‘[01m[Kdata[m[K’
[68.464s]   192 |     vertex->oplus([01;31m[Kadd_vertex.data[m[K());
[68.464s]       |                   [01;31m[K~~~~~~~~~~~^~~~[m[K
[68.486s] /usr/local/include/g2o/core/base_fixed_sized_edge.hpp: In instantiation of ‘[01m[Kvoid g2o::BaseFixedSizedEdge<D, E, VertexTypes>::linearizeOplusN() [with int N = 0; int D = 1; E = const teb_local_planner::Obstacle*; VertexTypes = {teb_local_planner::VertexPose}][m[K’:
[68.486s] [01m[K/usr/local/include/g2o/core/base_fixed_sized_edge.hpp:206:43:[m[K   required from ‘[01m[Kvoid g2o::BaseFixedSizedEdge<D, E, VertexTypes>::linearizeOplusNs(std::index_sequence<__var_indices ...>) [with long unsigned int ...Ints = {0}; int D = 1; E = const teb_local_planner::Obstacle*; VertexTypes = {teb_local_planner::VertexPose}; std::index_sequence<__var_indices ...> = std::integer_sequence<long unsigned int, 0>][m[K’
[68.486s] [01m[K/usr/local/include/g2o/core/base_fixed_sized_edge.hpp:214:3:[m[K   required from ‘[01m[Kvoid g2o::BaseFixedSizedEdge<D, E, VertexTypes>::linearizeOplus() [with int D = 1; E = const teb_local_planner::Obstacle*; VertexTypes = {teb_local_planner::VertexPose}][m[K’
[68.487s] [01m[K/usr/local/include/g2o/core/base_fixed_sized_edge.hpp:211:6:[m[K   required from here
[68.487s] [01m[K/usr/local/include/g2o/core/base_fixed_sized_edge.hpp:179:14:[m[K [01;31m[Kerror: [m[K‘[01m[KFixedArray[m[K’ {aka ‘[01m[Kclass ceres::internal::FixedArray<double, 3>[m[K’} has no member named ‘[01m[Kfill[m[K’
[68.487s]   179 |   [01;31m[Kadd_vertex.fill[m[K(0.);
[68.487s]       |   [01;31m[K~~~~~~~~~~~^~~~[m[K
[68.487s] [01m[K/usr/local/include/g2o/core/base_fixed_sized_edge.hpp:186:30:[m[K [01;31m[Kerror: [m[K‘[01m[KFixedArray[m[K’ {aka ‘[01m[Kclass ceres::internal::FixedArray<double, 3>[m[K’} has no member named ‘[01m[Kdata[m[K’
[68.487s]   186 |     vertex->oplus([01;31m[Kadd_vertex.data[m[K());
[68.487s]       |                   [01;31m[K~~~~~~~~~~~^~~~[m[K
[68.488s] [01m[K/usr/local/include/g2o/core/base_fixed_sized_edge.hpp:192:30:[m[K [01;31m[Kerror: [m[K‘[01m[KFixedArray[m[K’ {aka ‘[01m[Kclass ceres::internal::FixedArray<double, 3>[m[K’} has no member named ‘[01m[Kdata[m[K’
[68.488s]   192 |     vertex->oplus([01;31m[Kadd_vertex.data[m[K());
[68.488s]       |                   [01;31m[K~~~~~~~~~~~^~~~[m[K
[68.559s] /usr/local/include/g2o/core/base_fixed_sized_edge.hpp: In instantiation of ‘[01m[Kvoid g2o::BaseFixedSizedEdge<D, E, VertexTypes>::linearizeOplusN() [with int N = 0; int D = 1; E = double; VertexTypes = {teb_local_planner::VertexTimeDiff}][m[K’:
[68.559s] [01m[K/usr/local/include/g2o/core/base_fixed_sized_edge.hpp:206:43:[m[K   required from ‘[01m[Kvoid g2o::BaseFixedSizedEdge<D, E, VertexTypes>::linearizeOplusNs(std::index_sequence<__var_indices ...>) [with long unsigned int ...Ints = {0}; int D = 1; E = double; VertexTypes = {teb_local_planner::VertexTimeDiff}; std::index_sequence<__var_indices ...> = std::integer_sequence<long unsigned int, 0>][m[K’
[68.560s] [01m[K/usr/local/include/g2o/core/base_fixed_sized_edge.hpp:214:3:[m[K   required from ‘[01m[Kvoid g2o::BaseFixedSizedEdge<D, E, VertexTypes>::linearizeOplus() [with int D = 1; E = double; VertexTypes = {teb_local_planner::VertexTimeDiff}][m[K’
[68.560s] [01m[K/usr/local/include/g2o/core/base_fixed_sized_edge.hpp:211:6:[m[K   required from here
[68.560s] [01m[K/usr/local/include/g2o/core/base_fixed_sized_edge.hpp:179:14:[m[K [01;31m[Kerror: [m[K‘[01m[KFixedArray[m[K’ {aka ‘[01m[Kclass ceres::internal::FixedArray<double, 1>[m[K’} has no member named ‘[01m[Kfill[m[K’
[68.560s]   179 |   [01;31m[Kadd_vertex.fill[m[K(0.);
[68.560s]       |   [01;31m[K~~~~~~~~~~~^~~~[m[K
[68.560s] [01m[K/usr/local/include/g2o/core/base_fixed_sized_edge.hpp:186:30:[m[K [01;31m[Kerror: [m[K‘[01m[KFixedArray[m[K’ {aka ‘[01m[Kclass ceres::internal::FixedArray<double, 1>[m[K’} has no member named ‘[01m[Kdata[m[K’
[68.561s]   186 |     vertex->oplus([01;31m[Kadd_vertex.data[m[K());
[68.561s]       |                   [01;31m[K~~~~~~~~~~~^~~~[m[K
[68.562s] [01m[K/usr/local/include/g2o/core/base_fixed_sized_edge.hpp:192:30:[m[K [01;31m[Kerror: [m[K‘[01m[KFixedArray[m[K’ {aka ‘[01m[Kclass ceres::internal::FixedArray<double, 1>[m[K’} has no member named ‘[01m[Kdata[m[K’
[68.562s]   192 |     vertex->oplus([01;31m[Kadd_vertex.data[m[K());
[68.562s]       |                   [01;31m[K~~~~~~~~~~~^~~~[m[K
[68.584s] /usr/local/include/g2o/core/base_fixed_sized_edge.hpp: In instantiation of ‘[01m[Kvoid g2o::BaseFixedSizedEdge<D, E, VertexTypes>::linearizeOplusN() [with int N = 0; int D = 2; E = double; VertexTypes = {teb_local_planner::VertexPose, teb_local_planner::VertexPose}][m[K’:
[68.585s] [01m[K/usr/local/include/g2o/core/base_fixed_sized_edge.hpp:206:43:[m[K   required from ‘[01m[Kvoid g2o::BaseFixedSizedEdge<D, E, VertexTypes>::linearizeOplusNs(std::index_sequence<__var_indices ...>) [with long unsigned int ...Ints = {0, 1}; int D = 2; E = double; VertexTypes = {teb_local_planner::VertexPose, teb_local_planner::VertexPose}; std::index_sequence<__var_indices ...> = std::integer_sequence<long unsigned int, 0, 1>][m[K’
[68.585s] [01m[K/usr/local/include/g2o/core/base_fixed_sized_edge.hpp:214:3:[m[K   required from ‘[01m[Kvoid g2o::BaseFixedSizedEdge<D, E, VertexTypes>::linearizeOplus() [with int D = 2; E = double; VertexTypes = {teb_local_planner::VertexPose, teb_local_planner::VertexPose}][m[K’
[68.585s] [01m[K/usr/local/include/g2o/core/base_fixed_sized_edge.hpp:211:6:[m[K   required from here
[68.585s] [01m[K/usr/local/include/g2o/core/base_fixed_sized_edge.hpp:179:14:[m[K [01;31m[Kerror: [m[K‘[01m[KFixedArray[m[K’ {aka ‘[01m[Kclass ceres::internal::FixedArray<double, 3>[m[K’} has no member named ‘[01m[Kfill[m[K’
[68.585s]   179 |   [01;31m[Kadd_vertex.fill[m[K(0.);
[68.585s]       |   [01;31m[K~~~~~~~~~~~^~~~[m[K
[68.585s] [01m[K/usr/local/include/g2o/core/base_fixed_sized_edge.hpp:186:30:[m[K [01;31m[Kerror: [m[K‘[01m[KFixedArray[m[K’ {aka ‘[01m[Kclass ceres::internal::FixedArray<double, 3>[m[K’} has no member named ‘[01m[Kdata[m[K’
[68.586s]   186 |     vertex->oplus([01;31m[Kadd_vertex.data[m[K());
[68.586s]       |                   [01;31m[K~~~~~~~~~~~^~~~[m[K
[68.586s] [01m[K/usr/local/include/g2o/core/base_fixed_sized_edge.hpp:192:30:[m[K [01;31m[Kerror: [m[K‘[01m[KFixedArray[m[K’ {aka ‘[01m[Kclass ceres::internal::FixedArray<double, 3>[m[K’} has no member named ‘[01m[Kdata[m[K’
[68.586s]   192 |     vertex->oplus([01;31m[Kadd_vertex.data[m[K());
[68.586s]       |                   [01;31m[K~~~~~~~~~~~^~~~[m[K
[68.586s] /usr/local/include/g2o/core/base_fixed_sized_edge.hpp: In instantiation of ‘[01m[Kvoid g2o::BaseFixedSizedEdge<D, E, VertexTypes>::linearizeOplusN() [with int N = 1; int D = 2; E = double; VertexTypes = {teb_local_planner::VertexPose, teb_local_planner::VertexPose}][m[K’:
[68.586s] [01m[K/usr/local/include/g2o/core/base_fixed_sized_edge.hpp:206:43:[m[K   required from ‘[01m[Kvoid g2o::BaseFixedSizedEdge<D, E, VertexTypes>::linearizeOplusNs(std::index_sequence<__var_indices ...>) [with long unsigned int ...Ints = {0, 1}; int D = 2; E = double; VertexTypes = {teb_local_planner::VertexPose, teb_local_planner::VertexPose}; std::index_sequence<__var_indices ...> = std::integer_sequence<long unsigned int, 0, 1>][m[K’
[68.587s] [01m[K/usr/local/include/g2o/core/base_fixed_sized_edge.hpp:214:3:[m[K   required from ‘[01m[Kvoid g2o::BaseFixedSizedEdge<D, E, VertexTypes>::linearizeOplus() [with int D = 2; E = double; VertexTypes = {teb_local_planner::VertexPose, teb_local_planner::VertexPose}][m[K’
[68.587s] [01m[K/usr/local/include/g2o/core/base_fixed_sized_edge.hpp:211:6:[m[K   required from here
[68.587s] [01m[K/usr/local/include/g2o/core/base_fixed_sized_edge.hpp:179:14:[m[K [01;31m[Kerror: [m[K‘[01m[KFixedArray[m[K’ {aka ‘[01m[Kclass ceres::internal::FixedArray<double, 3>[m[K’} has no member named ‘[01m[Kfill[m[K’
[68.587s]   179 |   [01;31m[Kadd_vertex.fill[m[K(0.);
[68.587s]       |   [01;31m[K~~~~~~~~~~~^~~~[m[K
[68.587s] [01m[K/usr/local/include/g2o/core/base_fixed_sized_edge.hpp:186:30:[m[K [01;31m[Kerror: [m[K‘[01m[KFixedArray[m[K’ {aka ‘[01m[Kclass ceres::internal::FixedArray<double, 3>[m[K’} has no member named ‘[01m[Kdata[m[K’
[68.587s]   186 |     vertex->oplus([01;31m[Kadd_vertex.data[m[K());
[68.587s]       |                   [01;31m[K~~~~~~~~~~~^~~~[m[K
[68.587s] [01m[K/usr/local/include/g2o/core/base_fixed_sized_edge.hpp:192:30:[m[K [01;31m[Kerror: [m[K‘[01m[KFixedArray[m[K’ {aka ‘[01m[Kclass ceres::internal::FixedArray<double, 3>[m[K’} has no member named ‘[01m[Kdata[m[K’
[68.588s]   192 |     vertex->oplus([01;31m[Kadd_vertex.data[m[K());
[68.588s]       |                   [01;31m[K~~~~~~~~~~~^~~~[m[K
[68.933s] In file included from [01m[K/opt/ros/galactic/include/pluginlib/class_loader_imp.hpp:73[m[K,
[68.934s]                  from [01m[K/opt/ros/galactic/include/pluginlib/class_loader.hpp:356[m[K,
[68.934s]                  from [01m[K/home/mike/turtlebot3_ws/src/turtlebot3/teb_local_planner/teb_local_planner/include/teb_local_planner/teb_local_planner_ros.h:42[m[K,
[68.934s]                  from [01m[K/home/mike/turtlebot3_ws/src/turtlebot3/teb_local_planner/teb_local_planner/src/teb_local_planner_ros.cpp:39[m[K:
[68.934s] [01m[K/home/mike/turtlebot3_ws/install/costmap_converter/include/costmap_converter/costmap_converter_interface.h:[m[K In member function ‘[01m[Kvoid costmap_converter::BaseCostmapToPolygons::startWorker(rclcpp::GenericRate<std::chrono::_V2::system_clock>::SharedPtr, nav2_costmap_2d::Costmap2D*, bool)[m[K’:
[68.934s] [01m[K/home/mike/turtlebot3_ws/install/costmap_converter/include/costmap_converter/costmap_converter_interface.h:197:41:[m[K [01;35m[Kwarning: [m[Ktoo many arguments for format [[01;35m[K-Wformat-extra-args[m[K]
[68.934s]   197 |         RCLCPP_DEBUG(nh_->get_logger(), [01;35m[K"costmap_converter"[m[K, "Spinning up a thread for the CostmapToPolygons plugin");
[68.934s]       |                                         [01;35m[K^~~~~~~~~~~~~~~~~~~[m[K
[68.962s] [01m[K/home/mike/turtlebot3_ws/install/costmap_converter/include/costmap_converter/costmap_converter_interface.h:[m[K In member function ‘[01m[Kvoid costmap_converter::BaseCostmapToDynamicObstacles::loadStaticCostmapConverterPlugin(const string&, rclcpp::Node::SharedPtr)[m[K’:
[68.962s] [01m[K/home/mike/turtlebot3_ws/install/costmap_converter/include/costmap_converter/costmap_converter_interface.h:313:32:[m[K [01;35m[Kwarning: [m[Kformat ‘[01m[K%s[m[K’ expects argument of type ‘[01m[Kchar*[m[K’, but argument 5 has type ‘[01m[Kconst string[m[K’ {aka ‘[01m[Kconst std::__cxx11::basic_string<char>[m[K’} [[01;35m[K-Wformat=[m[K]
[68.962s]   313 |       RCLCPP_INFO(getLogger(), [01;35m[K"CostmapToDynamicObstacles: underlying costmap conversion plugin for static obstacles %s loaded."[m[K, plugin_name);
[68.962s]       |                                [01;35m[K^~~~~~~~~~~~~~~~~~~~~~~~~~~~~~~~~~~~~~~~~~~~~~~~~~~~~~~~~~~~~~~~~~~~~~~~~~~~~~~~~~~~~~~~~~~~~~~~~[m[K
[68.963s] In file included from [01m[K/home/mike/turtlebot3_ws/src/turtlebot3/teb_local_planner/teb_local_planner/include/teb_local_planner/teb_local_planner_ros.h:68[m[K,
[68.963s]                  from [01m[K/home/mike/turtlebot3_ws/src/turtlebot3/teb_local_planner/teb_local_planner/src/teb_local_planner_ros.cpp:39[m[K:
[68.963s] [01m[K/home/mike/turtlebot3_ws/install/costmap_converter/include/costmap_converter/costmap_converter_interface.h:313:119:[m[K [01;36m[Knote: [m[Kformat string is defined here
[68.963s]   313 |       RCLCPP_INFO(getLogger(), "CostmapToDynamicObstacles: underlying costmap conversion plugin for static obstacles [01;36m[K%s[m[K loaded.", plugin_name);
[68.963s]       |                                                                                                                      [01;36m[K~^[m[K
[68.963s]       |                                                                                                                       [01;36m[K|[m[K
[68.964s]       |                                                                                                                       [01;36m[Kchar*[m[K
[74.793s] make[2]: *** [CMakeFiles/teb_local_planner.dir/build.make:141: CMakeFiles/teb_local_planner.dir/src/homotopy_class_planner.cpp.o] Error 1
[78.335s] In file included from [01m[K/usr/local/include/g2o/core/base_fixed_sized_edge.h:311[m[K,
[78.335s]                  from [01m[K/usr/local/include/g2o/core/base_binary_edge.h:30[m[K,
[78.335s]                  from [01m[K/home/mike/turtlebot3_ws/src/turtlebot3/teb_local_planner/teb_local_planner/include/teb_local_planner/g2o_types/base_teb_edges.h:49[m[K,
[78.335s]                  from [01m[K/home/mike/turtlebot3_ws/src/turtlebot3/teb_local_planner/teb_local_planner/include/teb_local_planner/g2o_types/edge_velocity.h:49[m[K,
[78.336s]                  from [01m[K/home/mike/turtlebot3_ws/src/turtlebot3/teb_local_planner/teb_local_planner/include/teb_local_planner/optimal_planner.h:63[m[K,
[78.336s]                  from [01m[K/home/mike/turtlebot3_ws/src/turtlebot3/teb_local_planner/teb_local_planner/include/teb_local_planner/teb_local_planner_ros.h:50[m[K,
[78.336s]                  from [01m[K/home/mike/turtlebot3_ws/src/turtlebot3/teb_local_planner/teb_local_planner/src/teb_local_planner_ros.cpp:39[m[K:
[78.336s] /usr/local/include/g2o/core/base_fixed_sized_edge.hpp: In instantiation of ‘[01m[Kvoid g2o::BaseFixedSizedEdge<D, E, VertexTypes>::linearizeOplusN() [with int N = 0; int D = 1; E = double; VertexTypes = {teb_local_planner::VertexPose, teb_local_planner::VertexPose}][m[K’:
[78.336s] [01m[K/usr/local/include/g2o/core/base_fixed_sized_edge.hpp:206:43:[m[K   required from ‘[01m[Kvoid g2o::BaseFixedSizedEdge<D, E, VertexTypes>::linearizeOplusNs(std::index_sequence<_Ind ...>) [with long unsigned int ...Ints = {0, 1}; int D = 1; E = double; VertexTypes = {teb_local_planner::VertexPose, teb_local_planner::VertexPose}; std::index_sequence<_Ind ...> = std::integer_sequence<long unsigned int, 0, 1>][m[K’
[78.337s] [01m[K/usr/local/include/g2o/core/base_fixed_sized_edge.hpp:214:3:[m[K   required from ‘[01m[Kvoid g2o::BaseFixedSizedEdge<D, E, VertexTypes>::linearizeOplus() [with int D = 1; E = double; VertexTypes = {teb_local_planner::VertexPose, teb_local_planner::VertexPose}][m[K’
[78.337s] [01m[K/usr/local/include/g2o/core/base_fixed_sized_edge.hpp:211:6:[m[K   required from here
[78.337s] [01m[K/usr/local/include/g2o/core/base_fixed_sized_edge.hpp:179:14:[m[K [01;31m[Kerror: [m[K‘[01m[KFixedArray[m[K’ {aka ‘[01m[Kclass ceres::internal::FixedArray<double, 3>[m[K’} has no member named ‘[01m[Kfill[m[K’
[78.337s]   179 |   [01;31m[Kadd_vertex.fill[m[K(0.);
[78.337s]       |   [01;31m[K~~~~~~~~~~~^~~~[m[K
[78.337s] [01m[K/usr/local/include/g2o/core/base_fixed_sized_edge.hpp:186:30:[m[K [01;31m[Kerror: [m[K‘[01m[KFixedArray[m[K’ {aka ‘[01m[Kclass ceres::internal::FixedArray<double, 3>[m[K’} has no member named ‘[01m[Kdata[m[K’
[78.337s]   186 |     vertex->oplus([01;31m[Kadd_vertex.data[m[K());
[78.338s]       |                   [01;31m[K~~~~~~~~~~~^~~~[m[K
[78.338s] [01m[K/usr/local/include/g2o/core/base_fixed_sized_edge.hpp:192:30:[m[K [01;31m[Kerror: [m[K‘[01m[KFixedArray[m[K’ {aka ‘[01m[Kclass ceres::internal::FixedArray<double, 3>[m[K’} has no member named ‘[01m[Kdata[m[K’
[78.338s]   192 |     vertex->oplus([01;31m[Kadd_vertex.data[m[K());
[78.338s]       |                   [01;31m[K~~~~~~~~~~~^~~~[m[K
[78.356s] /usr/local/include/g2o/core/base_fixed_sized_edge.hpp: In instantiation of ‘[01m[Kvoid g2o::BaseFixedSizedEdge<D, E, VertexTypes>::linearizeOplusN() [with int N = 1; int D = 1; E = double; VertexTypes = {teb_local_planner::VertexPose, teb_local_planner::VertexPose}][m[K’:
[78.357s] [01m[K/usr/local/include/g2o/core/base_fixed_sized_edge.hpp:206:43:[m[K   required from ‘[01m[Kvoid g2o::BaseFixedSizedEdge<D, E, VertexTypes>::linearizeOplusNs(std::index_sequence<_Ind ...>) [with long unsigned int ...Ints = {0, 1}; int D = 1; E = double; VertexTypes = {teb_local_planner::VertexPose, teb_local_planner::VertexPose}; std::index_sequence<_Ind ...> = std::integer_sequence<long unsigned int, 0, 1>][m[K’
[78.357s] [01m[K/usr/local/include/g2o/core/base_fixed_sized_edge.hpp:214:3:[m[K   required from ‘[01m[Kvoid g2o::BaseFixedSizedEdge<D, E, VertexTypes>::linearizeOplus() [with int D = 1; E = double; VertexTypes = {teb_local_planner::VertexPose, teb_local_planner::VertexPose}][m[K’
[78.357s] [01m[K/usr/local/include/g2o/core/base_fixed_sized_edge.hpp:211:6:[m[K   required from here
[78.357s] [01m[K/usr/local/include/g2o/core/base_fixed_sized_edge.hpp:179:14:[m[K [01;31m[Kerror: [m[K‘[01m[KFixedArray[m[K’ {aka ‘[01m[Kclass ceres::internal::FixedArray<double, 3>[m[K’} has no member named ‘[01m[Kfill[m[K’
[78.357s]   179 |   [01;31m[Kadd_vertex.fill[m[K(0.);
[78.357s]       |   [01;31m[K~~~~~~~~~~~^~~~[m[K
[78.358s] [01m[K/usr/local/include/g2o/core/base_fixed_sized_edge.hpp:186:30:[m[K [01;31m[Kerror: [m[K‘[01m[KFixedArray[m[K’ {aka ‘[01m[Kclass ceres::internal::FixedArray<double, 3>[m[K’} has no member named ‘[01m[Kdata[m[K’
[78.358s]   186 |     vertex->oplus([01;31m[Kadd_vertex.data[m[K());
[78.358s]       |                   [01;31m[K~~~~~~~~~~~^~~~[m[K
[78.358s] [01m[K/usr/local/include/g2o/core/base_fixed_sized_edge.hpp:192:30:[m[K [01;31m[Kerror: [m[K‘[01m[KFixedArray[m[K’ {aka ‘[01m[Kclass ceres::internal::FixedArray<double, 3>[m[K’} has no member named ‘[01m[Kdata[m[K’
[78.358s]   192 |     vertex->oplus([01;31m[Kadd_vertex.data[m[K());
[78.358s]       |                   [01;31m[K~~~~~~~~~~~^~~~[m[K
[78.360s] /usr/local/include/g2o/core/base_fixed_sized_edge.hpp: In instantiation of ‘[01m[Kvoid g2o::BaseFixedSizedEdge<D, E, VertexTypes>::linearizeOplusN() [with int N = 0; int D = 1; E = const Eigen::Matrix<double, 2, 1>*; VertexTypes = {teb_local_planner::VertexPose}][m[K’:
[78.360s] [01m[K/usr/local/include/g2o/core/base_fixed_sized_edge.hpp:206:43:[m[K   required from ‘[01m[Kvoid g2o::BaseFixedSizedEdge<D, E, VertexTypes>::linearizeOplusNs(std::index_sequence<_Ind ...>) [with long unsigned int ...Ints = {0}; int D = 1; E = const Eigen::Matrix<double, 2, 1>*; VertexTypes = {teb_local_planner::VertexPose}; std::index_sequence<_Ind ...> = std::integer_sequence<long unsigned int, 0>][m[K’
[78.360s] [01m[K/usr/local/include/g2o/core/base_fixed_sized_edge.hpp:214:3:[m[K   required from ‘[01m[Kvoid g2o::BaseFixedSizedEdge<D, E, VertexTypes>::linearizeOplus() [with int D = 1; E = const Eigen::Matrix<double, 2, 1>*; VertexTypes = {teb_local_planner::VertexPose}][m[K’
[78.360s] [01m[K/usr/local/include/g2o/core/base_fixed_sized_edge.hpp:211:6:[m[K   required from here
[78.360s] [01m[K/usr/local/include/g2o/core/base_fixed_sized_edge.hpp:179:14:[m[K [01;31m[Kerror: [m[K‘[01m[KFixedArray[m[K’ {aka ‘[01m[Kclass ceres::internal::FixedArray<double, 3>[m[K’} has no member named ‘[01m[Kfill[m[K’
[78.361s]   179 |   [01;31m[Kadd_vertex.fill[m[K(0.);
[78.361s]       |   [01;31m[K~~~~~~~~~~~^~~~[m[K
[78.361s] [01m[K/usr/local/include/g2o/core/base_fixed_sized_edge.hpp:186:30:[m[K [01;31m[Kerror: [m[K‘[01m[KFixedArray[m[K’ {aka ‘[01m[Kclass ceres::internal::FixedArray<double, 3>[m[K’} has no member named ‘[01m[Kdata[m[K’
[78.361s]   186 |     vertex->oplus([01;31m[Kadd_vertex.data[m[K());
[78.361s]       |                   [01;31m[K~~~~~~~~~~~^~~~[m[K
[78.362s] [01m[K/usr/local/include/g2o/core/base_fixed_sized_edge.hpp:192:30:[m[K [01;31m[Kerror: [m[K‘[01m[KFixedArray[m[K’ {aka ‘[01m[Kclass ceres::internal::FixedArray<double, 3>[m[K’} has no member named ‘[01m[Kdata[m[K’
[78.362s]   192 |     vertex->oplus([01;31m[Kadd_vertex.data[m[K());
[78.362s]       |                   [01;31m[K~~~~~~~~~~~^~~~[m[K
[78.444s] /usr/local/include/g2o/core/base_fixed_sized_edge.hpp: In instantiation of ‘[01m[Kvoid g2o::BaseFixedSizedEdge<D, E, VertexTypes>::linearizeOplusN() [with int N = 0; int D = 2; E = const teb_local_planner::Obstacle*; VertexTypes = {teb_local_planner::VertexPose}][m[K’:
[78.445s] [01m[K/usr/local/include/g2o/core/base_fixed_sized_edge.hpp:206:43:[m[K   required from ‘[01m[Kvoid g2o::BaseFixedSizedEdge<D, E, VertexTypes>::linearizeOplusNs(std::index_sequence<_Ind ...>) [with long unsigned int ...Ints = {0}; int D = 2; E = const teb_local_planner::Obstacle*; VertexTypes = {teb_local_planner::VertexPose}; std::index_sequence<_Ind ...> = std::integer_sequence<long unsigned int, 0>][m[K’
[78.445s] [01m[K/usr/local/include/g2o/core/base_fixed_sized_edge.hpp:214:3:[m[K   required from ‘[01m[Kvoid g2o::BaseFixedSizedEdge<D, E, VertexTypes>::linearizeOplus() [with int D = 2; E = const teb_local_planner::Obstacle*; VertexTypes = {teb_local_planner::VertexPose}][m[K’
[78.445s] [01m[K/usr/local/include/g2o/core/base_fixed_sized_edge.hpp:211:6:[m[K   required from here
[78.446s] [01m[K/usr/local/include/g2o/core/base_fixed_sized_edge.hpp:179:14:[m[K [01;31m[Kerror: [m[K‘[01m[KFixedArray[m[K’ {aka ‘[01m[Kclass ceres::internal::FixedArray<double, 3>[m[K’} has no member named ‘[01m[Kfill[m[K’
[78.446s]   179 |   [01;31m[Kadd_vertex.fill[m[K(0.);
[78.446s]       |   [01;31m[K~~~~~~~~~~~^~~~[m[K
[78.446s] [01m[K/usr/local/include/g2o/core/base_fixed_sized_edge.hpp:186:30:[m[K [01;31m[Kerror: [m[K‘[01m[KFixedArray[m[K’ {aka ‘[01m[Kclass ceres::internal::FixedArray<double, 3>[m[K’} has no member named ‘[01m[Kdata[m[K’
[78.446s]   186 |     vertex->oplus([01;31m[Kadd_vertex.data[m[K());
[78.446s]       |                   [01;31m[K~~~~~~~~~~~^~~~[m[K
[78.447s] [01m[K/usr/local/include/g2o/core/base_fixed_sized_edge.hpp:192:30:[m[K [01;31m[Kerror: [m[K‘[01m[KFixedArray[m[K’ {aka ‘[01m[Kclass ceres::internal::FixedArray<double, 3>[m[K’} has no member named ‘[01m[Kdata[m[K’
[78.447s]   192 |     vertex->oplus([01;31m[Kadd_vertex.data[m[K());
[78.447s]       |                   [01;31m[K~~~~~~~~~~~^~~~[m[K
[78.467s] /usr/local/include/g2o/core/base_fixed_sized_edge.hpp: In instantiation of ‘[01m[Kvoid g2o::BaseFixedSizedEdge<D, E, VertexTypes>::linearizeOplusN() [with int N = 0; int D = 1; E = const teb_local_planner::Obstacle*; VertexTypes = {teb_local_planner::VertexPose}][m[K’:
[78.467s] [01m[K/usr/local/include/g2o/core/base_fixed_sized_edge.hpp:206:43:[m[K   required from ‘[01m[Kvoid g2o::BaseFixedSizedEdge<D, E, VertexTypes>::linearizeOplusNs(std::index_sequence<_Ind ...>) [with long unsigned int ...Ints = {0}; int D = 1; E = const teb_local_planner::Obstacle*; VertexTypes = {teb_local_planner::VertexPose}; std::index_sequence<_Ind ...> = std::integer_sequence<long unsigned int, 0>][m[K’
[78.468s] [01m[K/usr/local/include/g2o/core/base_fixed_sized_edge.hpp:214:3:[m[K   required from ‘[01m[Kvoid g2o::BaseFixedSizedEdge<D, E, VertexTypes>::linearizeOplus() [with int D = 1; E = const teb_local_planner::Obstacle*; VertexTypes = {teb_local_planner::VertexPose}][m[K’
[78.468s] [01m[K/usr/local/include/g2o/core/base_fixed_sized_edge.hpp:211:6:[m[K   required from here
[78.468s] [01m[K/usr/local/include/g2o/core/base_fixed_sized_edge.hpp:179:14:[m[K [01;31m[Kerror: [m[K‘[01m[KFixedArray[m[K’ {aka ‘[01m[Kclass ceres::internal::FixedArray<double, 3>[m[K’} has no member named ‘[01m[Kfill[m[K’
[78.468s]   179 |   [01;31m[Kadd_vertex.fill[m[K(0.);
[78.468s]       |   [01;31m[K~~~~~~~~~~~^~~~[m[K
[78.468s] [01m[K/usr/local/include/g2o/core/base_fixed_sized_edge.hpp:186:30:[m[K [01;31m[Kerror: [m[K‘[01m[KFixedArray[m[K’ {aka ‘[01m[Kclass ceres::internal::FixedArray<double, 3>[m[K’} has no member named ‘[01m[Kdata[m[K’
[78.468s]   186 |     vertex->oplus([01;31m[Kadd_vertex.data[m[K());
[78.469s]       |                   [01;31m[K~~~~~~~~~~~^~~~[m[K
[78.469s] [01m[K/usr/local/include/g2o/core/base_fixed_sized_edge.hpp:192:30:[m[K [01;31m[Kerror: [m[K‘[01m[KFixedArray[m[K’ {aka ‘[01m[Kclass ceres::internal::FixedArray<double, 3>[m[K’} has no member named ‘[01m[Kdata[m[K’
[78.469s]   192 |     vertex->oplus([01;31m[Kadd_vertex.data[m[K());
[78.469s]       |                   [01;31m[K~~~~~~~~~~~^~~~[m[K
[78.535s] /usr/local/include/g2o/core/base_fixed_sized_edge.hpp: In instantiation of ‘[01m[Kvoid g2o::BaseFixedSizedEdge<D, E, VertexTypes>::linearizeOplusN() [with int N = 0; int D = 1; E = double; VertexTypes = {teb_local_planner::VertexTimeDiff}][m[K’:
[78.535s] [01m[K/usr/local/include/g2o/core/base_fixed_sized_edge.hpp:206:43:[m[K   required from ‘[01m[Kvoid g2o::BaseFixedSizedEdge<D, E, VertexTypes>::linearizeOplusNs(std::index_sequence<_Ind ...>) [with long unsigned int ...Ints = {0}; int D = 1; E = double; VertexTypes = {teb_local_planner::VertexTimeDiff}; std::index_sequence<_Ind ...> = std::integer_sequence<long unsigned int, 0>][m[K’
[78.535s] [01m[K/usr/local/include/g2o/core/base_fixed_sized_edge.hpp:214:3:[m[K   required from ‘[01m[Kvoid g2o::BaseFixedSizedEdge<D, E, VertexTypes>::linearizeOplus() [with int D = 1; E = double; VertexTypes = {teb_local_planner::VertexTimeDiff}][m[K’
[78.536s] [01m[K/usr/local/include/g2o/core/base_fixed_sized_edge.hpp:211:6:[m[K   required from here
[78.536s] [01m[K/usr/local/include/g2o/core/base_fixed_sized_edge.hpp:179:14:[m[K [01;31m[Kerror: [m[K‘[01m[KFixedArray[m[K’ {aka ‘[01m[Kclass ceres::internal::FixedArray<double, 1>[m[K’} has no member named ‘[01m[Kfill[m[K’
[78.536s]   179 |   [01;31m[Kadd_vertex.fill[m[K(0.);
[78.536s]       |   [01;31m[K~~~~~~~~~~~^~~~[m[K
[78.536s] [01m[K/usr/local/include/g2o/core/base_fixed_sized_edge.hpp:186:30:[m[K [01;31m[Kerror: [m[K‘[01m[KFixedArray[m[K’ {aka ‘[01m[Kclass ceres::internal::FixedArray<double, 1>[m[K’} has no member named ‘[01m[Kdata[m[K’
[78.536s]   186 |     vertex->oplus([01;31m[Kadd_vertex.data[m[K());
[78.537s]       |                   [01;31m[K~~~~~~~~~~~^~~~[m[K
[78.537s] [01m[K/usr/local/include/g2o/core/base_fixed_sized_edge.hpp:192:30:[m[K [01;31m[Kerror: [m[K‘[01m[KFixedArray[m[K’ {aka ‘[01m[Kclass ceres::internal::FixedArray<double, 1>[m[K’} has no member named ‘[01m[Kdata[m[K’
[78.537s]   192 |     vertex->oplus([01;31m[Kadd_vertex.data[m[K());
[78.537s]       |                   [01;31m[K~~~~~~~~~~~^~~~[m[K
[78.558s] /usr/local/include/g2o/core/base_fixed_sized_edge.hpp: In instantiation of ‘[01m[Kvoid g2o::BaseFixedSizedEdge<D, E, VertexTypes>::linearizeOplusN() [with int N = 0; int D = 2; E = double; VertexTypes = {teb_local_planner::VertexPose, teb_local_planner::VertexPose}][m[K’:
[78.559s] [01m[K/usr/local/include/g2o/core/base_fixed_sized_edge.hpp:206:43:[m[K   required from ‘[01m[Kvoid g2o::BaseFixedSizedEdge<D, E, VertexTypes>::linearizeOplusNs(std::index_sequence<_Ind ...>) [with long unsigned int ...Ints = {0, 1}; int D = 2; E = double; VertexTypes = {teb_local_planner::VertexPose, teb_local_planner::VertexPose}; std::index_sequence<_Ind ...> = std::integer_sequence<long unsigned int, 0, 1>][m[K’
[78.559s] [01m[K/usr/local/include/g2o/core/base_fixed_sized_edge.hpp:214:3:[m[K   required from ‘[01m[Kvoid g2o::BaseFixedSizedEdge<D, E, VertexTypes>::linearizeOplus() [with int D = 2; E = double; VertexTypes = {teb_local_planner::VertexPose, teb_local_planner::VertexPose}][m[K’
[78.559s] [01m[K/usr/local/include/g2o/core/base_fixed_sized_edge.hpp:211:6:[m[K   required from here
[78.559s] [01m[K/usr/local/include/g2o/core/base_fixed_sized_edge.hpp:179:14:[m[K [01;31m[Kerror: [m[K‘[01m[KFixedArray[m[K’ {aka ‘[01m[Kclass ceres::internal::FixedArray<double, 3>[m[K’} has no member named ‘[01m[Kfill[m[K’
[78.559s]   179 |   [01;31m[Kadd_vertex.fill[m[K(0.);
[78.559s]       |   [01;31m[K~~~~~~~~~~~^~~~[m[K
[78.560s] [01m[K/usr/local/include/g2o/core/base_fixed_sized_edge.hpp:186:30:[m[K [01;31m[Kerror: [m[K‘[01m[KFixedArray[m[K’ {aka ‘[01m[Kclass ceres::internal::FixedArray<double, 3>[m[K’} has no member named ‘[01m[Kdata[m[K’
[78.560s]   186 |     vertex->oplus([01;31m[Kadd_vertex.data[m[K());
[78.560s]       |                   [01;31m[K~~~~~~~~~~~^~~~[m[K
[78.560s] [01m[K/usr/local/include/g2o/core/base_fixed_sized_edge.hpp:192:30:[m[K [01;31m[Kerror: [m[K‘[01m[KFixedArray[m[K’ {aka ‘[01m[Kclass ceres::internal::FixedArray<double, 3>[m[K’} has no member named ‘[01m[Kdata[m[K’
[78.560s]   192 |     vertex->oplus([01;31m[Kadd_vertex.data[m[K());
[78.561s]       |                   [01;31m[K~~~~~~~~~~~^~~~[m[K
[78.561s] /usr/local/include/g2o/core/base_fixed_sized_edge.hpp: In instantiation of ‘[01m[Kvoid g2o::BaseFixedSizedEdge<D, E, VertexTypes>::linearizeOplusN() [with int N = 1; int D = 2; E = double; VertexTypes = {teb_local_planner::VertexPose, teb_local_planner::VertexPose}][m[K’:
[78.561s] [01m[K/usr/local/include/g2o/core/base_fixed_sized_edge.hpp:206:43:[m[K   required from ‘[01m[Kvoid g2o::BaseFixedSizedEdge<D, E, VertexTypes>::linearizeOplusNs(std::index_sequence<_Ind ...>) [with long unsigned int ...Ints = {0, 1}; int D = 2; E = double; VertexTypes = {teb_local_planner::VertexPose, teb_local_planner::VertexPose}; std::index_sequence<_Ind ...> = std::integer_sequence<long unsigned int, 0, 1>][m[K’
[78.561s] [01m[K/usr/local/include/g2o/core/base_fixed_sized_edge.hpp:214:3:[m[K   required from ‘[01m[Kvoid g2o::BaseFixedSizedEdge<D, E, VertexTypes>::linearizeOplus() [with int D = 2; E = double; VertexTypes = {teb_local_planner::VertexPose, teb_local_planner::VertexPose}][m[K’
[78.561s] [01m[K/usr/local/include/g2o/core/base_fixed_sized_edge.hpp:211:6:[m[K   required from here
[78.562s] [01m[K/usr/local/include/g2o/core/base_fixed_sized_edge.hpp:179:14:[m[K [01;31m[Kerror: [m[K‘[01m[KFixedArray[m[K’ {aka ‘[01m[Kclass ceres::internal::FixedArray<double, 3>[m[K’} has no member named ‘[01m[Kfill[m[K’
[78.562s]   179 |   [01;31m[Kadd_vertex.fill[m[K(0.);
[78.562s]       |   [01;31m[K~~~~~~~~~~~^~~~[m[K
[78.562s] [01m[K/usr/local/include/g2o/core/base_fixed_sized_edge.hpp:186:30:[m[K [01;31m[Kerror: [m[K‘[01m[KFixedArray[m[K’ {aka ‘[01m[Kclass ceres::internal::FixedArray<double, 3>[m[K’} has no member named ‘[01m[Kdata[m[K’
[78.563s]   186 |     vertex->oplus([01;31m[Kadd_vertex.data[m[K());
[78.563s]       |                   [01;31m[K~~~~~~~~~~~^~~~[m[K
[78.563s] [01m[K/usr/local/include/g2o/core/base_fixed_sized_edge.hpp:192:30:[m[K [01;31m[Kerror: [m[K‘[01m[KFixedArray[m[K’ {aka ‘[01m[Kclass ceres::internal::FixedArray<double, 3>[m[K’} has no member named ‘[01m[Kdata[m[K’
[78.563s]   192 |     vertex->oplus([01;31m[Kadd_vertex.data[m[K());
[78.563s]       |                   [01;31m[K~~~~~~~~~~~^~~~[m[K
[86.935s] make[2]: *** [CMakeFiles/teb_local_planner.dir/build.make:154: CMakeFiles/teb_local_planner.dir/src/teb_local_planner_ros.cpp.o] Error 1
[86.936s] make[1]: *** [CMakeFiles/Makefile2:78: CMakeFiles/teb_local_planner.dir/all] Error 2
[86.936s] make: *** [Makefile:141: all] Error 2
[86.940s] Invoked command in '/home/mike/turtlebot3_ws/build/teb_local_planner' returned '2': AMENT_PREFIX_PATH=/home/mike/turtlebot3_ws/install/teb_msgs:/home/mike/turtlebot3_ws/install/costmap_converter:/home/mike/turtlebot3_ws/install/costmap_converter_msgs:${AMENT_PREFIX_PATH} CMAKE_PREFIX_PATH=/home/mike/turtlebot3_ws/install/teb_msgs:/home/mike/turtlebot3_ws/install/costmap_converter:/home/mike/turtlebot3_ws/install/costmap_converter_msgs:/opt/ros/galactic LD_LIBRARY_PATH=/home/mike/turtlebot3_ws/install/teb_msgs/lib:/home/mike/turtlebot3_ws/install/costmap_converter/lib:/home/mike/turtlebot3_ws/install/costmap_converter_msgs/lib:${LD_LIBRARY_PATH} PATH=/home/mike/turtlebot3_ws/install/costmap_converter/bin:${PATH} PYTHONPATH=/home/mike/turtlebot3_ws/install/teb_msgs/lib/python3.8/site-packages:/home/mike/turtlebot3_ws/install/costmap_converter_msgs/lib/python3.8/site-packages:${PYTHONPATH} /usr/bin/cmake --build /home/mike/turtlebot3_ws/build/teb_local_planner -- -j4 -l4
