[0.289s] Invoking command in '/home/mike/turtlebot3_ws/build/teb_msgs': AMENT_PREFIX_PATH=/home/mike/turtlebot3_ws/install/costmap_converter_msgs:${AMENT_PREFIX_PATH} CMAKE_PREFIX_PATH=/home/mike/turtlebot3_ws/install/costmap_converter_msgs:/home/mike/turtlebot3_ws/install/turtlebot3:/home/mike/turtlebot3_ws/install/turtlebot3_simulations:/home/mike/turtlebot3_ws/install/turtlebot3_bringup:/home/mike/turtlebot3_ws/install/turtlebot3_node:/home/mike/turtlebot3_ws/install/turtlebot3_gazebo:/home/mike/turtlebot3_ws/install/turtlebot3_fake_node:/home/mike/turtlebot3_ws/install/turtlebot3_description:/home/mike/turtlebot3_ws/install/turtlebot3_teleop:/home/mike/turtlebot3_ws/install/turtlebot3_example:/opt/ros/galactic LD_LIBRARY_PATH=/home/mike/turtlebot3_ws/install/costmap_converter_msgs/lib:${LD_LIBRARY_PATH} PYTHONPATH=/home/mike/turtlebot3_ws/install/costmap_converter_msgs/lib/python3.8/site-packages:${PYTHONPATH} /usr/bin/cmake /home/mike/turtlebot3_ws/src/turtlebot3/teb_local_planner/teb_msgs -DCMAKE_INSTALL_PREFIX=/home/mike/turtlebot3_ws/install/teb_msgs
[0.807s] -- The C compiler identification is GNU 9.4.0
[1.166s] -- The CXX compiler identification is GNU 9.4.0
[1.188s] -- Check for working C compiler: /usr/bin/cc
[1.761s] -- Check for working C compiler: /usr/bin/cc -- works
[1.765s] -- Detecting C compiler ABI info
[2.383s] -- Detecting C compiler ABI info - done
[2.467s] -- Detecting C compile features
[2.471s] -- Detecting C compile features - done
[2.490s] -- Check for working CXX compiler: /usr/bin/c++
[3.101s] -- Check for working CXX compiler: /usr/bin/c++ -- works
[3.103s] -- Detecting CXX compiler ABI info
[3.604s] -- Detecting CXX compiler ABI info - done
[3.655s] -- Detecting CXX compile features
[3.660s] -- Detecting CXX compile features - done
[3.689s] -- Found ament_cmake: 1.1.5 (/opt/ros/galactic/share/ament_cmake/cmake)
[3.836s] -- Found PythonInterp: /usr/bin/python3 (found suitable version "3.8.10", minimum required is "3") 
[3.836s] -- Using PYTHON_EXECUTABLE: /usr/bin/python3
[4.344s] -- Found builtin_interfaces: 1.0.3 (/opt/ros/galactic/share/builtin_interfaces/cmake)
[4.496s] -- Using all available rosidl_typesupport_c: rosidl_typesupport_fastrtps_c;rosidl_typesupport_introspection_c
[4.537s] -- Found rosidl_adapter: 2.2.2 (/opt/ros/galactic/share/rosidl_adapter/cmake)
[5.310s] -- Found OpenSSL: /usr/lib/x86_64-linux-gnu/libcrypto.so (found version "1.1.1f")  
[5.491s] -- Found FastRTPS: /opt/ros/galactic/include  
[6.018s] -- Using all available rosidl_typesupport_cpp: rosidl_typesupport_fastrtps_cpp;rosidl_typesupport_introspection_cpp
[6.247s] -- Found costmap_converter_msgs: 0.1.2 (/home/mike/turtlebot3_ws/install/costmap_converter_msgs/share/costmap_converter_msgs/cmake)
[7.045s] -- Found rosidl_default_generators: 1.1.1 (/opt/ros/galactic/share/rosidl_default_generators/cmake)
[7.246s] -- Found PythonInterp: /usr/bin/python3 (found version "3.8.10") 
[8.589s] -- Found ament_cmake_ros: 0.9.2 (/opt/ros/galactic/share/ament_cmake_ros/cmake)
[9.724s] -- Using all available rosidl_typesupport_c: rosidl_typesupport_fastrtps_c;rosidl_typesupport_introspection_c
[10.227s] -- Using all available rosidl_typesupport_cpp: rosidl_typesupport_fastrtps_cpp;rosidl_typesupport_introspection_cpp
[10.373s] -- Found PythonInterp: /usr/bin/python3 (found suitable version "3.8.10", minimum required is "3.5") 
[10.386s] -- Found python_cmake_module: 0.8.1 (/opt/ros/galactic/share/python_cmake_module/cmake)
[10.489s] -- Found PythonLibs: /usr/lib/x86_64-linux-gnu/libpython3.8.so (found suitable version "3.8.10", minimum required is "3.5") 
[10.490s] -- Using PYTHON_EXECUTABLE: /usr/bin/python3
[10.490s] -- Using PYTHON_INCLUDE_DIRS: /usr/include/python3.8
[10.490s] -- Using PYTHON_LIBRARIES: /usr/lib/x86_64-linux-gnu/libpython3.8.so
[10.563s] -- Found PythonExtra: .so  
[10.804s] -- Configuring done
[10.975s] -- Generating done
[10.983s] -- Build files have been written to: /home/mike/turtlebot3_ws/build/teb_msgs
[11.027s] Invoked command in '/home/mike/turtlebot3_ws/build/teb_msgs' returned '0': AMENT_PREFIX_PATH=/home/mike/turtlebot3_ws/install/costmap_converter_msgs:${AMENT_PREFIX_PATH} CMAKE_PREFIX_PATH=/home/mike/turtlebot3_ws/install/costmap_converter_msgs:/home/mike/turtlebot3_ws/install/turtlebot3:/home/mike/turtlebot3_ws/install/turtlebot3_simulations:/home/mike/turtlebot3_ws/install/turtlebot3_bringup:/home/mike/turtlebot3_ws/install/turtlebot3_node:/home/mike/turtlebot3_ws/install/turtlebot3_gazebo:/home/mike/turtlebot3_ws/install/turtlebot3_fake_node:/home/mike/turtlebot3_ws/install/turtlebot3_description:/home/mike/turtlebot3_ws/install/turtlebot3_teleop:/home/mike/turtlebot3_ws/install/turtlebot3_example:/opt/ros/galactic LD_LIBRARY_PATH=/home/mike/turtlebot3_ws/install/costmap_converter_msgs/lib:${LD_LIBRARY_PATH} PYTHONPATH=/home/mike/turtlebot3_ws/install/costmap_converter_msgs/lib/python3.8/site-packages:${PYTHONPATH} /usr/bin/cmake /home/mike/turtlebot3_ws/src/turtlebot3/teb_local_planner/teb_msgs -DCMAKE_INSTALL_PREFIX=/home/mike/turtlebot3_ws/install/teb_msgs
[11.032s] Invoking command in '/home/mike/turtlebot3_ws/build/teb_msgs': AMENT_PREFIX_PATH=/home/mike/turtlebot3_ws/install/costmap_converter_msgs:${AMENT_PREFIX_PATH} CMAKE_PREFIX_PATH=/home/mike/turtlebot3_ws/install/costmap_converter_msgs:/home/mike/turtlebot3_ws/install/turtlebot3:/home/mike/turtlebot3_ws/install/turtlebot3_simulations:/home/mike/turtlebot3_ws/install/turtlebot3_bringup:/home/mike/turtlebot3_ws/install/turtlebot3_node:/home/mike/turtlebot3_ws/install/turtlebot3_gazebo:/home/mike/turtlebot3_ws/install/turtlebot3_fake_node:/home/mike/turtlebot3_ws/install/turtlebot3_description:/home/mike/turtlebot3_ws/install/turtlebot3_teleop:/home/mike/turtlebot3_ws/install/turtlebot3_example:/opt/ros/galactic LD_LIBRARY_PATH=/home/mike/turtlebot3_ws/install/costmap_converter_msgs/lib:${LD_LIBRARY_PATH} PYTHONPATH=/home/mike/turtlebot3_ws/install/costmap_converter_msgs/lib/python3.8/site-packages:${PYTHONPATH} /usr/bin/cmake --build /home/mike/turtlebot3_ws/build/teb_msgs -- -j4 -l4
[11.124s] [35m[1mScanning dependencies of target teb_msgs__cpp[0m
[11.147s] [  2%] [34m[1mGenerating C++ code for ROS interfaces[0m
[12.339s] [  2%] Built target teb_msgs__cpp
[12.368s] [  4%] [34m[1mGenerating C code for ROS interfaces[0m
[13.571s] [35m[1mScanning dependencies of target teb_msgs__rosidl_generator_c[0m
[13.606s] [  6%] [32mBuilding C object CMakeFiles/teb_msgs__rosidl_generator_c.dir/rosidl_generator_c/teb_msgs/msg/detail/feedback_msg__functions.c.o[0m
[13.706s] [  8%] [32mBuilding C object CMakeFiles/teb_msgs__rosidl_generator_c.dir/rosidl_generator_c/teb_msgs/msg/detail/trajectory_msg__functions.c.o[0m
[13.806s] [ 10%] [32mBuilding C object CMakeFiles/teb_msgs__rosidl_generator_c.dir/rosidl_generator_c/teb_msgs/msg/detail/trajectory_point_msg__functions.c.o[0m
[13.929s] [ 12%] [32m[1mLinking C shared library libteb_msgs__rosidl_generator_c.so[0m
[14.012s] [ 12%] Built target teb_msgs__rosidl_generator_c
[14.035s] [ 14%] [34m[1mGenerating C++ type support for eProsima Fast-RTPS[0m
[14.738s] [35m[1mScanning dependencies of target teb_msgs__rosidl_typesupport_fastrtps_cpp[0m
[14.783s] [ 17%] [32mBuilding CXX object CMakeFiles/teb_msgs__rosidl_typesupport_fastrtps_cpp.dir/rosidl_typesupport_fastrtps_cpp/teb_msgs/msg/detail/dds_fastrtps/feedback_msg__type_support.cpp.o[0m
[15.699s] [ 19%] [32mBuilding CXX object CMakeFiles/teb_msgs__rosidl_typesupport_fastrtps_cpp.dir/rosidl_typesupport_fastrtps_cpp/teb_msgs/msg/detail/dds_fastrtps/trajectory_msg__type_support.cpp.o[0m
[16.698s] [ 21%] [32mBuilding CXX object CMakeFiles/teb_msgs__rosidl_typesupport_fastrtps_cpp.dir/rosidl_typesupport_fastrtps_cpp/teb_msgs/msg/detail/dds_fastrtps/trajectory_point_msg__type_support.cpp.o[0m
[17.580s] [ 23%] [32m[1mLinking CXX shared library libteb_msgs__rosidl_typesupport_fastrtps_cpp.so[0m
[17.887s] [ 23%] Built target teb_msgs__rosidl_typesupport_fastrtps_cpp
[17.907s] [ 25%] [34m[1mGenerating C introspection for ROS interfaces[0m
[18.594s] [35m[1mScanning dependencies of target teb_msgs__rosidl_typesupport_introspection_c[0m
[18.634s] [ 27%] [32mBuilding C object CMakeFiles/teb_msgs__rosidl_typesupport_introspection_c.dir/rosidl_typesupport_introspection_c/teb_msgs/msg/detail/feedback_msg__type_support.c.o[0m
[18.713s] [ 29%] [32mBuilding C object CMakeFiles/teb_msgs__rosidl_typesupport_introspection_c.dir/rosidl_typesupport_introspection_c/teb_msgs/msg/detail/trajectory_msg__type_support.c.o[0m
[18.784s] [ 31%] [32mBuilding C object CMakeFiles/teb_msgs__rosidl_typesupport_introspection_c.dir/rosidl_typesupport_introspection_c/teb_msgs/msg/detail/trajectory_point_msg__type_support.c.o[0m
[18.844s] [ 34%] [32m[1mLinking C shared library libteb_msgs__rosidl_typesupport_introspection_c.so[0m
[18.905s] [ 34%] Built target teb_msgs__rosidl_typesupport_introspection_c
[18.923s] [ 36%] [34m[1mGenerating C type support dispatch for ROS interfaces[0m
[19.522s] [35m[1mScanning dependencies of target teb_msgs__rosidl_typesupport_c[0m
[19.552s] [ 38%] [32mBuilding CXX object CMakeFiles/teb_msgs__rosidl_typesupport_c.dir/rosidl_typesupport_c/teb_msgs/msg/feedback_msg__type_support.cpp.o[0m
[19.623s] [ 40%] [32mBuilding CXX object CMakeFiles/teb_msgs__rosidl_typesupport_c.dir/rosidl_typesupport_c/teb_msgs/msg/trajectory_msg__type_support.cpp.o[0m
[19.681s] [ 42%] [32mBuilding CXX object CMakeFiles/teb_msgs__rosidl_typesupport_c.dir/rosidl_typesupport_c/teb_msgs/msg/trajectory_point_msg__type_support.cpp.o[0m
[19.737s] [ 44%] [32m[1mLinking CXX shared library libteb_msgs__rosidl_typesupport_c.so[0m
[19.825s] [ 44%] Built target teb_msgs__rosidl_typesupport_c
[19.857s] [ 46%] [34m[1mGenerating C type support for eProsima Fast-RTPS[0m
[20.841s] [35m[1mScanning dependencies of target teb_msgs__rosidl_typesupport_fastrtps_c[0m
[20.884s] [ 48%] [32mBuilding CXX object CMakeFiles/teb_msgs__rosidl_typesupport_fastrtps_c.dir/rosidl_typesupport_fastrtps_c/teb_msgs/msg/detail/feedback_msg__type_support_c.cpp.o[0m
[21.667s] [ 51%] [32mBuilding CXX object CMakeFiles/teb_msgs__rosidl_typesupport_fastrtps_c.dir/rosidl_typesupport_fastrtps_c/teb_msgs/msg/detail/trajectory_msg__type_support_c.cpp.o[0m
[22.478s] [ 53%] [32mBuilding CXX object CMakeFiles/teb_msgs__rosidl_typesupport_fastrtps_c.dir/rosidl_typesupport_fastrtps_c/teb_msgs/msg/detail/trajectory_point_msg__type_support_c.cpp.o[0m
[23.280s] [ 55%] [32m[1mLinking CXX shared library libteb_msgs__rosidl_typesupport_fastrtps_c.so[0m
[23.632s] [ 55%] Built target teb_msgs__rosidl_typesupport_fastrtps_c
[23.657s] [ 57%] [34m[1mGenerating C++ type support dispatch for ROS interfaces[0m
[24.748s] [35m[1mScanning dependencies of target teb_msgs__rosidl_typesupport_cpp[0m
[24.785s] [ 59%] [32mBuilding CXX object CMakeFiles/teb_msgs__rosidl_typesupport_cpp.dir/rosidl_typesupport_cpp/teb_msgs/msg/feedback_msg__type_support.cpp.o[0m
[25.482s] [ 61%] [32mBuilding CXX object CMakeFiles/teb_msgs__rosidl_typesupport_cpp.dir/rosidl_typesupport_cpp/teb_msgs/msg/trajectory_point_msg__type_support.cpp.o[0m
[26.199s] [ 63%] [32mBuilding CXX object CMakeFiles/teb_msgs__rosidl_typesupport_cpp.dir/rosidl_typesupport_cpp/teb_msgs/msg/trajectory_msg__type_support.cpp.o[0m
[26.914s] [ 65%] [32m[1mLinking CXX shared library libteb_msgs__rosidl_typesupport_cpp.so[0m
[27.007s] [ 65%] Built target teb_msgs__rosidl_typesupport_cpp
[27.030s] [ 68%] [34m[1mGenerating C++ introspection for ROS interfaces[0m
[28.106s] [35m[1mScanning dependencies of target teb_msgs__rosidl_typesupport_introspection_cpp[0m
[28.146s] [ 70%] [32mBuilding CXX object CMakeFiles/teb_msgs__rosidl_typesupport_introspection_cpp.dir/rosidl_typesupport_introspection_cpp/teb_msgs/msg/detail/feedback_msg__type_support.cpp.o[0m
[28.777s] [ 72%] [32mBuilding CXX object CMakeFiles/teb_msgs__rosidl_typesupport_introspection_cpp.dir/rosidl_typesupport_introspection_cpp/teb_msgs/msg/detail/trajectory_point_msg__type_support.cpp.o[0m
[29.245s] [ 74%] [32mBuilding CXX object CMakeFiles/teb_msgs__rosidl_typesupport_introspection_cpp.dir/rosidl_typesupport_introspection_cpp/teb_msgs/msg/detail/trajectory_msg__type_support.cpp.o[0m
[29.790s] [ 76%] [32m[1mLinking CXX shared library libteb_msgs__rosidl_typesupport_introspection_cpp.so[0m
[30.003s] [ 76%] Built target teb_msgs__rosidl_typesupport_introspection_cpp
[30.021s] [35m[1mScanning dependencies of target teb_msgs[0m
[30.046s] [ 76%] Built target teb_msgs
[30.064s] [35m[1mScanning dependencies of target teb_msgs__py[0m
[30.085s] [ 78%] [34m[1mGenerating Python code for ROS interfaces[0m
[31.609s] [ 78%] Built target teb_msgs__py
[31.632s] [35m[1mScanning dependencies of target teb_msgs__python[0m
[31.702s] [ 80%] [32mBuilding C object CMakeFiles/teb_msgs__python.dir/rosidl_generator_py/teb_msgs/msg/_feedback_msg_s.c.o[0m
[31.893s] [ 82%] [32mBuilding C object CMakeFiles/teb_msgs__python.dir/rosidl_generator_py/teb_msgs/msg/_trajectory_point_msg_s.c.o[0m
[32.060s] [ 85%] [32mBuilding C object CMakeFiles/teb_msgs__python.dir/rosidl_generator_py/teb_msgs/msg/_trajectory_msg_s.c.o[0m
[32.210s] [ 87%] [32m[1mLinking C shared library rosidl_generator_py/teb_msgs/libteb_msgs__python.so[0m
[32.315s] [ 87%] Built target teb_msgs__python
[32.334s] [35m[1mScanning dependencies of target teb_msgs__rosidl_typesupport_fastrtps_c__pyext[0m
[32.371s] [ 89%] [32mBuilding C object CMakeFiles/teb_msgs__rosidl_typesupport_fastrtps_c__pyext.dir/rosidl_generator_py/teb_msgs/_teb_msgs_s.ep.rosidl_typesupport_fastrtps_c.c.o[0m
[32.516s] [ 91%] [32m[1mLinking CXX shared library rosidl_generator_py/teb_msgs/teb_msgs_s__rosidl_typesupport_fastrtps_c.cpython-38-x86_64-linux-gnu.so[0m
[32.624s] [ 91%] Built target teb_msgs__rosidl_typesupport_fastrtps_c__pyext
[32.641s] [35m[1mScanning dependencies of target teb_msgs__rosidl_typesupport_introspection_c__pyext[0m
[32.672s] [ 93%] [32mBuilding C object CMakeFiles/teb_msgs__rosidl_typesupport_introspection_c__pyext.dir/rosidl_generator_py/teb_msgs/_teb_msgs_s.ep.rosidl_typesupport_introspection_c.c.o[0m
[32.844s] [ 95%] [32m[1mLinking C shared library rosidl_generator_py/teb_msgs/teb_msgs_s__rosidl_typesupport_introspection_c.cpython-38-x86_64-linux-gnu.so[0m
[32.915s] [ 95%] Built target teb_msgs__rosidl_typesupport_introspection_c__pyext
[32.933s] [35m[1mScanning dependencies of target teb_msgs__rosidl_typesupport_c__pyext[0m
[32.968s] [ 97%] [32mBuilding C object CMakeFiles/teb_msgs__rosidl_typesupport_c__pyext.dir/rosidl_generator_py/teb_msgs/_teb_msgs_s.ep.rosidl_typesupport_c.c.o[0m
[33.104s] [100%] [32m[1mLinking C shared library rosidl_generator_py/teb_msgs/teb_msgs_s__rosidl_typesupport_c.cpython-38-x86_64-linux-gnu.so[0m
[33.174s] [100%] Built target teb_msgs__rosidl_typesupport_c__pyext
[33.203s] Invoked command in '/home/mike/turtlebot3_ws/build/teb_msgs' returned '0': AMENT_PREFIX_PATH=/home/mike/turtlebot3_ws/install/costmap_converter_msgs:${AMENT_PREFIX_PATH} CMAKE_PREFIX_PATH=/home/mike/turtlebot3_ws/install/costmap_converter_msgs:/home/mike/turtlebot3_ws/install/turtlebot3:/home/mike/turtlebot3_ws/install/turtlebot3_simulations:/home/mike/turtlebot3_ws/install/turtlebot3_bringup:/home/mike/turtlebot3_ws/install/turtlebot3_node:/home/mike/turtlebot3_ws/install/turtlebot3_gazebo:/home/mike/turtlebot3_ws/install/turtlebot3_fake_node:/home/mike/turtlebot3_ws/install/turtlebot3_description:/home/mike/turtlebot3_ws/install/turtlebot3_teleop:/home/mike/turtlebot3_ws/install/turtlebot3_example:/opt/ros/galactic LD_LIBRARY_PATH=/home/mike/turtlebot3_ws/install/costmap_converter_msgs/lib:${LD_LIBRARY_PATH} PYTHONPATH=/home/mike/turtlebot3_ws/install/costmap_converter_msgs/lib/python3.8/site-packages:${PYTHONPATH} /usr/bin/cmake --build /home/mike/turtlebot3_ws/build/teb_msgs -- -j4 -l4
[33.353s] Invoking command in '/home/mike/turtlebot3_ws/build/teb_msgs': AMENT_PREFIX_PATH=/home/mike/turtlebot3_ws/install/costmap_converter_msgs:${AMENT_PREFIX_PATH} CMAKE_PREFIX_PATH=/home/mike/turtlebot3_ws/install/costmap_converter_msgs:/home/mike/turtlebot3_ws/install/turtlebot3:/home/mike/turtlebot3_ws/install/turtlebot3_simulations:/home/mike/turtlebot3_ws/install/turtlebot3_bringup:/home/mike/turtlebot3_ws/install/turtlebot3_node:/home/mike/turtlebot3_ws/install/turtlebot3_gazebo:/home/mike/turtlebot3_ws/install/turtlebot3_fake_node:/home/mike/turtlebot3_ws/install/turtlebot3_description:/home/mike/turtlebot3_ws/install/turtlebot3_teleop:/home/mike/turtlebot3_ws/install/turtlebot3_example:/opt/ros/galactic LD_LIBRARY_PATH=/home/mike/turtlebot3_ws/install/costmap_converter_msgs/lib:${LD_LIBRARY_PATH} PYTHONPATH=/home/mike/turtlebot3_ws/install/costmap_converter_msgs/lib/python3.8/site-packages:${PYTHONPATH} /usr/bin/cmake --install /home/mike/turtlebot3_ws/build/teb_msgs
[33.372s] -- Install configuration: ""
[33.372s] -- Installing: /home/mike/turtlebot3_ws/install/teb_msgs/share/ament_index/resource_index/rosidl_interfaces/teb_msgs
[33.373s] -- Installing: /home/mike/turtlebot3_ws/install/teb_msgs/include/teb_msgs
[33.373s] -- Installing: /home/mike/turtlebot3_ws/install/teb_msgs/include/teb_msgs/msg
[33.373s] -- Installing: /home/mike/turtlebot3_ws/install/teb_msgs/include/teb_msgs/msg/trajectory_point_msg.h
[33.373s] -- Installing: /home/mike/turtlebot3_ws/install/teb_msgs/include/teb_msgs/msg/detail
[33.374s] -- Installing: /home/mike/turtlebot3_ws/install/teb_msgs/include/teb_msgs/msg/detail/trajectory_point_msg__functions.c
[33.374s] -- Installing: /home/mike/turtlebot3_ws/install/teb_msgs/include/teb_msgs/msg/detail/trajectory_msg__struct.h
[33.374s] -- Installing: /home/mike/turtlebot3_ws/install/teb_msgs/include/teb_msgs/msg/detail/trajectory_point_msg__struct.h
[33.374s] -- Installing: /home/mike/turtlebot3_ws/install/teb_msgs/include/teb_msgs/msg/detail/trajectory_msg__functions.c
[33.374s] -- Installing: /home/mike/turtlebot3_ws/install/teb_msgs/include/teb_msgs/msg/detail/feedback_msg__functions.c
[33.375s] -- Installing: /home/mike/turtlebot3_ws/install/teb_msgs/include/teb_msgs/msg/detail/trajectory_msg__type_support.h
[33.375s] -- Installing: /home/mike/turtlebot3_ws/install/teb_msgs/include/teb_msgs/msg/detail/feedback_msg__struct.h
[33.375s] -- Installing: /home/mike/turtlebot3_ws/install/teb_msgs/include/teb_msgs/msg/detail/trajectory_point_msg__functions.h
[33.375s] -- Installing: /home/mike/turtlebot3_ws/install/teb_msgs/include/teb_msgs/msg/detail/trajectory_point_msg__type_support.h
[33.375s] -- Installing: /home/mike/turtlebot3_ws/install/teb_msgs/include/teb_msgs/msg/detail/feedback_msg__functions.h
[33.376s] -- Installing: /home/mike/turtlebot3_ws/install/teb_msgs/include/teb_msgs/msg/detail/trajectory_msg__functions.h
[33.376s] -- Installing: /home/mike/turtlebot3_ws/install/teb_msgs/include/teb_msgs/msg/detail/feedback_msg__type_support.h
[33.376s] -- Installing: /home/mike/turtlebot3_ws/install/teb_msgs/include/teb_msgs/msg/feedback_msg.h
[33.376s] -- Installing: /home/mike/turtlebot3_ws/install/teb_msgs/include/teb_msgs/msg/trajectory_msg.h
[33.376s] -- Installing: /home/mike/turtlebot3_ws/install/teb_msgs/include/teb_msgs/msg/rosidl_generator_c__visibility_control.h
[33.377s] -- Installing: /home/mike/turtlebot3_ws/install/teb_msgs/share/teb_msgs/environment/library_path.sh
[33.377s] -- Installing: /home/mike/turtlebot3_ws/install/teb_msgs/share/teb_msgs/environment/library_path.dsv
[33.377s] -- Installing: /home/mike/turtlebot3_ws/install/teb_msgs/lib/libteb_msgs__rosidl_generator_c.so
[33.378s] -- Set runtime path of "/home/mike/turtlebot3_ws/install/teb_msgs/lib/libteb_msgs__rosidl_generator_c.so" to ""
[33.379s] -- Up-to-date: /home/mike/turtlebot3_ws/install/teb_msgs/include/teb_msgs
[33.379s] -- Up-to-date: /home/mike/turtlebot3_ws/install/teb_msgs/include/teb_msgs/msg
[33.379s] -- Up-to-date: /home/mike/turtlebot3_ws/install/teb_msgs/include/teb_msgs/msg/detail
[33.379s] -- Installing: /home/mike/turtlebot3_ws/install/teb_msgs/include/teb_msgs/msg/detail/feedback_msg__rosidl_typesupport_fastrtps_c.h
[33.379s] -- Installing: /home/mike/turtlebot3_ws/install/teb_msgs/include/teb_msgs/msg/detail/trajectory_msg__rosidl_typesupport_fastrtps_c.h
[33.380s] -- Installing: /home/mike/turtlebot3_ws/install/teb_msgs/include/teb_msgs/msg/detail/trajectory_point_msg__rosidl_typesupport_fastrtps_c.h
[33.380s] -- Installing: /home/mike/turtlebot3_ws/install/teb_msgs/include/teb_msgs/msg/rosidl_typesupport_fastrtps_c__visibility_control.h
[33.380s] -- Installing: /home/mike/turtlebot3_ws/install/teb_msgs/lib/libteb_msgs__rosidl_typesupport_fastrtps_c.so
[33.380s] -- Set runtime path of "/home/mike/turtlebot3_ws/install/teb_msgs/lib/libteb_msgs__rosidl_typesupport_fastrtps_c.so" to ""
[33.381s] -- Up-to-date: /home/mike/turtlebot3_ws/install/teb_msgs/include/teb_msgs
[33.381s] -- Up-to-date: /home/mike/turtlebot3_ws/install/teb_msgs/include/teb_msgs/msg
[33.381s] -- Up-to-date: /home/mike/turtlebot3_ws/install/teb_msgs/include/teb_msgs/msg/detail
[33.381s] -- Installing: /home/mike/turtlebot3_ws/install/teb_msgs/include/teb_msgs/msg/detail/trajectory_point_msg__rosidl_typesupport_fastrtps_cpp.hpp
[33.381s] -- Installing: /home/mike/turtlebot3_ws/install/teb_msgs/include/teb_msgs/msg/detail/trajectory_msg__rosidl_typesupport_fastrtps_cpp.hpp
[33.382s] -- Installing: /home/mike/turtlebot3_ws/install/teb_msgs/include/teb_msgs/msg/detail/dds_fastrtps
[33.382s] -- Installing: /home/mike/turtlebot3_ws/install/teb_msgs/include/teb_msgs/msg/detail/feedback_msg__rosidl_typesupport_fastrtps_cpp.hpp
[33.382s] -- Installing: /home/mike/turtlebot3_ws/install/teb_msgs/include/teb_msgs/msg/rosidl_typesupport_fastrtps_cpp__visibility_control.h
[33.382s] -- Installing: /home/mike/turtlebot3_ws/install/teb_msgs/lib/libteb_msgs__rosidl_typesupport_fastrtps_cpp.so
[33.387s] -- Set runtime path of "/home/mike/turtlebot3_ws/install/teb_msgs/lib/libteb_msgs__rosidl_typesupport_fastrtps_cpp.so" to ""
[33.387s] -- Up-to-date: /home/mike/turtlebot3_ws/install/teb_msgs/include/teb_msgs
[33.388s] -- Up-to-date: /home/mike/turtlebot3_ws/install/teb_msgs/include/teb_msgs/msg
[33.388s] -- Up-to-date: /home/mike/turtlebot3_ws/install/teb_msgs/include/teb_msgs/msg/detail
[33.388s] -- Installing: /home/mike/turtlebot3_ws/install/teb_msgs/include/teb_msgs/msg/detail/trajectory_msg__type_support.c
[33.388s] -- Installing: /home/mike/turtlebot3_ws/install/teb_msgs/include/teb_msgs/msg/detail/trajectory_msg__rosidl_typesupport_introspection_c.h
[33.389s] -- Installing: /home/mike/turtlebot3_ws/install/teb_msgs/include/teb_msgs/msg/detail/trajectory_point_msg__rosidl_typesupport_introspection_c.h
[33.389s] -- Installing: /home/mike/turtlebot3_ws/install/teb_msgs/include/teb_msgs/msg/detail/feedback_msg__type_support.c
[33.389s] -- Installing: /home/mike/turtlebot3_ws/install/teb_msgs/include/teb_msgs/msg/detail/feedback_msg__rosidl_typesupport_introspection_c.h
[33.389s] -- Installing: /home/mike/turtlebot3_ws/install/teb_msgs/include/teb_msgs/msg/detail/trajectory_point_msg__type_support.c
[33.389s] -- Installing: /home/mike/turtlebot3_ws/install/teb_msgs/include/teb_msgs/msg/rosidl_typesupport_introspection_c__visibility_control.h
[33.390s] -- Installing: /home/mike/turtlebot3_ws/install/teb_msgs/lib/libteb_msgs__rosidl_typesupport_introspection_c.so
[33.390s] -- Set runtime path of "/home/mike/turtlebot3_ws/install/teb_msgs/lib/libteb_msgs__rosidl_typesupport_introspection_c.so" to ""
[33.390s] -- Installing: /home/mike/turtlebot3_ws/install/teb_msgs/lib/libteb_msgs__rosidl_typesupport_c.so
[33.390s] -- Set runtime path of "/home/mike/turtlebot3_ws/install/teb_msgs/lib/libteb_msgs__rosidl_typesupport_c.so" to ""
[33.391s] -- Up-to-date: /home/mike/turtlebot3_ws/install/teb_msgs/include/teb_msgs
[33.391s] -- Up-to-date: /home/mike/turtlebot3_ws/install/teb_msgs/include/teb_msgs/msg
[33.395s] -- Installing: /home/mike/turtlebot3_ws/install/teb_msgs/include/teb_msgs/msg/trajectory_msg.hpp
[33.395s] -- Installing: /home/mike/turtlebot3_ws/install/teb_msgs/include/teb_msgs/msg/feedback_msg.hpp
[33.395s] -- Up-to-date: /home/mike/turtlebot3_ws/install/teb_msgs/include/teb_msgs/msg/detail
[33.396s] -- Installing: /home/mike/turtlebot3_ws/install/teb_msgs/include/teb_msgs/msg/detail/trajectory_msg__struct.hpp
[33.396s] -- Installing: /home/mike/turtlebot3_ws/install/teb_msgs/include/teb_msgs/msg/detail/trajectory_point_msg__builder.hpp
[33.396s] -- Installing: /home/mike/turtlebot3_ws/install/teb_msgs/include/teb_msgs/msg/detail/trajectory_msg__traits.hpp
[33.396s] -- Installing: /home/mike/turtlebot3_ws/install/teb_msgs/include/teb_msgs/msg/detail/feedback_msg__builder.hpp
[33.396s] -- Installing: /home/mike/turtlebot3_ws/install/teb_msgs/include/teb_msgs/msg/detail/feedback_msg__traits.hpp
[33.396s] -- Installing: /home/mike/turtlebot3_ws/install/teb_msgs/include/teb_msgs/msg/detail/trajectory_point_msg__traits.hpp
[33.396s] -- Installing: /home/mike/turtlebot3_ws/install/teb_msgs/include/teb_msgs/msg/detail/trajectory_point_msg__struct.hpp
[33.397s] -- Installing: /home/mike/turtlebot3_ws/install/teb_msgs/include/teb_msgs/msg/detail/feedback_msg__struct.hpp
[33.397s] -- Installing: /home/mike/turtlebot3_ws/install/teb_msgs/include/teb_msgs/msg/detail/trajectory_msg__builder.hpp
[33.397s] -- Installing: /home/mike/turtlebot3_ws/install/teb_msgs/include/teb_msgs/msg/trajectory_point_msg.hpp
[33.397s] -- Up-to-date: /home/mike/turtlebot3_ws/install/teb_msgs/include/teb_msgs
[33.397s] -- Up-to-date: /home/mike/turtlebot3_ws/install/teb_msgs/include/teb_msgs/msg
[33.397s] -- Up-to-date: /home/mike/turtlebot3_ws/install/teb_msgs/include/teb_msgs/msg/detail
[33.398s] -- Installing: /home/mike/turtlebot3_ws/install/teb_msgs/include/teb_msgs/msg/detail/feedback_msg__rosidl_typesupport_introspection_cpp.hpp
[33.398s] -- Installing: /home/mike/turtlebot3_ws/install/teb_msgs/include/teb_msgs/msg/detail/trajectory_msg__rosidl_typesupport_introspection_cpp.hpp
[33.398s] -- Installing: /home/mike/turtlebot3_ws/install/teb_msgs/include/teb_msgs/msg/detail/trajectory_msg__type_support.cpp
[33.398s] -- Installing: /home/mike/turtlebot3_ws/install/teb_msgs/include/teb_msgs/msg/detail/trajectory_point_msg__rosidl_typesupport_introspection_cpp.hpp
[33.398s] -- Installing: /home/mike/turtlebot3_ws/install/teb_msgs/include/teb_msgs/msg/detail/feedback_msg__type_support.cpp
[33.399s] -- Installing: /home/mike/turtlebot3_ws/install/teb_msgs/include/teb_msgs/msg/detail/trajectory_point_msg__type_support.cpp
[33.407s] -- Installing: /home/mike/turtlebot3_ws/install/teb_msgs/lib/libteb_msgs__rosidl_typesupport_introspection_cpp.so
[33.407s] -- Set runtime path of "/home/mike/turtlebot3_ws/install/teb_msgs/lib/libteb_msgs__rosidl_typesupport_introspection_cpp.so" to ""
[33.407s] -- Installing: /home/mike/turtlebot3_ws/install/teb_msgs/lib/libteb_msgs__rosidl_typesupport_cpp.so
[33.407s] -- Set runtime path of "/home/mike/turtlebot3_ws/install/teb_msgs/lib/libteb_msgs__rosidl_typesupport_cpp.so" to ""
[33.407s] -- Installing: /home/mike/turtlebot3_ws/install/teb_msgs/share/teb_msgs/environment/pythonpath.sh
[33.408s] -- Installing: /home/mike/turtlebot3_ws/install/teb_msgs/share/teb_msgs/environment/pythonpath.dsv
[33.408s] -- Installing: /home/mike/turtlebot3_ws/install/teb_msgs/lib/python3.8/site-packages/teb_msgs/__init__.py
[33.504s] Compiling '/home/mike/turtlebot3_ws/install/teb_msgs/lib/python3.8/site-packages/teb_msgs/__init__.py'...
[33.523s] -- Installing: /home/mike/turtlebot3_ws/install/teb_msgs/lib/python3.8/site-packages/teb_msgs/msg
[33.524s] -- Installing: /home/mike/turtlebot3_ws/install/teb_msgs/lib/python3.8/site-packages/teb_msgs/msg/_trajectory_msg_s.c
[33.524s] -- Installing: /home/mike/turtlebot3_ws/install/teb_msgs/lib/python3.8/site-packages/teb_msgs/msg/_feedback_msg_s.c
[33.524s] -- Installing: /home/mike/turtlebot3_ws/install/teb_msgs/lib/python3.8/site-packages/teb_msgs/msg/_feedback_msg.py
[33.524s] -- Installing: /home/mike/turtlebot3_ws/install/teb_msgs/lib/python3.8/site-packages/teb_msgs/msg/__init__.py
[33.525s] -- Installing: /home/mike/turtlebot3_ws/install/teb_msgs/lib/python3.8/site-packages/teb_msgs/msg/_trajectory_msg.py
[33.526s] -- Installing: /home/mike/turtlebot3_ws/install/teb_msgs/lib/python3.8/site-packages/teb_msgs/msg/_trajectory_point_msg.py
[33.528s] -- Installing: /home/mike/turtlebot3_ws/install/teb_msgs/lib/python3.8/site-packages/teb_msgs/msg/_trajectory_point_msg_s.c
[33.530s] -- Installing: /home/mike/turtlebot3_ws/install/teb_msgs/lib/python3.8/site-packages/teb_msgs/teb_msgs_s__rosidl_typesupport_fastrtps_c.cpython-38-x86_64-linux-gnu.so
[33.533s] -- Set runtime path of "/home/mike/turtlebot3_ws/install/teb_msgs/lib/python3.8/site-packages/teb_msgs/teb_msgs_s__rosidl_typesupport_fastrtps_c.cpython-38-x86_64-linux-gnu.so" to ""
[33.534s] -- Installing: /home/mike/turtlebot3_ws/install/teb_msgs/lib/python3.8/site-packages/teb_msgs/teb_msgs_s__rosidl_typesupport_introspection_c.cpython-38-x86_64-linux-gnu.so
[33.536s] -- Set runtime path of "/home/mike/turtlebot3_ws/install/teb_msgs/lib/python3.8/site-packages/teb_msgs/teb_msgs_s__rosidl_typesupport_introspection_c.cpython-38-x86_64-linux-gnu.so" to ""
[33.537s] -- Installing: /home/mike/turtlebot3_ws/install/teb_msgs/lib/python3.8/site-packages/teb_msgs/teb_msgs_s__rosidl_typesupport_c.cpython-38-x86_64-linux-gnu.so
[33.540s] -- Set runtime path of "/home/mike/turtlebot3_ws/install/teb_msgs/lib/python3.8/site-packages/teb_msgs/teb_msgs_s__rosidl_typesupport_c.cpython-38-x86_64-linux-gnu.so" to ""
[33.541s] -- Installing: /home/mike/turtlebot3_ws/install/teb_msgs/lib/libteb_msgs__python.so
[33.543s] -- Set runtime path of "/home/mike/turtlebot3_ws/install/teb_msgs/lib/libteb_msgs__python.so" to ""
[33.544s] -- Installing: /home/mike/turtlebot3_ws/install/teb_msgs/share/teb_msgs/msg/FeedbackMsg.idl
[33.545s] -- Installing: /home/mike/turtlebot3_ws/install/teb_msgs/share/teb_msgs/msg/TrajectoryMsg.idl
[33.546s] -- Installing: /home/mike/turtlebot3_ws/install/teb_msgs/share/teb_msgs/msg/TrajectoryPointMsg.idl
[33.548s] -- Installing: /home/mike/turtlebot3_ws/install/teb_msgs/share/teb_msgs/msg/FeedbackMsg.msg
[33.549s] -- Installing: /home/mike/turtlebot3_ws/install/teb_msgs/share/teb_msgs/msg/TrajectoryMsg.msg
[33.550s] -- Installing: /home/mike/turtlebot3_ws/install/teb_msgs/share/teb_msgs/msg/TrajectoryPointMsg.msg
[33.552s] -- Installing: /home/mike/turtlebot3_ws/install/teb_msgs/share/ament_index/resource_index/package_run_dependencies/teb_msgs
[33.554s] -- Installing: /home/mike/turtlebot3_ws/install/teb_msgs/share/ament_index/resource_index/parent_prefix_path/teb_msgs
[33.555s] -- Installing: /home/mike/turtlebot3_ws/install/teb_msgs/share/teb_msgs/environment/ament_prefix_path.sh
[33.556s] -- Installing: /home/mike/turtlebot3_ws/install/teb_msgs/share/teb_msgs/environment/ament_prefix_path.dsv
[33.557s] -- Installing: /home/mike/turtlebot3_ws/install/teb_msgs/share/teb_msgs/environment/path.sh
[33.559s] -- Installing: /home/mike/turtlebot3_ws/install/teb_msgs/share/teb_msgs/environment/path.dsv
[33.560s] -- Installing: /home/mike/turtlebot3_ws/install/teb_msgs/share/teb_msgs/local_setup.bash
[33.561s] -- Installing: /home/mike/turtlebot3_ws/install/teb_msgs/share/teb_msgs/local_setup.sh
[33.562s] -- Installing: /home/mike/turtlebot3_ws/install/teb_msgs/share/teb_msgs/local_setup.zsh
[33.563s] -- Installing: /home/mike/turtlebot3_ws/install/teb_msgs/share/teb_msgs/local_setup.dsv
[33.565s] -- Installing: /home/mike/turtlebot3_ws/install/teb_msgs/share/teb_msgs/package.dsv
[33.566s] -- Installing: /home/mike/turtlebot3_ws/install/teb_msgs/share/ament_index/resource_index/packages/teb_msgs
[33.567s] -- Installing: /home/mike/turtlebot3_ws/install/teb_msgs/share/teb_msgs/cmake/teb_msgs__rosidl_generator_cExport.cmake
[33.569s] -- Installing: /home/mike/turtlebot3_ws/install/teb_msgs/share/teb_msgs/cmake/teb_msgs__rosidl_generator_cExport-noconfig.cmake
[33.571s] -- Installing: /home/mike/turtlebot3_ws/install/teb_msgs/share/teb_msgs/cmake/teb_msgs__rosidl_typesupport_introspection_cExport.cmake
[33.572s] -- Installing: /home/mike/turtlebot3_ws/install/teb_msgs/share/teb_msgs/cmake/teb_msgs__rosidl_typesupport_introspection_cExport-noconfig.cmake
[33.573s] -- Installing: /home/mike/turtlebot3_ws/install/teb_msgs/share/teb_msgs/cmake/teb_msgs__rosidl_typesupport_cExport.cmake
[33.575s] -- Installing: /home/mike/turtlebot3_ws/install/teb_msgs/share/teb_msgs/cmake/teb_msgs__rosidl_typesupport_cExport-noconfig.cmake
[33.576s] -- Installing: /home/mike/turtlebot3_ws/install/teb_msgs/share/teb_msgs/cmake/teb_msgs__rosidl_generator_cppExport.cmake
[33.577s] -- Installing: /home/mike/turtlebot3_ws/install/teb_msgs/share/teb_msgs/cmake/teb_msgs__rosidl_typesupport_introspection_cppExport.cmake
[33.579s] -- Installing: /home/mike/turtlebot3_ws/install/teb_msgs/share/teb_msgs/cmake/teb_msgs__rosidl_typesupport_introspection_cppExport-noconfig.cmake
[33.580s] -- Installing: /home/mike/turtlebot3_ws/install/teb_msgs/share/teb_msgs/cmake/teb_msgs__rosidl_typesupport_cppExport.cmake
[33.581s] -- Installing: /home/mike/turtlebot3_ws/install/teb_msgs/share/teb_msgs/cmake/teb_msgs__rosidl_typesupport_cppExport-noconfig.cmake
[33.588s] -- Installing: /home/mike/turtlebot3_ws/install/teb_msgs/share/teb_msgs/cmake/rosidl_cmake-extras.cmake
[33.589s] -- Installing: /home/mike/turtlebot3_ws/install/teb_msgs/share/teb_msgs/cmake/ament_cmake_export_dependencies-extras.cmake
[33.589s] -- Installing: /home/mike/turtlebot3_ws/install/teb_msgs/share/teb_msgs/cmake/ament_cmake_export_libraries-extras.cmake
[33.590s] -- Installing: /home/mike/turtlebot3_ws/install/teb_msgs/share/teb_msgs/cmake/ament_cmake_export_targets-extras.cmake
[33.591s] -- Installing: /home/mike/turtlebot3_ws/install/teb_msgs/share/teb_msgs/cmake/ament_cmake_export_include_directories-extras.cmake
[33.592s] -- Installing: /home/mike/turtlebot3_ws/install/teb_msgs/share/teb_msgs/cmake/rosidl_cmake_export_typesupport_libraries-extras.cmake
[33.593s] -- Installing: /home/mike/turtlebot3_ws/install/teb_msgs/share/teb_msgs/cmake/rosidl_cmake_export_typesupport_targets-extras.cmake
[33.594s] -- Installing: /home/mike/turtlebot3_ws/install/teb_msgs/share/teb_msgs/cmake/teb_msgsConfig.cmake
[33.595s] -- Installing: /home/mike/turtlebot3_ws/install/teb_msgs/share/teb_msgs/cmake/teb_msgsConfig-version.cmake
[33.596s] -- Installing: /home/mike/turtlebot3_ws/install/teb_msgs/share/teb_msgs/package.xml
[33.616s] Invoked command in '/home/mike/turtlebot3_ws/build/teb_msgs' returned '0': AMENT_PREFIX_PATH=/home/mike/turtlebot3_ws/install/costmap_converter_msgs:${AMENT_PREFIX_PATH} CMAKE_PREFIX_PATH=/home/mike/turtlebot3_ws/install/costmap_converter_msgs:/home/mike/turtlebot3_ws/install/turtlebot3:/home/mike/turtlebot3_ws/install/turtlebot3_simulations:/home/mike/turtlebot3_ws/install/turtlebot3_bringup:/home/mike/turtlebot3_ws/install/turtlebot3_node:/home/mike/turtlebot3_ws/install/turtlebot3_gazebo:/home/mike/turtlebot3_ws/install/turtlebot3_fake_node:/home/mike/turtlebot3_ws/install/turtlebot3_description:/home/mike/turtlebot3_ws/install/turtlebot3_teleop:/home/mike/turtlebot3_ws/install/turtlebot3_example:/opt/ros/galactic LD_LIBRARY_PATH=/home/mike/turtlebot3_ws/install/costmap_converter_msgs/lib:${LD_LIBRARY_PATH} PYTHONPATH=/home/mike/turtlebot3_ws/install/costmap_converter_msgs/lib/python3.8/site-packages:${PYTHONPATH} /usr/bin/cmake --install /home/mike/turtlebot3_ws/build/teb_msgs
