[0.155s] Invoking command in '/home/mike/turtlebot3_ws/build/teb_msgs': AMENT_PREFIX_PATH=/home/mike/turtlebot3_ws/install/costmap_converter_msgs:${AMENT_PREFIX_PATH} CMAKE_PREFIX_PATH=/home/mike/turtlebot3_ws/install/costmap_converter_msgs:/opt/ros/galactic LD_LIBRARY_PATH=/home/mike/turtlebot3_ws/install/costmap_converter_msgs/lib:${LD_LIBRARY_PATH} PYTHONPATH=/home/mike/turtlebot3_ws/install/costmap_converter_msgs/lib/python3.8/site-packages:${PYTHONPATH} /usr/bin/cmake /home/mike/turtlebot3_ws/src/turtlebot3/teb_local_planner/teb_msgs -DCMAKE_INSTALL_PREFIX=/home/mike/turtlebot3_ws/install/teb_msgs
[0.619s] -- The C compiler identification is GNU 9.4.0
[1.251s] -- The CXX compiler identification is GNU 9.4.0
[1.297s] -- Check for working C compiler: /usr/bin/cc
[1.754s] -- Check for working C compiler: /usr/bin/cc -- works
[1.756s] -- Detecting C compiler ABI info
[2.247s] -- Detecting C compiler ABI info - done
[2.298s] -- Detecting C compile features
[2.299s] -- Detecting C compile features - done
[2.316s] -- Check for working CXX compiler: /usr/bin/c++
[2.905s] -- Check for working CXX compiler: /usr/bin/c++ -- works
[2.907s] -- Detecting CXX compiler ABI info
[3.297s] -- Detecting CXX compiler ABI info - done
[3.336s] -- Detecting CXX compile features
[3.338s] -- Detecting CXX compile features - done
[3.356s] -- Found ament_cmake: 1.1.5 (/opt/ros/galactic/share/ament_cmake/cmake)
[3.463s] -- Found PythonInterp: /usr/bin/python3 (found suitable version "3.8.10", minimum required is "3") 
[3.464s] -- Using PYTHON_EXECUTABLE: /usr/bin/python3
[3.867s] -- Found builtin_interfaces: 1.0.3 (/opt/ros/galactic/share/builtin_interfaces/cmake)
[3.986s] -- Using all available rosidl_typesupport_c: rosidl_typesupport_fastrtps_c;rosidl_typesupport_introspection_c
[4.017s] -- Found rosidl_adapter: 2.2.2 (/opt/ros/galactic/share/rosidl_adapter/cmake)
[4.486s] -- Found OpenSSL: /usr/lib/x86_64-linux-gnu/libcrypto.so (found version "1.1.1f")  
[4.646s] -- Found FastRTPS: /opt/ros/galactic/include  
[5.001s] -- Using all available rosidl_typesupport_cpp: rosidl_typesupport_fastrtps_cpp;rosidl_typesupport_introspection_cpp
[5.214s] -- Found costmap_converter_msgs: 0.1.2 (/home/mike/turtlebot3_ws/install/costmap_converter_msgs/share/costmap_converter_msgs/cmake)
[5.941s] -- Found rosidl_default_generators: 1.1.1 (/opt/ros/galactic/share/rosidl_default_generators/cmake)
[6.149s] -- Found PythonInterp: /usr/bin/python3 (found version "3.8.10") 
[6.807s] -- Found ament_cmake_ros: 0.9.2 (/opt/ros/galactic/share/ament_cmake_ros/cmake)
[7.671s] -- Using all available rosidl_typesupport_c: rosidl_typesupport_fastrtps_c;rosidl_typesupport_introspection_c
[8.166s] -- Using all available rosidl_typesupport_cpp: rosidl_typesupport_fastrtps_cpp;rosidl_typesupport_introspection_cpp
[8.295s] -- Found PythonInterp: /usr/bin/python3 (found suitable version "3.8.10", minimum required is "3.5") 
[8.299s] -- Found python_cmake_module: 0.8.1 (/opt/ros/galactic/share/python_cmake_module/cmake)
[8.424s] -- Found PythonLibs: /usr/lib/x86_64-linux-gnu/libpython3.8.so (found suitable version "3.8.10", minimum required is "3.5") 
[8.424s] -- Using PYTHON_EXECUTABLE: /usr/bin/python3
[8.424s] -- Using PYTHON_INCLUDE_DIRS: /usr/include/python3.8
[8.424s] -- Using PYTHON_LIBRARIES: /usr/lib/x86_64-linux-gnu/libpython3.8.so
[8.520s] -- Found PythonExtra: .so  
[8.827s] -- Configuring done
[9.010s] -- Generating done
[9.021s] -- Build files have been written to: /home/mike/turtlebot3_ws/build/teb_msgs
[9.053s] Invoked command in '/home/mike/turtlebot3_ws/build/teb_msgs' returned '0': AMENT_PREFIX_PATH=/home/mike/turtlebot3_ws/install/costmap_converter_msgs:${AMENT_PREFIX_PATH} CMAKE_PREFIX_PATH=/home/mike/turtlebot3_ws/install/costmap_converter_msgs:/opt/ros/galactic LD_LIBRARY_PATH=/home/mike/turtlebot3_ws/install/costmap_converter_msgs/lib:${LD_LIBRARY_PATH} PYTHONPATH=/home/mike/turtlebot3_ws/install/costmap_converter_msgs/lib/python3.8/site-packages:${PYTHONPATH} /usr/bin/cmake /home/mike/turtlebot3_ws/src/turtlebot3/teb_local_planner/teb_msgs -DCMAKE_INSTALL_PREFIX=/home/mike/turtlebot3_ws/install/teb_msgs
[9.058s] Invoking command in '/home/mike/turtlebot3_ws/build/teb_msgs': AMENT_PREFIX_PATH=/home/mike/turtlebot3_ws/install/costmap_converter_msgs:${AMENT_PREFIX_PATH} CMAKE_PREFIX_PATH=/home/mike/turtlebot3_ws/install/costmap_converter_msgs:/opt/ros/galactic LD_LIBRARY_PATH=/home/mike/turtlebot3_ws/install/costmap_converter_msgs/lib:${LD_LIBRARY_PATH} PYTHONPATH=/home/mike/turtlebot3_ws/install/costmap_converter_msgs/lib/python3.8/site-packages:${PYTHONPATH} /usr/bin/cmake --build /home/mike/turtlebot3_ws/build/teb_msgs -- -j4 -l4
[9.148s] [35m[1mScanning dependencies of target teb_msgs__cpp[0m
[9.165s] [  2%] [34m[1mGenerating C++ code for ROS interfaces[0m
[10.077s] [  2%] Built target teb_msgs__cpp
[10.098s] [  4%] [34m[1mGenerating C code for ROS interfaces[0m
[11.139s] [35m[1mScanning dependencies of target teb_msgs__rosidl_generator_c[0m
[11.171s] [  6%] [32mBuilding C object CMakeFiles/teb_msgs__rosidl_generator_c.dir/rosidl_generator_c/teb_msgs/msg/detail/feedback_msg__functions.c.o[0m
[11.273s] [  8%] [32mBuilding C object CMakeFiles/teb_msgs__rosidl_generator_c.dir/rosidl_generator_c/teb_msgs/msg/detail/trajectory_msg__functions.c.o[0m
[11.370s] [ 10%] [32mBuilding C object CMakeFiles/teb_msgs__rosidl_generator_c.dir/rosidl_generator_c/teb_msgs/msg/detail/trajectory_point_msg__functions.c.o[0m
[11.464s] [ 12%] [32m[1mLinking C shared library libteb_msgs__rosidl_generator_c.so[0m
[11.556s] [ 12%] Built target teb_msgs__rosidl_generator_c
[11.572s] [ 14%] [34m[1mGenerating C++ type support for eProsima Fast-RTPS[0m
[12.380s] [35m[1mScanning dependencies of target teb_msgs__rosidl_typesupport_fastrtps_cpp[0m
[12.415s] [ 17%] [32mBuilding CXX object CMakeFiles/teb_msgs__rosidl_typesupport_fastrtps_cpp.dir/rosidl_typesupport_fastrtps_cpp/teb_msgs/msg/detail/dds_fastrtps/feedback_msg__type_support.cpp.o[0m
[13.335s] [ 19%] [32mBuilding CXX object CMakeFiles/teb_msgs__rosidl_typesupport_fastrtps_cpp.dir/rosidl_typesupport_fastrtps_cpp/teb_msgs/msg/detail/dds_fastrtps/trajectory_msg__type_support.cpp.o[0m
[14.240s] [ 21%] [32mBuilding CXX object CMakeFiles/teb_msgs__rosidl_typesupport_fastrtps_cpp.dir/rosidl_typesupport_fastrtps_cpp/teb_msgs/msg/detail/dds_fastrtps/trajectory_point_msg__type_support.cpp.o[0m
[15.088s] [ 23%] [32m[1mLinking CXX shared library libteb_msgs__rosidl_typesupport_fastrtps_cpp.so[0m
[15.284s] [ 23%] Built target teb_msgs__rosidl_typesupport_fastrtps_cpp
[15.303s] [ 25%] [34m[1mGenerating C introspection for ROS interfaces[0m
[16.065s] [35m[1mScanning dependencies of target teb_msgs__rosidl_typesupport_introspection_c[0m
[16.097s] [ 27%] [32mBuilding C object CMakeFiles/teb_msgs__rosidl_typesupport_introspection_c.dir/rosidl_typesupport_introspection_c/teb_msgs/msg/detail/feedback_msg__type_support.c.o[0m
[16.158s] [ 29%] [32mBuilding C object CMakeFiles/teb_msgs__rosidl_typesupport_introspection_c.dir/rosidl_typesupport_introspection_c/teb_msgs/msg/detail/trajectory_msg__type_support.c.o[0m
[16.221s] [ 31%] [32mBuilding C object CMakeFiles/teb_msgs__rosidl_typesupport_introspection_c.dir/rosidl_typesupport_introspection_c/teb_msgs/msg/detail/trajectory_point_msg__type_support.c.o[0m
[16.281s] [ 34%] [32m[1mLinking C shared library libteb_msgs__rosidl_typesupport_introspection_c.so[0m
[16.335s] [ 34%] Built target teb_msgs__rosidl_typesupport_introspection_c
[16.352s] [ 36%] [34m[1mGenerating C type support dispatch for ROS interfaces[0m
[17.040s] [35m[1mScanning dependencies of target teb_msgs__rosidl_typesupport_c[0m
[17.075s] [ 38%] [32mBuilding CXX object CMakeFiles/teb_msgs__rosidl_typesupport_c.dir/rosidl_typesupport_c/teb_msgs/msg/feedback_msg__type_support.cpp.o[0m
[17.136s] [ 40%] [32mBuilding CXX object CMakeFiles/teb_msgs__rosidl_typesupport_c.dir/rosidl_typesupport_c/teb_msgs/msg/trajectory_msg__type_support.cpp.o[0m
[17.185s] [ 42%] [32mBuilding CXX object CMakeFiles/teb_msgs__rosidl_typesupport_c.dir/rosidl_typesupport_c/teb_msgs/msg/trajectory_point_msg__type_support.cpp.o[0m
[17.228s] [ 44%] [32m[1mLinking CXX shared library libteb_msgs__rosidl_typesupport_c.so[0m
[17.296s] [ 44%] Built target teb_msgs__rosidl_typesupport_c
[17.318s] [ 46%] [34m[1mGenerating C type support for eProsima Fast-RTPS[0m
[18.178s] [35m[1mScanning dependencies of target teb_msgs__rosidl_typesupport_fastrtps_c[0m
[18.211s] [ 48%] [32mBuilding CXX object CMakeFiles/teb_msgs__rosidl_typesupport_fastrtps_c.dir/rosidl_typesupport_fastrtps_c/teb_msgs/msg/detail/feedback_msg__type_support_c.cpp.o[0m
[18.711s] [ 51%] [32mBuilding CXX object CMakeFiles/teb_msgs__rosidl_typesupport_fastrtps_c.dir/rosidl_typesupport_fastrtps_c/teb_msgs/msg/detail/trajectory_msg__type_support_c.cpp.o[0m
[19.183s] [ 53%] [32mBuilding CXX object CMakeFiles/teb_msgs__rosidl_typesupport_fastrtps_c.dir/rosidl_typesupport_fastrtps_c/teb_msgs/msg/detail/trajectory_point_msg__type_support_c.cpp.o[0m
[19.633s] [ 55%] [32m[1mLinking CXX shared library libteb_msgs__rosidl_typesupport_fastrtps_c.so[0m
[19.810s] [ 55%] Built target teb_msgs__rosidl_typesupport_fastrtps_c
[19.830s] [ 57%] [34m[1mGenerating C++ type support dispatch for ROS interfaces[0m
[20.501s] [35m[1mScanning dependencies of target teb_msgs__rosidl_typesupport_cpp[0m
[20.530s] [ 59%] [32mBuilding CXX object CMakeFiles/teb_msgs__rosidl_typesupport_cpp.dir/rosidl_typesupport_cpp/teb_msgs/msg/feedback_msg__type_support.cpp.o[0m
[21.042s] [ 61%] [32mBuilding CXX object CMakeFiles/teb_msgs__rosidl_typesupport_cpp.dir/rosidl_typesupport_cpp/teb_msgs/msg/trajectory_point_msg__type_support.cpp.o[0m
[21.450s] [ 63%] [32mBuilding CXX object CMakeFiles/teb_msgs__rosidl_typesupport_cpp.dir/rosidl_typesupport_cpp/teb_msgs/msg/trajectory_msg__type_support.cpp.o[0m
[21.859s] [ 65%] [32m[1mLinking CXX shared library libteb_msgs__rosidl_typesupport_cpp.so[0m
[21.928s] [ 65%] Built target teb_msgs__rosidl_typesupport_cpp
[21.948s] [ 68%] [34m[1mGenerating C++ introspection for ROS interfaces[0m
[22.732s] [35m[1mScanning dependencies of target teb_msgs__rosidl_typesupport_introspection_cpp[0m
[22.761s] [ 70%] [32mBuilding CXX object CMakeFiles/teb_msgs__rosidl_typesupport_introspection_cpp.dir/rosidl_typesupport_introspection_cpp/teb_msgs/msg/detail/feedback_msg__type_support.cpp.o[0m
[23.517s] [ 72%] [32mBuilding CXX object CMakeFiles/teb_msgs__rosidl_typesupport_introspection_cpp.dir/rosidl_typesupport_introspection_cpp/teb_msgs/msg/detail/trajectory_point_msg__type_support.cpp.o[0m
[24.064s] [ 74%] [32mBuilding CXX object CMakeFiles/teb_msgs__rosidl_typesupport_introspection_cpp.dir/rosidl_typesupport_introspection_cpp/teb_msgs/msg/detail/trajectory_msg__type_support.cpp.o[0m
[24.518s] [ 76%] [32m[1mLinking CXX shared library libteb_msgs__rosidl_typesupport_introspection_cpp.so[0m
[24.654s] [ 76%] Built target teb_msgs__rosidl_typesupport_introspection_cpp
[24.666s] [35m[1mScanning dependencies of target teb_msgs[0m
[24.679s] [ 76%] Built target teb_msgs
[24.693s] [35m[1mScanning dependencies of target teb_msgs__py[0m
[24.707s] [ 78%] [34m[1mGenerating Python code for ROS interfaces[0m
[26.274s] [ 78%] Built target teb_msgs__py
[26.291s] [35m[1mScanning dependencies of target teb_msgs__python[0m
[26.367s] [ 80%] [32mBuilding C object CMakeFiles/teb_msgs__python.dir/rosidl_generator_py/teb_msgs/msg/_feedback_msg_s.c.o[0m
[26.600s] [ 82%] [32mBuilding C object CMakeFiles/teb_msgs__python.dir/rosidl_generator_py/teb_msgs/msg/_trajectory_point_msg_s.c.o[0m
[26.789s] [ 85%] [32mBuilding C object CMakeFiles/teb_msgs__python.dir/rosidl_generator_py/teb_msgs/msg/_trajectory_msg_s.c.o[0m
[26.943s] [ 87%] [32m[1mLinking C shared library rosidl_generator_py/teb_msgs/libteb_msgs__python.so[0m
[27.028s] [ 87%] Built target teb_msgs__python
[27.052s] [35m[1mScanning dependencies of target teb_msgs__rosidl_typesupport_fastrtps_c__pyext[0m
[27.101s] [ 89%] [32mBuilding C object CMakeFiles/teb_msgs__rosidl_typesupport_fastrtps_c__pyext.dir/rosidl_generator_py/teb_msgs/_teb_msgs_s.ep.rosidl_typesupport_fastrtps_c.c.o[0m
[27.224s] [ 91%] [32m[1mLinking CXX shared library rosidl_generator_py/teb_msgs/teb_msgs_s__rosidl_typesupport_fastrtps_c.cpython-38-x86_64-linux-gnu.so[0m
[27.333s] [ 91%] Built target teb_msgs__rosidl_typesupport_fastrtps_c__pyext
[27.346s] [35m[1mScanning dependencies of target teb_msgs__rosidl_typesupport_introspection_c__pyext[0m
[27.379s] [ 93%] [32mBuilding C object CMakeFiles/teb_msgs__rosidl_typesupport_introspection_c__pyext.dir/rosidl_generator_py/teb_msgs/_teb_msgs_s.ep.rosidl_typesupport_introspection_c.c.o[0m
[27.532s] [ 95%] [32m[1mLinking C shared library rosidl_generator_py/teb_msgs/teb_msgs_s__rosidl_typesupport_introspection_c.cpython-38-x86_64-linux-gnu.so[0m
[27.592s] [ 95%] Built target teb_msgs__rosidl_typesupport_introspection_c__pyext
[27.608s] [35m[1mScanning dependencies of target teb_msgs__rosidl_typesupport_c__pyext[0m
[27.642s] [ 97%] [32mBuilding C object CMakeFiles/teb_msgs__rosidl_typesupport_c__pyext.dir/rosidl_generator_py/teb_msgs/_teb_msgs_s.ep.rosidl_typesupport_c.c.o[0m
[27.793s] [100%] [32m[1mLinking C shared library rosidl_generator_py/teb_msgs/teb_msgs_s__rosidl_typesupport_c.cpython-38-x86_64-linux-gnu.so[0m
[27.858s] [100%] Built target teb_msgs__rosidl_typesupport_c__pyext
[27.877s] Invoked command in '/home/mike/turtlebot3_ws/build/teb_msgs' returned '0': AMENT_PREFIX_PATH=/home/mike/turtlebot3_ws/install/costmap_converter_msgs:${AMENT_PREFIX_PATH} CMAKE_PREFIX_PATH=/home/mike/turtlebot3_ws/install/costmap_converter_msgs:/opt/ros/galactic LD_LIBRARY_PATH=/home/mike/turtlebot3_ws/install/costmap_converter_msgs/lib:${LD_LIBRARY_PATH} PYTHONPATH=/home/mike/turtlebot3_ws/install/costmap_converter_msgs/lib/python3.8/site-packages:${PYTHONPATH} /usr/bin/cmake --build /home/mike/turtlebot3_ws/build/teb_msgs -- -j4 -l4
[28.008s] Invoking command in '/home/mike/turtlebot3_ws/build/teb_msgs': AMENT_PREFIX_PATH=/home/mike/turtlebot3_ws/install/costmap_converter_msgs:${AMENT_PREFIX_PATH} CMAKE_PREFIX_PATH=/home/mike/turtlebot3_ws/install/costmap_converter_msgs:/opt/ros/galactic LD_LIBRARY_PATH=/home/mike/turtlebot3_ws/install/costmap_converter_msgs/lib:${LD_LIBRARY_PATH} PYTHONPATH=/home/mike/turtlebot3_ws/install/costmap_converter_msgs/lib/python3.8/site-packages:${PYTHONPATH} /usr/bin/cmake --install /home/mike/turtlebot3_ws/build/teb_msgs
[28.025s] -- Install configuration: ""
[28.025s] -- Installing: /home/mike/turtlebot3_ws/install/teb_msgs/share/ament_index/resource_index/rosidl_interfaces/teb_msgs
[28.026s] -- Installing: /home/mike/turtlebot3_ws/install/teb_msgs/include/teb_msgs
[28.026s] -- Installing: /home/mike/turtlebot3_ws/install/teb_msgs/include/teb_msgs/msg
[28.026s] -- Installing: /home/mike/turtlebot3_ws/install/teb_msgs/include/teb_msgs/msg/trajectory_point_msg.h
[28.026s] -- Installing: /home/mike/turtlebot3_ws/install/teb_msgs/include/teb_msgs/msg/detail
[28.026s] -- Installing: /home/mike/turtlebot3_ws/install/teb_msgs/include/teb_msgs/msg/detail/trajectory_point_msg__functions.c
[28.026s] -- Installing: /home/mike/turtlebot3_ws/install/teb_msgs/include/teb_msgs/msg/detail/trajectory_msg__struct.h
[28.027s] -- Installing: /home/mike/turtlebot3_ws/install/teb_msgs/include/teb_msgs/msg/detail/trajectory_point_msg__struct.h
[28.027s] -- Installing: /home/mike/turtlebot3_ws/install/teb_msgs/include/teb_msgs/msg/detail/trajectory_msg__functions.c
[28.027s] -- Installing: /home/mike/turtlebot3_ws/install/teb_msgs/include/teb_msgs/msg/detail/feedback_msg__functions.c
[28.027s] -- Installing: /home/mike/turtlebot3_ws/install/teb_msgs/include/teb_msgs/msg/detail/trajectory_msg__type_support.h
[28.027s] -- Installing: /home/mike/turtlebot3_ws/install/teb_msgs/include/teb_msgs/msg/detail/feedback_msg__struct.h
[28.027s] -- Installing: /home/mike/turtlebot3_ws/install/teb_msgs/include/teb_msgs/msg/detail/trajectory_point_msg__functions.h
[28.028s] -- Installing: /home/mike/turtlebot3_ws/install/teb_msgs/include/teb_msgs/msg/detail/trajectory_point_msg__type_support.h
[28.028s] -- Installing: /home/mike/turtlebot3_ws/install/teb_msgs/include/teb_msgs/msg/detail/feedback_msg__functions.h
[28.028s] -- Installing: /home/mike/turtlebot3_ws/install/teb_msgs/include/teb_msgs/msg/detail/trajectory_msg__functions.h
[28.028s] -- Installing: /home/mike/turtlebot3_ws/install/teb_msgs/include/teb_msgs/msg/detail/feedback_msg__type_support.h
[28.028s] -- Installing: /home/mike/turtlebot3_ws/install/teb_msgs/include/teb_msgs/msg/feedback_msg.h
[28.029s] -- Installing: /home/mike/turtlebot3_ws/install/teb_msgs/include/teb_msgs/msg/trajectory_msg.h
[28.029s] -- Installing: /home/mike/turtlebot3_ws/install/teb_msgs/include/teb_msgs/msg/rosidl_generator_c__visibility_control.h
[28.029s] -- Installing: /home/mike/turtlebot3_ws/install/teb_msgs/share/teb_msgs/environment/library_path.sh
[28.030s] -- Installing: /home/mike/turtlebot3_ws/install/teb_msgs/share/teb_msgs/environment/library_path.dsv
[28.030s] -- Installing: /home/mike/turtlebot3_ws/install/teb_msgs/lib/libteb_msgs__rosidl_generator_c.so
[28.030s] -- Set runtime path of "/home/mike/turtlebot3_ws/install/teb_msgs/lib/libteb_msgs__rosidl_generator_c.so" to ""
[28.031s] -- Up-to-date: /home/mike/turtlebot3_ws/install/teb_msgs/include/teb_msgs
[28.031s] -- Up-to-date: /home/mike/turtlebot3_ws/install/teb_msgs/include/teb_msgs/msg
[28.031s] -- Up-to-date: /home/mike/turtlebot3_ws/install/teb_msgs/include/teb_msgs/msg/detail
[28.031s] -- Installing: /home/mike/turtlebot3_ws/install/teb_msgs/include/teb_msgs/msg/detail/feedback_msg__rosidl_typesupport_fastrtps_c.h
[28.031s] -- Installing: /home/mike/turtlebot3_ws/install/teb_msgs/include/teb_msgs/msg/detail/trajectory_msg__rosidl_typesupport_fastrtps_c.h
[28.031s] -- Installing: /home/mike/turtlebot3_ws/install/teb_msgs/include/teb_msgs/msg/detail/trajectory_point_msg__rosidl_typesupport_fastrtps_c.h
[28.032s] -- Installing: /home/mike/turtlebot3_ws/install/teb_msgs/include/teb_msgs/msg/rosidl_typesupport_fastrtps_c__visibility_control.h
[28.032s] -- Installing: /home/mike/turtlebot3_ws/install/teb_msgs/lib/libteb_msgs__rosidl_typesupport_fastrtps_c.so
[28.032s] -- Set runtime path of "/home/mike/turtlebot3_ws/install/teb_msgs/lib/libteb_msgs__rosidl_typesupport_fastrtps_c.so" to ""
[28.032s] -- Up-to-date: /home/mike/turtlebot3_ws/install/teb_msgs/include/teb_msgs
[28.033s] -- Up-to-date: /home/mike/turtlebot3_ws/install/teb_msgs/include/teb_msgs/msg
[28.033s] -- Up-to-date: /home/mike/turtlebot3_ws/install/teb_msgs/include/teb_msgs/msg/detail
[28.033s] -- Installing: /home/mike/turtlebot3_ws/install/teb_msgs/include/teb_msgs/msg/detail/trajectory_point_msg__rosidl_typesupport_fastrtps_cpp.hpp
[28.033s] -- Installing: /home/mike/turtlebot3_ws/install/teb_msgs/include/teb_msgs/msg/detail/trajectory_msg__rosidl_typesupport_fastrtps_cpp.hpp
[28.033s] -- Installing: /home/mike/turtlebot3_ws/install/teb_msgs/include/teb_msgs/msg/detail/dds_fastrtps
[28.033s] -- Installing: /home/mike/turtlebot3_ws/install/teb_msgs/include/teb_msgs/msg/detail/feedback_msg__rosidl_typesupport_fastrtps_cpp.hpp
[28.033s] -- Installing: /home/mike/turtlebot3_ws/install/teb_msgs/include/teb_msgs/msg/rosidl_typesupport_fastrtps_cpp__visibility_control.h
[28.034s] -- Installing: /home/mike/turtlebot3_ws/install/teb_msgs/lib/libteb_msgs__rosidl_typesupport_fastrtps_cpp.so
[28.034s] -- Set runtime path of "/home/mike/turtlebot3_ws/install/teb_msgs/lib/libteb_msgs__rosidl_typesupport_fastrtps_cpp.so" to ""
[28.034s] -- Up-to-date: /home/mike/turtlebot3_ws/install/teb_msgs/include/teb_msgs
[28.034s] -- Up-to-date: /home/mike/turtlebot3_ws/install/teb_msgs/include/teb_msgs/msg
[28.034s] -- Up-to-date: /home/mike/turtlebot3_ws/install/teb_msgs/include/teb_msgs/msg/detail
[28.035s] -- Installing: /home/mike/turtlebot3_ws/install/teb_msgs/include/teb_msgs/msg/detail/trajectory_msg__type_support.c
[28.035s] -- Installing: /home/mike/turtlebot3_ws/install/teb_msgs/include/teb_msgs/msg/detail/trajectory_msg__rosidl_typesupport_introspection_c.h
[28.035s] -- Installing: /home/mike/turtlebot3_ws/install/teb_msgs/include/teb_msgs/msg/detail/trajectory_point_msg__rosidl_typesupport_introspection_c.h
[28.035s] -- Installing: /home/mike/turtlebot3_ws/install/teb_msgs/include/teb_msgs/msg/detail/feedback_msg__type_support.c
[28.035s] -- Installing: /home/mike/turtlebot3_ws/install/teb_msgs/include/teb_msgs/msg/detail/feedback_msg__rosidl_typesupport_introspection_c.h
[28.035s] -- Installing: /home/mike/turtlebot3_ws/install/teb_msgs/include/teb_msgs/msg/detail/trajectory_point_msg__type_support.c
[28.036s] -- Installing: /home/mike/turtlebot3_ws/install/teb_msgs/include/teb_msgs/msg/rosidl_typesupport_introspection_c__visibility_control.h
[28.036s] -- Installing: /home/mike/turtlebot3_ws/install/teb_msgs/lib/libteb_msgs__rosidl_typesupport_introspection_c.so
[28.036s] -- Set runtime path of "/home/mike/turtlebot3_ws/install/teb_msgs/lib/libteb_msgs__rosidl_typesupport_introspection_c.so" to ""
[28.036s] -- Installing: /home/mike/turtlebot3_ws/install/teb_msgs/lib/libteb_msgs__rosidl_typesupport_c.so
[28.037s] -- Set runtime path of "/home/mike/turtlebot3_ws/install/teb_msgs/lib/libteb_msgs__rosidl_typesupport_c.so" to ""
[28.037s] -- Up-to-date: /home/mike/turtlebot3_ws/install/teb_msgs/include/teb_msgs
[28.037s] -- Up-to-date: /home/mike/turtlebot3_ws/install/teb_msgs/include/teb_msgs/msg
[28.037s] -- Installing: /home/mike/turtlebot3_ws/install/teb_msgs/include/teb_msgs/msg/trajectory_msg.hpp
[28.037s] -- Installing: /home/mike/turtlebot3_ws/install/teb_msgs/include/teb_msgs/msg/feedback_msg.hpp
[28.038s] -- Up-to-date: /home/mike/turtlebot3_ws/install/teb_msgs/include/teb_msgs/msg/detail
[28.038s] -- Installing: /home/mike/turtlebot3_ws/install/teb_msgs/include/teb_msgs/msg/detail/trajectory_msg__struct.hpp
[28.038s] -- Installing: /home/mike/turtlebot3_ws/install/teb_msgs/include/teb_msgs/msg/detail/trajectory_point_msg__builder.hpp
[28.038s] -- Installing: /home/mike/turtlebot3_ws/install/teb_msgs/include/teb_msgs/msg/detail/trajectory_msg__traits.hpp
[28.038s] -- Installing: /home/mike/turtlebot3_ws/install/teb_msgs/include/teb_msgs/msg/detail/feedback_msg__builder.hpp
[28.039s] -- Installing: /home/mike/turtlebot3_ws/install/teb_msgs/include/teb_msgs/msg/detail/feedback_msg__traits.hpp
[28.039s] -- Installing: /home/mike/turtlebot3_ws/install/teb_msgs/include/teb_msgs/msg/detail/trajectory_point_msg__traits.hpp
[28.039s] -- Installing: /home/mike/turtlebot3_ws/install/teb_msgs/include/teb_msgs/msg/detail/trajectory_point_msg__struct.hpp
[28.039s] -- Installing: /home/mike/turtlebot3_ws/install/teb_msgs/include/teb_msgs/msg/detail/feedback_msg__struct.hpp
[28.039s] -- Installing: /home/mike/turtlebot3_ws/install/teb_msgs/include/teb_msgs/msg/detail/trajectory_msg__builder.hpp
[28.040s] -- Installing: /home/mike/turtlebot3_ws/install/teb_msgs/include/teb_msgs/msg/trajectory_point_msg.hpp
[28.040s] -- Up-to-date: /home/mike/turtlebot3_ws/install/teb_msgs/include/teb_msgs
[28.040s] -- Up-to-date: /home/mike/turtlebot3_ws/install/teb_msgs/include/teb_msgs/msg
[28.040s] -- Up-to-date: /home/mike/turtlebot3_ws/install/teb_msgs/include/teb_msgs/msg/detail
[28.040s] -- Installing: /home/mike/turtlebot3_ws/install/teb_msgs/include/teb_msgs/msg/detail/feedback_msg__rosidl_typesupport_introspection_cpp.hpp
[28.040s] -- Installing: /home/mike/turtlebot3_ws/install/teb_msgs/include/teb_msgs/msg/detail/trajectory_msg__rosidl_typesupport_introspection_cpp.hpp
[28.040s] -- Installing: /home/mike/turtlebot3_ws/install/teb_msgs/include/teb_msgs/msg/detail/trajectory_msg__type_support.cpp
[28.041s] -- Installing: /home/mike/turtlebot3_ws/install/teb_msgs/include/teb_msgs/msg/detail/trajectory_point_msg__rosidl_typesupport_introspection_cpp.hpp
[28.041s] -- Installing: /home/mike/turtlebot3_ws/install/teb_msgs/include/teb_msgs/msg/detail/feedback_msg__type_support.cpp
[28.041s] -- Installing: /home/mike/turtlebot3_ws/install/teb_msgs/include/teb_msgs/msg/detail/trajectory_point_msg__type_support.cpp
[28.041s] -- Installing: /home/mike/turtlebot3_ws/install/teb_msgs/lib/libteb_msgs__rosidl_typesupport_introspection_cpp.so
[28.041s] -- Set runtime path of "/home/mike/turtlebot3_ws/install/teb_msgs/lib/libteb_msgs__rosidl_typesupport_introspection_cpp.so" to ""
[28.041s] -- Installing: /home/mike/turtlebot3_ws/install/teb_msgs/lib/libteb_msgs__rosidl_typesupport_cpp.so
[28.042s] -- Set runtime path of "/home/mike/turtlebot3_ws/install/teb_msgs/lib/libteb_msgs__rosidl_typesupport_cpp.so" to ""
[28.042s] -- Installing: /home/mike/turtlebot3_ws/install/teb_msgs/share/teb_msgs/environment/pythonpath.sh
[28.042s] -- Installing: /home/mike/turtlebot3_ws/install/teb_msgs/share/teb_msgs/environment/pythonpath.dsv
[28.042s] -- Installing: /home/mike/turtlebot3_ws/install/teb_msgs/lib/python3.8/site-packages/teb_msgs/__init__.py
[28.095s] Compiling '/home/mike/turtlebot3_ws/install/teb_msgs/lib/python3.8/site-packages/teb_msgs/__init__.py'...
[28.104s] -- Installing: /home/mike/turtlebot3_ws/install/teb_msgs/lib/python3.8/site-packages/teb_msgs/msg
[28.105s] -- Installing: /home/mike/turtlebot3_ws/install/teb_msgs/lib/python3.8/site-packages/teb_msgs/msg/_trajectory_msg_s.c
[28.105s] -- Installing: /home/mike/turtlebot3_ws/install/teb_msgs/lib/python3.8/site-packages/teb_msgs/msg/_feedback_msg_s.c
[28.105s] -- Installing: /home/mike/turtlebot3_ws/install/teb_msgs/lib/python3.8/site-packages/teb_msgs/msg/_feedback_msg.py
[28.105s] -- Installing: /home/mike/turtlebot3_ws/install/teb_msgs/lib/python3.8/site-packages/teb_msgs/msg/__init__.py
[28.105s] -- Installing: /home/mike/turtlebot3_ws/install/teb_msgs/lib/python3.8/site-packages/teb_msgs/msg/_trajectory_msg.py
[28.106s] -- Installing: /home/mike/turtlebot3_ws/install/teb_msgs/lib/python3.8/site-packages/teb_msgs/msg/_trajectory_point_msg.py
[28.106s] -- Installing: /home/mike/turtlebot3_ws/install/teb_msgs/lib/python3.8/site-packages/teb_msgs/msg/_trajectory_point_msg_s.c
[28.106s] -- Installing: /home/mike/turtlebot3_ws/install/teb_msgs/lib/python3.8/site-packages/teb_msgs/teb_msgs_s__rosidl_typesupport_fastrtps_c.cpython-38-x86_64-linux-gnu.so
[28.106s] -- Set runtime path of "/home/mike/turtlebot3_ws/install/teb_msgs/lib/python3.8/site-packages/teb_msgs/teb_msgs_s__rosidl_typesupport_fastrtps_c.cpython-38-x86_64-linux-gnu.so" to ""
[28.106s] -- Installing: /home/mike/turtlebot3_ws/install/teb_msgs/lib/python3.8/site-packages/teb_msgs/teb_msgs_s__rosidl_typesupport_introspection_c.cpython-38-x86_64-linux-gnu.so
[28.107s] -- Set runtime path of "/home/mike/turtlebot3_ws/install/teb_msgs/lib/python3.8/site-packages/teb_msgs/teb_msgs_s__rosidl_typesupport_introspection_c.cpython-38-x86_64-linux-gnu.so" to ""
[28.107s] -- Installing: /home/mike/turtlebot3_ws/install/teb_msgs/lib/python3.8/site-packages/teb_msgs/teb_msgs_s__rosidl_typesupport_c.cpython-38-x86_64-linux-gnu.so
[28.108s] -- Set runtime path of "/home/mike/turtlebot3_ws/install/teb_msgs/lib/python3.8/site-packages/teb_msgs/teb_msgs_s__rosidl_typesupport_c.cpython-38-x86_64-linux-gnu.so" to ""
[28.108s] -- Installing: /home/mike/turtlebot3_ws/install/teb_msgs/lib/libteb_msgs__python.so
[28.108s] -- Set runtime path of "/home/mike/turtlebot3_ws/install/teb_msgs/lib/libteb_msgs__python.so" to ""
[28.109s] -- Installing: /home/mike/turtlebot3_ws/install/teb_msgs/share/teb_msgs/msg/FeedbackMsg.idl
[28.109s] -- Installing: /home/mike/turtlebot3_ws/install/teb_msgs/share/teb_msgs/msg/TrajectoryMsg.idl
[28.109s] -- Installing: /home/mike/turtlebot3_ws/install/teb_msgs/share/teb_msgs/msg/TrajectoryPointMsg.idl
[28.109s] -- Installing: /home/mike/turtlebot3_ws/install/teb_msgs/share/teb_msgs/msg/FeedbackMsg.msg
[28.109s] -- Installing: /home/mike/turtlebot3_ws/install/teb_msgs/share/teb_msgs/msg/TrajectoryMsg.msg
[28.110s] -- Installing: /home/mike/turtlebot3_ws/install/teb_msgs/share/teb_msgs/msg/TrajectoryPointMsg.msg
[28.110s] -- Installing: /home/mike/turtlebot3_ws/install/teb_msgs/share/ament_index/resource_index/package_run_dependencies/teb_msgs
[28.110s] -- Installing: /home/mike/turtlebot3_ws/install/teb_msgs/share/ament_index/resource_index/parent_prefix_path/teb_msgs
[28.110s] -- Installing: /home/mike/turtlebot3_ws/install/teb_msgs/share/teb_msgs/environment/ament_prefix_path.sh
[28.111s] -- Installing: /home/mike/turtlebot3_ws/install/teb_msgs/share/teb_msgs/environment/ament_prefix_path.dsv
[28.111s] -- Installing: /home/mike/turtlebot3_ws/install/teb_msgs/share/teb_msgs/environment/path.sh
[28.111s] -- Installing: /home/mike/turtlebot3_ws/install/teb_msgs/share/teb_msgs/environment/path.dsv
[28.111s] -- Installing: /home/mike/turtlebot3_ws/install/teb_msgs/share/teb_msgs/local_setup.bash
[28.111s] -- Installing: /home/mike/turtlebot3_ws/install/teb_msgs/share/teb_msgs/local_setup.sh
[28.112s] -- Installing: /home/mike/turtlebot3_ws/install/teb_msgs/share/teb_msgs/local_setup.zsh
[28.112s] -- Installing: /home/mike/turtlebot3_ws/install/teb_msgs/share/teb_msgs/local_setup.dsv
[28.112s] -- Installing: /home/mike/turtlebot3_ws/install/teb_msgs/share/teb_msgs/package.dsv
[28.112s] -- Installing: /home/mike/turtlebot3_ws/install/teb_msgs/share/ament_index/resource_index/packages/teb_msgs
[28.113s] -- Installing: /home/mike/turtlebot3_ws/install/teb_msgs/share/teb_msgs/cmake/teb_msgs__rosidl_generator_cExport.cmake
[28.114s] -- Installing: /home/mike/turtlebot3_ws/install/teb_msgs/share/teb_msgs/cmake/teb_msgs__rosidl_generator_cExport-noconfig.cmake
[28.114s] -- Installing: /home/mike/turtlebot3_ws/install/teb_msgs/share/teb_msgs/cmake/teb_msgs__rosidl_typesupport_introspection_cExport.cmake
[28.114s] -- Installing: /home/mike/turtlebot3_ws/install/teb_msgs/share/teb_msgs/cmake/teb_msgs__rosidl_typesupport_introspection_cExport-noconfig.cmake
[28.114s] -- Installing: /home/mike/turtlebot3_ws/install/teb_msgs/share/teb_msgs/cmake/teb_msgs__rosidl_typesupport_cExport.cmake
[28.114s] -- Installing: /home/mike/turtlebot3_ws/install/teb_msgs/share/teb_msgs/cmake/teb_msgs__rosidl_typesupport_cExport-noconfig.cmake
[28.115s] -- Installing: /home/mike/turtlebot3_ws/install/teb_msgs/share/teb_msgs/cmake/teb_msgs__rosidl_generator_cppExport.cmake
[28.115s] -- Installing: /home/mike/turtlebot3_ws/install/teb_msgs/share/teb_msgs/cmake/teb_msgs__rosidl_typesupport_introspection_cppExport.cmake
[28.115s] -- Installing: /home/mike/turtlebot3_ws/install/teb_msgs/share/teb_msgs/cmake/teb_msgs__rosidl_typesupport_introspection_cppExport-noconfig.cmake
[28.115s] -- Installing: /home/mike/turtlebot3_ws/install/teb_msgs/share/teb_msgs/cmake/teb_msgs__rosidl_typesupport_cppExport.cmake
[28.116s] -- Installing: /home/mike/turtlebot3_ws/install/teb_msgs/share/teb_msgs/cmake/teb_msgs__rosidl_typesupport_cppExport-noconfig.cmake
[28.116s] -- Installing: /home/mike/turtlebot3_ws/install/teb_msgs/share/teb_msgs/cmake/rosidl_cmake-extras.cmake
[28.116s] -- Installing: /home/mike/turtlebot3_ws/install/teb_msgs/share/teb_msgs/cmake/ament_cmake_export_dependencies-extras.cmake
[28.116s] -- Installing: /home/mike/turtlebot3_ws/install/teb_msgs/share/teb_msgs/cmake/ament_cmake_export_libraries-extras.cmake
[28.116s] -- Installing: /home/mike/turtlebot3_ws/install/teb_msgs/share/teb_msgs/cmake/ament_cmake_export_targets-extras.cmake
[28.117s] -- Installing: /home/mike/turtlebot3_ws/install/teb_msgs/share/teb_msgs/cmake/ament_cmake_export_include_directories-extras.cmake
[28.117s] -- Installing: /home/mike/turtlebot3_ws/install/teb_msgs/share/teb_msgs/cmake/rosidl_cmake_export_typesupport_libraries-extras.cmake
[28.117s] -- Installing: /home/mike/turtlebot3_ws/install/teb_msgs/share/teb_msgs/cmake/rosidl_cmake_export_typesupport_targets-extras.cmake
[28.117s] -- Installing: /home/mike/turtlebot3_ws/install/teb_msgs/share/teb_msgs/cmake/teb_msgsConfig.cmake
[28.117s] -- Installing: /home/mike/turtlebot3_ws/install/teb_msgs/share/teb_msgs/cmake/teb_msgsConfig-version.cmake
[28.117s] -- Installing: /home/mike/turtlebot3_ws/install/teb_msgs/share/teb_msgs/package.xml
[28.125s] Invoked command in '/home/mike/turtlebot3_ws/build/teb_msgs' returned '0': AMENT_PREFIX_PATH=/home/mike/turtlebot3_ws/install/costmap_converter_msgs:${AMENT_PREFIX_PATH} CMAKE_PREFIX_PATH=/home/mike/turtlebot3_ws/install/costmap_converter_msgs:/opt/ros/galactic LD_LIBRARY_PATH=/home/mike/turtlebot3_ws/install/costmap_converter_msgs/lib:${LD_LIBRARY_PATH} PYTHONPATH=/home/mike/turtlebot3_ws/install/costmap_converter_msgs/lib/python3.8/site-packages:${PYTHONPATH} /usr/bin/cmake --install /home/mike/turtlebot3_ws/build/teb_msgs
