[0.034s] Invoking command in '/home/mike/turtlebot3_ws/build/teb_local_planner': CMAKE_PREFIX_PATH=/home/mike/turtlebot3_ws/install/teb_msgs:/home/mike/turtlebot3_ws/install/costmap_converter:/home/mike/turtlebot3_ws/install/costmap_converter_msgs:/home/mike/turtlebot3_ws/install/turtlebot3:/home/mike/turtlebot3_ws/install/turtlebot3_simulations:/home/mike/turtlebot3_ws/install/turtlebot3_bringup:/home/mike/turtlebot3_ws/install/turtlebot3_node:/home/mike/turtlebot3_ws/install/turtlebot3_gazebo:/home/mike/turtlebot3_ws/install/turtlebot3_fake_node:/home/mike/turtlebot3_ws/install/turtlebot3_description:/home/mike/turtlebot3_ws/install/teb_local_planner:/opt/ros/galactic:/home/mike/turtlebot3_ws/install/turtlebot3_teleop:/home/mike/turtlebot3_ws/install/turtlebot3_example LD_LIBRARY_PATH=/home/mike/turtlebot3_ws/install/teb_msgs/lib:/home/mike/turtlebot3_ws/install/costmap_converter/lib:/home/mike/turtlebot3_ws/install/costmap_converter_msgs/lib:/usr/lib/x86_64-linux-gnu/gazebo-11/plugins:/opt/ros/galactic/opt/yaml_cpp_vendor/lib:/opt/ros/galactic/opt/rviz_ogre_vendor/lib:/opt/ros/galactic/lib/x86_64-linux-gnu:/opt/ros/galactic/lib:/home/mike/turtlebot3_ws/install/teb_local_planner/lib PATH=/home/mike/turtlebot3_ws/install/costmap_converter/bin:/opt/ros/galactic/bin:/usr/local/sbin:/usr/local/bin:/usr/sbin:/usr/bin:/sbin:/bin:/usr/games:/usr/local/games:/snap/bin PYTHONPATH=/home/mike/turtlebot3_ws/install/teb_msgs/lib/python3.8/site-packages:/home/mike/turtlebot3_ws/install/costmap_converter_msgs/lib/python3.8/site-packages:/opt/ros/galactic/lib/python3.8/site-packages:/home/mike/turtlebot3_ws/install/turtlebot3_teleop/lib/python3.8/site-packages:/home/mike/turtlebot3_ws/install/turtlebot3_example/lib/python3.8/site-packages /usr/bin/cmake --build /home/mike/turtlebot3_ws/build/teb_local_planner -- -j4 -l4
[0.200s] [100%] Built target teb_local_planner
[0.215s] Invoked command in '/home/mike/turtlebot3_ws/build/teb_local_planner' returned '0': CMAKE_PREFIX_PATH=/home/mike/turtlebot3_ws/install/teb_msgs:/home/mike/turtlebot3_ws/install/costmap_converter:/home/mike/turtlebot3_ws/install/costmap_converter_msgs:/home/mike/turtlebot3_ws/install/turtlebot3:/home/mike/turtlebot3_ws/install/turtlebot3_simulations:/home/mike/turtlebot3_ws/install/turtlebot3_bringup:/home/mike/turtlebot3_ws/install/turtlebot3_node:/home/mike/turtlebot3_ws/install/turtlebot3_gazebo:/home/mike/turtlebot3_ws/install/turtlebot3_fake_node:/home/mike/turtlebot3_ws/install/turtlebot3_description:/home/mike/turtlebot3_ws/install/teb_local_planner:/opt/ros/galactic:/home/mike/turtlebot3_ws/install/turtlebot3_teleop:/home/mike/turtlebot3_ws/install/turtlebot3_example LD_LIBRARY_PATH=/home/mike/turtlebot3_ws/install/teb_msgs/lib:/home/mike/turtlebot3_ws/install/costmap_converter/lib:/home/mike/turtlebot3_ws/install/costmap_converter_msgs/lib:/usr/lib/x86_64-linux-gnu/gazebo-11/plugins:/opt/ros/galactic/opt/yaml_cpp_vendor/lib:/opt/ros/galactic/opt/rviz_ogre_vendor/lib:/opt/ros/galactic/lib/x86_64-linux-gnu:/opt/ros/galactic/lib:/home/mike/turtlebot3_ws/install/teb_local_planner/lib PATH=/home/mike/turtlebot3_ws/install/costmap_converter/bin:/opt/ros/galactic/bin:/usr/local/sbin:/usr/local/bin:/usr/sbin:/usr/bin:/sbin:/bin:/usr/games:/usr/local/games:/snap/bin PYTHONPATH=/home/mike/turtlebot3_ws/install/teb_msgs/lib/python3.8/site-packages:/home/mike/turtlebot3_ws/install/costmap_converter_msgs/lib/python3.8/site-packages:/opt/ros/galactic/lib/python3.8/site-packages:/home/mike/turtlebot3_ws/install/turtlebot3_teleop/lib/python3.8/site-packages:/home/mike/turtlebot3_ws/install/turtlebot3_example/lib/python3.8/site-packages /usr/bin/cmake --build /home/mike/turtlebot3_ws/build/teb_local_planner -- -j4 -l4
[0.263s] Invoking command in '/home/mike/turtlebot3_ws/build/teb_local_planner': CMAKE_PREFIX_PATH=/home/mike/turtlebot3_ws/install/teb_msgs:/home/mike/turtlebot3_ws/install/costmap_converter:/home/mike/turtlebot3_ws/install/costmap_converter_msgs:/home/mike/turtlebot3_ws/install/turtlebot3:/home/mike/turtlebot3_ws/install/turtlebot3_simulations:/home/mike/turtlebot3_ws/install/turtlebot3_bringup:/home/mike/turtlebot3_ws/install/turtlebot3_node:/home/mike/turtlebot3_ws/install/turtlebot3_gazebo:/home/mike/turtlebot3_ws/install/turtlebot3_fake_node:/home/mike/turtlebot3_ws/install/turtlebot3_description:/home/mike/turtlebot3_ws/install/teb_local_planner:/opt/ros/galactic:/home/mike/turtlebot3_ws/install/turtlebot3_teleop:/home/mike/turtlebot3_ws/install/turtlebot3_example LD_LIBRARY_PATH=/home/mike/turtlebot3_ws/install/teb_msgs/lib:/home/mike/turtlebot3_ws/install/costmap_converter/lib:/home/mike/turtlebot3_ws/install/costmap_converter_msgs/lib:/usr/lib/x86_64-linux-gnu/gazebo-11/plugins:/opt/ros/galactic/opt/yaml_cpp_vendor/lib:/opt/ros/galactic/opt/rviz_ogre_vendor/lib:/opt/ros/galactic/lib/x86_64-linux-gnu:/opt/ros/galactic/lib:/home/mike/turtlebot3_ws/install/teb_local_planner/lib PATH=/home/mike/turtlebot3_ws/install/costmap_converter/bin:/opt/ros/galactic/bin:/usr/local/sbin:/usr/local/bin:/usr/sbin:/usr/bin:/sbin:/bin:/usr/games:/usr/local/games:/snap/bin PYTHONPATH=/home/mike/turtlebot3_ws/install/teb_msgs/lib/python3.8/site-packages:/home/mike/turtlebot3_ws/install/costmap_converter_msgs/lib/python3.8/site-packages:/opt/ros/galactic/lib/python3.8/site-packages:/home/mike/turtlebot3_ws/install/turtlebot3_teleop/lib/python3.8/site-packages:/home/mike/turtlebot3_ws/install/turtlebot3_example/lib/python3.8/site-packages /usr/bin/cmake --install /home/mike/turtlebot3_ws/build/teb_local_planner
[0.275s] -- Install configuration: "Release"
[0.276s] -- Up-to-date: /home/mike/turtlebot3_ws/install/teb_local_planner/lib/libteb_local_planner.so
[0.276s] -- Up-to-date: /home/mike/turtlebot3_ws/install/teb_local_planner/include/
[0.276s] -- Up-to-date: /home/mike/turtlebot3_ws/install/teb_local_planner/include//teb_local_planner
[0.277s] -- Up-to-date: /home/mike/turtlebot3_ws/install/teb_local_planner/include//teb_local_planner/equivalence_relations.h
[0.277s] -- Up-to-date: /home/mike/turtlebot3_ws/install/teb_local_planner/include//teb_local_planner/planner_interface.h
[0.277s] -- Up-to-date: /home/mike/turtlebot3_ws/install/teb_local_planner/include//teb_local_planner/teb_config.h
[0.277s] -- Up-to-date: /home/mike/turtlebot3_ws/install/teb_local_planner/include//teb_local_planner/visualization.hpp
[0.277s] -- Up-to-date: /home/mike/turtlebot3_ws/install/teb_local_planner/include//teb_local_planner/optimal_planner.h
[0.277s] -- Up-to-date: /home/mike/turtlebot3_ws/install/teb_local_planner/include//teb_local_planner/visualization.h
[0.278s] -- Up-to-date: /home/mike/turtlebot3_ws/install/teb_local_planner/include//teb_local_planner/timed_elastic_band.h
[0.278s] -- Up-to-date: /home/mike/turtlebot3_ws/install/teb_local_planner/include//teb_local_planner/pose_se2.h
[0.278s] -- Up-to-date: /home/mike/turtlebot3_ws/install/teb_local_planner/include//teb_local_planner/graph_search.h
[0.278s] -- Up-to-date: /home/mike/turtlebot3_ws/install/teb_local_planner/include//teb_local_planner/robot_footprint_model.h
[0.278s] -- Up-to-date: /home/mike/turtlebot3_ws/install/teb_local_planner/include//teb_local_planner/homotopy_class_planner.h
[0.278s] -- Up-to-date: /home/mike/turtlebot3_ws/install/teb_local_planner/include//teb_local_planner/distance_calculations.h
[0.278s] -- Up-to-date: /home/mike/turtlebot3_ws/install/teb_local_planner/include//teb_local_planner/h_signature.h
[0.279s] -- Up-to-date: /home/mike/turtlebot3_ws/install/teb_local_planner/include//teb_local_planner/timed_elastic_band.hpp
[0.279s] -- Up-to-date: /home/mike/turtlebot3_ws/install/teb_local_planner/include//teb_local_planner/misc.h
[0.279s] -- Up-to-date: /home/mike/turtlebot3_ws/install/teb_local_planner/include//teb_local_planner/homotopy_class_planner.hpp
[0.279s] -- Up-to-date: /home/mike/turtlebot3_ws/install/teb_local_planner/include//teb_local_planner/recovery_behaviors.h
[0.279s] -- Up-to-date: /home/mike/turtlebot3_ws/install/teb_local_planner/include//teb_local_planner/obstacles.h
[0.279s] -- Up-to-date: /home/mike/turtlebot3_ws/install/teb_local_planner/include//teb_local_planner/teb_local_planner_ros.h
[0.279s] -- Up-to-date: /home/mike/turtlebot3_ws/install/teb_local_planner/include//teb_local_planner/g2o_types
[0.279s] -- Up-to-date: /home/mike/turtlebot3_ws/install/teb_local_planner/include//teb_local_planner/g2o_types/base_teb_edges.h
[0.279s] -- Up-to-date: /home/mike/turtlebot3_ws/install/teb_local_planner/include//teb_local_planner/g2o_types/edge_shortest_path.h
[0.279s] -- Up-to-date: /home/mike/turtlebot3_ws/install/teb_local_planner/include//teb_local_planner/g2o_types/edge_acceleration.h
[0.280s] -- Up-to-date: /home/mike/turtlebot3_ws/install/teb_local_planner/include//teb_local_planner/g2o_types/edge_dynamic_obstacle.h
[0.280s] -- Up-to-date: /home/mike/turtlebot3_ws/install/teb_local_planner/include//teb_local_planner/g2o_types/edge_velocity_obstacle_ratio.h
[0.280s] -- Up-to-date: /home/mike/turtlebot3_ws/install/teb_local_planner/include//teb_local_planner/g2o_types/edge_velocity.h
[0.280s] -- Up-to-date: /home/mike/turtlebot3_ws/install/teb_local_planner/include//teb_local_planner/g2o_types/edge_time_optimal.h
[0.280s] -- Up-to-date: /home/mike/turtlebot3_ws/install/teb_local_planner/include//teb_local_planner/g2o_types/edge_obstacle.h
[0.280s] -- Up-to-date: /home/mike/turtlebot3_ws/install/teb_local_planner/include//teb_local_planner/g2o_types/edge_via_point.h
[0.284s] -- Up-to-date: /home/mike/turtlebot3_ws/install/teb_local_planner/include//teb_local_planner/g2o_types/edge_kinematics.h
[0.284s] -- Up-to-date: /home/mike/turtlebot3_ws/install/teb_local_planner/include//teb_local_planner/g2o_types/vertex_pose.h
[0.284s] -- Up-to-date: /home/mike/turtlebot3_ws/install/teb_local_planner/include//teb_local_planner/g2o_types/edge_prefer_rotdir.h
[0.285s] -- Up-to-date: /home/mike/turtlebot3_ws/install/teb_local_planner/include//teb_local_planner/g2o_types/vertex_timediff.h
[0.285s] -- Up-to-date: /home/mike/turtlebot3_ws/install/teb_local_planner/include//teb_local_planner/g2o_types/penalties.h
[0.285s] -- Up-to-date: /home/mike/turtlebot3_ws/install/teb_local_planner/share/teb_local_planner_plugin.xml
[0.285s] -- Up-to-date: /home/mike/turtlebot3_ws/install/teb_local_planner/lib/teb_local_planner/cmd_vel_to_ackermann_drive.py
[0.286s] -- Up-to-date: /home/mike/turtlebot3_ws/install/teb_local_planner/share/teb_local_planner/params
[0.286s] -- Up-to-date: /home/mike/turtlebot3_ws/install/teb_local_planner/share/teb_local_planner/params/teb_params.yaml
[0.286s] -- Up-to-date: /home/mike/turtlebot3_ws/install/teb_local_planner/share/teb_local_planner/environment/library_path.sh
[0.286s] -- Up-to-date: /home/mike/turtlebot3_ws/install/teb_local_planner/share/teb_local_planner/environment/library_path.dsv
[0.286s] -- Up-to-date: /home/mike/turtlebot3_ws/install/teb_local_planner/share/teb_local_planner/teb_local_planner_plugin.xml
[0.286s] -- Up-to-date: /home/mike/turtlebot3_ws/install/teb_local_planner/share/ament_index/resource_index/package_run_dependencies/teb_local_planner
[0.287s] -- Up-to-date: /home/mike/turtlebot3_ws/install/teb_local_planner/share/ament_index/resource_index/parent_prefix_path/teb_local_planner
[0.289s] -- Up-to-date: /home/mike/turtlebot3_ws/install/teb_local_planner/share/teb_local_planner/environment/ament_prefix_path.sh
[0.289s] -- Up-to-date: /home/mike/turtlebot3_ws/install/teb_local_planner/share/teb_local_planner/environment/ament_prefix_path.dsv
[0.289s] -- Up-to-date: /home/mike/turtlebot3_ws/install/teb_local_planner/share/teb_local_planner/environment/path.sh
[0.290s] -- Up-to-date: /home/mike/turtlebot3_ws/install/teb_local_planner/share/teb_local_planner/environment/path.dsv
[0.290s] -- Up-to-date: /home/mike/turtlebot3_ws/install/teb_local_planner/share/teb_local_planner/local_setup.bash
[0.290s] -- Up-to-date: /home/mike/turtlebot3_ws/install/teb_local_planner/share/teb_local_planner/local_setup.sh
[0.290s] -- Up-to-date: /home/mike/turtlebot3_ws/install/teb_local_planner/share/teb_local_planner/local_setup.zsh
[0.290s] -- Up-to-date: /home/mike/turtlebot3_ws/install/teb_local_planner/share/teb_local_planner/local_setup.dsv
[0.291s] -- Installing: /home/mike/turtlebot3_ws/install/teb_local_planner/share/teb_local_planner/package.dsv
[0.291s] -- Up-to-date: /home/mike/turtlebot3_ws/install/teb_local_planner/share/ament_index/resource_index/packages/teb_local_planner
[0.291s] -- Up-to-date: /home/mike/turtlebot3_ws/install/teb_local_planner/share/ament_index/resource_index/nav2_core__pluginlib__plugin/teb_local_planner
[0.291s] -- Up-to-date: /home/mike/turtlebot3_ws/install/teb_local_planner/share/teb_local_planner/cmake/ament_cmake_export_include_directories-extras.cmake
[0.291s] -- Up-to-date: /home/mike/turtlebot3_ws/install/teb_local_planner/share/teb_local_planner/cmake/ament_cmake_export_libraries-extras.cmake
[0.292s] -- Up-to-date: /home/mike/turtlebot3_ws/install/teb_local_planner/share/teb_local_planner/cmake/ament_cmake_export_dependencies-extras.cmake
[0.292s] -- Up-to-date: /home/mike/turtlebot3_ws/install/teb_local_planner/share/teb_local_planner/cmake/teb_local_plannerConfig.cmake
[0.292s] -- Up-to-date: /home/mike/turtlebot3_ws/install/teb_local_planner/share/teb_local_planner/cmake/teb_local_plannerConfig-version.cmake
[0.292s] -- Up-to-date: /home/mike/turtlebot3_ws/install/teb_local_planner/share/teb_local_planner/package.xml
[0.292s] Invoked command in '/home/mike/turtlebot3_ws/build/teb_local_planner' returned '0': CMAKE_PREFIX_PATH=/home/mike/turtlebot3_ws/install/teb_msgs:/home/mike/turtlebot3_ws/install/costmap_converter:/home/mike/turtlebot3_ws/install/costmap_converter_msgs:/home/mike/turtlebot3_ws/install/turtlebot3:/home/mike/turtlebot3_ws/install/turtlebot3_simulations:/home/mike/turtlebot3_ws/install/turtlebot3_bringup:/home/mike/turtlebot3_ws/install/turtlebot3_node:/home/mike/turtlebot3_ws/install/turtlebot3_gazebo:/home/mike/turtlebot3_ws/install/turtlebot3_fake_node:/home/mike/turtlebot3_ws/install/turtlebot3_description:/home/mike/turtlebot3_ws/install/teb_local_planner:/opt/ros/galactic:/home/mike/turtlebot3_ws/install/turtlebot3_teleop:/home/mike/turtlebot3_ws/install/turtlebot3_example LD_LIBRARY_PATH=/home/mike/turtlebot3_ws/install/teb_msgs/lib:/home/mike/turtlebot3_ws/install/costmap_converter/lib:/home/mike/turtlebot3_ws/install/costmap_converter_msgs/lib:/usr/lib/x86_64-linux-gnu/gazebo-11/plugins:/opt/ros/galactic/opt/yaml_cpp_vendor/lib:/opt/ros/galactic/opt/rviz_ogre_vendor/lib:/opt/ros/galactic/lib/x86_64-linux-gnu:/opt/ros/galactic/lib:/home/mike/turtlebot3_ws/install/teb_local_planner/lib PATH=/home/mike/turtlebot3_ws/install/costmap_converter/bin:/opt/ros/galactic/bin:/usr/local/sbin:/usr/local/bin:/usr/sbin:/usr/bin:/sbin:/bin:/usr/games:/usr/local/games:/snap/bin PYTHONPATH=/home/mike/turtlebot3_ws/install/teb_msgs/lib/python3.8/site-packages:/home/mike/turtlebot3_ws/install/costmap_converter_msgs/lib/python3.8/site-packages:/opt/ros/galactic/lib/python3.8/site-packages:/home/mike/turtlebot3_ws/install/turtlebot3_teleop/lib/python3.8/site-packages:/home/mike/turtlebot3_ws/install/turtlebot3_example/lib/python3.8/site-packages /usr/bin/cmake --install /home/mike/turtlebot3_ws/build/teb_local_planner
