[1.316s] Invoking command in '/home/mike/turtlebot3_ws/build/turtlebot3_teleop': PYTHONPATH=/home/mike/turtlebot3_ws/install/turtlebot3_teleop/lib/python3.8/site-packages:${PYTHONPATH} /usr/bin/python3 setup.py develop --prefix /home/mike/turtlebot3_ws/install/turtlebot3_teleop --uninstall --editable --build-directory /home/mike/turtlebot3_ws/build/turtlebot3_teleop/build
[1.733s] running develop
[1.982s] Removing /home/mike/turtlebot3_ws/install/turtlebot3_teleop/lib/python3.8/site-packages/turtlebot3-teleop.egg-link (link to .)
[2.035s] Invoked command in '/home/mike/turtlebot3_ws/build/turtlebot3_teleop' returned '0': PYTHONPATH=/home/mike/turtlebot3_ws/install/turtlebot3_teleop/lib/python3.8/site-packages:${PYTHONPATH} /usr/bin/python3 setup.py develop --prefix /home/mike/turtlebot3_ws/install/turtlebot3_teleop --uninstall --editable --build-directory /home/mike/turtlebot3_ws/build/turtlebot3_teleop/build
[2.038s] Invoking command in '/home/mike/turtlebot3_ws/src/turtlebot3/turtlebot3_teleop': PYTHONPATH=/home/mike/turtlebot3_ws/install/turtlebot3_teleop/lib/python3.8/site-packages:${PYTHONPATH} /usr/bin/python3 setup.py egg_info --egg-base ../../../build/turtlebot3_teleop build --build-base /home/mike/turtlebot3_ws/build/turtlebot3_teleop/build install --prefix /home/mike/turtlebot3_ws/install/turtlebot3_teleop --record /home/mike/turtlebot3_ws/build/turtlebot3_teleop/install.log --single-version-externally-managed
[2.379s] running egg_info
[2.380s] writing ../../../build/turtlebot3_teleop/turtlebot3_teleop.egg-info/PKG-INFO
[2.381s] writing dependency_links to ../../../build/turtlebot3_teleop/turtlebot3_teleop.egg-info/dependency_links.txt
[2.381s] writing entry points to ../../../build/turtlebot3_teleop/turtlebot3_teleop.egg-info/entry_points.txt
[2.381s] writing requirements to ../../../build/turtlebot3_teleop/turtlebot3_teleop.egg-info/requires.txt
[2.382s] writing top-level names to ../../../build/turtlebot3_teleop/turtlebot3_teleop.egg-info/top_level.txt
[2.424s] reading manifest file '../../../build/turtlebot3_teleop/turtlebot3_teleop.egg-info/SOURCES.txt'
[2.425s] writing manifest file '../../../build/turtlebot3_teleop/turtlebot3_teleop.egg-info/SOURCES.txt'
[2.425s] running build
[2.425s] running build_py
[2.426s] creating /home/mike/turtlebot3_ws/build/turtlebot3_teleop/build
[2.426s] creating /home/mike/turtlebot3_ws/build/turtlebot3_teleop/build/lib
[2.427s] creating /home/mike/turtlebot3_ws/build/turtlebot3_teleop/build/lib/turtlebot3_teleop
[2.427s] copying turtlebot3_teleop/__init__.py -> /home/mike/turtlebot3_ws/build/turtlebot3_teleop/build/lib/turtlebot3_teleop
[2.427s] creating /home/mike/turtlebot3_ws/build/turtlebot3_teleop/build/lib/turtlebot3_teleop/script
[2.427s] copying turtlebot3_teleop/script/__init__.py -> /home/mike/turtlebot3_ws/build/turtlebot3_teleop/build/lib/turtlebot3_teleop/script
[2.427s] copying turtlebot3_teleop/script/teleop_keyboard.py -> /home/mike/turtlebot3_ws/build/turtlebot3_teleop/build/lib/turtlebot3_teleop/script
[2.428s] running install
[2.428s] running install_lib
[2.428s] creating /home/mike/turtlebot3_ws/install/turtlebot3_teleop/lib/python3.8/site-packages/turtlebot3_teleop
[2.429s] copying /home/mike/turtlebot3_ws/build/turtlebot3_teleop/build/lib/turtlebot3_teleop/__init__.py -> /home/mike/turtlebot3_ws/install/turtlebot3_teleop/lib/python3.8/site-packages/turtlebot3_teleop
[2.429s] creating /home/mike/turtlebot3_ws/install/turtlebot3_teleop/lib/python3.8/site-packages/turtlebot3_teleop/script
[2.429s] copying /home/mike/turtlebot3_ws/build/turtlebot3_teleop/build/lib/turtlebot3_teleop/script/__init__.py -> /home/mike/turtlebot3_ws/install/turtlebot3_teleop/lib/python3.8/site-packages/turtlebot3_teleop/script
[2.429s] copying /home/mike/turtlebot3_ws/build/turtlebot3_teleop/build/lib/turtlebot3_teleop/script/teleop_keyboard.py -> /home/mike/turtlebot3_ws/install/turtlebot3_teleop/lib/python3.8/site-packages/turtlebot3_teleop/script
[2.430s] byte-compiling /home/mike/turtlebot3_ws/install/turtlebot3_teleop/lib/python3.8/site-packages/turtlebot3_teleop/__init__.py to __init__.cpython-38.pyc
[2.431s] byte-compiling /home/mike/turtlebot3_ws/install/turtlebot3_teleop/lib/python3.8/site-packages/turtlebot3_teleop/script/__init__.py to __init__.cpython-38.pyc
[2.431s] byte-compiling /home/mike/turtlebot3_ws/install/turtlebot3_teleop/lib/python3.8/site-packages/turtlebot3_teleop/script/teleop_keyboard.py to teleop_keyboard.cpython-38.pyc
[2.432s] running install_data
[2.433s] running install_egg_info
[2.434s] Copying ../../../build/turtlebot3_teleop/turtlebot3_teleop.egg-info to /home/mike/turtlebot3_ws/install/turtlebot3_teleop/lib/python3.8/site-packages/turtlebot3_teleop-2.1.4-py3.8.egg-info
[2.435s] running install_scripts
[2.454s] Installing teleop_keyboard script to /home/mike/turtlebot3_ws/install/turtlebot3_teleop/lib/turtlebot3_teleop
[2.454s] writing list of installed files to '/home/mike/turtlebot3_ws/build/turtlebot3_teleop/install.log'
