[1.143s] Invoking command in '/home/mike/turtlebot3_ws/build/turtlebot3_example': PYTHONPATH=/home/mike/turtlebot3_ws/install/turtlebot3_example/lib/python3.8/site-packages:${PYTHONPATH} /usr/bin/python3 setup.py develop --prefix /home/mike/turtlebot3_ws/install/turtlebot3_example --editable --build-directory /home/mike/turtlebot3_ws/build/turtlebot3_example/build --no-deps install_data --install-dir /home/mike/turtlebot3_ws/install/turtlebot3_example
[1.545s] running develop
[1.800s] running egg_info
[1.800s] writing turtlebot3_example.egg-info/PKG-INFO
[1.801s] writing dependency_links to turtlebot3_example.egg-info/dependency_links.txt
[1.801s] writing entry points to turtlebot3_example.egg-info/entry_points.txt
[1.801s] writing requirements to turtlebot3_example.egg-info/requires.txt
[1.802s] writing top-level names to turtlebot3_example.egg-info/top_level.txt
[1.888s] reading manifest file 'turtlebot3_example.egg-info/SOURCES.txt'
[1.889s] writing manifest file 'turtlebot3_example.egg-info/SOURCES.txt'
[1.958s] running build_ext
[1.959s] Creating /home/mike/turtlebot3_ws/install/turtlebot3_example/lib/python3.8/site-packages/turtlebot3-example.egg-link (link to .)
[1.962s] Installing turtlebot3_obstacle_detection script to /home/mike/turtlebot3_ws/install/turtlebot3_example/lib/turtlebot3_example
[1.962s] Installing turtlebot3_patrol_client script to /home/mike/turtlebot3_ws/install/turtlebot3_example/lib/turtlebot3_example
[1.962s] Installing turtlebot3_patrol_server script to /home/mike/turtlebot3_ws/install/turtlebot3_example/lib/turtlebot3_example
[1.963s] Installing turtlebot3_position_control script to /home/mike/turtlebot3_ws/install/turtlebot3_example/lib/turtlebot3_example
[1.963s] 
[1.963s] Installed /home/mike/turtlebot3_ws/build/turtlebot3_example
[1.963s] running install_data
[2.038s] Invoked command in '/home/mike/turtlebot3_ws/build/turtlebot3_example' returned '0': PYTHONPATH=/home/mike/turtlebot3_ws/install/turtlebot3_example/lib/python3.8/site-packages:${PYTHONPATH} /usr/bin/python3 setup.py develop --prefix /home/mike/turtlebot3_ws/install/turtlebot3_example --editable --build-directory /home/mike/turtlebot3_ws/build/turtlebot3_example/build --no-deps install_data --install-dir /home/mike/turtlebot3_ws/install/turtlebot3_example
