[0.043s] Invoking command in '/home/mike/turtlebot3_ws/build/turtlebot3_description': /usr/bin/cmake /home/mike/turtlebot3_ws/src/turtlebot3/turtlebot3_description -DCMAKE_INSTALL_PREFIX=/home/mike/turtlebot3_ws/install/turtlebot3_description
[0.246s] -- The C compiler identification is GNU 9.4.0
[0.430s] -- The CXX compiler identification is GNU 9.4.0
[0.436s] -- Check for working C compiler: /usr/bin/cc
[0.537s] -- Check for working C compiler: /usr/bin/cc -- works
[0.539s] -- Detecting C compiler ABI info
[0.639s] -- Detecting C compiler ABI info - done
[0.659s] -- Detecting C compile features
[0.660s] -- Detecting C compile features - done
[0.664s] -- Check for working CXX compiler: /usr/bin/c++
[0.779s] -- Check for working CXX compiler: /usr/bin/c++ -- works
[0.781s] -- Detecting CXX compiler ABI info
[0.902s] -- Detecting CXX compiler ABI info - done
[0.924s] -- Detecting CXX compile features
[0.925s] -- Detecting CXX compile features - done
[0.941s] CMake Error at CMakeLists.txt:18 (find_package):
[0.941s]   By not providing "Findament_cmake.cmake" in CMAKE_MODULE_PATH this project
[0.942s]   has asked CMake to find a package configuration file provided by
[0.942s]   "ament_cmake", but CMake did not find one.
[0.942s] 
[0.942s]   Could not find a package configuration file provided by "ament_cmake" with
[0.942s]   any of the following names:
[0.942s] 
[0.942s]     ament_cmakeConfig.cmake
[0.942s]     ament_cmake-config.cmake
[0.943s] 
[0.943s]   Add the installation prefix of "ament_cmake" to CMAKE_PREFIX_PATH or set
[0.943s]   "ament_cmake_DIR" to a directory containing one of the above files.  If
[0.943s]   "ament_cmake" provides a separate development package or SDK, be sure it
[0.943s]   has been installed.
[0.943s] 
[0.944s] -- Configuring incomplete, errors occurred!
[0.944s] See also "/home/mike/turtlebot3_ws/build/turtlebot3_description/CMakeFiles/CMakeOutput.log".
[0.944s] 
[0.947s] Invoked command in '/home/mike/turtlebot3_ws/build/turtlebot3_description' returned '1': /usr/bin/cmake /home/mike/turtlebot3_ws/src/turtlebot3/turtlebot3_description -DCMAKE_INSTALL_PREFIX=/home/mike/turtlebot3_ws/install/turtlebot3_description
