[0.058s] Invoking command in '/home/mike/turtlebot3_ws/build/nav2_straightline_planner': CMAKE_PREFIX_PATH=${CMAKE_PREFIX_PATH}:/home/mike/turtlebot3_ws/install/turtlebot3_teleop:/home/mike/turtlebot3_ws/install/turtlebot3_example /usr/bin/cmake /home/mike/turtlebot3_ws/src/turtlebot3/nav2_straightline_planner -DCMAKE_INSTALL_PREFIX=/home/mike/turtlebot3_ws/install/nav2_straightline_planner
[0.100s] CMake Error at CMakeLists.txt:12 (find_package):
[0.101s]   By not providing "Findament_cmake.cmake" in CMAKE_MODULE_PATH this project
[0.101s]   has asked CMake to find a package configuration file provided by
[0.101s]   "ament_cmake", but CMake did not find one.
[0.101s] 
[0.101s]   Could not find a package configuration file provided by "ament_cmake" with
[0.101s]   any of the following names:
[0.101s] 
[0.102s]     ament_cmakeConfig.cmake
[0.102s]     ament_cmake-config.cmake
[0.102s] 
[0.102s]   Add the installation prefix of "ament_cmake" to CMAKE_PREFIX_PATH or set
[0.102s]   "ament_cmake_DIR" to a directory containing one of the above files.  If
[0.102s]   "ament_cmake" provides a separate development package or SDK, be sure it
[0.106s]   has been installed.
[0.107s] 
[0.107s] 
[0.107s] -- Configuring incomplete, errors occurred!
[0.107s] See also "/home/mike/turtlebot3_ws/build/nav2_straightline_planner/CMakeFiles/CMakeOutput.log".
[0.108s] Invoked command in '/home/mike/turtlebot3_ws/build/nav2_straightline_planner' returned '1': CMAKE_PREFIX_PATH=${CMAKE_PREFIX_PATH}:/home/mike/turtlebot3_ws/install/turtlebot3_teleop:/home/mike/turtlebot3_ws/install/turtlebot3_example /usr/bin/cmake /home/mike/turtlebot3_ws/src/turtlebot3/nav2_straightline_planner -DCMAKE_INSTALL_PREFIX=/home/mike/turtlebot3_ws/install/nav2_straightline_planner
