[0.049s] Invoking command in '/home/mike/turtlebot3_ws/build/costmap_converter_msgs': /usr/bin/cmake /home/mike/turtlebot3_ws/src/turtlebot3/costmap_converter/costmap_converter_msgs -DCMAKE_INSTALL_PREFIX=/home/mike/turtlebot3_ws/install/costmap_converter_msgs
[0.311s] CMake Error at CMakeLists.txt:14 (find_package):
[0.312s]   By not providing "Findament_cmake.cmake" in CMAKE_MODULE_PATH this project
[0.313s]   has asked CMake to find a package configuration file provided by
[0.314s]   "ament_cmake", but CMake did not find one.
[0.316s] 
[0.317s]   Could not find a package configuration file provided by "ament_cmake" with
[0.317s]   any of the following names:
[0.317s] 
[0.317s]     ament_cmakeConfig.cmake
[0.317s]     ament_cmake-config.cmake
[0.318s] 
[0.318s]   Add the installation prefix of "ament_cmake" to CMAKE_PREFIX_PATH or set
[0.318s]   "ament_cmake_DIR" to a directory containing one of the above files.  If
[0.319s]   "ament_cmake" provides a separate development package or SDK, be sure it
[0.320s]   has been installed.
[0.321s] 
[0.323s] 
[0.324s] -- Configuring incomplete, errors occurred!
[0.324s] See also "/home/mike/turtlebot3_ws/build/costmap_converter_msgs/CMakeFiles/CMakeOutput.log".
[0.337s] Invoked command in '/home/mike/turtlebot3_ws/build/costmap_converter_msgs' returned '1': /usr/bin/cmake /home/mike/turtlebot3_ws/src/turtlebot3/costmap_converter/costmap_converter_msgs -DCMAKE_INSTALL_PREFIX=/home/mike/turtlebot3_ws/install/costmap_converter_msgs
