[1.218s] Invoking command in '/home/mike/turtlebot3_ws/build/turtlebot3_example': PYTHONPATH=/home/mike/turtlebot3_ws/install/turtlebot3_example/lib/python3.8/site-packages:${PYTHONPATH} /usr/bin/python3 setup.py develop --prefix /home/mike/turtlebot3_ws/install/turtlebot3_example --uninstall --editable --build-directory /home/mike/turtlebot3_ws/build/turtlebot3_example/build
[1.608s] running develop
[1.847s] Removing /home/mike/turtlebot3_ws/install/turtlebot3_example/lib/python3.8/site-packages/turtlebot3-example.egg-link (link to .)
[1.897s] Invoked command in '/home/mike/turtlebot3_ws/build/turtlebot3_example' returned '0': PYTHONPATH=/home/mike/turtlebot3_ws/install/turtlebot3_example/lib/python3.8/site-packages:${PYTHONPATH} /usr/bin/python3 setup.py develop --prefix /home/mike/turtlebot3_ws/install/turtlebot3_example --uninstall --editable --build-directory /home/mike/turtlebot3_ws/build/turtlebot3_example/build
[1.902s] Invoking command in '/home/mike/turtlebot3_ws/src/turtlebot3/turtlebot3_example': PYTHONPATH=/home/mike/turtlebot3_ws/install/turtlebot3_example/lib/python3.8/site-packages:${PYTHONPATH} /usr/bin/python3 setup.py egg_info --egg-base ../../../build/turtlebot3_example build --build-base /home/mike/turtlebot3_ws/build/turtlebot3_example/build install --prefix /home/mike/turtlebot3_ws/install/turtlebot3_example --record /home/mike/turtlebot3_ws/build/turtlebot3_example/install.log --single-version-externally-managed
[2.246s] running egg_info
[2.247s] writing ../../../build/turtlebot3_example/turtlebot3_example.egg-info/PKG-INFO
[2.247s] writing dependency_links to ../../../build/turtlebot3_example/turtlebot3_example.egg-info/dependency_links.txt
[2.248s] writing entry points to ../../../build/turtlebot3_example/turtlebot3_example.egg-info/entry_points.txt
[2.248s] writing requirements to ../../../build/turtlebot3_example/turtlebot3_example.egg-info/requires.txt
[2.248s] writing top-level names to ../../../build/turtlebot3_example/turtlebot3_example.egg-info/top_level.txt
[2.305s] reading manifest file '../../../build/turtlebot3_example/turtlebot3_example.egg-info/SOURCES.txt'
[2.307s] writing manifest file '../../../build/turtlebot3_example/turtlebot3_example.egg-info/SOURCES.txt'
[2.307s] running build
[2.307s] running build_py
[2.307s] creating /home/mike/turtlebot3_ws/build/turtlebot3_example/build
[2.308s] creating /home/mike/turtlebot3_ws/build/turtlebot3_example/build/lib
[2.308s] creating /home/mike/turtlebot3_ws/build/turtlebot3_example/build/lib/turtlebot3_example
[2.308s] copying turtlebot3_example/__init__.py -> /home/mike/turtlebot3_ws/build/turtlebot3_example/build/lib/turtlebot3_example
[2.308s] creating /home/mike/turtlebot3_ws/build/turtlebot3_example/build/lib/turtlebot3_example/turtlebot3_patrol_server
[2.308s] copying turtlebot3_example/turtlebot3_patrol_server/__init__.py -> /home/mike/turtlebot3_ws/build/turtlebot3_example/build/lib/turtlebot3_example/turtlebot3_patrol_server
[2.309s] copying turtlebot3_example/turtlebot3_patrol_server/turtlebot3_path.py -> /home/mike/turtlebot3_ws/build/turtlebot3_example/build/lib/turtlebot3_example/turtlebot3_patrol_server
[2.312s] copying turtlebot3_example/turtlebot3_patrol_server/turtlebot3_patrol_server.py -> /home/mike/turtlebot3_ws/build/turtlebot3_example/build/lib/turtlebot3_example/turtlebot3_patrol_server
[2.313s] copying turtlebot3_example/turtlebot3_patrol_server/main.py -> /home/mike/turtlebot3_ws/build/turtlebot3_example/build/lib/turtlebot3_example/turtlebot3_patrol_server
[2.314s] creating /home/mike/turtlebot3_ws/build/turtlebot3_example/build/lib/turtlebot3_example/turtlebot3_patrol_client
[2.314s] copying turtlebot3_example/turtlebot3_patrol_client/__init__.py -> /home/mike/turtlebot3_ws/build/turtlebot3_example/build/lib/turtlebot3_example/turtlebot3_patrol_client
[2.314s] copying turtlebot3_example/turtlebot3_patrol_client/turtlebot3_patrol_client.py -> /home/mike/turtlebot3_ws/build/turtlebot3_example/build/lib/turtlebot3_example/turtlebot3_patrol_client
[2.314s] copying turtlebot3_example/turtlebot3_patrol_client/main.py -> /home/mike/turtlebot3_ws/build/turtlebot3_example/build/lib/turtlebot3_example/turtlebot3_patrol_client
[2.315s] creating /home/mike/turtlebot3_ws/build/turtlebot3_example/build/lib/turtlebot3_example/turtlebot3_position_control
[2.315s] copying turtlebot3_example/turtlebot3_position_control/turtlebot3_position_control.py -> /home/mike/turtlebot3_ws/build/turtlebot3_example/build/lib/turtlebot3_example/turtlebot3_position_control
[2.315s] copying turtlebot3_example/turtlebot3_position_control/__init__.py -> /home/mike/turtlebot3_ws/build/turtlebot3_example/build/lib/turtlebot3_example/turtlebot3_position_control
[2.315s] copying turtlebot3_example/turtlebot3_position_control/turtlebot3_path.py -> /home/mike/turtlebot3_ws/build/turtlebot3_example/build/lib/turtlebot3_example/turtlebot3_position_control
[2.315s] copying turtlebot3_example/turtlebot3_position_control/main.py -> /home/mike/turtlebot3_ws/build/turtlebot3_example/build/lib/turtlebot3_example/turtlebot3_position_control
[2.318s] creating /home/mike/turtlebot3_ws/build/turtlebot3_example/build/lib/turtlebot3_example/turtlebot3_obstacle_detection
[2.318s] copying turtlebot3_example/turtlebot3_obstacle_detection/__init__.py -> /home/mike/turtlebot3_ws/build/turtlebot3_example/build/lib/turtlebot3_example/turtlebot3_obstacle_detection
[2.318s] copying turtlebot3_example/turtlebot3_obstacle_detection/turtlebot3_obstacle_detection.py -> /home/mike/turtlebot3_ws/build/turtlebot3_example/build/lib/turtlebot3_example/turtlebot3_obstacle_detection
[2.319s] copying turtlebot3_example/turtlebot3_obstacle_detection/main.py -> /home/mike/turtlebot3_ws/build/turtlebot3_example/build/lib/turtlebot3_example/turtlebot3_obstacle_detection
[2.319s] running install
[2.319s] running install_lib
[2.321s] creating /home/mike/turtlebot3_ws/install/turtlebot3_example/lib/python3.8/site-packages/turtlebot3_example
[2.321s] creating /home/mike/turtlebot3_ws/install/turtlebot3_example/lib/python3.8/site-packages/turtlebot3_example/turtlebot3_patrol_server
[2.321s] copying /home/mike/turtlebot3_ws/build/turtlebot3_example/build/lib/turtlebot3_example/turtlebot3_patrol_server/__init__.py -> /home/mike/turtlebot3_ws/install/turtlebot3_example/lib/python3.8/site-packages/turtlebot3_example/turtlebot3_patrol_server
[2.321s] copying /home/mike/turtlebot3_ws/build/turtlebot3_example/build/lib/turtlebot3_example/turtlebot3_patrol_server/turtlebot3_path.py -> /home/mike/turtlebot3_ws/install/turtlebot3_example/lib/python3.8/site-packages/turtlebot3_example/turtlebot3_patrol_server
[2.321s] copying /home/mike/turtlebot3_ws/build/turtlebot3_example/build/lib/turtlebot3_example/turtlebot3_patrol_server/turtlebot3_patrol_server.py -> /home/mike/turtlebot3_ws/install/turtlebot3_example/lib/python3.8/site-packages/turtlebot3_example/turtlebot3_patrol_server
[2.321s] copying /home/mike/turtlebot3_ws/build/turtlebot3_example/build/lib/turtlebot3_example/turtlebot3_patrol_server/main.py -> /home/mike/turtlebot3_ws/install/turtlebot3_example/lib/python3.8/site-packages/turtlebot3_example/turtlebot3_patrol_server
[2.322s] copying /home/mike/turtlebot3_ws/build/turtlebot3_example/build/lib/turtlebot3_example/__init__.py -> /home/mike/turtlebot3_ws/install/turtlebot3_example/lib/python3.8/site-packages/turtlebot3_example
[2.322s] creating /home/mike/turtlebot3_ws/install/turtlebot3_example/lib/python3.8/site-packages/turtlebot3_example/turtlebot3_patrol_client
[2.322s] copying /home/mike/turtlebot3_ws/build/turtlebot3_example/build/lib/turtlebot3_example/turtlebot3_patrol_client/__init__.py -> /home/mike/turtlebot3_ws/install/turtlebot3_example/lib/python3.8/site-packages/turtlebot3_example/turtlebot3_patrol_client
[2.322s] copying /home/mike/turtlebot3_ws/build/turtlebot3_example/build/lib/turtlebot3_example/turtlebot3_patrol_client/turtlebot3_patrol_client.py -> /home/mike/turtlebot3_ws/install/turtlebot3_example/lib/python3.8/site-packages/turtlebot3_example/turtlebot3_patrol_client
[2.322s] copying /home/mike/turtlebot3_ws/build/turtlebot3_example/build/lib/turtlebot3_example/turtlebot3_patrol_client/main.py -> /home/mike/turtlebot3_ws/install/turtlebot3_example/lib/python3.8/site-packages/turtlebot3_example/turtlebot3_patrol_client
[2.322s] creating /home/mike/turtlebot3_ws/install/turtlebot3_example/lib/python3.8/site-packages/turtlebot3_example/turtlebot3_position_control
[2.322s] copying /home/mike/turtlebot3_ws/build/turtlebot3_example/build/lib/turtlebot3_example/turtlebot3_position_control/turtlebot3_position_control.py -> /home/mike/turtlebot3_ws/install/turtlebot3_example/lib/python3.8/site-packages/turtlebot3_example/turtlebot3_position_control
[2.323s] copying /home/mike/turtlebot3_ws/build/turtlebot3_example/build/lib/turtlebot3_example/turtlebot3_position_control/__init__.py -> /home/mike/turtlebot3_ws/install/turtlebot3_example/lib/python3.8/site-packages/turtlebot3_example/turtlebot3_position_control
[2.323s] copying /home/mike/turtlebot3_ws/build/turtlebot3_example/build/lib/turtlebot3_example/turtlebot3_position_control/turtlebot3_path.py -> /home/mike/turtlebot3_ws/install/turtlebot3_example/lib/python3.8/site-packages/turtlebot3_example/turtlebot3_position_control
[2.323s] copying /home/mike/turtlebot3_ws/build/turtlebot3_example/build/lib/turtlebot3_example/turtlebot3_position_control/main.py -> /home/mike/turtlebot3_ws/install/turtlebot3_example/lib/python3.8/site-packages/turtlebot3_example/turtlebot3_position_control
[2.323s] creating /home/mike/turtlebot3_ws/install/turtlebot3_example/lib/python3.8/site-packages/turtlebot3_example/turtlebot3_obstacle_detection
[2.323s] copying /home/mike/turtlebot3_ws/build/turtlebot3_example/build/lib/turtlebot3_example/turtlebot3_obstacle_detection/__init__.py -> /home/mike/turtlebot3_ws/install/turtlebot3_example/lib/python3.8/site-packages/turtlebot3_example/turtlebot3_obstacle_detection
[2.323s] copying /home/mike/turtlebot3_ws/build/turtlebot3_example/build/lib/turtlebot3_example/turtlebot3_obstacle_detection/turtlebot3_obstacle_detection.py -> /home/mike/turtlebot3_ws/install/turtlebot3_example/lib/python3.8/site-packages/turtlebot3_example/turtlebot3_obstacle_detection
[2.323s] copying /home/mike/turtlebot3_ws/build/turtlebot3_example/build/lib/turtlebot3_example/turtlebot3_obstacle_detection/main.py -> /home/mike/turtlebot3_ws/install/turtlebot3_example/lib/python3.8/site-packages/turtlebot3_example/turtlebot3_obstacle_detection
[2.324s] byte-compiling /home/mike/turtlebot3_ws/install/turtlebot3_example/lib/python3.8/site-packages/turtlebot3_example/turtlebot3_patrol_server/__init__.py to __init__.cpython-38.pyc
[2.326s] byte-compiling /home/mike/turtlebot3_ws/install/turtlebot3_example/lib/python3.8/site-packages/turtlebot3_example/turtlebot3_patrol_server/turtlebot3_path.py to turtlebot3_path.cpython-38.pyc
[2.326s] byte-compiling /home/mike/turtlebot3_ws/install/turtlebot3_example/lib/python3.8/site-packages/turtlebot3_example/turtlebot3_patrol_server/turtlebot3_patrol_server.py to turtlebot3_patrol_server.cpython-38.pyc
[2.328s] byte-compiling /home/mike/turtlebot3_ws/install/turtlebot3_example/lib/python3.8/site-packages/turtlebot3_example/turtlebot3_patrol_server/main.py to main.cpython-38.pyc
[2.328s] byte-compiling /home/mike/turtlebot3_ws/install/turtlebot3_example/lib/python3.8/site-packages/turtlebot3_example/__init__.py to __init__.cpython-38.pyc
[2.329s] byte-compiling /home/mike/turtlebot3_ws/install/turtlebot3_example/lib/python3.8/site-packages/turtlebot3_example/turtlebot3_patrol_client/__init__.py to __init__.cpython-38.pyc
[2.329s] byte-compiling /home/mike/turtlebot3_ws/install/turtlebot3_example/lib/python3.8/site-packages/turtlebot3_example/turtlebot3_patrol_client/turtlebot3_patrol_client.py to turtlebot3_patrol_client.cpython-38.pyc
[2.330s] byte-compiling /home/mike/turtlebot3_ws/install/turtlebot3_example/lib/python3.8/site-packages/turtlebot3_example/turtlebot3_patrol_client/main.py to main.cpython-38.pyc
[2.330s] byte-compiling /home/mike/turtlebot3_ws/install/turtlebot3_example/lib/python3.8/site-packages/turtlebot3_example/turtlebot3_position_control/turtlebot3_position_control.py to turtlebot3_position_control.cpython-38.pyc
[2.332s] byte-compiling /home/mike/turtlebot3_ws/install/turtlebot3_example/lib/python3.8/site-packages/turtlebot3_example/turtlebot3_position_control/__init__.py to __init__.cpython-38.pyc
[2.332s] byte-compiling /home/mike/turtlebot3_ws/install/turtlebot3_example/lib/python3.8/site-packages/turtlebot3_example/turtlebot3_position_control/turtlebot3_path.py to turtlebot3_path.cpython-38.pyc
[2.333s] byte-compiling /home/mike/turtlebot3_ws/install/turtlebot3_example/lib/python3.8/site-packages/turtlebot3_example/turtlebot3_position_control/main.py to main.cpython-38.pyc
[2.333s] byte-compiling /home/mike/turtlebot3_ws/install/turtlebot3_example/lib/python3.8/site-packages/turtlebot3_example/turtlebot3_obstacle_detection/__init__.py to __init__.cpython-38.pyc
[2.334s] byte-compiling /home/mike/turtlebot3_ws/install/turtlebot3_example/lib/python3.8/site-packages/turtlebot3_example/turtlebot3_obstacle_detection/turtlebot3_obstacle_detection.py to turtlebot3_obstacle_detection.cpython-38.pyc
[2.335s] byte-compiling /home/mike/turtlebot3_ws/install/turtlebot3_example/lib/python3.8/site-packages/turtlebot3_example/turtlebot3_obstacle_detection/main.py to main.cpython-38.pyc
[2.335s] running install_data
[2.336s] running install_egg_info
[2.339s] Copying ../../../build/turtlebot3_example/turtlebot3_example.egg-info to /home/mike/turtlebot3_ws/install/turtlebot3_example/lib/python3.8/site-packages/turtlebot3_example-2.1.4-py3.8.egg-info
[2.340s] running install_scripts
[2.367s] Installing turtlebot3_obstacle_detection script to /home/mike/turtlebot3_ws/install/turtlebot3_example/lib/turtlebot3_example
[2.367s] Installing turtlebot3_patrol_client script to /home/mike/turtlebot3_ws/install/turtlebot3_example/lib/turtlebot3_example
[2.368s] Installing turtlebot3_patrol_server script to /home/mike/turtlebot3_ws/install/turtlebot3_example/lib/turtlebot3_example
[2.368s] Installing turtlebot3_position_control script to /home/mike/turtlebot3_ws/install/turtlebot3_example/lib/turtlebot3_example
[2.370s] writing list of installed files to '/home/mike/turtlebot3_ws/build/turtlebot3_example/install.log'
[2.417s] Invoked command in '/home/mike/turtlebot3_ws/src/turtlebot3/turtlebot3_example' returned '0': PYTHONPATH=/home/mike/turtlebot3_ws/install/turtlebot3_example/lib/python3.8/site-packages:${PYTHONPATH} /usr/bin/python3 setup.py egg_info --egg-base ../../../build/turtlebot3_example build --build-base /home/mike/turtlebot3_ws/build/turtlebot3_example/build install --prefix /home/mike/turtlebot3_ws/install/turtlebot3_example --record /home/mike/turtlebot3_ws/build/turtlebot3_example/install.log --single-version-externally-managed
