[0.033s] Invoking command in '/home/mike/turtlebot3_ws/build/nav2_straightline_planner': /usr/bin/cmake /home/mike/turtlebot3_ws/src/turtlebot3/nav2_straightline_planner -DCMAKE_INSTALL_PREFIX=/home/mike/turtlebot3_ws/install/nav2_straightline_planner
[0.279s] -- The C compiler identification is GNU 9.4.0
[0.505s] -- The CXX compiler identification is GNU 9.4.0
[0.515s] -- Check for working C compiler: /usr/bin/cc
[0.606s] -- Check for working C compiler: /usr/bin/cc -- works
[0.608s] -- Detecting C compiler ABI info
[0.688s] -- Detecting C compiler ABI info - done
[0.705s] -- Detecting C compile features
[0.706s] -- Detecting C compile features - done
[0.710s] -- Check for working CXX compiler: /usr/bin/c++
[0.808s] -- Check for working CXX compiler: /usr/bin/c++ -- works
[0.809s] -- Detecting CXX compiler ABI info
[0.909s] -- Detecting CXX compiler ABI info - done
[0.928s] -- Detecting CXX compile features
[0.928s] -- Detecting CXX compile features - done
[0.940s] CMake Error at CMakeLists.txt:12 (find_package):
[0.940s]   By not providing "Findament_cmake.cmake" in CMAKE_MODULE_PATH this project
[0.940s]   has asked CMake to find a package configuration file provided by
[0.940s]   "ament_cmake", but CMake did not find one.
[0.941s] 
[0.941s]   Could not find a package configuration file provided by "ament_cmake" with
[0.941s]   any of the following names:
[0.941s] 
[0.941s]     ament_cmakeConfig.cmake
[0.941s]     ament_cmake-config.cmake
[0.941s] 
[0.941s]   Add the installation prefix of "ament_cmake" to CMAKE_PREFIX_PATH or set
[0.942s]   "ament_cmake_DIR" to a directory containing one of the above files.  If
[0.942s]   "ament_cmake" provides a separate development package or SDK, be sure it
[0.942s]   has been installed.
[0.942s] 
[0.942s] 
[0.942s] -- Configuring incomplete, errors occurred!
[0.942s] See also "/home/mike/turtlebot3_ws/build/nav2_straightline_planner/CMakeFiles/CMakeOutput.log".
[0.944s] Invoked command in '/home/mike/turtlebot3_ws/build/nav2_straightline_planner' returned '1': /usr/bin/cmake /home/mike/turtlebot3_ws/src/turtlebot3/nav2_straightline_planner -DCMAKE_INSTALL_PREFIX=/home/mike/turtlebot3_ws/install/nav2_straightline_planner
