-- The C compiler identification is GNU 9.4.0
-- The CXX compiler identification is GNU 9.4.0
-- Check for working C compiler: /usr/bin/cc
-- Check for working C compiler: /usr/bin/cc -- works
-- Detecting C compiler ABI info
-- Detecting C compiler ABI info - done
-- Detecting C compile features
-- Detecting C compile features - done
-- Check for working CXX compiler: /usr/bin/c++
-- Check for working CXX compiler: /usr/bin/c++ -- works
-- Detecting CXX compiler ABI info
-- Detecting CXX compiler ABI info - done
-- Detecting CXX compile features
-- Detecting CXX compile features - done
-- Found ament_cmake: 1.1.5 (/opt/ros/galactic/share/ament_cmake/cmake)
-- Found PythonInterp: /usr/bin/python3 (found suitable version "3.8.10", minimum required is "3") 
-- Using PYTHON_EXECUTABLE: /usr/bin/python3
-- Found costmap_converter: 0.1.2 (/home/mike/turtlebot3_ws/install/costmap_converter/share/costmap_converter/cmake)
-- Using all available rosidl_typesupport_c: rosidl_typesupport_fastrtps_c;rosidl_typesupport_introspection_c
-- Found rosidl_adapter: 2.2.2 (/opt/ros/galactic/share/rosidl_adapter/cmake)
-- Found OpenSSL: /usr/lib/x86_64-linux-gnu/libcrypto.so (found version "1.1.1f")  
-- Found FastRTPS: /opt/ros/galactic/include  
-- Using all available rosidl_typesupport_cpp: rosidl_typesupport_fastrtps_cpp;rosidl_typesupport_introspection_cpp
-- Found rmw_implementation_cmake: 3.3.1 (/opt/ros/galactic/share/rmw_implementation_cmake/cmake)
-- Found rmw_cyclonedds_cpp: 0.22.5 (/opt/ros/galactic/share/rmw_cyclonedds_cpp/cmake)
-- Using RMW implementation 'rmw_cyclonedds_cpp' as default
-- Looking for pthread.h
-- Looking for pthread.h - found
-- Performing Test CMAKE_HAVE_LIBC_PTHREAD
-- Performing Test CMAKE_HAVE_LIBC_PTHREAD - Failed
-- Looking for pthread_create in pthreads
-- Looking for pthread_create in pthreads - not found
-- Looking for pthread_create in pthread
-- Looking for pthread_create in pthread - found
-- Found Threads: TRUE  
-- Found Eigen3: TRUE (found version "3.3.7") 
-- Found dwb_critics: 1.0.12 (/opt/ros/galactic/share/dwb_critics/cmake)
-- Found teb_msgs: 0.0.1 (/home/mike/turtlebot3_ws/install/teb_msgs/share/teb_msgs/cmake)
-- Found tf2_eigen: 0.17.4 (/opt/ros/galactic/share/tf2_eigen/cmake)
-- System: Linux-5.15.0-48-generic
-- /opt/ros/galactic/share/tinyxml2_vendor/cmake/Modules;/opt/ros/galactic/share/eigen3_cmake_module/cmake/Modules;/opt/ros/galactic/share/fastrtps_cmake_module/cmake/Modules;/home/mike/turtlebot3_ws/src/turtlebot3/teb_local_planner/teb_local_planner/cmake_modules
-- Found SuiteSparse
-- Searching for g2o ...
-- Configuring incomplete, errors occurred!
See also "/home/mike/turtlebot3_ws/build/teb_local_planner/CMakeFiles/CMakeOutput.log".
See also "/home/mike/turtlebot3_ws/build/teb_local_planner/CMakeFiles/CMakeError.log".
