[0.026s] Invoking command in '/home/mike/turtlebot3_ws/build/teb_local_planner': AMENT_PREFIX_PATH=/home/mike/turtlebot3_ws/install/teb_msgs:/home/mike/turtlebot3_ws/install/costmap_converter:/home/mike/turtlebot3_ws/install/costmap_converter_msgs:${AMENT_PREFIX_PATH} CMAKE_PREFIX_PATH=/home/mike/turtlebot3_ws/install/teb_msgs:/home/mike/turtlebot3_ws/install/costmap_converter:/home/mike/turtlebot3_ws/install/costmap_converter_msgs:/opt/ros/galactic LD_LIBRARY_PATH=/home/mike/turtlebot3_ws/install/teb_msgs/lib:/home/mike/turtlebot3_ws/install/costmap_converter/lib:/home/mike/turtlebot3_ws/install/costmap_converter_msgs/lib:${LD_LIBRARY_PATH} PATH=/home/mike/turtlebot3_ws/install/costmap_converter/bin:${PATH} PYTHONPATH=/home/mike/turtlebot3_ws/install/teb_msgs/lib/python3.8/site-packages:/home/mike/turtlebot3_ws/install/costmap_converter_msgs/lib/python3.8/site-packages:${PYTHONPATH} /usr/bin/cmake /home/mike/turtlebot3_ws/src/turtlebot3/teb_local_planner/teb_local_planner -DCMAKE_INSTALL_PREFIX=/home/mike/turtlebot3_ws/install/teb_local_planner
[0.112s] -- The C compiler identification is GNU 9.4.0
[0.185s] -- The CXX compiler identification is GNU 9.4.0
[0.194s] -- Check for working C compiler: /usr/bin/cc
[0.296s] -- Check for working C compiler: /usr/bin/cc -- works
[0.297s] -- Detecting C compiler ABI info
[0.406s] -- Detecting C compiler ABI info - done
[0.420s] -- Detecting C compile features
[0.420s] -- Detecting C compile features - done
[0.423s] -- Check for working CXX compiler: /usr/bin/c++
[0.519s] -- Check for working CXX compiler: /usr/bin/c++ -- works
[0.521s] -- Detecting CXX compiler ABI info
[0.622s] -- Detecting CXX compiler ABI info - done
[0.642s] -- Detecting CXX compile features
[0.643s] -- Detecting CXX compile features - done
[0.645s] -- Found ament_cmake: 1.1.5 (/opt/ros/galactic/share/ament_cmake/cmake)
[0.678s] -- Found PythonInterp: /usr/bin/python3 (found suitable version "3.8.10", minimum required is "3") 
[0.678s] -- Using PYTHON_EXECUTABLE: /usr/bin/python3
[0.774s] -- Found costmap_converter: 0.1.2 (/home/mike/turtlebot3_ws/install/costmap_converter/share/costmap_converter/cmake)
[0.831s] -- Using all available rosidl_typesupport_c: rosidl_typesupport_fastrtps_c;rosidl_typesupport_introspection_c
[0.840s] -- Found rosidl_adapter: 2.2.2 (/opt/ros/galactic/share/rosidl_adapter/cmake)
[0.960s] -- Found OpenSSL: /usr/lib/x86_64-linux-gnu/libcrypto.so (found version "1.1.1f")  
[0.994s] -- Found FastRTPS: /opt/ros/galactic/include  
[1.081s] -- Using all available rosidl_typesupport_cpp: rosidl_typesupport_fastrtps_cpp;rosidl_typesupport_introspection_cpp
[1.914s] -- Found rmw_implementation_cmake: 3.3.1 (/opt/ros/galactic/share/rmw_implementation_cmake/cmake)
[1.922s] -- Found rmw_cyclonedds_cpp: 0.22.5 (/opt/ros/galactic/share/rmw_cyclonedds_cpp/cmake)
[1.948s] -- Using RMW implementation 'rmw_cyclonedds_cpp' as default
[1.949s] -- Looking for pthread.h
[2.050s] -- Looking for pthread.h - found
[2.050s] -- Performing Test CMAKE_HAVE_LIBC_PTHREAD
[2.145s] -- Performing Test CMAKE_HAVE_LIBC_PTHREAD - Failed
[2.145s] -- Looking for pthread_create in pthreads
[2.241s] -- Looking for pthread_create in pthreads - not found
[2.241s] -- Looking for pthread_create in pthread
[2.359s] -- Looking for pthread_create in pthread - found
[2.362s] -- Found Threads: TRUE  
[3.360s] -- Found Eigen3: TRUE (found version "3.3.7") 
[4.691s] -- Found dwb_critics: 1.0.12 (/opt/ros/galactic/share/dwb_critics/cmake)
[10.693s] -- Found teb_msgs: 0.0.1 (/home/mike/turtlebot3_ws/install/teb_msgs/share/teb_msgs/cmake)
[10.840s] -- Found tf2_eigen: 0.17.4 (/opt/ros/galactic/share/tf2_eigen/cmake)
[10.845s] -- System: Linux-5.15.0-50-generic
[10.845s] -- /opt/ros/galactic/share/tinyxml2_vendor/cmake/Modules;/opt/ros/galactic/share/eigen3_cmake_module/cmake/Modules;/opt/ros/galactic/share/fastrtps_cmake_module/cmake/Modules;/home/mike/turtlebot3_ws/src/turtlebot3/teb_local_planner/teb_local_planner/cmake_modules
[10.850s] -- Found SuiteSparse
[10.851s] -- Searching for g2o ...
[10.852s] -- Found g2o headers in: /opt/ros/galactic/include/g2o
[10.856s] -- Found libg2o: /opt/ros/galactic/lib/x86_64-linux-gnu/libg2o_csparse_extension.so;/opt/ros/galactic/lib/x86_64-linux-gnu/libg2o_core.so;/opt/ros/galactic/lib/x86_64-linux-gnu/libg2o_stuff.so;/opt/ros/galactic/lib/x86_64-linux-gnu/libg2o_types_slam2d.so;/opt/ros/galactic/lib/x86_64-linux-gnu/libg2o_types_slam3d.so;/opt/ros/galactic/lib/x86_64-linux-gnu/libg2o_solver_cholmod.so;/opt/ros/galactic/lib/x86_64-linux-gnu/libg2o_solver_pcg.so;/opt/ros/galactic/lib/x86_64-linux-gnu/libg2o_solver_csparse.so;/opt/ros/galactic/lib/x86_64-linux-gnu/libg2o_incremental.so
[10.869s] -- Found Boost: /usr/lib/x86_64-linux-gnu/cmake/Boost-1.71.0/BoostConfig.cmake (found version "1.71.0")  
[26.968s] -- Found ament_cmake_gtest: 1.1.5 (/opt/ros/galactic/share/ament_cmake_gtest/cmake)
[27.052s] -- Configuring done
[27.147s] -- Generating done
[27.150s] -- Build files have been written to: /home/mike/turtlebot3_ws/build/teb_local_planner
[27.166s] Invoked command in '/home/mike/turtlebot3_ws/build/teb_local_planner' returned '0': AMENT_PREFIX_PATH=/home/mike/turtlebot3_ws/install/teb_msgs:/home/mike/turtlebot3_ws/install/costmap_converter:/home/mike/turtlebot3_ws/install/costmap_converter_msgs:${AMENT_PREFIX_PATH} CMAKE_PREFIX_PATH=/home/mike/turtlebot3_ws/install/teb_msgs:/home/mike/turtlebot3_ws/install/costmap_converter:/home/mike/turtlebot3_ws/install/costmap_converter_msgs:/opt/ros/galactic LD_LIBRARY_PATH=/home/mike/turtlebot3_ws/install/teb_msgs/lib:/home/mike/turtlebot3_ws/install/costmap_converter/lib:/home/mike/turtlebot3_ws/install/costmap_converter_msgs/lib:${LD_LIBRARY_PATH} PATH=/home/mike/turtlebot3_ws/install/costmap_converter/bin:${PATH} PYTHONPATH=/home/mike/turtlebot3_ws/install/teb_msgs/lib/python3.8/site-packages:/home/mike/turtlebot3_ws/install/costmap_converter_msgs/lib/python3.8/site-packages:${PYTHONPATH} /usr/bin/cmake /home/mike/turtlebot3_ws/src/turtlebot3/teb_local_planner/teb_local_planner -DCMAKE_INSTALL_PREFIX=/home/mike/turtlebot3_ws/install/teb_local_planner
[27.170s] Invoking command in '/home/mike/turtlebot3_ws/build/teb_local_planner': AMENT_PREFIX_PATH=/home/mike/turtlebot3_ws/install/teb_msgs:/home/mike/turtlebot3_ws/install/costmap_converter:/home/mike/turtlebot3_ws/install/costmap_converter_msgs:${AMENT_PREFIX_PATH} CMAKE_PREFIX_PATH=/home/mike/turtlebot3_ws/install/teb_msgs:/home/mike/turtlebot3_ws/install/costmap_converter:/home/mike/turtlebot3_ws/install/costmap_converter_msgs:/opt/ros/galactic LD_LIBRARY_PATH=/home/mike/turtlebot3_ws/install/teb_msgs/lib:/home/mike/turtlebot3_ws/install/costmap_converter/lib:/home/mike/turtlebot3_ws/install/costmap_converter_msgs/lib:${LD_LIBRARY_PATH} PATH=/home/mike/turtlebot3_ws/install/costmap_converter/bin:${PATH} PYTHONPATH=/home/mike/turtlebot3_ws/install/teb_msgs/lib/python3.8/site-packages:/home/mike/turtlebot3_ws/install/costmap_converter_msgs/lib/python3.8/site-packages:${PYTHONPATH} /usr/bin/cmake --build /home/mike/turtlebot3_ws/build/teb_local_planner -- -j4 -l4
[27.225s] [35m[1mScanning dependencies of target teb_local_planner[0m
[27.514s] [ 10%] [32mBuilding CXX object CMakeFiles/teb_local_planner.dir/src/optimal_planner.cpp.o[0m
[27.516s] [ 20%] [32mBuilding CXX object CMakeFiles/teb_local_planner.dir/src/timed_elastic_band.cpp.o[0m
[27.516s] [ 30%] [32mBuilding CXX object CMakeFiles/teb_local_planner.dir/src/visualization.cpp.o[0m
[27.520s] [ 40%] [32mBuilding CXX object CMakeFiles/teb_local_planner.dir/src/obstacles.cpp.o[0m
[32.115s] [ 50%] [32mBuilding CXX object CMakeFiles/teb_local_planner.dir/src/recovery_behaviors.cpp.o[0m
[38.142s] [ 60%] [32mBuilding CXX object CMakeFiles/teb_local_planner.dir/src/teb_config.cpp.o[0m
[43.254s] [ 70%] [32mBuilding CXX object CMakeFiles/teb_local_planner.dir/src/homotopy_class_planner.cpp.o[0m
[53.697s] [ 80%] [32mBuilding CXX object CMakeFiles/teb_local_planner.dir/src/teb_local_planner_ros.cpp.o[0m
[61.551s] [ 90%] [32mBuilding CXX object CMakeFiles/teb_local_planner.dir/src/graph_search.cpp.o[0m
[70.238s] In file included from [01m[K/opt/ros/galactic/include/pluginlib/class_loader_imp.hpp:73[m[K,
[70.238s]                  from [01m[K/opt/ros/galactic/include/pluginlib/class_loader.hpp:356[m[K,
[70.239s]                  from [01m[K/home/mike/turtlebot3_ws/src/turtlebot3/teb_local_planner/teb_local_planner/include/teb_local_planner/teb_local_planner_ros.h:42[m[K,
[70.239s]                  from [01m[K/home/mike/turtlebot3_ws/src/turtlebot3/teb_local_planner/teb_local_planner/src/teb_local_planner_ros.cpp:39[m[K:
[70.239s] [01m[K/home/mike/turtlebot3_ws/install/costmap_converter/include/costmap_converter/costmap_converter_interface.h:[m[K In member function ‘[01m[Kvoid costmap_converter::BaseCostmapToPolygons::startWorker(rclcpp::GenericRate<std::chrono::_V2::system_clock>::SharedPtr, nav2_costmap_2d::Costmap2D*, bool)[m[K’:
[70.239s] [01m[K/home/mike/turtlebot3_ws/install/costmap_converter/include/costmap_converter/costmap_converter_interface.h:197:41:[m[K [01;35m[Kwarning: [m[Ktoo many arguments for format [[01;35m[K-Wformat-extra-args[m[K]
[70.239s]   197 |         RCLCPP_DEBUG(nh_->get_logger(), [01;35m[K"costmap_converter"[m[K, "Spinning up a thread for the CostmapToPolygons plugin");
[70.239s]       |                                         [01;35m[K^~~~~~~~~~~~~~~~~~~[m[K
[70.282s] [01m[K/home/mike/turtlebot3_ws/install/costmap_converter/include/costmap_converter/costmap_converter_interface.h:[m[K In member function ‘[01m[Kvoid costmap_converter::BaseCostmapToDynamicObstacles::loadStaticCostmapConverterPlugin(const string&, rclcpp::Node::SharedPtr)[m[K’:
[70.282s] [01m[K/home/mike/turtlebot3_ws/install/costmap_converter/include/costmap_converter/costmap_converter_interface.h:313:32:[m[K [01;35m[Kwarning: [m[Kformat ‘[01m[K%s[m[K’ expects argument of type ‘[01m[Kchar*[m[K’, but argument 5 has type ‘[01m[Kconst string[m[K’ {aka ‘[01m[Kconst std::__cxx11::basic_string<char>[m[K’} [[01;35m[K-Wformat=[m[K]
[70.282s]   313 |       RCLCPP_INFO(getLogger(), [01;35m[K"CostmapToDynamicObstacles: underlying costmap conversion plugin for static obstacles %s loaded."[m[K, plugin_name);
[70.283s]       |                                [01;35m[K^~~~~~~~~~~~~~~~~~~~~~~~~~~~~~~~~~~~~~~~~~~~~~~~~~~~~~~~~~~~~~~~~~~~~~~~~~~~~~~~~~~~~~~~~~~~~~~~~[m[K
[70.283s] In file included from [01m[K/home/mike/turtlebot3_ws/src/turtlebot3/teb_local_planner/teb_local_planner/include/teb_local_planner/teb_local_planner_ros.h:68[m[K,
[70.283s]                  from [01m[K/home/mike/turtlebot3_ws/src/turtlebot3/teb_local_planner/teb_local_planner/src/teb_local_planner_ros.cpp:39[m[K:
[70.283s] [01m[K/home/mike/turtlebot3_ws/install/costmap_converter/include/costmap_converter/costmap_converter_interface.h:313:119:[m[K [01;36m[Knote: [m[Kformat string is defined here
[70.284s]   313 |       RCLCPP_INFO(getLogger(), "CostmapToDynamicObstacles: underlying costmap conversion plugin for static obstacles [01;36m[K%s[m[K loaded.", plugin_name);
[70.284s]       |                                                                                                                      [01;36m[K~^[m[K
[70.284s]       |                                                                                                                       [01;36m[K|[m[K
[70.284s]       |                                                                                                                       [01;36m[Kchar*[m[K
[110.433s] [100%] [32m[1mLinking CXX shared library libteb_local_planner.so[0m
[111.485s] [100%] Built target teb_local_planner
[111.501s] Invoked command in '/home/mike/turtlebot3_ws/build/teb_local_planner' returned '0': AMENT_PREFIX_PATH=/home/mike/turtlebot3_ws/install/teb_msgs:/home/mike/turtlebot3_ws/install/costmap_converter:/home/mike/turtlebot3_ws/install/costmap_converter_msgs:${AMENT_PREFIX_PATH} CMAKE_PREFIX_PATH=/home/mike/turtlebot3_ws/install/teb_msgs:/home/mike/turtlebot3_ws/install/costmap_converter:/home/mike/turtlebot3_ws/install/costmap_converter_msgs:/opt/ros/galactic LD_LIBRARY_PATH=/home/mike/turtlebot3_ws/install/teb_msgs/lib:/home/mike/turtlebot3_ws/install/costmap_converter/lib:/home/mike/turtlebot3_ws/install/costmap_converter_msgs/lib:${LD_LIBRARY_PATH} PATH=/home/mike/turtlebot3_ws/install/costmap_converter/bin:${PATH} PYTHONPATH=/home/mike/turtlebot3_ws/install/teb_msgs/lib/python3.8/site-packages:/home/mike/turtlebot3_ws/install/costmap_converter_msgs/lib/python3.8/site-packages:${PYTHONPATH} /usr/bin/cmake --build /home/mike/turtlebot3_ws/build/teb_local_planner -- -j4 -l4
[111.562s] Invoking command in '/home/mike/turtlebot3_ws/build/teb_local_planner': AMENT_PREFIX_PATH=/home/mike/turtlebot3_ws/install/teb_msgs:/home/mike/turtlebot3_ws/install/costmap_converter:/home/mike/turtlebot3_ws/install/costmap_converter_msgs:${AMENT_PREFIX_PATH} CMAKE_PREFIX_PATH=/home/mike/turtlebot3_ws/install/teb_msgs:/home/mike/turtlebot3_ws/install/costmap_converter:/home/mike/turtlebot3_ws/install/costmap_converter_msgs:/opt/ros/galactic LD_LIBRARY_PATH=/home/mike/turtlebot3_ws/install/teb_msgs/lib:/home/mike/turtlebot3_ws/install/costmap_converter/lib:/home/mike/turtlebot3_ws/install/costmap_converter_msgs/lib:${LD_LIBRARY_PATH} PATH=/home/mike/turtlebot3_ws/install/costmap_converter/bin:${PATH} PYTHONPATH=/home/mike/turtlebot3_ws/install/teb_msgs/lib/python3.8/site-packages:/home/mike/turtlebot3_ws/install/costmap_converter_msgs/lib/python3.8/site-packages:${PYTHONPATH} /usr/bin/cmake --install /home/mike/turtlebot3_ws/build/teb_local_planner
[111.580s] -- Install configuration: "Release"
[111.580s] -- Installing: /home/mike/turtlebot3_ws/install/teb_local_planner/lib/libteb_local_planner.so
[111.586s] -- Set runtime path of "/home/mike/turtlebot3_ws/install/teb_local_planner/lib/libteb_local_planner.so" to ""
[111.586s] -- Installing: /home/mike/turtlebot3_ws/install/teb_local_planner/include/
[111.587s] -- Installing: /home/mike/turtlebot3_ws/install/teb_local_planner/include//teb_local_planner
[111.587s] -- Installing: /home/mike/turtlebot3_ws/install/teb_local_planner/include//teb_local_planner/equivalence_relations.h
[111.588s] -- Installing: /home/mike/turtlebot3_ws/install/teb_local_planner/include//teb_local_planner/planner_interface.h
[111.588s] -- Installing: /home/mike/turtlebot3_ws/install/teb_local_planner/include//teb_local_planner/teb_config.h
[111.588s] -- Installing: /home/mike/turtlebot3_ws/install/teb_local_planner/include//teb_local_planner/visualization.hpp
[111.589s] -- Installing: /home/mike/turtlebot3_ws/install/teb_local_planner/include//teb_local_planner/optimal_planner.h
[111.589s] -- Installing: /home/mike/turtlebot3_ws/install/teb_local_planner/include//teb_local_planner/visualization.h
[111.589s] -- Installing: /home/mike/turtlebot3_ws/install/teb_local_planner/include//teb_local_planner/timed_elastic_band.h
[111.589s] -- Installing: /home/mike/turtlebot3_ws/install/teb_local_planner/include//teb_local_planner/pose_se2.h
[111.590s] -- Installing: /home/mike/turtlebot3_ws/install/teb_local_planner/include//teb_local_planner/graph_search.h
[111.590s] -- Installing: /home/mike/turtlebot3_ws/install/teb_local_planner/include//teb_local_planner/robot_footprint_model.h
[111.590s] -- Installing: /home/mike/turtlebot3_ws/install/teb_local_planner/include//teb_local_planner/homotopy_class_planner.h
[111.591s] -- Installing: /home/mike/turtlebot3_ws/install/teb_local_planner/include//teb_local_planner/distance_calculations.h
[111.591s] -- Installing: /home/mike/turtlebot3_ws/install/teb_local_planner/include//teb_local_planner/h_signature.h
[111.591s] -- Installing: /home/mike/turtlebot3_ws/install/teb_local_planner/include//teb_local_planner/timed_elastic_band.hpp
[111.591s] -- Installing: /home/mike/turtlebot3_ws/install/teb_local_planner/include//teb_local_planner/misc.h
[111.592s] -- Installing: /home/mike/turtlebot3_ws/install/teb_local_planner/include//teb_local_planner/homotopy_class_planner.hpp
[111.592s] -- Installing: /home/mike/turtlebot3_ws/install/teb_local_planner/include//teb_local_planner/recovery_behaviors.h
[111.592s] -- Installing: /home/mike/turtlebot3_ws/install/teb_local_planner/include//teb_local_planner/obstacles.h
[111.592s] -- Installing: /home/mike/turtlebot3_ws/install/teb_local_planner/include//teb_local_planner/teb_local_planner_ros.h
[111.593s] -- Installing: /home/mike/turtlebot3_ws/install/teb_local_planner/include//teb_local_planner/g2o_types
[111.593s] -- Installing: /home/mike/turtlebot3_ws/install/teb_local_planner/include//teb_local_planner/g2o_types/base_teb_edges.h
[111.593s] -- Installing: /home/mike/turtlebot3_ws/install/teb_local_planner/include//teb_local_planner/g2o_types/edge_shortest_path.h
[111.593s] -- Installing: /home/mike/turtlebot3_ws/install/teb_local_planner/include//teb_local_planner/g2o_types/edge_acceleration.h
[111.594s] -- Installing: /home/mike/turtlebot3_ws/install/teb_local_planner/include//teb_local_planner/g2o_types/edge_dynamic_obstacle.h
[111.594s] -- Installing: /home/mike/turtlebot3_ws/install/teb_local_planner/include//teb_local_planner/g2o_types/edge_velocity_obstacle_ratio.h
[111.594s] -- Installing: /home/mike/turtlebot3_ws/install/teb_local_planner/include//teb_local_planner/g2o_types/edge_velocity.h
[111.594s] -- Installing: /home/mike/turtlebot3_ws/install/teb_local_planner/include//teb_local_planner/g2o_types/edge_time_optimal.h
[111.594s] -- Installing: /home/mike/turtlebot3_ws/install/teb_local_planner/include//teb_local_planner/g2o_types/edge_obstacle.h
[111.595s] -- Installing: /home/mike/turtlebot3_ws/install/teb_local_planner/include//teb_local_planner/g2o_types/edge_via_point.h
[111.595s] -- Installing: /home/mike/turtlebot3_ws/install/teb_local_planner/include//teb_local_planner/g2o_types/edge_kinematics.h
[111.595s] -- Installing: /home/mike/turtlebot3_ws/install/teb_local_planner/include//teb_local_planner/g2o_types/vertex_pose.h
[111.595s] -- Installing: /home/mike/turtlebot3_ws/install/teb_local_planner/include//teb_local_planner/g2o_types/edge_prefer_rotdir.h
[111.595s] -- Installing: /home/mike/turtlebot3_ws/install/teb_local_planner/include//teb_local_planner/g2o_types/vertex_timediff.h
[111.595s] -- Installing: /home/mike/turtlebot3_ws/install/teb_local_planner/include//teb_local_planner/g2o_types/penalties.h
[111.595s] -- Installing: /home/mike/turtlebot3_ws/install/teb_local_planner/share/teb_local_planner_plugin.xml
[111.595s] -- Installing: /home/mike/turtlebot3_ws/install/teb_local_planner/lib/teb_local_planner/cmd_vel_to_ackermann_drive.py
[111.595s] -- Installing: /home/mike/turtlebot3_ws/install/teb_local_planner/share/teb_local_planner/params
[111.596s] -- Installing: /home/mike/turtlebot3_ws/install/teb_local_planner/share/teb_local_planner/params/teb_params.yaml
[111.596s] -- Installing: /home/mike/turtlebot3_ws/install/teb_local_planner/share/teb_local_planner/environment/library_path.sh
[111.596s] -- Installing: /home/mike/turtlebot3_ws/install/teb_local_planner/share/teb_local_planner/environment/library_path.dsv
[111.597s] -- Installing: /home/mike/turtlebot3_ws/install/teb_local_planner/share/teb_local_planner/teb_local_planner_plugin.xml
[111.598s] -- Installing: /home/mike/turtlebot3_ws/install/teb_local_planner/share/ament_index/resource_index/package_run_dependencies/teb_local_planner
[111.599s] -- Installing: /home/mike/turtlebot3_ws/install/teb_local_planner/share/ament_index/resource_index/parent_prefix_path/teb_local_planner
[111.603s] -- Installing: /home/mike/turtlebot3_ws/install/teb_local_planner/share/teb_local_planner/environment/ament_prefix_path.sh
[111.604s] -- Installing: /home/mike/turtlebot3_ws/install/teb_local_planner/share/teb_local_planner/environment/ament_prefix_path.dsv
[111.604s] -- Installing: /home/mike/turtlebot3_ws/install/teb_local_planner/share/teb_local_planner/environment/path.sh
[111.604s] -- Installing: /home/mike/turtlebot3_ws/install/teb_local_planner/share/teb_local_planner/environment/path.dsv
[111.605s] -- Installing: /home/mike/turtlebot3_ws/install/teb_local_planner/share/teb_local_planner/local_setup.bash
[111.606s] -- Installing: /home/mike/turtlebot3_ws/install/teb_local_planner/share/teb_local_planner/local_setup.sh
[111.606s] -- Installing: /home/mike/turtlebot3_ws/install/teb_local_planner/share/teb_local_planner/local_setup.zsh
[111.607s] -- Installing: /home/mike/turtlebot3_ws/install/teb_local_planner/share/teb_local_planner/local_setup.dsv
[111.607s] -- Installing: /home/mike/turtlebot3_ws/install/teb_local_planner/share/teb_local_planner/package.dsv
[111.608s] -- Installing: /home/mike/turtlebot3_ws/install/teb_local_planner/share/ament_index/resource_index/packages/teb_local_planner
[111.608s] -- Installing: /home/mike/turtlebot3_ws/install/teb_local_planner/share/ament_index/resource_index/nav2_core__pluginlib__plugin/teb_local_planner
[111.609s] -- Installing: /home/mike/turtlebot3_ws/install/teb_local_planner/share/teb_local_planner/cmake/ament_cmake_export_include_directories-extras.cmake
[111.609s] -- Installing: /home/mike/turtlebot3_ws/install/teb_local_planner/share/teb_local_planner/cmake/ament_cmake_export_libraries-extras.cmake
[111.610s] -- Installing: /home/mike/turtlebot3_ws/install/teb_local_planner/share/teb_local_planner/cmake/ament_cmake_export_dependencies-extras.cmake
[111.611s] -- Installing: /home/mike/turtlebot3_ws/install/teb_local_planner/share/teb_local_planner/cmake/teb_local_plannerConfig.cmake
[111.611s] -- Installing: /home/mike/turtlebot3_ws/install/teb_local_planner/share/teb_local_planner/cmake/teb_local_plannerConfig-version.cmake
[111.611s] -- Installing: /home/mike/turtlebot3_ws/install/teb_local_planner/share/teb_local_planner/package.xml
[111.621s] Invoked command in '/home/mike/turtlebot3_ws/build/teb_local_planner' returned '0': AMENT_PREFIX_PATH=/home/mike/turtlebot3_ws/install/teb_msgs:/home/mike/turtlebot3_ws/install/costmap_converter:/home/mike/turtlebot3_ws/install/costmap_converter_msgs:${AMENT_PREFIX_PATH} CMAKE_PREFIX_PATH=/home/mike/turtlebot3_ws/install/teb_msgs:/home/mike/turtlebot3_ws/install/costmap_converter:/home/mike/turtlebot3_ws/install/costmap_converter_msgs:/opt/ros/galactic LD_LIBRARY_PATH=/home/mike/turtlebot3_ws/install/teb_msgs/lib:/home/mike/turtlebot3_ws/install/costmap_converter/lib:/home/mike/turtlebot3_ws/install/costmap_converter_msgs/lib:${LD_LIBRARY_PATH} PATH=/home/mike/turtlebot3_ws/install/costmap_converter/bin:${PATH} PYTHONPATH=/home/mike/turtlebot3_ws/install/teb_msgs/lib/python3.8/site-packages:/home/mike/turtlebot3_ws/install/costmap_converter_msgs/lib/python3.8/site-packages:${PYTHONPATH} /usr/bin/cmake --install /home/mike/turtlebot3_ws/build/teb_local_planner
