[0.267s] Invoking command in '/home/mike/turtlebot3_ws/build/costmap_converter': AMENT_PREFIX_PATH=/home/mike/turtlebot3_ws/install/costmap_converter_msgs CMAKE_PREFIX_PATH=/home/mike/turtlebot3_ws/install/costmap_converter_msgs LD_LIBRARY_PATH=/home/mike/turtlebot3_ws/install/costmap_converter_msgs/lib PYTHONPATH=/home/mike/turtlebot3_ws/install/costmap_converter_msgs/lib/python3.8/site-packages /usr/bin/cmake --build /home/mike/turtlebot3_ws/build/costmap_converter -- -j4 -l4
[0.401s] [ 10%] Built target gtest
[0.428s] [ 21%] Built target gtest_main
[0.502s] [ 78%] Built target costmap_converter
[0.570s] [ 89%] Built target standalone_converter
[0.585s] [100%] Built target test_costmap_polygons
[0.604s] Invoked command in '/home/mike/turtlebot3_ws/build/costmap_converter' returned '0': AMENT_PREFIX_PATH=/home/mike/turtlebot3_ws/install/costmap_converter_msgs CMAKE_PREFIX_PATH=/home/mike/turtlebot3_ws/install/costmap_converter_msgs LD_LIBRARY_PATH=/home/mike/turtlebot3_ws/install/costmap_converter_msgs/lib PYTHONPATH=/home/mike/turtlebot3_ws/install/costmap_converter_msgs/lib/python3.8/site-packages /usr/bin/cmake --build /home/mike/turtlebot3_ws/build/costmap_converter -- -j4 -l4
[0.753s] Invoking command in '/home/mike/turtlebot3_ws/build/costmap_converter': AMENT_PREFIX_PATH=/home/mike/turtlebot3_ws/install/costmap_converter_msgs CMAKE_PREFIX_PATH=/home/mike/turtlebot3_ws/install/costmap_converter_msgs LD_LIBRARY_PATH=/home/mike/turtlebot3_ws/install/costmap_converter_msgs/lib PYTHONPATH=/home/mike/turtlebot3_ws/install/costmap_converter_msgs/lib/python3.8/site-packages /usr/bin/cmake --install /home/mike/turtlebot3_ws/build/costmap_converter
[0.768s] -- Install configuration: "Release"
[0.769s] -- Up-to-date: /home/mike/turtlebot3_ws/install/costmap_converter/lib/libcostmap_converter.so
[0.771s] -- Up-to-date: /home/mike/turtlebot3_ws/install/costmap_converter/bin/standalone_converter
[0.771s] -- Up-to-date: /home/mike/turtlebot3_ws/install/costmap_converter/include/
[0.772s] -- Up-to-date: /home/mike/turtlebot3_ws/install/costmap_converter/include//costmap_converter
[0.772s] -- Up-to-date: /home/mike/turtlebot3_ws/install/costmap_converter/include//costmap_converter/costmap_to_polygons_concave.h
[0.772s] -- Up-to-date: /home/mike/turtlebot3_ws/install/costmap_converter/include//costmap_converter/costmap_to_lines_ransac.h
[0.772s] -- Up-to-date: /home/mike/turtlebot3_ws/install/costmap_converter/include//costmap_converter/costmap_converter_interface.h
[0.772s] -- Up-to-date: /home/mike/turtlebot3_ws/install/costmap_converter/include//costmap_converter/misc.h
[0.773s] -- Up-to-date: /home/mike/turtlebot3_ws/install/costmap_converter/include//costmap_converter/costmap_to_lines_convex_hull.h
[0.773s] -- Up-to-date: /home/mike/turtlebot3_ws/install/costmap_converter/include//costmap_converter/costmap_to_polygons.h
[0.773s] -- Up-to-date: /home/mike/turtlebot3_ws/install/costmap_converter/include//costmap_converter/costmap_to_dynamic_obstacles
[0.773s] -- Up-to-date: /home/mike/turtlebot3_ws/install/costmap_converter/include//costmap_converter/costmap_to_dynamic_obstacles/multitarget_tracker
[0.773s] -- Up-to-date: /home/mike/turtlebot3_ws/install/costmap_converter/include//costmap_converter/costmap_to_dynamic_obstacles/multitarget_tracker/Ctracker.h
[0.773s] -- Up-to-date: /home/mike/turtlebot3_ws/install/costmap_converter/include//costmap_converter/costmap_to_dynamic_obstacles/multitarget_tracker/Kalman.h
[0.773s] -- Up-to-date: /home/mike/turtlebot3_ws/install/costmap_converter/include//costmap_converter/costmap_to_dynamic_obstacles/multitarget_tracker/HungarianAlg.h
[0.774s] -- Up-to-date: /home/mike/turtlebot3_ws/install/costmap_converter/include//costmap_converter/costmap_to_dynamic_obstacles/multitarget_tracker/defines.h
[0.774s] -- Up-to-date: /home/mike/turtlebot3_ws/install/costmap_converter/include//costmap_converter/costmap_to_dynamic_obstacles/multitarget_tracker/README.md
[0.774s] -- Up-to-date: /home/mike/turtlebot3_ws/install/costmap_converter/include//costmap_converter/costmap_to_dynamic_obstacles/blob_detector.h
[0.774s] -- Up-to-date: /home/mike/turtlebot3_ws/install/costmap_converter/include//costmap_converter/costmap_to_dynamic_obstacles/costmap_to_dynamic_obstacles.h
[0.774s] -- Up-to-date: /home/mike/turtlebot3_ws/install/costmap_converter/include//costmap_converter/costmap_to_dynamic_obstacles/background_subtractor.h
[0.774s] -- Up-to-date: /home/mike/turtlebot3_ws/install/costmap_converter/share/costmap_converter/environment/library_path.sh
[0.775s] -- Up-to-date: /home/mike/turtlebot3_ws/install/costmap_converter/share/costmap_converter/environment/library_path.dsv
[0.775s] -- Up-to-date: /home/mike/turtlebot3_ws/install/costmap_converter/share/costmap_converter/costmap_converter_plugins.xml
[0.775s] -- Up-to-date: /home/mike/turtlebot3_ws/install/costmap_converter/share/ament_index/resource_index/package_run_dependencies/costmap_converter
[0.775s] -- Up-to-date: /home/mike/turtlebot3_ws/install/costmap_converter/share/ament_index/resource_index/parent_prefix_path/costmap_converter
[0.776s] -- Up-to-date: /home/mike/turtlebot3_ws/install/costmap_converter/share/costmap_converter/environment/ament_prefix_path.sh
[0.776s] -- Up-to-date: /home/mike/turtlebot3_ws/install/costmap_converter/share/costmap_converter/environment/ament_prefix_path.dsv
[0.776s] -- Up-to-date: /home/mike/turtlebot3_ws/install/costmap_converter/share/costmap_converter/environment/path.sh
[0.776s] -- Up-to-date: /home/mike/turtlebot3_ws/install/costmap_converter/share/costmap_converter/environment/path.dsv
[0.776s] -- Up-to-date: /home/mike/turtlebot3_ws/install/costmap_converter/share/costmap_converter/local_setup.bash
[0.776s] -- Up-to-date: /home/mike/turtlebot3_ws/install/costmap_converter/share/costmap_converter/local_setup.sh
[0.776s] -- Up-to-date: /home/mike/turtlebot3_ws/install/costmap_converter/share/costmap_converter/local_setup.zsh
[0.777s] -- Up-to-date: /home/mike/turtlebot3_ws/install/costmap_converter/share/costmap_converter/local_setup.dsv
[0.777s] -- Installing: /home/mike/turtlebot3_ws/install/costmap_converter/share/costmap_converter/package.dsv
[0.777s] -- Up-to-date: /home/mike/turtlebot3_ws/install/costmap_converter/share/ament_index/resource_index/packages/costmap_converter
[0.777s] -- Up-to-date: /home/mike/turtlebot3_ws/install/costmap_converter/share/ament_index/resource_index/costmap_converter__pluginlib__plugin/costmap_converter
[0.777s] -- Up-to-date: /home/mike/turtlebot3_ws/install/costmap_converter/share/costmap_converter/cmake/ament_cmake_export_include_directories-extras.cmake
[0.777s] -- Up-to-date: /home/mike/turtlebot3_ws/install/costmap_converter/share/costmap_converter/cmake/ament_cmake_export_libraries-extras.cmake
[0.777s] -- Up-to-date: /home/mike/turtlebot3_ws/install/costmap_converter/share/costmap_converter/cmake/ament_cmake_export_dependencies-extras.cmake
[0.777s] -- Up-to-date: /home/mike/turtlebot3_ws/install/costmap_converter/share/costmap_converter/cmake/costmap_converterConfig.cmake
[0.778s] -- Up-to-date: /home/mike/turtlebot3_ws/install/costmap_converter/share/costmap_converter/cmake/costmap_converterConfig-version.cmake
[0.778s] -- Up-to-date: /home/mike/turtlebot3_ws/install/costmap_converter/share/costmap_converter/package.xml
[0.808s] Invoked command in '/home/mike/turtlebot3_ws/build/costmap_converter' returned '0': AMENT_PREFIX_PATH=/home/mike/turtlebot3_ws/install/costmap_converter_msgs CMAKE_PREFIX_PATH=/home/mike/turtlebot3_ws/install/costmap_converter_msgs LD_LIBRARY_PATH=/home/mike/turtlebot3_ws/install/costmap_converter_msgs/lib PYTHONPATH=/home/mike/turtlebot3_ws/install/costmap_converter_msgs/lib/python3.8/site-packages /usr/bin/cmake --install /home/mike/turtlebot3_ws/build/costmap_converter
