[0.075s] Invoking command in '/home/mike/turtlebot3_ws/build/teb_local_planner': /usr/bin/cmake /home/mike/turtlebot3_ws/src/turtlebot3/teb_local_planner -DCATKIN_INSTALL_INTO_PREFIX_ROOT=0 -DCMAKE_INSTALL_PREFIX=/home/mike/turtlebot3_ws/install/teb_local_planner
[0.120s] CMake Error at CMakeLists.txt:8 (find_package):
[0.120s]   By not providing "Findcatkin.cmake" in CMAKE_MODULE_PATH this project has
[0.120s]   asked CMake to find a package configuration file provided by "catkin", but
[0.121s]   CMake did not find one.
[0.121s] 
[0.121s]   Could not find a package configuration file provided by "catkin" with any
[0.121s]   of the following names:
[0.121s] 
[0.121s]     catkinConfig.cmake
[0.121s]     catkin-config.cmake
[0.122s] 
[0.122s]   Add the installation prefix of "catkin" to CMAKE_PREFIX_PATH or set
[0.122s]   "catkin_DIR" to a directory containing one of the above files.  If "catkin"
[0.122s]   provides a separate development package or SDK, be sure it has been
[0.122s]   installed.
[0.122s] 
[0.122s] 
[0.122s] -- Configuring incomplete, errors occurred!
[0.123s] See also "/home/mike/turtlebot3_ws/build/teb_local_planner/CMakeFiles/CMakeOutput.log".
[0.124s] Invoked command in '/home/mike/turtlebot3_ws/build/teb_local_planner' returned '1': /usr/bin/cmake /home/mike/turtlebot3_ws/src/turtlebot3/teb_local_planner -DCATKIN_INSTALL_INTO_PREFIX_ROOT=0 -DCMAKE_INSTALL_PREFIX=/home/mike/turtlebot3_ws/install/teb_local_planner
